
     Program XSpectra v.6.7MaX starts on  2Feb2022 at 16: 0:27 

     This program is part of the open-source Quantum ESPRESSO suite
     for quantum simulation of materials; please cite
         "P. Giannozzi et al., J. Phys.:Condens. Matter 21 395502 (2009);
         "P. Giannozzi et al., J. Phys.:Condens. Matter 29 465901 (2017);
          URL http://www.quantum-espresso.org", 
     in publications or presentations arising from this work. More details at
     http://www.quantum-espresso.org/quote

     Parallel version (MPI), running on    48 processors

     MPI processes distributed on     2 nodes
     K-points division:     npool     =       2
     R & G space division:  proc/nbgrp/npool/nimage =      24

     -------------------------------------------------------------------------
                    __  ____                 _
                    \ \/ / _\_ __   ___  ___| |_ _ __ __ _
                     \  /\ \| '_ \ / _ \/ __| __| \__/ _\ |
                     /  \_\ \ |_) |  __/ (__| |_| | | (_| |
                    /_/\_\__/ .__/ \___|\___|\__|_|  \__,_|
                            |_|

     In publications arising from the use of XSpectra, please cite:
      - O. Bunau and M. Calandra,
        Phys. Rev. B 87, 205105 (2013)
      - Ch. Gougoussis, M. Calandra, A. P. Seitsonen, F. Mauri,
        Phys. Rev. B 80, 075102 (2009)
      - M. Taillefumier, D. Cabaret, A. M. Flank, and F. Mauri,
        Phys. Rev. B 66, 195107 (2002)

     -------------------------------------------------------------------------
                                Reading input_file
     -------------------------------------------------------------------------

     calculation: xanes_dipole

     xepsilon  [cartesian coordinates]:   0.000000   1.000000   0.000000

     xonly_plot: FALSE
        => complete calculation: Lanczos + spectrum plot

     filecore (core-wavefunction file): ../../../Core.wfc   
 
     main plot parameters:
        cut_occ_states: TRUE
        gamma_mode:  constant
        -> using xgamma [eV]:  0.89
        xemin [eV]: -15.00
        xemax [eV]:  70.00
        xnepoint:  400
        energy zero automatically set to the Fermi level

     Fermi level determined from SCF save directory (pwscf.save)
     NB: For an insulator (SCF calculated with occupations="fixed")
         the Fermi level will be placed at the position of HOMO.
 
     WARNING: variable ef_r is obsolete

     -------------------------------------------------------------------------
                      Reading SCF save directory: pwscf.save
     -------------------------------------------------------------------------


     Reading xml data from directory:

     ../pwscf.save/
     file O.pbe-n-kjpaw_psl.0.1.UPF: wavefunction(s)  2P renormalized
     file Ti.fch.upf: wavefunction(s)  3P renormalized

     IMPORTANT: XC functional enforced from input :
     Exchange-correlation= PBE
                           (   1   4   3   4   0   0   0)
     Any further DFT definition will be discarded
     Please, verify this is what you really want

 
     Parallelization info
     --------------------
     sticks:   dense  smooth     PW     G-vecs:    dense   smooth      PW
     Min         554     277     69                60736    21475    2684
     Max         555     278     71                60740    21478    2686
     Sum       13309    6663   1661              1457699   515429   64441
 

     Check: negative core charge=   -0.000004

     negative rho (up, down):  3.467E-02 0.000E+00
     Message from routine divide_et_impera:
     suboptimal parallelization: some nodes have no k-points
     Reading collected, re-writing distributed wavefunctions

     -------------------------------------------------------------------------
                           Getting the Fermi energy 
     -------------------------------------------------------------------------

     From SCF save directory:
        ehomo [eV]:   14.3481 (highest occupied level)
        elumo [eV]:   14.4474 (lowest occupied level)
        ef    [eV]:   14.3481

     -> ef (in eV) will be written in x_save_file

     -------------------------------------------------------------------------
                           Energy zero of the spectrum 
     -------------------------------------------------------------------------

     -> ef will be used as energy zero of the spectrum
 
     Parallelization info
     --------------------
     sticks:   dense  smooth     PW     G-vecs:    dense   smooth      PW
     Min         554     277     75                60736    21475    3085
     Max         555     278     76                60740    21478    3090
     Sum       13309    6663   1817              1457699   515429   74109
 


     bravais-lattice index     =            0
     lattice parameter (alat)  =      19.3340  a.u.
     unit-cell volume          =    5873.5039 (a.u.)^3
     number of atoms/cell      =           80
     number of atomic types    =            3
     number of electrons       =       721.00
     number of Kohn-Sham states=          433
     kinetic-energy cutoff     =      75.0000  Ry
     charge density cutoff     =     600.0000  Ry
     Exchange-correlation= PBE
                           (   1   4   3   4   0   0   0)

     celldm(1)=  19.333959  celldm(2)=   0.000000  celldm(3)=   0.000000
     celldm(4)=   0.000000  celldm(5)=   0.000000  celldm(6)=   0.000000

     crystal axes: (cart. coord. in units of alat)
               a(1) = (   0.407945   0.913007   0.000000 )  
               a(2) = (  -0.407945   0.913007   0.000000 )  
               a(3) = (   0.000000   0.340027   1.091012 )  

     reciprocal axes: (cart. coord. in units 2 pi/alat)
               b(1) = (  1.225655  0.547641 -0.170679 )  
               b(2) = ( -1.225655  0.547641 -0.170679 )  
               b(3) = (  0.000000  0.000000  0.916580 )  


     PseudoPot. # 1 for O  read from file:
     ../../O.pbe-n-kjpaw_psl.0.1.UPF
     MD5 check sum: 0234752ac141de4415c5fc33072bef88
     Pseudo is Projector augmented-wave + core cor, Zval =  6.0
     Generated using "atomic" code by A. Dal Corso  v.5.0.99 svn rev. 10869
     Shape of augmentation charge: BESSEL
     Using radial grid of 1095 points,  4 beta functions with: 
                l(1) =   0
                l(2) =   0
                l(3) =   1
                l(4) =   1
     Q(r) pseudized with 0 coefficients 


     PseudoPot. # 2 for Ti read from file:
     ../../ti_pbe_v1.4.uspp.F.UPF
     MD5 check sum: 88a00a6731bd790ddea75d31a80cb452
     Pseudo is Ultrasoft + core correction, Zval = 12.0
     Generated by new atomic code, or converted to UPF format
     Using radial grid of  851 points,  6 beta functions with: 
                l(1) =   0
                l(2) =   0
                l(3) =   1
                l(4) =   1
                l(5) =   2
                l(6) =   2
     Q(r) pseudized with  6 coefficients,  rinner =    1.000   1.000   1.000
                                                       1.000   1.000

     PseudoPot. # 3 for Ti read from file:
     ../../Ti.fch.upf
     MD5 check sum: c9d79ca9e552aeeedea5fc8886ab3916
     Pseudo is Projector augmented-wave + core cor, Zval = 13.0
     Generated using "atomic" code by A. Dal Corso  v.6.0
     Shape of augmentation charge: PSQ
     Using radial grid of 1177 points,  7 beta functions with: 
                l(1) =   0
                l(2) =   1
                l(3) =   0
                l(4) =   2
                l(5) =   2
                l(6) =   1
                l(7) =   1
     Q(r) pseudized with 0 coefficients 


     atomic species   valence    mass     pseudopotential
        O              6.00    15.99940     O ( 1.00)
        Ti            12.00    47.86700     Ti( 1.00)
        Ti+           13.00    47.86700     Ti( 1.00)

      2 Sym. Ops. (no inversion) found



   Cartesian axes

     site n.     atom                  positions (alat units)
         1           Ti+ tau(   1) = (   0.0000000   0.3753223   0.1775731  )
         2           Ti  tau(   2) = (   0.0000000   0.7076976   0.3679328  )
         3           Ti  tau(   3) = (   0.0000000   0.4487718   0.4514792  )
         4           Ti  tau(   4) = (   0.0000000   0.6342480   0.0940267  )
         5           Ti  tau(   5) = (   0.0000000   0.0850067   0.2727529  )
         6           O   tau(   6) = (   0.0000000   0.4565033   0.0000000  )
         7           O   tau(   7) = (   0.0000000   0.1855250   0.0919865  )
         8           O   tau(   8) = (   0.0000000   0.8974948   0.4535194  )
         9           O   tau(   9) = (   0.0000000   0.2677691   0.3581661  )
        10           O   tau(  10) = (   0.0000000   0.8152526   0.1873398  )
        11           Ti  tau(  11) = (   0.0000000   0.5453357   0.7230790  )
        12           Ti  tau(  12) = (   0.0000000   0.8777091   0.9134387  )
        13           Ti  tau(  13) = (   0.0000000   0.6187852   0.9969851  )
        14           Ti  tau(  14) = (   0.0000000   0.8042614   0.6395326  )
        15           Ti  tau(  15) = (   0.0000000   0.2550200   0.8182588  )
        16           O   tau(  16) = (   0.0000000   0.6265166   0.5455059  )
        17           O   tau(  17) = (   0.0000000   0.3555365   0.6374924  )
        18           O   tau(  18) = (   0.0000000   1.0675082   0.9990253  )
        19           O   tau(  19) = (   0.0000000   0.4377821   0.9036709  )
        20           O   tau(  20) = (   0.0000000   0.9852642   0.7328457  )
        21           Ti  tau(  21) = (  -0.2039725   0.8318274   0.1775731  )
        22           Ti  tau(  22) = (  -0.2039725   1.1642008   0.3679328  )
        23           Ti  tau(  23) = (  -0.2039725   0.9052751   0.4514792  )
        24           Ti  tau(  24) = (  -0.2039725   1.0907513   0.0940267  )
        25           Ti  tau(  25) = (  -0.2039725   0.5415099   0.2727529  )
        26           O   tau(  26) = (  -0.2039725   0.9130065   0.0000000  )
        27           O   tau(  27) = (  -0.2039725   0.6420264   0.0919865  )
        28           O   tau(  28) = (  -0.2039725   1.3539981   0.4535194  )
        29           O   tau(  29) = (  -0.2039729   0.7242714   0.3581661  )
        30           O   tau(  30) = (  -0.2039725   1.2717559   0.1873398  )
        31           Ti  tau(  31) = (  -0.2039725   1.0018389   0.7230790  )
        32           Ti  tau(  32) = (  -0.2039725   1.3342142   0.9134387  )
        33           Ti  tau(  33) = (  -0.2039725   1.0752885   0.9969851  )
        34           Ti  tau(  34) = (  -0.2039725   1.2607646   0.6395326  )
        35           Ti  tau(  35) = (  -0.2039725   0.7115233   0.8182588  )
        36           O   tau(  36) = (  -0.2039725   1.0830199   0.5455059  )
        37           O   tau(  37) = (  -0.2039725   0.8120398   0.6374924  )
        38           O   tau(  38) = (  -0.2039725   1.5240133   0.9990253  )
        39           O   tau(  39) = (  -0.2039725   0.8942853   0.9036709  )
        40           O   tau(  40) = (  -0.2039725   1.4417674   0.7328457  )
        41           Ti  tau(  41) = (   0.2039725   0.8318274   0.1775731  )
        42           Ti  tau(  42) = (   0.2039725   1.1642008   0.3679328  )
        43           Ti  tau(  43) = (   0.2039725   0.9052751   0.4514792  )
        44           Ti  tau(  44) = (   0.2039725   1.0907513   0.0940267  )
        45           Ti  tau(  45) = (   0.2039725   0.5415099   0.2727529  )
        46           O   tau(  46) = (   0.2039725   0.9130065   0.0000000  )
        47           O   tau(  47) = (   0.2039725   0.6420264   0.0919865  )
        48           O   tau(  48) = (   0.2039725   1.3539981   0.4535194  )
        49           O   tau(  49) = (   0.2039729   0.7242714   0.3581661  )
        50           O   tau(  50) = (   0.2039725   1.2717559   0.1873398  )
        51           Ti  tau(  51) = (   0.2039725   1.0018389   0.7230790  )
        52           Ti  tau(  52) = (   0.2039725   1.3342142   0.9134387  )
        53           Ti  tau(  53) = (   0.2039725   1.0752885   0.9969851  )
        54           Ti  tau(  54) = (   0.2039725   1.2607646   0.6395326  )
        55           Ti  tau(  55) = (   0.2039725   0.7115233   0.8182588  )
        56           O   tau(  56) = (   0.2039725   1.0830199   0.5455059  )
        57           O   tau(  57) = (   0.2039725   0.8120398   0.6374924  )
        58           O   tau(  58) = (   0.2039725   1.5240133   0.9990253  )
        59           O   tau(  59) = (   0.2039725   0.8942853   0.9036709  )
        60           O   tau(  60) = (   0.2039725   1.4417674   0.7328457  )
        61           Ti  tau(  61) = (   0.0000000   1.2883288   0.1775731  )
        62           Ti  tau(  62) = (   0.0000000   1.6207022   0.3679328  )
        63           Ti  tau(  63) = (   0.0000000   1.3617783   0.4514792  )
        64           Ti  tau(  64) = (   0.0000000   1.5472545   0.0940267  )
        65           Ti  tau(  65) = (   0.0000000   0.9980132   0.2727529  )
        66           O   tau(  66) = (   0.0000000   1.3695098   0.0000000  )
        67           O   tau(  67) = (   0.0000000   1.0985297   0.0919865  )
        68           O   tau(  68) = (   0.0000000   1.8105014   0.4535194  )
        69           O   tau(  69) = (   0.0000000   1.1807737   0.3581661  )
        70           O   tau(  70) = (   0.0000000   1.7282573   0.1873398  )
        71           Ti  tau(  71) = (   0.0000000   1.4583422   0.7230790  )
        72           Ti  tau(  72) = (   0.0000000   1.7907174   0.9134387  )
        73           Ti  tau(  73) = (   0.0000000   1.5317917   0.9969851  )
        74           Ti  tau(  74) = (   0.0000000   1.7172679   0.6395326  )
        75           Ti  tau(  75) = (   0.0000000   1.1680265   0.8182588  )
        76           O   tau(  76) = (   0.0000000   1.5395231   0.5455059  )
        77           O   tau(  77) = (   0.0000000   1.2685431   0.6374924  )
        78           O   tau(  78) = (   0.0000000   1.9805165   0.9990253  )
        79           O   tau(  79) = (   0.0000000   1.3507886   0.9036709  )
        80           O   tau(  80) = (   0.0000000   1.8982707   0.7328457  )

     number of k points=   180  Gaussian smearing, width (Ry)=  0.0020

     Number of k-points >= 100: set verbosity='high' to print them.

     Dense  grid:  1457699 G-vectors     FFT dimensions: ( 160, 160, 180)

     Smooth grid:   515429 G-vectors     FFT dimensions: ( 108, 108, 125)

     Estimated max dynamical RAM per process >     228.01 MB

     Estimated total dynamical RAM >      10.69 GB

     Check: negative core charge=   -0.000004

     The potential is recalculated from file :
     ../pwscf.save/charge-density


     negative rho (up, down):  3.467E-02 0.000E+00
     Starting wfcs are  560 atomic wfcs
     Checking if some PAW data can be deallocated... 

     -------------------------------------------------------------------------
               Reading core wavefunction file for the absorbing atom
     -------------------------------------------------------------------------

     ../../../Core.wfc successfully read

     -------------------------------------------------------------------------
                              Attributing the PAW radii 
                     for the absorbing atom [units: Bohr radius]
     -------------------------------------------------------------------------

        PAW proj 1: r_paw(l= 0)= 1.53  (1.5*r_cut)
        PAW proj 3: r_paw(l= 0)= 2.31  (1.5*r_cut)
        PAW proj 4: r_paw(l= 2)= 2.70  (1.5*r_cut)
        PAW proj 5: r_paw(l= 2)= 2.79  (1.5*r_cut)
 
        NB: The calculation will not necessary use all these r_paw values.
            - For a edge in the electric-dipole approximation,
              only the r_paw(l=1) values are used.
            - For a K edge in the electric-quadrupole approximation,
              only the r_paw(l=2) values are used.

            - For a L2 or L3 edge in the electric-quadrupole approximation,

              all projectors (s, p and d) are used.


     -------------------------------------------------------------------------
                          Starting XANES calculation
                     in the electric dipole approximation
     -------------------------------------------------------------------------

     Method of calculation based on the Lanczos recursion algorithm
     --------------------------------------------------------------
        - STEP 1: Construction of a kpoint-dependent Lanczos basis,
          in which the Hamiltonian is tridiagonal (each 'iter' 
          corresponds to the calculation of one more Lanczos vector)
        - STEP 2: Calculation of the cross-section as a continued fraction
          averaged over the k-points.

     ... Begin STEP 1 ...

        Radial transition matrix element(s) used in the calculation of the
        initial vector of the Lanczos basis (|tilde{phi}_abs> normalized)
        | For PAW proj. (l=1) #1: radial matrix element =   0.016169628
        | For PAW proj. (l=1) #2: radial matrix element =   0.023656829
        | For PAW proj. (l=1) #3: radial matrix element =   0.042130436
 
NB: the    90 k-point are not all listed below because npool=  2
        |-------------------------------------------------------------
        ! k-point #     1:  ( 0.0000,  0.0000,  0.0000),  0.0111,   1
        |-------------------------------------------------------------
 okvan= T
        |   Norm of the initial Lanczos vector: 0.15509672E-01
        |   Estimated error at iter    200:   1.03245948
        |   Estimated error at iter    400:   0.03303700
        |   Estimated error at iter    600:   0.01287861
        !   => CONVERGED at iter    800 with error=  0.00294474
        |-------------------------------------------------------------
        ! k-point #     2:  ( 0.0000,  0.0000,  0.1833),  0.0111,   1
        |-------------------------------------------------------------
 okvan= T
        |   Norm of the initial Lanczos vector: 0.15509672E-01
        |   Estimated error at iter    200:   1.03247410
        |   Estimated error at iter    400:   0.02689635
        |   Estimated error at iter    600:   0.01292105
        !   => CONVERGED at iter    800 with error=  0.00201213
        |-------------------------------------------------------------
        ! k-point #     3:  ( 0.0000,  0.0000,  0.3666),  0.0111,   1
        |-------------------------------------------------------------
 okvan= T
        |   Norm of the initial Lanczos vector: 0.15509672E-01
        |   Estimated error at iter    200:   1.03247704
        |   Estimated error at iter    400:   0.03482729
        !   => CONVERGED at iter    600 with error=  0.00957202
        |-------------------------------------------------------------
        ! k-point #     4:  ( 0.0000,  0.0000,  0.5499),  0.0111,   1
        |-------------------------------------------------------------
 okvan= T
        |   Norm of the initial Lanczos vector: 0.15509672E-01
        |   Estimated error at iter    200:   1.03247597
        |   Estimated error at iter    400:   0.04413946
        !   => CONVERGED at iter    600 with error=  0.00906477
        |-------------------------------------------------------------
        ! k-point #     5:  ( 0.0000,  0.0000,  0.7333),  0.0111,   1
        |-------------------------------------------------------------
 okvan= T
        |   Norm of the initial Lanczos vector: 0.15509672E-01
        |   Estimated error at iter    200:   1.03247018
        |   Estimated error at iter    400:   0.03771840
        |   Estimated error at iter    600:   0.01142065
        !   => CONVERGED at iter    800 with error=  0.00201133
        |-------------------------------------------------------------
        ! k-point #     6:  (-0.2043,  0.0913, -0.0284),  0.0111,   1
        |-------------------------------------------------------------
 okvan= T
        |   Norm of the initial Lanczos vector: 0.15509672E-01
        |   Estimated error at iter    200:   1.03252964
        |   Estimated error at iter    400:   0.04593761
        !   => CONVERGED at iter    600 with error=  0.00762106
        |-------------------------------------------------------------
        ! k-point #     7:  (-0.2043,  0.0913,  0.1549),  0.0111,   1
        |-------------------------------------------------------------
 okvan= T
        |   Norm of the initial Lanczos vector: 0.15509672E-01
        |   Estimated error at iter    200:   1.03251975
        |   Estimated error at iter    400:   0.03156707
        |   Estimated error at iter    600:   0.01307897
        !   => CONVERGED at iter    800 with error=  0.00197886
        |-------------------------------------------------------------
        ! k-point #     8:  (-0.2043,  0.0913,  0.3382),  0.0111,   1
        |-------------------------------------------------------------
 okvan= T
        |   Norm of the initial Lanczos vector: 0.15509672E-01
        |   Estimated error at iter    200:   1.03251163
        |   Estimated error at iter    400:   0.02910180
        |   Estimated error at iter    600:   0.01062520
        !   => CONVERGED at iter    800 with error=  0.00197951
        |-------------------------------------------------------------
        ! k-point #     9:  (-0.2043,  0.0913,  0.5215),  0.0111,   1
        |-------------------------------------------------------------
 okvan= T
        |   Norm of the initial Lanczos vector: 0.15509672E-01
        |   Estimated error at iter    200:   1.03253022
        |   Estimated error at iter    400:   0.03155124
        !   => CONVERGED at iter    600 with error=  0.00727089
        |-------------------------------------------------------------
        ! k-point #    10:  (-0.2043,  0.0913,  0.7048),  0.0111,   1
        |-------------------------------------------------------------
 okvan= T
        |   Norm of the initial Lanczos vector: 0.15509672E-01
        |   Estimated error at iter    200:   1.03255379
        |   Estimated error at iter    400:   0.02928375
        !   => CONVERGED at iter    600 with error=  0.00684819
        |-------------------------------------------------------------
        ! k-point #    11:  (-0.4086,  0.1825, -0.0569),  0.0111,   1
        |-------------------------------------------------------------
 okvan= T
        |   Norm of the initial Lanczos vector: 0.15509672E-01
        |   Estimated error at iter    200:   1.03258494
        |   Estimated error at iter    400:   0.02926266
        !   => CONVERGED at iter    600 with error=  0.00541623
        |-------------------------------------------------------------
        ! k-point #    12:  (-0.4086,  0.1825,  0.1264),  0.0111,   1
        |-------------------------------------------------------------
 okvan= T
        |   Norm of the initial Lanczos vector: 0.15509672E-01
        |   Estimated error at iter    200:   1.03256126
        |   Estimated error at iter    400:   0.03316075
        !   => CONVERGED at iter    600 with error=  0.00695348
        |-------------------------------------------------------------
        ! k-point #    13:  (-0.4086,  0.1825,  0.3097),  0.0111,   1
        |-------------------------------------------------------------
 okvan= T
        |   Norm of the initial Lanczos vector: 0.15509672E-01
        |   Estimated error at iter    200:   1.03254963
        |   Estimated error at iter    400:   0.03568563
        !   => CONVERGED at iter    600 with error=  0.00899863
        |-------------------------------------------------------------
        ! k-point #    14:  (-0.4086,  0.1825,  0.4931),  0.0111,   1
        |-------------------------------------------------------------
 okvan= T
        |   Norm of the initial Lanczos vector: 0.15509672E-01
        |   Estimated error at iter    200:   1.03256411
        |   Estimated error at iter    400:   0.03874731
        |   Estimated error at iter    600:   0.01590467
        !   => CONVERGED at iter    800 with error=  0.00218290
        |-------------------------------------------------------------
        ! k-point #    15:  (-0.4086,  0.1825,  0.6764),  0.0111,   1
        |-------------------------------------------------------------
 okvan= T
        |   Norm of the initial Lanczos vector: 0.15509672E-01
        |   Estimated error at iter    200:   1.03259813
        |   Estimated error at iter    400:   0.03731917
        !   => CONVERGED at iter    600 with error=  0.00712159
        |-------------------------------------------------------------
        ! k-point #    16:  (-0.6128,  0.2738, -0.0853),  0.0111,   1
        |-------------------------------------------------------------
 okvan= T
        |   Norm of the initial Lanczos vector: 0.15509672E-01
        |   Estimated error at iter    200:   1.03256458
        |   Estimated error at iter    400:   0.03872554
        |   Estimated error at iter    600:   0.01131137
        !   => CONVERGED at iter    800 with error=  0.00284017
        |-------------------------------------------------------------
        ! k-point #    17:  (-0.6128,  0.2738,  0.0980),  0.0111,   1
        |-------------------------------------------------------------
 okvan= T
        |   Norm of the initial Lanczos vector: 0.15509672E-01
        |   Estimated error at iter    200:   1.03256618
        |   Estimated error at iter    400:   0.06643368
        !   => CONVERGED at iter    600 with error=  0.00982269
        |-------------------------------------------------------------
        ! k-point #    18:  (-0.6128,  0.2738,  0.2813),  0.0111,   1
        |-------------------------------------------------------------
 okvan= T
        |   Norm of the initial Lanczos vector: 0.15509672E-01
        |   Estimated error at iter    200:   1.03255655
        |   Estimated error at iter    400:   0.03646213
        |   Estimated error at iter    600:   0.01021231
        !   => CONVERGED at iter    800 with error=  0.00194382
        |-------------------------------------------------------------
        ! k-point #    19:  (-0.6128,  0.2738,  0.4646),  0.0111,   1
        |-------------------------------------------------------------
 okvan= T
        |   Norm of the initial Lanczos vector: 0.15509672E-01
        |   Estimated error at iter    200:   1.03255549
        |   Estimated error at iter    400:   0.03814467
        |   Estimated error at iter    600:   0.01019592
        !   => CONVERGED at iter    800 with error=  0.00208576
        |-------------------------------------------------------------
        ! k-point #    20:  (-0.6128,  0.2738,  0.6479),  0.0111,   1
        |-------------------------------------------------------------
 okvan= T
        |   Norm of the initial Lanczos vector: 0.15509672E-01
        |   Estimated error at iter    200:   1.03256618
        |   Estimated error at iter    400:   0.06641978
        !   => CONVERGED at iter    600 with error=  0.00974675
        |-------------------------------------------------------------
        ! k-point #    21:  (-0.8171,  0.3651, -0.1138),  0.0111,   1
        |-------------------------------------------------------------
 okvan= T
        |   Norm of the initial Lanczos vector: 0.15509672E-01
        |   Estimated error at iter    200:   1.03258508
        |   Estimated error at iter    400:   0.02898291
        !   => CONVERGED at iter    600 with error=  0.00698255
        |-------------------------------------------------------------
        ! k-point #    22:  (-0.8171,  0.3651,  0.0695),  0.0111,   1
        |-------------------------------------------------------------
 okvan= T
        |   Norm of the initial Lanczos vector: 0.15509672E-01
        |   Estimated error at iter    200:   1.03259557
        |   Estimated error at iter    400:   0.03576859
        |   Estimated error at iter    600:   0.01079208
        !   => CONVERGED at iter    800 with error=  0.00199035
        |-------------------------------------------------------------
        ! k-point #    23:  (-0.8171,  0.3651,  0.2528),  0.0111,   1
        |-------------------------------------------------------------
 okvan= T
        |   Norm of the initial Lanczos vector: 0.15509672E-01
        |   Estimated error at iter    200:   1.03256416
        |   Estimated error at iter    400:   0.03734350
        |   Estimated error at iter    600:   0.01089438
        !   => CONVERGED at iter    800 with error=  0.00220321
        |-------------------------------------------------------------
        ! k-point #    24:  (-0.8171,  0.3651,  0.4362),  0.0111,   1
        |-------------------------------------------------------------
 okvan= T
        |   Norm of the initial Lanczos vector: 0.15509672E-01
        |   Estimated error at iter    200:   1.03255005
        |   Estimated error at iter    400:   0.05604171
        !   => CONVERGED at iter    600 with error=  0.00784658
        |-------------------------------------------------------------
        ! k-point #    25:  (-0.8171,  0.3651,  0.6195),  0.0111,   1
        |-------------------------------------------------------------
 okvan= T
        |   Norm of the initial Lanczos vector: 0.15509672E-01
        |   Estimated error at iter    200:   1.03256206
        |   Estimated error at iter    400:   0.03210313
        !   => CONVERGED at iter    600 with error=  0.00694929
        |-------------------------------------------------------------
        ! k-point #    26:  (-1.0214,  0.4564, -0.1422),  0.0111,   1
        |-------------------------------------------------------------
 okvan= T
        |   Norm of the initial Lanczos vector: 0.15509672E-01
        |   Estimated error at iter    200:   1.03253589
        |   Estimated error at iter    400:   0.02809491
        !   => CONVERGED at iter    600 with error=  0.00763703
        |-------------------------------------------------------------
        ! k-point #    27:  (-1.0214,  0.4564,  0.0411),  0.0111,   1
        |-------------------------------------------------------------
 okvan= T
        |   Norm of the initial Lanczos vector: 0.15509672E-01
        |   Estimated error at iter    200:   1.03255328
        |   Estimated error at iter    400:   0.02598710
        !   => CONVERGED at iter    600 with error=  0.00710513
        |-------------------------------------------------------------
        ! k-point #    28:  (-1.0214,  0.4564,  0.2244),  0.0111,   1
        |-------------------------------------------------------------
 okvan= T
        |   Norm of the initial Lanczos vector: 0.15509672E-01
        |   Estimated error at iter    200:   1.03253099
        |   Estimated error at iter    400:   0.02792316
        !   => CONVERGED at iter    600 with error=  0.00693358
        |-------------------------------------------------------------
        ! k-point #    29:  (-1.0214,  0.4564,  0.4077),  0.0111,   1
        |-------------------------------------------------------------
 okvan= T
        |   Norm of the initial Lanczos vector: 0.15509672E-01
        |   Estimated error at iter    200:   1.03251119
        |   Estimated error at iter    400:   0.03347412
        |   Estimated error at iter    600:   0.01588874
        !   => CONVERGED at iter    800 with error=  0.00206096
        |-------------------------------------------------------------
        ! k-point #    30:  (-1.0214,  0.4564,  0.5910),  0.0111,   1
        |-------------------------------------------------------------
 okvan= T
        |   Norm of the initial Lanczos vector: 0.15509672E-01
        |   Estimated error at iter    200:   1.03251965
        |   Estimated error at iter    400:   0.03172937
        |   Estimated error at iter    600:   0.01098516
        !   => CONVERGED at iter    800 with error=  0.00192921
        |-------------------------------------------------------------
        ! k-point #    31:  ( 0.2043,  0.0913, -0.0284),  0.0111,   1
        |-------------------------------------------------------------
 okvan= T
        |   Norm of the initial Lanczos vector: 0.15509672E-01
        |   Estimated error at iter    200:   1.03253391
        |   Estimated error at iter    400:   0.03195041
        !   => CONVERGED at iter    600 with error=  0.00761315
        |-------------------------------------------------------------
        ! k-point #    32:  ( 0.2043,  0.0913,  0.1549),  0.0111,   1
        |-------------------------------------------------------------
 okvan= T
        |   Norm of the initial Lanczos vector: 0.15509672E-01
        |   Estimated error at iter    200:   1.03252013
        |   Estimated error at iter    400:   0.02892526
        |   Estimated error at iter    600:   0.01019342
        !   => CONVERGED at iter    800 with error=  0.00194174
        |-------------------------------------------------------------
        ! k-point #    33:  ( 0.2043,  0.0913,  0.3382),  0.0111,   1
        |-------------------------------------------------------------
 okvan= T
        |   Norm of the initial Lanczos vector: 0.15509672E-01
        |   Estimated error at iter    200:   1.03251131
        |   Estimated error at iter    400:   0.03468719
        !   => CONVERGED at iter    600 with error=  0.00892252
        |-------------------------------------------------------------
        ! k-point #    34:  ( 0.2043,  0.0913,  0.5215),  0.0111,   1
        |-------------------------------------------------------------
 okvan= T
        |   Norm of the initial Lanczos vector: 0.15509672E-01
        |   Estimated error at iter    200:   1.03253050
        |   Estimated error at iter    400:   0.02985631
        !   => CONVERGED at iter    600 with error=  0.00692489
        |-------------------------------------------------------------
        ! k-point #    35:  ( 0.2043,  0.0913,  0.7048),  0.0111,   1
        |-------------------------------------------------------------
 okvan= T
        |   Norm of the initial Lanczos vector: 0.15509672E-01
        |   Estimated error at iter    200:   1.03255245
        |   Estimated error at iter    400:   0.02961242
        !   => CONVERGED at iter    600 with error=  0.00685066
        |-------------------------------------------------------------
        ! k-point #    36:  ( 0.0000,  0.1825, -0.0569),  0.0111,   1
        |-------------------------------------------------------------
 okvan= T
        |   Norm of the initial Lanczos vector: 0.15509672E-01
        |   Estimated error at iter    200:   1.03260181
        |   Estimated error at iter    400:   0.03505566
        |   Estimated error at iter    600:   0.01092314
        !   => CONVERGED at iter    800 with error=  0.00228466
        |-------------------------------------------------------------
        ! k-point #    37:  ( 0.0000,  0.1825,  0.1264),  0.0111,   1
        |-------------------------------------------------------------
 okvan= T
        |   Norm of the initial Lanczos vector: 0.15509672E-01
        |   Estimated error at iter    200:   1.03257170
        |   Estimated error at iter    400:   0.03353984
        |   Estimated error at iter    600:   0.01284192
        !   => CONVERGED at iter    800 with error=  0.00244136
        |-------------------------------------------------------------
        ! k-point #    38:  ( 0.0000,  0.1825,  0.3097),  0.0111,   1
        |-------------------------------------------------------------
 okvan= T
        |   Norm of the initial Lanczos vector: 0.15509673E-01
        |   Estimated error at iter    200:   1.03256827
        |   Estimated error at iter    400:   0.02605009
        |   Estimated error at iter    600:   0.01141744
        !   => CONVERGED at iter    800 with error=  0.00234350
        |-------------------------------------------------------------
        ! k-point #    39:  ( 0.0000,  0.1825,  0.4931),  0.0111,   1
        |-------------------------------------------------------------
 okvan= T
        |   Norm of the initial Lanczos vector: 0.15509673E-01
        |   Estimated error at iter    200:   1.03260847
        |   Estimated error at iter    400:   0.03752983
        |   Estimated error at iter    600:   0.01009147
        !   => CONVERGED at iter    800 with error=  0.00331317
        |-------------------------------------------------------------
        ! k-point #    40:  ( 0.0000,  0.1825,  0.6764),  0.0111,   1
        |-------------------------------------------------------------
 okvan= T
        |   Norm of the initial Lanczos vector: 0.15509672E-01
        |   Estimated error at iter    200:   1.03263287
        |   Estimated error at iter    400:   0.03488709
        |   Estimated error at iter    600:   0.01189453
        !   => CONVERGED at iter    800 with error=  0.00341130
        |-------------------------------------------------------------
        ! k-point #    41:  (-0.2043,  0.2738, -0.0853),  0.0111,   1
        |-------------------------------------------------------------
 okvan= T
        |   Norm of the initial Lanczos vector: 0.15509673E-01
        |   Estimated error at iter    200:   1.03269241
        |   Estimated error at iter    400:   0.05538553
        !   => CONVERGED at iter    600 with error=  0.00737043
        |-------------------------------------------------------------
        ! k-point #    42:  (-0.2043,  0.2738,  0.0980),  0.0111,   1
        |-------------------------------------------------------------
 okvan= T
        |   Norm of the initial Lanczos vector: 0.15509672E-01
        |   Estimated error at iter    200:   1.03266817
        |   Estimated error at iter    400:   0.03140990
        !   => CONVERGED at iter    600 with error=  0.00786379
        |-------------------------------------------------------------
        ! k-point #    43:  (-0.2043,  0.2738,  0.2813),  0.0111,   1
        |-------------------------------------------------------------
 okvan= T
        |   Norm of the initial Lanczos vector: 0.15509672E-01
        |   Estimated error at iter    200:   1.03264625
        |   Estimated error at iter    400:   0.02631933
        !   => CONVERGED at iter    600 with error=  0.00822167
        |-------------------------------------------------------------
        ! k-point #    44:  (-0.2043,  0.2738,  0.4646),  0.0111,   1
        |-------------------------------------------------------------
 okvan= T
        |   Norm of the initial Lanczos vector: 0.15509672E-01
        |   Estimated error at iter    200:   1.03266722
        |   Estimated error at iter    400:   0.02705462
        !   => CONVERGED at iter    600 with error=  0.00828153
        |-------------------------------------------------------------
        ! k-point #    45:  (-0.2043,  0.2738,  0.6479),  0.0111,   1
        |-------------------------------------------------------------
 okvan= T
        |   Norm of the initial Lanczos vector: 0.15509672E-01
        |   Estimated error at iter    200:   1.03270076
        |   Estimated error at iter    400:   0.03125074
        |   Estimated error at iter    600:   0.01212171
        !   => CONVERGED at iter    800 with error=  0.00180587
        |-------------------------------------------------------------
        ! k-point #    46:  (-0.4086,  0.3651, -0.1138),  0.0111,   1
        |-------------------------------------------------------------
 okvan= T
        |   Norm of the initial Lanczos vector: 0.15509672E-01
        |   Estimated error at iter    200:   1.03268165
        |   Estimated error at iter    400:   0.03677455
        !   => CONVERGED at iter    600 with error=  0.00504611
        |-------------------------------------------------------------
        ! k-point #    47:  (-0.4086,  0.3651,  0.0695),  0.0111,   1
        |-------------------------------------------------------------
 okvan= T
        |   Norm of the initial Lanczos vector: 0.15509673E-01
        |   Estimated error at iter    200:   1.03265448
        |   Estimated error at iter    400:   0.03848562
        !   => CONVERGED at iter    600 with error=  0.00890556
        |-------------------------------------------------------------
        ! k-point #    48:  (-0.4086,  0.3651,  0.2528),  0.0111,   1
        |-------------------------------------------------------------
 okvan= T
        |   Norm of the initial Lanczos vector: 0.15509673E-01
        |   Estimated error at iter    200:   1.03262760
        |   Estimated error at iter    400:   0.04301259
        |   Estimated error at iter    600:   0.01293869
        !   => CONVERGED at iter    800 with error=  0.00182703
        |-------------------------------------------------------------
        ! k-point #    49:  (-0.4086,  0.3651,  0.4362),  0.0111,   1
        |-------------------------------------------------------------
 okvan= T
        |   Norm of the initial Lanczos vector: 0.15509672E-01
        |   Estimated error at iter    200:   1.03264775
        |   Estimated error at iter    400:   0.05536405
        !   => CONVERGED at iter    600 with error=  0.00574735
        |-------------------------------------------------------------
        ! k-point #    50:  (-0.4086,  0.3651,  0.6195),  0.0111,   1
        |-------------------------------------------------------------
 okvan= T
        |   Norm of the initial Lanczos vector: 0.15509672E-01
        |   Estimated error at iter    200:   1.03268128
        |   Estimated error at iter    400:   0.02584363
        !   => CONVERGED at iter    600 with error=  0.00544993
        |-------------------------------------------------------------
        ! k-point #    51:  (-0.6128,  0.4564, -0.1422),  0.0111,   1
        |-------------------------------------------------------------
 okvan= T
        |   Norm of the initial Lanczos vector: 0.15509673E-01
        |   Estimated error at iter    200:   1.03259611
        |   Estimated error at iter    400:   0.02806526
        |   Estimated error at iter    600:   0.01033018
        !   => CONVERGED at iter    800 with error=  0.00216284
        |-------------------------------------------------------------
        ! k-point #    52:  (-0.6128,  0.4564,  0.0411),  0.0111,   1
        |-------------------------------------------------------------
 okvan= T
        |   Norm of the initial Lanczos vector: 0.15509673E-01
        |   Estimated error at iter    200:   1.03259917
        |   Estimated error at iter    400:   0.02961577
        |   Estimated error at iter    600:   0.01077189
        !   => CONVERGED at iter    800 with error=  0.00294197
        |-------------------------------------------------------------
        ! k-point #    53:  (-0.6128,  0.4564,  0.2244),  0.0111,   1
        |-------------------------------------------------------------
 okvan= T
        |   Norm of the initial Lanczos vector: 0.15509673E-01
        |   Estimated error at iter    200:   1.03257561
        |   Estimated error at iter    400:   0.06248033
        !   => CONVERGED at iter    600 with error=  0.00966683
        |-------------------------------------------------------------
        ! k-point #    54:  (-0.6128,  0.4564,  0.4077),  0.0111,   1
        |-------------------------------------------------------------
 okvan= T
        |   Norm of the initial Lanczos vector: 0.15509673E-01
        |   Estimated error at iter    200:   1.03256657
        |   Estimated error at iter    400:   0.03771860
        |   Estimated error at iter    600:   0.01101736
        !   => CONVERGED at iter    800 with error=  0.00271896
        |-------------------------------------------------------------
        ! k-point #    55:  (-0.6128,  0.4564,  0.5910),  0.0111,   1
        |-------------------------------------------------------------
 okvan= T
        |   Norm of the initial Lanczos vector: 0.15509672E-01
        |   Estimated error at iter    200:   1.03259450
        |   Estimated error at iter    400:   0.05226909
        !   => CONVERGED at iter    600 with error=  0.00970533
        |-------------------------------------------------------------
        ! k-point #    56:  (-0.8171,  0.5476, -0.1707),  0.0111,   1
        |-------------------------------------------------------------
 okvan= T
        |   Norm of the initial Lanczos vector: 0.15509673E-01
        |   Estimated error at iter    200:   1.03256370
        |   Estimated error at iter    400:   0.02167546
        !   => CONVERGED at iter    600 with error=  0.00860885
        |-------------------------------------------------------------
        ! k-point #    57:  (-0.8171,  0.5476,  0.0126),  0.0111,   1
        |-------------------------------------------------------------
 okvan= T
        |   Norm of the initial Lanczos vector: 0.15509672E-01
        |   Estimated error at iter    200:   1.03256172
        |   Estimated error at iter    400:   0.02900531
        !   => CONVERGED at iter    600 with error=  0.00888034
        |-------------------------------------------------------------
        ! k-point #    58:  (-0.8171,  0.5476,  0.1960),  0.0111,   1
        |-------------------------------------------------------------
 okvan= T
        |   Norm of the initial Lanczos vector: 0.15509672E-01
        |   Estimated error at iter    200:   1.03253914
        |   Estimated error at iter    400:   0.03174259
        !   => CONVERGED at iter    600 with error=  0.00773172
        |-------------------------------------------------------------
        ! k-point #    59:  (-0.8171,  0.5476,  0.3793),  0.0111,   1
        |-------------------------------------------------------------
 okvan= T
        |   Norm of the initial Lanczos vector: 0.15509672E-01
        |   Estimated error at iter    200:   1.03253762
        |   Estimated error at iter    400:   0.03800711
        !   => CONVERGED at iter    600 with error=  0.00779480
        |-------------------------------------------------------------
        ! k-point #    60:  (-0.8171,  0.5476,  0.5626),  0.0111,   1
        |-------------------------------------------------------------
 okvan= T
        |   Norm of the initial Lanczos vector: 0.15509672E-01
        |   Estimated error at iter    200:   1.03256148
        |   Estimated error at iter    400:   0.02984241
        !   => CONVERGED at iter    600 with error=  0.00861671
        |-------------------------------------------------------------
        ! k-point #    61:  ( 0.4086,  0.1825, -0.0569),  0.0111,   1
        |-------------------------------------------------------------
 okvan= T
        |   Norm of the initial Lanczos vector: 0.15509672E-01
        |   Estimated error at iter    200:   1.03258478
        |   Estimated error at iter    400:   0.03277772
        |   Estimated error at iter    600:   0.01289718
        !   => CONVERGED at iter    800 with error=  0.00148369
        |-------------------------------------------------------------
        ! k-point #    62:  ( 0.4086,  0.1825,  0.1264),  0.0111,   1
        |-------------------------------------------------------------
 okvan= T
        |   Norm of the initial Lanczos vector: 0.15509672E-01
        |   Estimated error at iter    200:   1.03256116
        |   Estimated error at iter    400:   0.03353218
        !   => CONVERGED at iter    600 with error=  0.00714506
        |-------------------------------------------------------------
        ! k-point #    63:  ( 0.4086,  0.1825,  0.3097),  0.0111,   1
        |-------------------------------------------------------------
 okvan= T
        |   Norm of the initial Lanczos vector: 0.15509672E-01
        |   Estimated error at iter    200:   1.03255054
        |   Estimated error at iter    400:   0.03420588
        !   => CONVERGED at iter    600 with error=  0.00791696
        |-------------------------------------------------------------
        ! k-point #    64:  ( 0.4086,  0.1825,  0.4931),  0.0111,   1
        |-------------------------------------------------------------
 okvan= T
        |   Norm of the initial Lanczos vector: 0.15509672E-01
        |   Estimated error at iter    200:   1.03256472
        |   Estimated error at iter    400:   0.03543386
        !   => CONVERGED at iter    600 with error=  0.00810878
        |-------------------------------------------------------------
        ! k-point #    65:  ( 0.4086,  0.1825,  0.6764),  0.0111,   1
        |-------------------------------------------------------------
 okvan= T
        |   Norm of the initial Lanczos vector: 0.15509672E-01
        |   Estimated error at iter    200:   1.03259656
        |   Estimated error at iter    400:   0.03261137
        !   => CONVERGED at iter    600 with error=  0.00687424
        |-------------------------------------------------------------
        ! k-point #    66:  ( 0.2043,  0.2738, -0.0853),  0.0111,   1
        |-------------------------------------------------------------
 okvan= T
        |   Norm of the initial Lanczos vector: 0.15509673E-01
        |   Estimated error at iter    200:   1.03269685
        |   Estimated error at iter    400:   0.02922468
        !   => CONVERGED at iter    600 with error=  0.00699184
        |-------------------------------------------------------------
        ! k-point #    67:  ( 0.2043,  0.2738,  0.0980),  0.0111,   1
        |-------------------------------------------------------------
 okvan= T
        |   Norm of the initial Lanczos vector: 0.15509672E-01
        |   Estimated error at iter    200:   1.03266815
        |   Estimated error at iter    400:   0.03115659
        !   => CONVERGED at iter    600 with error=  0.00770665
        |-------------------------------------------------------------
        ! k-point #    68:  ( 0.2043,  0.2738,  0.2813),  0.0111,   1
        |-------------------------------------------------------------
 okvan= T
        |   Norm of the initial Lanczos vector: 0.15509672E-01
        |   Estimated error at iter    200:   1.03264683
        |   Estimated error at iter    400:   0.02640878
        |   Estimated error at iter    600:   0.01310100
        !   => CONVERGED at iter    800 with error=  0.00190525
        |-------------------------------------------------------------
        ! k-point #    69:  ( 0.2043,  0.2738,  0.4646),  0.0111,   1
        |-------------------------------------------------------------
 okvan= T
        |   Norm of the initial Lanczos vector: 0.15509672E-01
        |   Estimated error at iter    200:   1.03266581
        |   Estimated error at iter    400:   0.02729944
        !   => CONVERGED at iter    600 with error=  0.00820648
        |-------------------------------------------------------------
        ! k-point #    70:  ( 0.2043,  0.2738,  0.6479),  0.0111,   1
        |-------------------------------------------------------------
 okvan= T
        |   Norm of the initial Lanczos vector: 0.15509672E-01
        |   Estimated error at iter    200:   1.03270099
        |   Estimated error at iter    400:   0.03184801
        |   Estimated error at iter    600:   0.01479354
        !   => CONVERGED at iter    800 with error=  0.00214790
        |-------------------------------------------------------------
        ! k-point #    71:  ( 0.0000,  0.3651, -0.1138),  0.0111,   1
        |-------------------------------------------------------------
 okvan= T
        |   Norm of the initial Lanczos vector: 0.15509673E-01
        |   Estimated error at iter    200:   1.03281236
        |   Estimated error at iter    400:   0.04071362
        !   => CONVERGED at iter    600 with error=  0.00920156
        |-------------------------------------------------------------
        ! k-point #    72:  ( 0.0000,  0.3651,  0.0695),  0.0111,   1
        |-------------------------------------------------------------
 okvan= T
        |   Norm of the initial Lanczos vector: 0.15509672E-01
        |   Estimated error at iter    200:   1.03280279
        |   Estimated error at iter    400:   0.03465912
        |   Estimated error at iter    600:   0.01067090
        !   => CONVERGED at iter    800 with error=  0.00234524
        |-------------------------------------------------------------
        ! k-point #    73:  ( 0.0000,  0.3651,  0.2528),  0.0111,   1
        |-------------------------------------------------------------
 okvan= T
        |   Norm of the initial Lanczos vector: 0.15509672E-01
        |   Estimated error at iter    200:   1.03279165
        |   Estimated error at iter    400:   0.03353402
        |   Estimated error at iter    600:   0.01094598
        !   => CONVERGED at iter    800 with error=  0.00194365
        |-------------------------------------------------------------
        ! k-point #    74:  ( 0.0000,  0.3651,  0.4362),  0.0111,   1
        |-------------------------------------------------------------
 okvan= T
        |   Norm of the initial Lanczos vector: 0.15509673E-01
        |   Estimated error at iter    200:   1.03279787
        |   Estimated error at iter    400:   0.02887769
        |   Estimated error at iter    600:   0.01154212
        !   => CONVERGED at iter    800 with error=  0.00241648
        |-------------------------------------------------------------
        ! k-point #    75:  ( 0.0000,  0.3651,  0.6195),  0.0111,   1
        |-------------------------------------------------------------
 okvan= T
        |   Norm of the initial Lanczos vector: 0.15509673E-01
        |   Estimated error at iter    200:   1.03281658
        |   Estimated error at iter    400:   0.03308103
        !   => CONVERGED at iter    600 with error=  0.00819507
        |-------------------------------------------------------------
        ! k-point #    76:  (-0.2043,  0.4564, -0.1422),  0.0111,   1
        |-------------------------------------------------------------
 okvan= T
        |   Norm of the initial Lanczos vector: 0.15509673E-01
        |   Estimated error at iter    200:   1.03283143
        |   Estimated error at iter    400:   0.04928785
        !   => CONVERGED at iter    600 with error=  0.00543197
        |-------------------------------------------------------------
        ! k-point #    77:  (-0.2043,  0.4564,  0.0411),  0.0111,   1
        |-------------------------------------------------------------
 okvan= T
        |   Norm of the initial Lanczos vector: 0.15509672E-01
        |   Estimated error at iter    200:   1.03282100
        |   Estimated error at iter    400:   0.05621667
        !   => CONVERGED at iter    600 with error=  0.00656492
        |-------------------------------------------------------------
        ! k-point #    78:  (-0.2043,  0.4564,  0.2244),  0.0111,   1
        |-------------------------------------------------------------
 okvan= T
        |   Norm of the initial Lanczos vector: 0.15509673E-01
        |   Estimated error at iter    200:   1.03279959
        |   Estimated error at iter    400:   0.03738894
        !   => CONVERGED at iter    600 with error=  0.00612147
        |-------------------------------------------------------------
        ! k-point #    79:  (-0.2043,  0.4564,  0.4077),  0.0111,   1
        |-------------------------------------------------------------
 okvan= T
        |   Norm of the initial Lanczos vector: 0.15509673E-01
        |   Estimated error at iter    200:   1.03280192
        |   Estimated error at iter    400:   0.03175844
        |   Estimated error at iter    600:   0.01184257
        !   => CONVERGED at iter    800 with error=  0.00168348
        |-------------------------------------------------------------
        ! k-point #    80:  (-0.2043,  0.4564,  0.5910),  0.0111,   1
        |-------------------------------------------------------------
 okvan= T
        |   Norm of the initial Lanczos vector: 0.15509673E-01
        |   Estimated error at iter    200:   1.03282073
        |   Estimated error at iter    400:   0.03381801
        !   => CONVERGED at iter    600 with error=  0.00840921
        |-------------------------------------------------------------
        ! k-point #    81:  (-0.4086,  0.5476, -0.1707),  0.0111,   1
        |-------------------------------------------------------------
 okvan= T
        |   Norm of the initial Lanczos vector: 0.15509673E-01
        |   Estimated error at iter    200:   1.03274248
        |   Estimated error at iter    400:   0.04760674
        !   => CONVERGED at iter    600 with error=  0.00839236
        |-------------------------------------------------------------
        ! k-point #    82:  (-0.4086,  0.5476,  0.0126),  0.0111,   1
        |-------------------------------------------------------------
 okvan= T
        |   Norm of the initial Lanczos vector: 0.15509673E-01
        |   Estimated error at iter    200:   1.03272677
        |   Estimated error at iter    400:   0.03043666
        !   => CONVERGED at iter    600 with error=  0.00616295
        |-------------------------------------------------------------
        ! k-point #    83:  (-0.4086,  0.5476,  0.1960),  0.0111,   1
        |-------------------------------------------------------------
 okvan= T
        |   Norm of the initial Lanczos vector: 0.15509674E-01
        |   Estimated error at iter    200:   1.03268733
        |   Estimated error at iter    400:   0.07295930
        !   => CONVERGED at iter    600 with error=  0.00726442
        |-------------------------------------------------------------
        ! k-point #    84:  (-0.4086,  0.5476,  0.3793),  0.0111,   1
        |-------------------------------------------------------------
 okvan= T
        |   Norm of the initial Lanczos vector: 0.15509674E-01
        |   Estimated error at iter    200:   1.03268584
        |   Estimated error at iter    400:   0.03717382
        !   => CONVERGED at iter    600 with error=  0.00712400
        |-------------------------------------------------------------
        ! k-point #    85:  (-0.4086,  0.5476,  0.5626),  0.0111,   1
        |-------------------------------------------------------------
 okvan= T
        |   Norm of the initial Lanczos vector: 0.15509673E-01
        |   Estimated error at iter    200:   1.03272607
        |   Estimated error at iter    400:   0.02979715
        !   => CONVERGED at iter    600 with error=  0.00607546
        |-------------------------------------------------------------
        ! k-point #    86:  (-0.6128,  0.6389, -0.1991),  0.0111,   1
        |-------------------------------------------------------------
 okvan= T
        |   Norm of the initial Lanczos vector: 0.15509673E-01
        |   Estimated error at iter    200:   1.03259551
        |   Estimated error at iter    400:   0.02883206
        !   => CONVERGED at iter    600 with error=  0.00980275
        |-------------------------------------------------------------
        ! k-point #    87:  (-0.6128,  0.6389, -0.0158),  0.0111,   1
        |-------------------------------------------------------------
 okvan= T
        |   Norm of the initial Lanczos vector: 0.15509672E-01
        |   Estimated error at iter    200:   1.03259065
        |   Estimated error at iter    400:   0.03336217
        !   => CONVERGED at iter    600 with error=  0.00970992
        |-------------------------------------------------------------
        ! k-point #    88:  (-0.6128,  0.6389,  0.1675),  0.0111,   1
        |-------------------------------------------------------------
 okvan= T
        |   Norm of the initial Lanczos vector: 0.15509673E-01
        |   Estimated error at iter    200:   1.03257332
        |   Estimated error at iter    400:   0.04600821
        |   Estimated error at iter    600:   0.01066799
        !   => CONVERGED at iter    800 with error=  0.00258896
        |-------------------------------------------------------------
        ! k-point #    89:  (-0.6128,  0.6389,  0.3508),  0.0111,   1
        |-------------------------------------------------------------
 okvan= T
        |   Norm of the initial Lanczos vector: 0.15509673E-01
        |   Estimated error at iter    200:   1.03256669
        |   Estimated error at iter    400:   0.03810112
        !   => CONVERGED at iter    600 with error=  0.00963356
        |-------------------------------------------------------------
        ! k-point #    90:  (-0.6128,  0.6389,  0.5341),  0.0111,   1
        |-------------------------------------------------------------
 okvan= T
        |   Norm of the initial Lanczos vector: 0.15509673E-01
        |   Estimated error at iter    200:   1.03259658
        |   Estimated error at iter    400:   0.03532142
        !   => CONVERGED at iter    600 with error=  0.00933914

     Results of STEP 1 successfully written in x_save_file
     x_save_file name: 
     ->  xanes.sav                                                        
     x_save_file version:  2

     ... End STEP 1 ...

     ... Begin STEP 2 ...

     The spectrum is calculated using the following parameters:
        energy-zero of the spectrum [eV]:   14.3481
        the occupied states are elimintate from the spectrum
        xemin [eV]: -15.00
        xemax [eV]:  70.00
        xnepoint:  400
        constant broadening parameter [eV]:    0.890
        Core level energy [eV]:  -4966.    
         (from electron binding energy of neutral atoms in X-ray data booklet)

     Cross-section successfully written in xanes.dat                                                                                                                                                                                                                                                       

     ... End STEP 2 ...

     xanes        :   2958.07s CPU   2993.97s WALL (       1 calls)

     -------------------------------------------------------------------------
                                END JOB XSpectra
     -------------------------------------------------------------------------

