# Macroscopic dielectric function epsm
#
# Momentum transfer Q=G+q in lattice cooridnates
# G:   0   0   0
# q:   0.0000000   0.0000000   0.0000000
# Momentum transfer Q=G+q in Cartesian cooridnates
# G:   0.0000000   0.0000000   0.0000000
# q:   0.0000000   0.0000000   0.0000000
# Norm2(G+q)   0.0000000
#
# Energy scale=   27.211384
# Used broadening in scaled energy units:    0.890000
#
# Number of k-points=     384
# Unit cell volume [au]=  734.220916
# Coulomb potential v(Q) [au]=          0.000000
#
#             Frequency                Re(epsm)                Im(epsm)       Re(epsm) form KKT
+0.4849068603852000E+04 +0.1000000585669270E+01 +0.2104101201907635E-07 +0.1000000625329260E+01
+0.4849131190034877E+04 +0.1000000586904255E+01 +0.2107858726210628E-07 +0.1000000622757744E+01
+0.4849193776217756E+04 +0.1000000588151459E+01 +0.2111968784024448E-07 +0.1000000617833816E+01
+0.4849256362400634E+04 +0.1000000589410697E+01 +0.2116550107599340E-07 +0.1000000617167605E+01
+0.4849318948583512E+04 +0.1000000590681550E+01 +0.2121715512145028E-07 +0.1000000616433932E+01
+0.4849381534766390E+04 +0.1000000591963397E+01 +0.2127566993560587E-07 +0.1000000616305612E+01
+0.4849444120949268E+04 +0.1000000593255448E+01 +0.2134192307641208E-07 +0.1000000616425372E+01
+0.4849506707132145E+04 +0.1000000594556796E+01 +0.2141662972706687E-07 +0.1000000616751647E+01
+0.4849569293315024E+04 +0.1000000595866449E+01 +0.2150033549299164E-07 +0.1000000617219972E+01
+0.4849631879497902E+04 +0.1000000597183369E+01 +0.2159342004049127E-07 +0.1000000617800121E+01
+0.4849694465680780E+04 +0.1000000598506501E+01 +0.2169610867229519E-07 +0.1000000618468001E+01
+0.4849757051863658E+04 +0.1000000599834789E+01 +0.2180848738292424E-07 +0.1000000619207060E+01
+0.4849819638046536E+04 +0.1000000601167181E+01 +0.2193051570052022E-07 +0.1000000620004590E+01
+0.4849882224229414E+04 +0.1000000602502635E+01 +0.2206203191940114E-07 +0.1000000620850785E+01
+0.4849944810412292E+04 +0.1000000603840110E+01 +0.2220274779537184E-07 +0.1000000621737795E+01
+0.4850007396595171E+04 +0.1000000605178580E+01 +0.2235223390192486E-07 +0.1000000622659224E+01
+0.4850069982778048E+04 +0.1000000606517051E+01 +0.2250990111832051E-07 +0.1000000623609765E+01
+0.4850132568960926E+04 +0.1000000607854590E+01 +0.2267498637104136E-07 +0.1000000624584977E+01
+0.4850195155143804E+04 +0.1000000609190373E+01 +0.2284655061726274E-07 +0.1000000625581141E+01
+0.4850257741326682E+04 +0.1000000610523733E+01 +0.2302349412713691E-07 +0.1000000626595168E+01
+0.4850320327509559E+04 +0.1000000611854203E+01 +0.2320458954189568E-07 +0.1000000627624539E+01
+0.4850382913692439E+04 +0.1000000613181546E+01 +0.2338852881425733E-07 +0.1000000628667257E+01
+0.4850445499875316E+04 +0.1000000614505774E+01 +0.2357397774242982E-07 +0.1000000629721805E+01
+0.4850508086058194E+04 +0.1000000615827153E+01 +0.2375963220063540E-07 +0.1000000630787109E+01
+0.4850570672241072E+04 +0.1000000617146187E+01 +0.2394427269550756E-07 +0.1000000631862483E+01
+0.4850633258423950E+04 +0.1000000618463599E+01 +0.2412681666890478E-07 +0.1000000632947593E+01
+0.4850695844606827E+04 +0.1000000619780305E+01 +0.2430636897057651E-07 +0.1000000634042393E+01
+0.4850758430789706E+04 +0.1000000621097359E+01 +0.2448226917434343E-07 +0.1000000635147071E+01
+0.4850821016972584E+04 +0.1000000622415897E+01 +0.2465413067804515E-07 +0.1000000636261969E+01
+0.4850883603155462E+04 +0.1000000623737054E+01 +0.2482186286344224E-07 +0.1000000637387500E+01
+0.4850946189338340E+04 +0.1000000625061868E+01 +0.2498566616422603E-07 +0.1000000638524052E+01
+0.4851008775521218E+04 +0.1000000626391188E+01 +0.2514599193127570E-07 +0.1000000639671898E+01
+0.4851071361704096E+04 +0.1000000627725588E+01 +0.2530346441211679E-07 +0.1000000640831117E+01
+0.4851133947886974E+04 +0.1000000629065317E+01 +0.2545876977744990E-07 +0.1000000642001543E+01
+0.4851196534069853E+04 +0.1000000630410291E+01 +0.2561252508640824E-07 +0.1000000643182759E+01
+0.4851259120252730E+04 +0.1000000631760137E+01 +0.2576514645988022E-07 +0.1000000644374132E+01
+0.4851321706435608E+04 +0.1000000633114295E+01 +0.2591673903977615E-07 +0.1000000645574898E+01
+0.4851384292618486E+04 +0.1000000634472155E+01 +0.2606703070585281E-07 +0.1000000646784287E+01
+0.4851446878801364E+04 +0.1000000635833225E+01 +0.2621536663804544E-07 +0.1000000648001655E+01
+0.4851509464984242E+04 +0.1000000637197286E+01 +0.2636077264480025E-07 +0.1000000649226623E+01
+0.4851572051167121E+04 +0.1000000638564518E+01 +0.2650208246282180E-07 +0.1000000650459185E+01
+0.4851634637349998E+04 +0.1000000639935568E+01 +0.2663811021768321E-07 +0.1000000651699754E+01
+0.4851697223532876E+04 +0.1000000641311535E+01 +0.2676783789048398E-07 +0.1000000652949153E+01
+0.4851759809715754E+04 +0.1000000642693881E+01 +0.2689058334526222E-07 +0.1000000654208540E+01
+0.4851822395898632E+04 +0.1000000644084292E+01 +0.2700611941284090E-07 +0.1000000655479273E+01
+0.4851884982081510E+04 +0.1000000645484493E+01 +0.2711472667715606E-07 +0.1000000656762764E+01
+0.4851947568264388E+04 +0.1000000646896073E+01 +0.2721717655705976E-07 +0.1000000658060308E+01
+0.4852010154447266E+04 +0.1000000648320324E+01 +0.2731465184297799E-07 +0.1000000659372949E+01
+0.4852072740630144E+04 +0.1000000649758118E+01 +0.2740861762803919E-07 +0.1000000660701370E+01
+0.4852135326813021E+04 +0.1000000651209848E+01 +0.2750065907070522E-07 +0.1000000662045834E+01
+0.4852197912995900E+04 +0.1000000652675424E+01 +0.2759230661961934E-07 +0.1000000663406183E+01
+0.4852260499178778E+04 +0.1000000654154335E+01 +0.2768487408078361E-07 +0.1000000664781896E+01
+0.4852323085361656E+04 +0.1000000655645777E+01 +0.2777933666292519E-07 +0.1000000666172189E+01
+0.4852385671544534E+04 +0.1000000657148802E+01 +0.2787627099385405E-07 +0.1000000667576152E+01
+0.4852448257727412E+04 +0.1000000658662486E+01 +0.2797586620197583E-07 +0.1000000668992888E+01
+0.4852510843910290E+04 +0.1000000660186052E+01 +0.2807799777230597E-07 +0.1000000670421622E+01
+0.4852573430093168E+04 +0.1000000661718952E+01 +0.2818233994050551E-07 +0.1000000671861771E+01
+0.4852636016276046E+04 +0.1000000663260876E+01 +0.2828848385249020E-07 +0.1000000673312963E+01
+0.4852698602458924E+04 +0.1000000664811720E+01 +0.2839603112014393E-07 +0.1000000674775010E+01
+0.4852761188641803E+04 +0.1000000666371524E+01 +0.2850464512966398E-07 +0.1000000676247862E+01
+0.4852823774824680E+04 +0.1000000667940411E+01 +0.2861406048631329E-07 +0.1000000677731560E+01
+0.4852886361007558E+04 +0.1000000669518556E+01 +0.2872406670357602E-07 +0.1000000679226206E+01
+0.4852948947190435E+04 +0.1000000671106178E+01 +0.2883448902310728E-07 +0.1000000680731953E+01
+0.4853011533373314E+04 +0.1000000672703553E+01 +0.2894518482121046E-07 +0.1000000682249010E+01
+0.4853074119556192E+04 +0.1000000674311022E+01 +0.2905606166343619E-07 +0.1000000683777648E+01
+0.4853136705739070E+04 +0.1000000675928990E+01 +0.2916710957455793E-07 +0.1000000685318191E+01
+0.4853199291921948E+04 +0.1000000677557900E+01 +0.2927843224317448E-07 +0.1000000686870995E+01
+0.4853261878104826E+04 +0.1000000679198185E+01 +0.2939026283959079E-07 +0.1000000688436410E+01
+0.4853324464287703E+04 +0.1000000680850227E+01 +0.2950295808128583E-07 +0.1000000690014738E+01
+0.4853387050470582E+04 +0.1000000682514315E+01 +0.2961697378249041E-07 +0.1000000691606201E+01
+0.4853449636653460E+04 +0.1000000684190619E+01 +0.2973283090514024E-07 +0.1000000693210916E+01
+0.4853512222836338E+04 +0.1000000685879183E+01 +0.2985108073619317E-07 +0.1000000694828888E+01
+0.4853574809019216E+04 +0.1000000687579922E+01 +0.2997227297544546E-07 +0.1000000696459999E+01
+0.4853637395202094E+04 +0.1000000689292618E+01 +0.3009692532538971E-07 +0.1000000698104013E+01
+0.4853699981384972E+04 +0.1000000691016929E+01 +0.3022549120766827E-07 +0.1000000699760584E+01
+0.4853762567567850E+04 +0.1000000692752402E+01 +0.3035832444992196E-07 +0.1000000701429264E+01
+0.4853825153750729E+04 +0.1000000694498497E+01 +0.3049564434829929E-07 +0.1000000703109531E+01
+0.4853887739933606E+04 +0.1000000696254629E+01 +0.3063750829574257E-07 +0.1000000704800827E+01
+0.4853950326116484E+04 +0.1000000698020218E+01 +0.3078379983966476E-07 +0.1000000706502598E+01
+0.4854012912299362E+04 +0.1000000699794743E+01 +0.3093423723845237E-07 +0.1000000708214348E+01
+0.4854075498482240E+04 +0.1000000701577792E+01 +0.3108840267083259E-07 +0.1000000709935676E+01
+0.4854138084665117E+04 +0.1000000703369091E+01 +0.3124578711084495E-07 +0.1000000711666303E+01
+0.4854200670847996E+04 +0.1000000705168515E+01 +0.3140584200722051E-07 +0.1000000713406087E+01
+0.4854263257030874E+04 +0.1000000706976077E+01 +0.3156802715326008E-07 +0.1000000715155008E+01
+0.4854325843213752E+04 +0.1000000708791895E+01 +0.3173184487037469E-07 +0.1000000716913148E+01
+0.4854388429396630E+04 +0.1000000710616160E+01 +0.3189685381736115E-07 +0.1000000718680658E+01
+0.4854451015579508E+04 +0.1000000712449098E+01 +0.3206266088274019E-07 +0.1000000720457730E+01
+0.4854513601762385E+04 +0.1000000714290949E+01 +0.3222889575380554E-07 +0.1000000722244586E+01
+0.4854576187945264E+04 +0.1000000716141971E+01 +0.3239517847662765E-07 +0.1000000724041471E+01
+0.4854638774128142E+04 +0.1000000718002465E+01 +0.3256109384434263E-07 +0.1000000725848682E+01
+0.4854701360311020E+04 +0.1000000719872820E+01 +0.3272618604497015E-07 +0.1000000727666602E+01
+0.4854763946493898E+04 +0.1000000721753561E+01 +0.3288998199590320E-07 +0.1000000729495738E+01
+0.4854826532676776E+04 +0.1000000723645386E+01 +0.3305204355273470E-07 +0.1000000731336748E+01
+0.4854889118859654E+04 +0.1000000725549174E+01 +0.3321204042294007E-07 +0.1000000733190450E+01
+0.4854951705042532E+04 +0.1000000727465968E+01 +0.3336983018961865E-07 +0.1000000735057799E+01
+0.4855014291225410E+04 +0.1000000729396913E+01 +0.3352553037384943E-07 +0.1000000736939833E+01
+0.4855076877408288E+04 +0.1000000731343167E+01 +0.3367956868864322E-07 +0.1000000738837594E+01
+0.4855139463591166E+04 +0.1000000733305795E+01 +0.3383269979569414E-07 +0.1000000740752029E+01
+0.4855202049774044E+04 +0.1000000735285647E+01 +0.3398597960552994E-07 +0.1000000742683889E+01
+0.4855264635956922E+04 +0.1000000737283246E+01 +0.3414069265843643E-07 +0.1000000744633627E+01
+0.4855327222139799E+04 +0.1000000739298708E+01 +0.3429823544439034E-07 +0.1000000746601334E+01
+0.4855389808322679E+04 +0.1000000741331701E+01 +0.3445996778154132E-07 +0.1000000748586703E+01
+0.4855452394505556E+04 +0.1000000743381467E+01 +0.3462705264046951E-07 +0.1000000750589050E+01
+0.4855514980688434E+04 +0.1000000745446902E+01 +0.3480030885413075E-07 +0.1000000752607392E+01
+0.4855577566871312E+04 +0.1000000747526691E+01 +0.3498009962844230E-07 +0.1000000754640560E+01
+0.4855640153054190E+04 +0.1000000749619473E+01 +0.3516627389475025E-07 +0.1000000756687348E+01
+0.4855702739237067E+04 +0.1000000751724023E+01 +0.3535816993033581E-07 +0.1000000758746676E+01
+0.4855765325419947E+04 +0.1000000753839422E+01 +0.3555468325366440E-07 +0.1000000760817740E+01
+0.4855827911602824E+04 +0.1000000755965201E+01 +0.3575439367503786E-07 +0.1000000762900133E+01
+0.4855890497785702E+04 +0.1000000758101424E+01 +0.3595573844193224E-07 +0.1000000764993927E+01
+0.4855953083968580E+04 +0.1000000760248708E+01 +0.3615720926475027E-07 +0.1000000767099679E+01
+0.4856015670151458E+04 +0.1000000762408162E+01 +0.3635754261275192E-07 +0.1000000769218385E+01
+0.4856078256334335E+04 +0.1000000764581254E+01 +0.3655586923791062E-07 +0.1000000771351363E+01
+0.4856140842517214E+04 +0.1000000766769636E+01 +0.3675179455373227E-07 +0.1000000773500100E+01
+0.4856203428700092E+04 +0.1000000768974960E+01 +0.3694539710880590E-07 +0.1000000775666097E+01
+0.4856266014882970E+04 +0.1000000771198722E+01 +0.3713715368706244E-07 +0.1000000777850735E+01
+0.4856328601065848E+04 +0.1000000773442170E+01 +0.3732781854926661E-07 +0.1000000780055186E+01
+0.4856391187248726E+04 +0.1000000775706276E+01 +0.3751829341319285E-07 +0.1000000782280386E+01
+0.4856453773431604E+04 +0.1000000777991765E+01 +0.3770952094823841E-07 +0.1000000784527052E+01
+0.4856516359614482E+04 +0.1000000780299176E+01 +0.3790242077754164E-07 +0.1000000786795731E+01
+0.4856578945797361E+04 +0.1000000782628927E+01 +0.3809786995692866E-07 +0.1000000789086843E+01
+0.4856641531980238E+04 +0.1000000784981359E+01 +0.3829671626289123E-07 +0.1000000791400730E+01
+0.4856704118163116E+04 +0.1000000787356752E+01 +0.3849980599599433E-07 +0.1000000793737660E+01
+0.4856766704345994E+04 +0.1000000789755322E+01 +0.3870800845915874E-07 +0.1000000796097835E+01
+0.4856829290528872E+04 +0.1000000792177193E+01 +0.3892222460336187E-07 +0.1000000798481360E+01
+0.4856891876711750E+04 +0.1000000794622363E+01 +0.3914337474791446E-07 +0.1000000800888228E+01
+0.4856954462894629E+04 +0.1000000797090690E+01 +0.3937236739150754E-07 +0.1000000803318298E+01
+0.4857017049077506E+04 +0.1000000799581876E+01 +0.3961005627643846E-07 +0.1000000805771294E+01
+0.4857079635260384E+04 +0.1000000802095484E+01 +0.3985719519824179E-07 +0.1000000808246811E+01
+0.4857142221443262E+04 +0.1000000804630970E+01 +0.4011439955734134E-07 +0.1000000810744347E+01
+0.4857204807626140E+04 +0.1000000807187718E+01 +0.4038212104896267E-07 +0.1000000813263336E+01
+0.4857267393809017E+04 +0.1000000809765092E+01 +0.4066063830751195E-07 +0.1000000815803191E+01
+0.4857329979991896E+04 +0.1000000812362479E+01 +0.4095006293143755E-07 +0.1000000818363347E+01
+0.4857392566174774E+04 +0.1000000814979332E+01 +0.4125035805894862E-07 +0.1000000820943292E+01
+0.4857455152357652E+04 +0.1000000817615195E+01 +0.4156136600631780E-07 +0.1000000823542599E+01
+0.4857517738540530E+04 +0.1000000820269729E+01 +0.4188284213753531E-07 +0.1000000826160948E+01
+0.4857580324723408E+04 +0.1000000822942720E+01 +0.4221449307248621E-07 +0.1000000828798128E+01
+0.4857642910906286E+04 +0.1000000825634082E+01 +0.4255601728752485E-07 +0.1000000831454044E+01
+0.4857705497089164E+04 +0.1000000828343835E+01 +0.4290714446931760E-07 +0.1000000834128697E+01
+0.4857768083272043E+04 +0.1000000831072077E+01 +0.4326766726617685E-07 +0.1000000836822157E+01
+0.4857830669454920E+04 +0.1000000833818939E+01 +0.4363745710770721E-07 +0.1000000839534523E+01
+0.4857893255637798E+04 +0.1000000836584529E+01 +0.4401645653094821E-07 +0.1000000842265884E+01
+0.4857955841820676E+04 +0.1000000839368893E+01 +0.4440464493679068E-07 +0.1000000845016277E+01
+0.4858018428003554E+04 +0.1000000842171989E+01 +0.4480198203178586E-07 +0.1000000847785672E+01
+0.4858081014186432E+04 +0.1000000844993693E+01 +0.4520834084713257E-07 +0.1000000850573978E+01
+0.4858143600369311E+04 +0.1000000847833841E+01 +0.4562344713694661E-07 +0.1000000853381084E+01
+0.4858206186552188E+04 +0.1000000850692301E+01 +0.4604684209093912E-07 +0.1000000856206914E+01
+0.4858268772735066E+04 +0.1000000853569057E+01 +0.4647788048259054E-07 +0.1000000859051505E+01
+0.4858331358917943E+04 +0.1000000856464296E+01 +0.4691576824746265E-07 +0.1000000861915076E+01
+0.4858393945100822E+04 +0.1000000859378464E+01 +0.4735963462023191E-07 +0.1000000864798081E+01
+0.4858456531283700E+04 +0.1000000862312298E+01 +0.4780862670335703E-07 +0.1000000867701232E+01
+0.4858519117466578E+04 +0.1000000865266814E+01 +0.4826200994247569E-07 +0.1000000870625488E+01
+0.4858581703649456E+04 +0.1000000868243251E+01 +0.4871925649954232E-07 +0.1000000873572007E+01
+0.4858644289832334E+04 +0.1000000871242988E+01 +0.4918010461583245E-07 +0.1000000876542075E+01
+0.4858706876015211E+04 +0.1000000874267436E+01 +0.4964457599573038E-07 +0.1000000879537014E+01
+0.4858769462198090E+04 +0.1000000877317944E+01 +0.5011294583149977E-07 +0.1000000882558096E+01
+0.4858832048380968E+04 +0.1000000880395723E+01 +0.5058567133053295E-07 +0.1000000885606487E+01
+0.4858894634563846E+04 +0.1000000883501820E+01 +0.5106329711708045E-07 +0.1000000888683218E+01
+0.4858957220746724E+04 +0.1000000886637142E+01 +0.5154636487120895E-07 +0.1000000891789206E+01
+0.4859019806929602E+04 +0.1000000889802524E+01 +0.5203535499829882E-07 +0.1000000894925306E+01
+0.4859082393112480E+04 +0.1000000892998811E+01 +0.5253067785658139E-07 +0.1000000898092380E+01
+0.4859144979295358E+04 +0.1000000896226928E+01 +0.5303271397618610E-07 +0.1000000901291348E+01
+0.4859207565478236E+04 +0.1000000899487909E+01 +0.5354188414827711E-07 +0.1000000904523217E+01
+0.4859270151661114E+04 +0.1000000902782878E+01 +0.5405871982166951E-07 +0.1000000907789064E+01
+0.4859332737843992E+04 +0.1000000906112994E+01 +0.5458390705402304E-07 +0.1000000911089994E+01
+0.4859395324026870E+04 +0.1000000909479392E+01 +0.5511829170306175E-07 +0.1000000914427091E+01
+0.4859457910209748E+04 +0.1000000912883132E+01 +0.5566285172367574E-07 +0.1000000917801377E+01
+0.4859520496392625E+04 +0.1000000916325172E+01 +0.5621865476567362E-07 +0.1000000921213785E+01
+0.4859583082575504E+04 +0.1000000919806375E+01 +0.5678682023843259E-07 +0.1000000924665166E+01
+0.4859645668758382E+04 +0.1000000923327520E+01 +0.5736849624339518E-07 +0.1000000928156287E+01
+0.4859708254941260E+04 +0.1000000926889317E+01 +0.5796485025002700E-07 +0.1000000931687851E+01
+0.4859770841124138E+04 +0.1000000930492412E+01 +0.5857706536750986E-07 +0.1000000935260497E+01
+0.4859833427307016E+04 +0.1000000934137390E+01 +0.5920633447035726E-07 +0.1000000938874808E+01
+0.4859896013489893E+04 +0.1000000937824777E+01 +0.5985384982641320E-07 +0.1000000942531308E+01
+0.4859958599672772E+04 +0.1000000941555047E+01 +0.6052079123058063E-07 +0.1000000946230475E+01
+0.4860021185855650E+04 +0.1000000945328635E+01 +0.6120831737789728E-07 +0.1000000949972749E+01
+0.4860083772038528E+04 +0.1000000949145950E+01 +0.6191756319208353E-07 +0.1000000953758546E+01
+0.4860146358221406E+04 +0.1000000953007391E+01 +0.6264964239899304E-07 +0.1000000957588267E+01
+0.4860208944404284E+04 +0.1000000956913347E+01 +0.6340565213214474E-07 +0.1000000961462305E+01
+0.4860271530587162E+04 +0.1000000960864207E+01 +0.6418667554894987E-07 +0.1000000965381050E+01
+0.4860334116770040E+04 +0.1000000964860351E+01 +0.6499377884432815E-07 +0.1000000969344888E+01
+0.4860396702952919E+04 +0.1000000968902157E+01 +0.6582800021669226E-07 +0.1000000973354206E+01
+0.4860459289135796E+04 +0.1000000972990004E+01 +0.6669033049338840E-07 +0.1000000977409401E+01
+0.4860521875318674E+04 +0.1000000977124297E+01 +0.6758168858907701E-07 +0.1000000981510902E+01
+0.4860584461501552E+04 +0.1000000981305506E+01 +0.6850289916794332E-07 +0.1000000985659210E+01
+0.4860647047684430E+04 +0.1000000985534226E+01 +0.6945468312887324E-07 +0.1000000989854951E+01
+0.4860709633867307E+04 +0.1000000989811257E+01 +0.7043767208044503E-07 +0.1000000994098945E+01
+0.4860772220050187E+04 +0.1000000994137680E+01 +0.7145245525183677E-07 +0.1000000998392274E+01
+0.4860834806233064E+04 +0.1000000998514934E+01 +0.7249966221488601E-07 +0.1000001002736347E+01
+0.4860897392415942E+04 +0.1000001002944866E+01 +0.7358007893851661E-07 +0.1000001007132937E+01
+0.4860959978598820E+04 +0.1000001007429745E+01 +0.7469478921540374E-07 +0.1000001011584190E+01
+0.4861022564781698E+04 +0.1000001011972226E+01 +0.7584532878987773E-07 +0.1000001016092595E+01
+0.4861085150964575E+04 +0.1000001016575276E+01 +0.7703383571539758E-07 +0.1000001020660902E+01
+0.4861147737147454E+04 +0.1000001021242035E+01 +0.7826317817737053E-07 +0.1000001025291999E+01
+0.4861210323330332E+04 +0.1000001025975645E+01 +0.7953704144985374E-07 +0.1000001029988760E+01
+0.4861272909513210E+04 +0.1000001030779055E+01 +0.8085995999901279E-07 +0.1000001034753863E+01
+0.4861335495696088E+04 +0.1000001035654820E+01 +0.8223728913365227E-07 +0.1000001039589611E+01
+0.4861398081878966E+04 +0.1000001040604931E+01 +0.8367512146773804E-07 +0.1000001044497776E+01
+0.4861460668061844E+04 +0.1000001045630675E+01 +0.8518016381157617E-07 +0.1000001049479472E+01
+0.4861523254244722E+04 +0.1000001050732555E+01 +0.8675959666718528E-07 +0.1000001054535070E+01
+0.4861585840427600E+04 +0.1000001055910251E+01 +0.8842093910932085E-07 +0.1000001059664162E+01
+0.4861648426610478E+04 +0.1000001061162616E+01 +0.9017193645850598E-07 +0.1000001064865541E+01
+0.4861711012793356E+04 +0.1000001066487691E+01 +0.9202047906297014E-07 +0.1000001070137211E+01
+0.4861773598976234E+04 +0.1000001071882718E+01 +0.9397455134454744E-07 +0.1000001075476387E+01
+0.4861836185159112E+04 +0.1000001077344137E+01 +0.9604220428101879E-07 +0.1000001080879491E+01
+0.4861898771341990E+04 +0.1000001082867565E+01 +0.9823154270842753E-07 +0.1000001086342120E+01
+0.4861961357524869E+04 +0.1000001088447742E+01 +0.1005507192825857E-06 +0.1000001091859000E+01
+0.4862023943707746E+04 +0.1000001094078445E+01 +0.1030079258506893E-06 +0.1000001097423897E+01
+0.4862086529890624E+04 +0.1000001099752355E+01 +0.1056113672996134E-06 +0.1000001103029495E+01
+0.4862149116073502E+04 +0.1000001105460878E+01 +0.1083691929454999E-06 +0.1000001108667232E+01
+0.4862211702256380E+04 +0.1000001111193910E+01 +0.1112893507681585E-06 +0.1000001114327105E+01
+0.4862274288439258E+04 +0.1000001116939608E+01 +0.1143793275368730E-06 +0.1000001119997469E+01
+0.4862336874622137E+04 +0.1000001122684178E+01 +0.1176457494755927E-06 +0.1000001125664884E+01
+0.4862399460805014E+04 +0.1000001128411786E+01 +0.1210938451372819E-06 +0.1000001131314056E+01
+0.4862462046987892E+04 +0.1000001134104637E+01 +0.1247268094838898E-06 +0.1000001136927944E+01
+0.4862524633170770E+04 +0.1000001139743297E+01 +0.1285451453410887E-06 +0.1000001142488066E+01
+0.4862587219353648E+04 +0.1000001145307246E+01 +0.1325460832404245E-06 +0.1000001147975022E+01
+0.4862649805536525E+04 +0.1000001150775652E+01 +0.1367231831129016E-06 +0.1000001153369181E+01
+0.4862712391719404E+04 +0.1000001156128251E+01 +0.1410661963294270E-06 +0.1000001158651483E+01
+0.4862774977902282E+04 +0.1000001161346238E+01 +0.1455612166539843E-06 +0.1000001163804234E+01
+0.4862837564085160E+04 +0.1000001166413040E+01 +0.1501910857581626E-06 +0.1000001168811809E+01
+0.4862900150268038E+04 +0.1000001171314886E+01 +0.1549359637412321E-06 +0.1000001173661190E+01
+0.4862962736450916E+04 +0.1000001176041164E+01 +0.1597739500848453E-06 +0.1000001178342326E+01
+0.4863025322633794E+04 +0.1000001180584606E+01 +0.1646816580302165E-06 +0.1000001182848337E+01
+0.4863087908816672E+04 +0.1000001184941388E+01 +0.1696346988686757E-06 +0.1000001187175651E+01
+0.4863150494999551E+04 +0.1000001189111248E+01 +0.1746080990710353E-06 +0.1000001191324124E+01
+0.4863213081182428E+04 +0.1000001193097649E+01 +0.1795767263030887E-06 +0.1000001195297194E+01
+0.4863275667365306E+04 +0.1000001196908004E+01 +0.1845158230764948E-06 +0.1000001199102050E+01
+0.4863338253548184E+04 +0.1000001200553865E+01 +0.1894017330673028E-06 +0.1000001202749752E+01
+0.4863400839731062E+04 +0.1000001204050948E+01 +0.1942128544347788E-06 +0.1000001206255187E+01
+0.4863463425913940E+04 +0.1000001207418827E+01 +0.1989307693975719E-06 +0.1000001209636728E+01
+0.4863526012096819E+04 +0.1000001210680153E+01 +0.2035413922622065E-06 +0.1000001212915482E+01
+0.4863588598279696E+04 +0.1000001213859341E+01 +0.2080358795893413E-06 +0.1000001216114096E+01
+0.4863651184462574E+04 +0.1000001216980812E+01 +0.2124110024670323E-06 +0.1000001219255224E+01
+0.4863713770645451E+04 +0.1000001220067082E+01 +0.2166687352607164E-06 +0.1000001222359884E+01
+0.4863776356828330E+04 +0.1000001223137108E+01 +0.2208149814146722E-06 +0.1000001225446066E+01
+0.4863838943011208E+04 +0.1000001226205328E+01 +0.2248576008216812E-06 +0.1000001228527944E+01
+0.4863901529194086E+04 +0.1000001229281739E+01 +0.2288041472610318E-06 +0.1000001231615958E+01
+0.4863964115376964E+04 +0.1000001232373071E+01 +0.2326598746055459E-06 +0.1000001234717813E+01
+0.4864026701559842E+04 +0.1000001235484820E+01 +0.2364265561834923E-06 +0.1000001237840181E+01
+0.4864089287742720E+04 +0.1000001238623629E+01 +0.2401024682950953E-06 +0.1000001240990687E+01
+0.4864151873925598E+04 +0.1000001241799380E+01 +0.2436835700531411E-06 +0.1000001244179657E+01
+0.4864214460108476E+04 +0.1000001245026452E+01 +0.2471655734236487E-06 +0.1000001247421164E+01
+0.4864277046291354E+04 +0.1000001248323813E+01 +0.2505463579776518E-06 +0.1000001250733114E+01
+0.4864339632474233E+04 +0.1000001251713994E+01 +0.2538281258658558E-06 +0.1000001254136389E+01
+0.4864402218657110E+04 +0.1000001255221251E+01 +0.2570188224926478E-06 +0.1000001257653287E+01
+0.4864464804839988E+04 +0.1000001258869385E+01 +0.2601326013997419E-06 +0.1000001261305661E+01
+0.4864527391022866E+04 +0.1000001262679712E+01 +0.2631893831398760E-06 +0.1000001265113138E+01
+0.4864589977205744E+04 +0.1000001266669498E+01 +0.2662137553378643E-06 +0.1000001269091720E+01
+0.4864652563388622E+04 +0.1000001270851025E+01 +0.2692335419985981E-06 +0.1000001273252891E+01
+0.4864715149571500E+04 +0.1000001275231243E+01 +0.2722783450494845E-06 +0.1000001277603254E+01
+0.4864777735754378E+04 +0.1000001279811895E+01 +0.2753782718592067E-06 +0.1000001282144561E+01
+0.4864840321937256E+04 +0.1000001284589915E+01 +0.2785629543573699E-06 +0.1000001286874020E+01
+0.4864902908120133E+04 +0.1000001289557938E+01 +0.2818608707144297E-06 +0.1000001291784714E+01
+0.4864965494303012E+04 +0.1000001294704800E+01 +0.2852989158582868E-06 +0.1000001296866028E+01
+0.4865028080485890E+04 +0.1000001300015935E+01 +0.2889021368112775E-06 +0.1000001302104017E+01
+0.4865090666668768E+04 +0.1000001305473667E+01 +0.2926935482028428E-06 +0.1000001307481676E+01
+0.4865153252851646E+04 +0.1000001311057390E+01 +0.2966939603283437E-06 +0.1000001312979133E+01
+0.4865215839034524E+04 +0.1000001316743669E+01 +0.3009217715661759E-06 +0.1000001318573757E+01
+0.4865278425217401E+04 +0.1000001322506276E+01 +0.3053926873612786E-06 +0.1000001324240235E+01
+0.4865341011400280E+04 +0.1000001328316198E+01 +0.3101193273852076E-06 +0.1000001329950610E+01
+0.4865403597583158E+04 +0.1000001334141658E+01 +0.3151106791953510E-06 +0.1000001335674368E+01
+0.4865466183766036E+04 +0.1000001339948229E+01 +0.3203713649567503E-06 +0.1000001341378609E+01
+0.4865528769948914E+04 +0.1000001345699162E+01 +0.3259007204118306E-06 +0.1000001347028429E+01
+0.4865591356131792E+04 +0.1000001351356031E+01 +0.3316917453746964E-06 +0.1000001352587589E+01
+0.4865653942314670E+04 +0.1000001356879827E+01 +0.3377300595372204E-06 +0.1000001358019580E+01
+0.4865716528497548E+04 +0.1000001362232536E+01 +0.3439930584625081E-06 +0.1000001363289100E+01
+0.4865779114680427E+04 +0.1000001367379122E+01 +0.3504494822593080E-06 +0.1000001368363878E+01
+0.4865841700863304E+04 +0.1000001372289795E+01 +0.3570595698119303E-06 +0.1000001373216735E+01
+0.4865904287046182E+04 +0.1000001376942312E+01 +0.3637758881408917E-06 +0.1000001377827664E+01
+0.4865966873229060E+04 +0.1000001381324115E+01 +0.3705448333191725E-06 +0.1000001382185766E+01
+0.4866029459411938E+04 +0.1000001385434099E+01 +0.3773087286378091E-06 +0.1000001386290843E+01
+0.4866092045594815E+04 +0.1000001389283866E+01 +0.3840084080223290E-06 +0.1000001390154519E+01
+0.4866154631777695E+04 +0.1000001392898355E+01 +0.3905861543529014E-06 +0.1000001393800778E+01
+0.4866217217960572E+04 +0.1000001396315737E+01 +0.3969888412418267E-06 +0.1000001397265820E+01
+0.4866279804143450E+04 +0.1000001399586516E+01 +0.4031710923108721E-06 +0.1000001400597195E+01
+0.4866342390326328E+04 +0.1000001402771803E+01 +0.4090982328088580E-06 +0.1000001403852180E+01
+0.4866404976509206E+04 +0.1000001405940828E+01 +0.4147487856901031E-06 +0.1000001407095473E+01
+0.4866467562692083E+04 +0.1000001409167824E+01 +0.4201162793606321E-06 +0.1000001410396331E+01
+0.4866530148874962E+04 +0.1000001412528543E+01 +0.4252101994616341E-06 +0.1000001413825372E+01
+0.4866592735057840E+04 +0.1000001416096679E+01 +0.4300560286821427E-06 +0.1000001417451285E+01
+0.4866655321240718E+04 +0.1000001419940494E+01 +0.4346944506513006E-06 +0.1000001421337691E+01
+0.4866717907423596E+04 +0.1000001424119817E+01 +0.4391798988588812E-06 +0.1000001425540329E+01
+0.4866780493606474E+04 +0.1000001428683502E+01 +0.4435786589268624E-06 +0.1000001430104614E+01
+0.4866843079789352E+04 +0.1000001433667246E+01 +0.4479666625182205E-06 +0.1000001435063553E+01
+0.4866905665972230E+04 +0.1000001439091699E+01 +0.4524269782685690E-06 +0.1000001440435965E+01
+0.4866968252155109E+04 +0.1000001444960853E+01 +0.4570468881916842E-06 +0.1000001446225017E+01
+0.4867030838337986E+04 +0.1000001451260834E+01 +0.4619144162477014E-06 +0.1000001452417218E+01
+0.4867093424520864E+04 +0.1000001457959423E+01 +0.4671142801488327E-06 +0.1000001458982097E+01
+0.4867156010703742E+04 +0.1000001465006620E+01 +0.4727234312103083E-06 +0.1000001465872849E+01
+0.4867218596886620E+04 +0.1000001472336520E+01 +0.4788065471932343E-06 +0.1000001473028162E+01
+0.4867281183069498E+04 +0.1000001479870578E+01 +0.4854119672030955E-06 +0.1000001480375249E+01
+0.4867343769252377E+04 +0.1000001487522117E+01 +0.4925685657586059E-06 +0.1000001487833993E+01
+0.4867406355435254E+04 +0.1000001495201752E+01 +0.5002839707994303E-06 +0.1000001495321889E+01
+0.4867468941618132E+04 +0.1000001502823288E+01 +0.5085443893153371E-06 +0.1000001502759405E+01
+0.4867531527801010E+04 +0.1000001510309622E+01 +0.5173161647123711E-06 +0.1000001510075327E+01
+0.4867594113983888E+04 +0.1000001517598132E+01 +0.5265490700379211E-06 +0.1000001517211606E+01
+0.4867656700166765E+04 +0.1000001524645045E+01 +0.5361812205675488E-06 +0.1000001524127244E+01
+0.4867719286349645E+04 +0.1000001531428222E+01 +0.5461453308580580E-06 +0.1000001530800719E+01
+0.4867781872532522E+04 +0.1000001537947875E+01 +0.5563758264821803E-06 +0.1000001537230528E+01
+0.4867844458715400E+04 +0.1000001544224846E+01 +0.5668160772037516E-06 +0.1000001543433575E+01
+0.4867907044898278E+04 +0.1000001550296390E+01 +0.5774248235357543E-06 +0.1000001549441363E+01
+0.4867969631081156E+04 +0.1000001556209818E+01 +0.5881808204798667E-06 +0.1000001555294353E+01
+0.4868032217264034E+04 +0.1000001562014780E+01 +0.5990848922528864E-06 +0.1000001561035157E+01
+0.4868094803446912E+04 +0.1000001567755332E+01 +0.6101589837944667E-06 +0.1000001566701577E+01
+0.4868157389629790E+04 +0.1000001573463035E+01 +0.6214423334121543E-06 +0.1000001572320537E+01
+0.4868219975812668E+04 +0.1000001579152169E+01 +0.6329854451972934E-06 +0.1000001577903840E+01
+0.4868282561995546E+04 +0.1000001584817782E+01 +0.6448429686385597E-06 +0.1000001583446361E+01
+0.4868345148178424E+04 +0.1000001590436679E+01 +0.6570667884617432E-06 +0.1000001588926759E+01
+0.4868407734361302E+04 +0.1000001595970892E+01 +0.6697005426062406E-06 +0.1000001594310334E+01
+0.4868470320544180E+04 +0.1000001601372682E+01 +0.6827764383133412E-06 +0.1000001599553214E+01
+0.4868532906727059E+04 +0.1000001606589825E+01 +0.6963146991904669E-06 +0.1000001604606808E+01
+0.4868595492909936E+04 +0.1000001611569938E+01 +0.7103253641007160E-06 +0.1000001609421500E+01
+0.4868658079092814E+04 +0.1000001616262902E+01 +0.7248116096726092E-06 +0.1000001613948754E+01
+0.4868720665275692E+04 +0.1000001620620926E+01 +0.7397734184015197E-06 +0.1000001618141277E+01
+0.4868783251458570E+04 +0.1000001624596459E+01 +0.7552103598147254E-06 +0.1000001621951384E+01
+0.4868845837641448E+04 +0.1000001628138694E+01 +0.7711225087987914E-06 +0.1000001625328206E+01
+0.4868908423824327E+04 +0.1000001631189781E+01 +0.7875090142986834E-06 +0.1000001628214668E+01
+0.4868971010007204E+04 +0.1000001633681962E+01 +0.8043644104168003E-06 +0.1000001630545263E+01
+0.4869033596190082E+04 +0.1000001635536618E+01 +0.8216732850892978E-06 +0.1000001632245487E+01
+0.4869096182372959E+04 +0.1000001636665896E+01 +0.8394042939785555E-06 +0.1000001633233488E+01
+0.4869158768555838E+04 +0.1000001636977087E+01 +0.8575046949855528E-06 +0.1000001633424086E+01
+0.4869221354738716E+04 +0.1000001636379436E+01 +0.8758965800934383E-06 +0.1000001632734873E+01
+0.4869283940921594E+04 +0.1000001634792593E+01 +0.8944757943707894E-06 +0.1000001631093683E+01
+0.4869346527104472E+04 +0.1000001632155526E+01 +0.9131141526318713E-06 +0.1000001628446417E+01
+0.4869409113287350E+04 +0.1000001628434479E+01 +0.9316650149195953E-06 +0.1000001624763983E+01
+0.4869471699470228E+04 +0.1000001623628637E+01 +0.9499716454174989E-06 +0.1000001620047241E+01
+0.4869534285653106E+04 +0.1000001617772515E+01 +0.9678772053140420E-06 +0.1000001614329088E+01
+0.4869596871835984E+04 +0.1000001610934704E+01 +0.9852348965744400E-06 +0.1000001607673413E+01
+0.4869659458018862E+04 +0.1000001603213372E+01 +0.1001916809008049E-05 +0.1000001600171190E+01
+0.4869722044201741E+04 +0.1000001594729449E+01 +0.1017820426688165E-05 +0.1000001591934524E+01
+0.4869784630384618E+04 +0.1000001585618743E+01 +0.1032872368664406E-05 +0.1000001583089641E+01
+0.4869847216567496E+04 +0.1000001576024085E+01 +0.1047029536861161E-05 +0.1000001573769782E+01
+0.4869909802750374E+04 +0.1000001566088277E+01 +0.1060278228277726E-05 +0.1000001564108698E+01
+0.4869972388933252E+04 +0.1000001555948201E+01 +0.1072631882078710E-05 +0.1000001554235084E+01
+0.4870034975116130E+04 +0.1000001545730106E+01 +0.1084128046008393E-05 +0.1000001544268044E+01
+0.4870097561299009E+04 +0.1000001535545933E+01 +0.1094824975344481E-05 +0.1000001534313487E+01
+0.4870160147481886E+04 +0.1000001525490442E+01 +0.1104798100478134E-05 +0.1000001524461272E+01
+0.4870222733664764E+04 +0.1000001515638912E+01 +0.1114136442900034E-05 +0.1000001514782931E+01
+0.4870285319847641E+04 +0.1000001506045240E+01 +0.1122938927514180E-05 +0.1000001505329815E+01
+0.4870347906030520E+04 +0.1000001496740333E+01 +0.1131310439751543E-05 +0.1000001496131606E+01
+0.4870410492213398E+04 +0.1000001487730892E+01 +0.1139357427115101E-05 +0.1000001487195270E+01
+0.4870473078396276E+04 +0.1000001478998796E+01 +0.1147182873668415E-05 +0.1000001478504659E+01
+0.4870535664579154E+04 +0.1000001470501513E+01 +0.1154880615874093E-05 +0.1000001470021115E+01
+0.4870598250762032E+04 +0.1000001462174060E+01 +0.1162529236597014E-05 +0.1000001461685485E+01
+0.4870660836944910E+04 +0.1000001453932931E+01 +0.1170186127356572E-05 +0.1000001453421867E+01
+0.4870723423127788E+04 +0.1000001445682113E+01 +0.1177882615329886E-05 +0.1000001445143126E+01
+0.4870786009310666E+04 +0.1000001437320790E+01 +0.1185621134563257E-05 +0.1000001436757811E+01
+0.4870848595493544E+04 +0.1000001428751774E+01 +0.1193375165134438E-05 +0.1000001428177643E+01
+0.4870911181676423E+04 +0.1000001419889428E+01 +0.1201092107503413E-05 +0.1000001419324545E+01
+0.4870973767859300E+04 +0.1000001410665829E+01 +0.1208698591432690E-05 +0.1000001410136182E+01
+0.4871036354042178E+04 +0.1000001401034402E+01 +0.1216107183072041E-05 +0.1000001400569338E+01
+0.4871098940225056E+04 +0.1000001390970794E+01 +0.1223223226248311E-05 +0.1000001390600952E+01
+0.4871161526407935E+04 +0.1000001380471436E+01 +0.1229950677053440E-05 +0.1000001380227144E+01
+0.4871224112590812E+04 +0.1000001369550656E+01 +0.1236196185185116E-05 +0.1000001369460946E+01
+0.4871286698773690E+04 +0.1000001358237356E+01 +0.1241871198515361E-05 +0.1000001358329593E+01
+0.4871349284956568E+04 +0.1000001346572231E+01 +0.1246892370428082E-05 +0.1000001346872190E+01
+0.4871411871139446E+04 +0.1000001334606116E+01 +0.1251180912342552E-05 +0.1000001335138273E+01
+0.4871474457322323E+04 +0.1000001322399710E+01 +0.1254661684153943E-05 +0.1000001323187490E+01
+0.4871537043505202E+04 +0.1000001310024490E+01 +0.1257262744972421E-05 +0.1000001311090282E+01
+0.4871599629688080E+04 +0.1000001297564383E+01 +0.1258915857755033E-05 +0.1000001298929192E+01
+0.4871662215870958E+04 +0.1000001285117647E+01 +0.1259558164711353E-05 +0.1000001286800371E+01
+0.4871724802053836E+04 +0.1000001272798499E+01 +0.1259135033768346E-05 +0.1000001274814851E+01
+0.4871787388236714E+04 +0.1000001260738091E+01 +0.1257603970048390E-05 +0.1000001263099193E+01
+0.4871849974419591E+04 +0.1000001249084459E+01 +0.1254939454697827E-05 +0.1000001251795174E+01
+0.4871912560602470E+04 +0.1000001238001074E+01 +0.1251138517028492E-05 +0.1000001241058151E+01
+0.4871975146785348E+04 +0.1000001227663516E+01 +0.1246226671487748E-05 +0.1000001231053698E+01
+0.4872037732968226E+04 +0.1000001218253866E+01 +0.1240263554739954E-05 +0.1000001221952242E+01
+0.4872100319151104E+04 +0.1000001209952718E+01 +0.1233347301931522E-05 +0.1000001213921647E+01
+0.4872162905333982E+04 +0.1000001202929188E+01 +0.1225616596173357E-05 +0.1000001207118116E+01
+0.4872225491516860E+04 +0.1000001197329832E+01 +0.1217249544441053E-05 +0.1000001201676208E+01
+0.4872288077699738E+04 +0.1000001193267737E+01 +0.1208459040985928E-05 +0.1000001197699035E+01
+0.4872350663882617E+04 +0.1000001190812997E+01 +0.1199484871262517E-05 +0.1000001195249683E+01
+0.4872413250065494E+04 +0.1000001189985499E+01 +0.1190583234877583E-05 +0.1000001194344689E+01
+0.4872475836248372E+04 +0.1000001190750494E+01 +0.1182014489983113E-05 +0.1000001194950062E+01
+0.4872538422431250E+04 +0.1000001193017189E+01 +0.1174029803517834E-05 +0.1000001196980131E+01
+0.4872601008614128E+04 +0.1000001196640520E+01 +0.1166857232583124E-05 +0.1000001200299425E+01
+0.4872663594797006E+04 +0.1000001201426439E+01 +0.1160687767891009E-05 +0.1000001204727862E+01
+0.4872726180979885E+04 +0.1000001207141123E+01 +0.1155662128793864E-05 +0.1000001210049551E+01
+0.4872788767162762E+04 +0.1000001213524399E+01 +0.1151859535974066E-05 +0.1000001216025347E+01
+0.4872851353345640E+04 +0.1000001220307187E+01 +0.1149290100224035E-05 +0.1000001222408851E+01
+0.4872913939528518E+04 +0.1000001227231967E+01 +0.1147892607974291E-05 +0.1000001228964899E+01
+0.4872976525711396E+04 +0.1000001234074338E+01 +0.1147539161418283E-05 +0.1000001235488784E+01
+0.4873039111894273E+04 +0.1000001240662983E+01 +0.1148047280342440E-05 +0.1000001241823875E+01
+0.4873101698077153E+04 +0.1000001246895045E+01 +0.1149198813089232E-05 +0.1000001247875077E+01
+0.4873164284260030E+04 +0.1000001252744285E+01 +0.1150763632985226E-05 +0.1000001253615923E+01
+0.4873226870442908E+04 +0.1000001258260496E+01 +0.1152525011452739E-05 +0.1000001259088009E+01
+0.4873289456625786E+04 +0.1000001263560104E+01 +0.1154303111206711E-05 +0.1000001264392745E+01
+0.4873352042808664E+04 +0.1000001268809469E+01 +0.1155973385886494E-05 +0.1000001269676702E+01
+0.4873414628991542E+04 +0.1000001274203567E+01 +0.1157477692578051E-05 +0.1000001275112810E+01
+0.4873477215174420E+04 +0.1000001279943228E+01 +0.1158827300656813E-05 +0.1000001280880162E+01
+0.4873539801357299E+04 +0.1000001286213980E+01 +0.1160098338568399E-05 +0.1000001287145052E+01
+0.4873602387540176E+04 +0.1000001293168873E+01 +0.1161421274394931E-05 +0.1000001294045369E+01
+0.4873664973723054E+04 +0.1000001300916694E+01 +0.1162966643409983E-05 +0.1000001301679624E+01
+0.4873727559905932E+04 +0.1000001309515994E+01 +0.1164929406677630E-05 +0.1000001310101047E+01
+0.4873790146088810E+04 +0.1000001318974379E+01 +0.1167514099252216E-05 +0.1000001319316338E+01
+0.4873852732271688E+04 +0.1000001329251831E+01 +0.1170922378127573E-05 +0.1000001329288041E+01
+0.4873915318454567E+04 +0.1000001340266376E+01 +0.1175343812028236E-05 +0.1000001339939136E+01
+0.4873977904637444E+04 +0.1000001351900421E+01 +0.1180949918061857E-05 +0.1000001351158430E+01
+0.4874040490820322E+04 +0.1000001364006419E+01 +0.1187890730391536E-05 +0.1000001362805579E+01
+0.4874103077003200E+04 +0.1000001376411147E+01 +0.1196292754014584E-05 +0.1000001374715127E+01
+0.4874165663186078E+04 +0.1000001388918603E+01 +0.1206257102789156E-05 +0.1000001386699509E+01
+0.4874228249368956E+04 +0.1000001401312100E+01 +0.1217856917212070E-05 +0.1000001398551471E+01
+0.4874290835551835E+04 +0.1000001413356481E+01 +0.1231133671947612E-05 +0.1000001410046634E+01
+0.4874353421734712E+04 +0.1000001424801371E+01 +0.1246092538018476E-05 +0.1000001420946974E+01
+0.4874416007917590E+04 +0.1000001435386152E+01 +0.1262697406698040E-05 +0.1000001431005776E+01
+0.4874478594100467E+04 +0.1000001444846958E+01 +0.1280866427294995E-05 +0.1000001439974316E+01
+0.4874541180283346E+04 +0.1000001452925557E+01 +0.1300468948060217E-05 +0.1000001447610171E+01
+0.4874603766466224E+04 +0.1000001459379661E+01 +0.1321324616937638E-05 +0.1000001453686741E+01
+0.4874666352649102E+04 +0.1000001463993932E+01 +0.1343205157927479E-05 +0.1000001458003353E+01
+0.4874728938831980E+04 +0.1000001466590831E+01 +0.1365839053419377E-05 +0.1000001460395180E+01
+0.4874791525014858E+04 +0.1000001467040456E+01 +0.1388919084593863E-05 +0.1000001460742201E+01
+0.4874854111197736E+04 +0.1000001465268536E+01 +0.1412112435543943E-05 +0.1000001458976450E+01
+0.4874916697380614E+04 +0.1000001461261843E+01 +0.1435072844995299E-05 +0.1000001455086884E+01
+0.4874979283563492E+04 +0.1000001455070427E+01 +0.1457454069308651E-05 +0.1000001449121337E+01
+0.4875041869746370E+04 +0.1000001446806247E+01 +0.1478923695103485E-05 +0.1000001441185223E+01
+0.4875104455929249E+04 +0.1000001436638124E+01 +0.1499176147545606E-05 +0.1000001431436932E+01
+0.4875167042112126E+04 +0.1000001424783368E+01 +0.1517943667745598E-05 +0.1000001420080298E+01
+0.4875229628295004E+04 +0.1000001411496959E+01 +0.1535004183041477E-05 +0.1000001407354896E+01
+0.4875292214477882E+04 +0.1000001397059618E+01 +0.1550185424642141E-05 +0.1000001393525349E+01
+0.4875354800660760E+04 +0.1000001381766290E+01 +0.1563365305989794E-05 +0.1000001378870916E+01
+0.4875417386843638E+04 +0.1000001365916389E+01 +0.1574469285043189E-05 +0.1000001363676523E+01
+0.4875479973026517E+04 +0.1000001349806620E+01 +0.1583465957723742E-05 +0.1000001348225919E+01
+0.4875542559209394E+04 +0.1000001333726464E+01 +0.1590362288646603E-05 +0.1000001332797068E+01
+0.4875605145392272E+04 +0.1000001317955740E+01 +0.1595199647264968E-05 +0.1000001317659322E+01
+0.4875667731575149E+04 +0.1000001302763245E+01 +0.1598051301196727E-05 +0.1000001303071556E+01
+0.4875730317758028E+04 +0.1000001288405370E+01 +0.1599021414826623E-05 +0.1000001289280356E+01
+0.4875792903940906E+04 +0.1000001275123783E+01 +0.1598245078304531E-05 +0.1000001276517494E+01
+0.4875855490123784E+04 +0.1000001263141653E+01 +0.1595888542088945E-05 +0.1000001264996238E+01
+0.4875918076306662E+04 +0.1000001252658316E+01 +0.1592148678543350E-05 +0.1000001254906421E+01
+0.4875980662489540E+04 +0.1000001243842791E+01 +0.1587250728564453E-05 +0.1000001246408636E+01
+0.4876043248672418E+04 +0.1000001236826955E+01 +0.1581443614198981E-05 +0.1000001239628258E+01
+0.4876105834855296E+04 +0.1000001231699548E+01 +0.1574992508131617E-05 +0.1000001234650316E+01
+0.4876168421038175E+04 +0.1000001228502316E+01 +0.1568168924067402E-05 +0.1000001231516314E+01
+0.4876231007221052E+04 +0.1000001227229447E+01 +0.1561239242753761E-05 +0.1000001230223956E+01
+0.4876293593403931E+04 +0.1000001227831003E+01 +0.1554453153772398E-05 +0.1000001230730323E+01
+0.4876356179586808E+04 +0.1000001230220215E+01 +0.1548033769371938E-05 +0.1000001232958367E+01
+0.4876418765769686E+04 +0.1000001234283701E+01 +0.1542170996522392E-05 +0.1000001236805896E+01
+0.4876481351952564E+04 +0.1000001239892925E+01 +0.1537019121935803E-05 +0.1000001242155629E+01
+0.4876543938135443E+04 +0.1000001246914960E+01 +0.1532698636872015E-05 +0.1000001248884718E+01
+0.4876606524318320E+04 +0.1000001255220897E+01 +0.1529301395954732E-05 +0.1000001256872309E+01
+0.4876669110501198E+04 +0.1000001264690914E+01 +0.1526897564958381E-05 +0.1000001266004328E+01
+0.4876731696684076E+04 +0.1000001275215944E+01 +0.1525542647493954E-05 +0.1000001276175368E+01
+0.4876794282866954E+04 +0.1000001286696664E+01 +0.1525283191774384E-05 +0.1000001287288263E+01
+0.4876856869049831E+04 +0.1000001299041008E+01 +0.1526160412583040E-05 +0.1000001299252299E+01
+0.4876919455232710E+04 +0.1000001312161476E+01 +0.1528211691897349E-05 +0.1000001311981146E+01
+0.4876982041415588E+04 +0.1000001325973242E+01 +0.1531470527834987E-05 +0.1000001325391317E+01
+0.4877044627598466E+04 +0.1000001340393505E+01 +0.1535965836499831E-05 +0.1000001339401573E+01
+0.4877107213781344E+04 +0.1000001355341981E+01 +0.1541721514105029E-05 +0.1000001353933213E+01
+0.4877169799964222E+04 +0.1000001370741939E+01 +0.1548756866835527E-05 +0.1000001368910790E+01
+0.4877232386147100E+04 +0.1000001386521010E+01 +0.1557088025048303E-05 +0.1000001384262640E+01
+0.4877294972329978E+04 +0.1000001402611097E+01 +0.1566729949276350E-05 +0.1000001399920712E+01
+0.4877357558512856E+04 +0.1000001418947108E+01 +0.1577698297744219E-05 +0.1000001415819472E+01
+0.4877420144695734E+04 +0.1000001435464776E+01 +0.1590010399454839E-05 +0.1000001431894105E+01
+0.4877482730878613E+04 +0.1000001452098251E+01 +0.1603684887844293E-05 +0.1000001448078549E+01
+0.4877545317061490E+04 +0.1000001468778311E+01 +0.1618740074491710E-05 +0.1000001464304034E+01
+0.4877607903244368E+04 +0.1000001485431794E+01 +0.1635191648212728E-05 +0.1000001480498607E+01
+0.4877670489427246E+04 +0.1000001501982397E+01 +0.1653050536057945E-05 +0.1000001496587738E+01
+0.4877733075610125E+04 +0.1000001518352413E+01 +0.1672321640450617E-05 +0.1000001512495717E+01
+0.4877795661793002E+04 +0.1000001534464687E+01 +0.1693003734370364E-05 +0.1000001528147245E+01
+0.4877858247975880E+04 +0.1000001550244076E+01 +0.1715090269027038E-05 +0.1000001543468694E+01
+0.4877920834158758E+04 +0.1000001565618090E+01 +0.1738570483560496E-05 +0.1000001558388758E+01
+0.4877983420341636E+04 +0.1000001580516874E+01 +0.1763430178026331E-05 +0.1000001572838626E+01
+0.4878046006524513E+04 +0.1000001594873114E+01 +0.1789651827274645E-05 +0.1000001586752085E+01
+0.4878108592707393E+04 +0.1000001608622487E+01 +0.1817214214268523E-05 +0.1000001600066054E+01
+0.4878171178890270E+04 +0.1000001621705048E+01 +0.1846092198032197E-05 +0.1000001612721795E+01
+0.4878233765073148E+04 +0.1000001634067410E+01 +0.1876257390003114E-05 +0.1000001624666699E+01
+0.4878296351256026E+04 +0.1000001645665095E+01 +0.1907680319878142E-05 +0.1000001635856110E+01
+0.4878358937438904E+04 +0.1000001656464150E+01 +0.1940334222523283E-05 +0.1000001646254464E+01
+0.4878421523621781E+04 +0.1000001666441157E+01 +0.1974200067195185E-05 +0.1000001655835002E+01
+0.4878484109804661E+04 +0.1000001675581032E+01 +0.2009272062891772E-05 +0.1000001664577577E+01
+0.4878546695987538E+04 +0.1000001683872422E+01 +0.2045562692715642E-05 +0.1000001672464342E+01
+0.4878609282170416E+04 +0.1000001691300859E+01 +0.2083106328294078E-05 +0.1000001679473507E+01
+0.4878671868353294E+04 +0.1000001697840159E+01 +0.2121960574284194E-05 +0.1000001685571579E+01
+0.4878734454536172E+04 +0.1000001703442818E+01 +0.2162204642489362E-05 +0.1000001690704793E+01
+0.4878797040719050E+04 +0.1000001708030430E+01 +0.2203934272563649E-05 +0.1000001694790673E+01
+0.4878859626901928E+04 +0.1000001711485400E+01 +0.2247253063125179E-05 +0.1000001697710863E+01
+0.4878922213084807E+04 +0.1000001713645362E+01 +0.2292260591244034E-05 +0.1000001699306439E+01
+0.4878984799267684E+04 +0.1000001714301588E+01 +0.2339038329575667E-05 +0.1000001699376790E+01
+0.4879047385450562E+04 +0.1000001713202223E+01 +0.2387634961721721E-05 +0.1000001697682746E+01
+0.4879109971633440E+04 +0.1000001710060390E+01 +0.2438053026170709E-05 +0.1000001693953951E+01
+0.4879172557816318E+04 +0.1000001704566308E+01 +0.2490238697068948E-05 +0.1000001687899752E+01
+0.4879235143999196E+04 +0.1000001696401821E+01 +0.2544075889679970E-05 +0.1000001679222252E+01
+0.4879297730182075E+04 +0.1000001685255411E+01 +0.2599384927676776E-05 +0.1000001667629948E+01
+0.4879360316364952E+04 +0.1000001670836133E+01 +0.2655925076751751E-05 +0.1000001652850615E+01
+0.4879422902547830E+04 +0.1000001652885634E+01 +0.2713399713603939E-05 +0.1000001634642685E+01
+0.4879485488730708E+04 +0.1000001631188320E+01 +0.2771462974958993E-05 +0.1000001612805082E+01
+0.4879548074913586E+04 +0.1000001605580296E+01 +0.2829727335526516E-05 +0.1000001587185859E+01
+0.4879610661096464E+04 +0.1000001575957645E+01 +0.2887772338344798E-05 +0.1000001557690016E+01
+0.4879673247279343E+04 +0.1000001542284061E+01 +0.2945155191967010E-05 +0.1000001524286416E+01
+0.4879735833462220E+04 +0.1000001504597068E+01 +0.3001423864193617E-05 +0.1000001487013159E+01
+0.4879798419645098E+04 +0.1000001463011553E+01 +0.3056132691185033E-05 +0.1000001445980408E+01
+0.4879861005827976E+04 +0.1000001417719416E+01 +0.3108859741180526E-05 +0.1000001401369655E+01
+0.4879923592010854E+04 +0.1000001368984586E+01 +0.3159224640643240E-05 +0.1000001353428831E+01
+0.4879986178193732E+04 +0.1000001317133312E+01 +0.3206905476855976E-05 +0.1000001302463081E+01
+0.4880048764376610E+04 +0.1000001262539937E+01 +0.3251653589166271E-05 +0.1000001248821385E+01
+0.4880111350559489E+04 +0.1000001205608495E+01 +0.3293305212629573E-05 +0.1000001192879322E+01
+0.4880173936742366E+04 +0.1000001146750396E+01 +0.3331788781679769E-05 +0.1000001135018376E+01
+0.4880236522925244E+04 +0.1000001086358805E+01 +0.3367126264108597E-05 +0.1000001075602515E+01
+0.4880299109108122E+04 +0.1000001024781155E+01 +0.3399426530226722E-05 +0.1000001014953566E+01
+0.4880361695291000E+04 +0.1000000962292644E+01 +0.3428869003306454E-05 +0.1000000953327971E+01
+0.4880424281473878E+04 +0.1000000899074949E+01 +0.3455677114675823E-05 +0.1000000890898604E+01
+0.4880486867656757E+04 +0.1000000835205002E+01 +0.3480083397824962E-05 +0.1000000827745619E+01
+0.4880549453839634E+04 +0.1000000770657786E+01 +0.3502290782609414E-05 +0.1000000763859475E+01
+0.4880612040022512E+04 +0.1000000705324505E+01 +0.3522436703243981E-05 +0.1000000699157066E+01
+0.4880674626205390E+04 +0.1000000639043864E+01 +0.3540566940306342E-05 +0.1000000633508952E+01
+0.4880737212388268E+04 +0.1000000571640760E+01 +0.3556624221579338E-05 +0.1000000566772899E+01
+0.4880799798571146E+04 +0.1000000502964880E+01 +0.3570453008797307E-05 +0.1000000498827545E+01
+0.4880862384754025E+04 +0.1000000432922213E+01 +0.3581817891220389E-05 +0.1000000429600342E+01
+0.4880924970936902E+04 +0.1000000361495107E+01 +0.3590430083225383E-05 +0.1000000359086071E+01
+0.4880987557119780E+04 +0.1000000288750126E+01 +0.3595975666779164E-05 +0.1000000287355057E+01
+0.4881050143302657E+04 +0.1000000214836114E+01 +0.3598140488167627E-05 +0.1000000214552857E+01
+0.4881112729485536E+04 +0.1000000139976542E+01 +0.3596629202767589E-05 +0.1000000140894567E+01
+0.4881175315668414E+04 +0.1000000064460047E+01 +0.3591178647687029E-05 +0.1000000066656913E+01
+0.4881237901851292E+04 +0.9999999886315085E+00 +0.3581567470476073E-05 +0.9999999921701406E+00
+0.4881300488034170E+04 +0.9999999128841399E+00 +0.3567624301067567E-05 +0.9999999178102693E+00
+0.4881363074217048E+04 +0.9999998376515581E+00 +0.3549235947319620E-05 +0.9999998439910562E+00
+0.4881425660399926E+04 +0.9999997633983678E+00 +0.3526355788147503E-05 +0.9999997711546215E+00
+0.4881488246582804E+04 +0.9999996906081697E+00 +0.3499011432990893E-05 +0.9999996997599097E+00
+0.4881550832765683E+04 +0.9999996197687739E+00 +0.3467310201174280E-05 +0.9999996302688327E+00
+0.4881613418948560E+04 +0.9999995513552489E+00 +0.3431441040263281E-05 +0.9999995631306331E+00
+0.4881676005131439E+04 +0.9999994858120382E+00 +0.3391671920387872E-05 +0.9999994987655362E+00
+0.4881738591314316E+04 +0.9999994235357182E+00 +0.3348342308891705E-05 +0.9999994375490705E+00
+0.4881801177497194E+04 +0.9999993648600757E+00 +0.3301850964064826E-05 +0.9999993797985267E+00
+0.4881863763680072E+04 +0.9999993100450385E+00 +0.3252639944259216E-05 +0.9999993257628855E+00
+0.4881926349862950E+04 +0.9999992592705609E+00 +0.3201176300322433E-05 +0.9999992756171634E+00
+0.4881988936045828E+04 +0.9999992126358962E+00 +0.3147933242362581E-05 +0.9999992294615605E+00
+0.4882051522228706E+04 +0.9999991701639530E+00 +0.3093372538947038E-05 +0.9999991873251773E+00
+0.4882114108411584E+04 +0.9999991318098518E+00 +0.3037929553732496E-05 +0.9999991491735603E+00
+0.4882176694594462E+04 +0.9999990974724876E+00 +0.2982001816206445E-05 +0.9999991149190505E+00
+0.4882239280777339E+04 +0.9999990670078698E+00 +0.2925941553297945E-05 +0.9999990844328329E+00
+0.4882301866960218E+04 +0.9999990402430921E+00 +0.2870052288263632E-05 +0.9999990575576176E+00
+0.4882364453143096E+04 +0.9999990169898653E+00 +0.2814589418558027E-05 +0.9999990341199377E+00
+0.4882427039325974E+04 +0.9999989970565284E+00 +0.2759764491659414E-05 +0.9999990139410573E+00
+0.4882489625508852E+04 +0.9999989802574378E+00 +0.2705752583569383E-05 +0.9999989968455132E+00
+0.4882552211691730E+04 +0.9999989664187595E+00 +0.2652701731689432E-05 +0.9999989826664726E+00
+0.4882614797874608E+04 +0.9999989553801142E+00 +0.2600742917183700E-05 +0.9999989712474761E+00
+0.4882677384057486E+04 +0.9999989469922410E+00 +0.2549998867914021E-05 +0.9999989624407430E+00
+0.4882739970240365E+04 +0.9999989411116689E+00 +0.2500590164157171E-05 +0.9999989561028818E+00
+0.4882802556423242E+04 +0.9999989375939989E+00 +0.2452637798074593E-05 +0.9999989520893401E+00
+0.4882865142606121E+04 +0.9999989362875401E+00 +0.2406262249758734E-05 +0.9999989502490466E+00
+0.4882927728788998E+04 +0.9999989370286470E+00 +0.2361579941417015E-05 +0.9999989504203909E+00
+0.4882990314971876E+04 +0.9999989396393881E+00 +0.2318698319225704E-05 +0.9999989524291291E+00
+0.4883052901154754E+04 +0.9999989439274712E+00 +0.2277710716435990E-05 +0.9999989560882346E+00
+0.4883115487337633E+04 +0.9999989496879347E+00 +0.2238691739394858E-05 +0.9999989611993566E+00
+0.4883178073520510E+04 +0.9999989567060681E+00 +0.2201693471115038E-05 +0.9999989675554668E+00
+0.4883240659703388E+04 +0.9999989647612109E+00 +0.2166742529561018E-05 +0.9999989749443872E+00
+0.4883303245886266E+04 +0.9999989736312990E+00 +0.2133838014796993E-05 +0.9999989831530329E+00
+0.4883365832069144E+04 +0.9999989830980834E+00 +0.2102950534791218E-05 +0.9999989919722393E+00
+0.4883428418252021E+04 +0.9999989929528044E+00 +0.2074022635976621E-05 +0.9999990012019352E+00
+0.4883491004434901E+04 +0.9999990030018376E+00 +0.2046970927704537E-05 +0.9999990106562258E+00
+0.4883553590617778E+04 +0.9999990130716132E+00 +0.2021689933273704E-05 +0.9999990201677974E+00
+0.4883616176800656E+04 +0.9999990230120932E+00 +0.1998057308798147E-05 +0.9999990295910585E+00
+0.4883678762983534E+04 +0.9999990326983327E+00 +0.1975939712490832E-05 +0.9999990388036322E+00
+0.4883741349166412E+04 +0.9999990420300719E+00 +0.1955198441407714E-05 +0.9999990477061597E+00
+0.4883803935349290E+04 +0.9999990509297555E+00 +0.1935694052778789E-05 +0.9999990562207361E+00
+0.4883866521532168E+04 +0.9999990593396856E+00 +0.1917289510496072E-05 +0.9999990642885634E+00
+0.4883929107715046E+04 +0.9999990672191079E+00 +0.1899851820861234E-05 +0.9999990718674775E+00
+0.4883991693897924E+04 +0.9999990745418783E+00 +0.1883252503891891E-05 +0.9999990789299015E+00
+0.4884054280080803E+04 +0.9999990812950655E+00 +0.1867367480573670E-05 +0.9999990854615325E+00
+0.4884116866263680E+04 +0.9999990874784854E+00 +0.1852076995523156E-05 +0.9999990914607769E+00
+0.4884179452446558E+04 +0.9999990931048736E+00 +0.1837266055041455E-05 +0.9999990969387074E+00
+0.4884242038629436E+04 +0.9999990982002389E+00 +0.1822825612218987E-05 +0.9999991019191706E+00
+0.4884304624812315E+04 +0.9999991028039393E+00 +0.1808654469968550E-05 +0.9999991064386627E+00
+0.4884367210995192E+04 +0.9999991069681260E+00 +0.1794661679542579E-05 +0.9999991105456630E+00
+0.4884429797178070E+04 +0.9999991107563595E+00 +0.1780769113865277E-05 +0.9999991142992501E+00
+0.4884492383360948E+04 +0.9999991142413444E+00 +0.1766913870445349E-05 +0.9999991177669449E+00
+0.4884554969543826E+04 +0.9999991175018517E+00 +0.1753050176100225E-05 +0.9999991210218389E+00
+0.4884617555726704E+04 +0.9999991206190051E+00 +0.1739150514234349E-05 +0.9999991241391646E+00
+0.4884680141909583E+04 +0.9999991236721851E+00 +0.1725205774270316E-05 +0.9999991271925337E+00
+0.4884742728092460E+04 +0.9999991267348410E+00 +0.1711224313452337E-05 +0.9999991302501037E+00
+0.4884805314275338E+04 +0.9999991298705099E+00 +0.1697229891067242E-05 +0.9999991333709575E+00
+0.4884867900458216E+04 +0.9999991331293561E+00 +0.1683258479286197E-05 +0.9999991366019946E+00
+0.4884930486641094E+04 +0.9999991365456112E+00 +0.1669354022184474E-05 +0.9999991399756809E+00
+0.4884993072823972E+04 +0.9999991401363532E+00 +0.1655563371333016E-05 +0.9999991435090280E+00
+0.4885055659006851E+04 +0.9999991439020320E+00 +0.1641930880811922E-05 +0.9999991472041208E+00
+0.4885118245189728E+04 +0.9999991478289262E+00 +0.1628493404839636E-05 +0.9999991510503091E+00
+0.4885180831372606E+04 +0.9999991518933095E+00 +0.1615276554435975E-05 +0.9999991550278461E+00
+0.4885243417555484E+04 +0.9999991560666504E+00 +0.1602292916218027E-05 +0.9999991591123898E+00
+0.4885306003738362E+04 +0.9999991603208466E+00 +0.1589542513994542E-05 +0.9999991632795386E+00
+0.4885368589921240E+04 +0.9999991646324665E+00 +0.1577015233771858E-05 +0.9999991675085490E+00
+0.4885431176104118E+04 +0.9999991689852746E+00 +0.1564694443867816E-05 +0.9999991717846365E+00
+0.4885493762286997E+04 +0.9999991733708369E+00 +0.1552560812013931E-05 +0.9999991760996737E+00
+0.4885556348469874E+04 +0.9999991777875443E+00 +0.1540595427904355E-05 +0.9999991804515427E+00
+0.4885618934652752E+04 +0.9999991822387549E+00 +0.1528781714394609E-05 +0.9999991848426937E+00
+0.4885681520835630E+04 +0.9999991867308227E+00 +0.1517106080559273E-05 +0.9999991892785368E+00
+0.4885744107018508E+04 +0.9999991912715933E+00 +0.1505557649954461E-05 +0.9999991937661549E+00
+0.4885806693201386E+04 +0.9999991958696233E+00 +0.1494127575654436E-05 +0.9999991983135702E+00
+0.4885869279384265E+04 +0.9999992005340551E+00 +0.1482808421006927E-05 +0.9999992029295404E+00
+0.4885931865567142E+04 +0.9999992052748775E+00 +0.1471593908634670E-05 +0.9999992076236760E+00
+0.4885994451750020E+04 +0.9999992101032258E+00 +0.1460479113060850E-05 +0.9999992124066115E+00
+0.4886057037932898E+04 +0.9999992150314462E+00 +0.1449460975144463E-05 +0.9999992172900007E+00
+0.4886119624115776E+04 +0.9999992200727909E+00 +0.1438538902873379E-05 +0.9999992222862257E+00
+0.4886182210298654E+04 +0.9999992252407818E+00 +0.1427715218475261E-05 +0.9999992274078395E+00
+0.4886244796481533E+04 +0.9999992305484077E+00 +0.1416995309610292E-05 +0.9999992326668636E+00
+0.4886307382664410E+04 +0.9999992360073436E+00 +0.1406387493577055E-05 +0.9999992380740832E+00
+0.4886369968847288E+04 +0.9999992416272878E+00 +0.1395902720270763E-05 +0.9999992436384110E+00
+0.4886432555030166E+04 +0.9999992474153586E+00 +0.1385554236441846E-05 +0.9999992493662898E+00
+0.4886495141213044E+04 +0.9999992533753995E+00 +0.1375357193756687E-05 +0.9999992552610387E+00
+0.4886557727395922E+04 +0.9999992595071079E+00 +0.1365327996183201E-05 +0.9999992613221114E+00
+0.4886620313578800E+04 +0.9999992658051331E+00 +0.1355483102561004E-05 +0.9999992675444039E+00
+0.4886682899761679E+04 +0.9999992722585435E+00 +0.1345837136877399E-05 +0.9999992739179348E+00
+0.4886745485944556E+04 +0.9999992788511652E+00 +0.1336400481708705E-05 +0.9999992804282803E+00
+0.4886808072127434E+04 +0.9999992855631380E+00 +0.1327176875037167E-05 +0.9999992870580219E+00
+0.4886870658310312E+04 +0.9999992923736591E+00 +0.1318161703275355E-05 +0.9999992937891613E+00
+0.4886933244493191E+04 +0.9999992992644833E+00 +0.1309341583844487E-05 +0.9999993006061458E+00
+0.4886995830676068E+04 +0.9999993062234719E+00 +0.1300695505025175E-05 +0.9999993074989233E+00
+0.4887058416858947E+04 +0.9999993132474665E+00 +0.1292197387540584E-05 +0.9999993144654226E+00
+0.4887121003041824E+04 +0.9999993203439475E+00 +0.1283819609689938E-05 +0.9999993215129995E+00
+0.4887183589224702E+04 +0.9999993275312377E+00 +0.1275536885968268E-05 +0.9999993286586273E+00
+0.4887246175407580E+04 +0.9999993348372991E+00 +0.1267329905093605E-05 +0.9999993359278525E+00
+0.4887308761590458E+04 +0.9999993422973723E+00 +0.1259188251136908E-05 +0.9999993433527239E+00
+0.4887371347773336E+04 +0.9999993499508341E+00 +0.1251112280605168E-05 +0.9999993509690170E+00
+0.4887433933956214E+04 +0.9999993578377160E+00 +0.1243113780895737E-05 +0.9999993588131528E+00
+0.4887496520139092E+04 +0.9999993659953712E+00 +0.1235215406370120E-05 +0.9999993669192319E+00
+0.4887559106321970E+04 +0.9999993744557441E+00 +0.1227449090190916E-05 +0.9999993753165771E+00
+0.4887621692504847E+04 +0.9999993832435755E+00 +0.1219853827302854E-05 +0.9999993840280608E+00
+0.4887684278687726E+04 +0.9999993923756318E+00 +0.1212473335313739E-05 +0.9999993930692913E+00
+0.4887746864870604E+04 +0.9999994018607791E+00 +0.1205354057412695E-05 +0.9999994024485224E+00
+0.4887809451053482E+04 +0.9999994117005254E+00 +0.1198543782253048E-05 +0.9999994121669821E+00
+0.4887872037236360E+04 +0.9999994218896155E+00 +0.1192090907284617E-05 +0.9999994222192815E+00
+0.4887934623419238E+04 +0.9999994324163447E+00 +0.1186044170010761E-05 +0.9999994325936217E+00
+0.4887997209602116E+04 +0.9999994432624152E+00 +0.1180452568312165E-05 +0.9999994432716387E+00
+0.4888059795784994E+04 +0.9999994544023004E+00 +0.1175365167338028E-05 +0.9999994542278504E+00
+0.4888122381967873E+04 +0.9999994658021982E+00 +0.1170830501359278E-05 +0.9999994654287828E+00
+0.4888184968150750E+04 +0.9999994774187790E+00 +0.1166895310166905E-05 +0.9999994768319653E+00
+0.4888247554333629E+04 +0.9999994891980701E+00 +0.1163602430841101E-05 +0.9999994883850969E+00
+0.4888310140516506E+04 +0.9999995010749283E+00 +0.1160987832087404E-05 +0.9999995000257691E+00
+0.4888372726699384E+04 +0.9999995129735731E+00 +0.1159077020732680E-05 +0.9999995116821346E+00
+0.4888435312882262E+04 +0.9999995248095306E+00 +0.1157881300631542E-05 +0.9999995232748012E+00
+0.4888497899065141E+04 +0.9999995364930766E+00 +0.1157394528086358E-05 +0.9999995347200085E+00
+0.4888560485248018E+04 +0.9999995479339450E+00 +0.1157591013700930E-05 +0.9999995459338807E+00
+0.4888623071430896E+04 +0.9999995590467782E+00 +0.1158425056660520E-05 +0.9999995568373096E+00
+0.4888685657613774E+04 +0.9999995697566322E+00 +0.1159832313895295E-05 +0.9999995673608769E+00
+0.4888748243796652E+04 +0.9999995800038447E+00 +0.1161732889637893E-05 +0.9999995774492233E+00
+0.4888810829979529E+04 +0.9999995897477094E+00 +0.1164035766702513E-05 +0.9999995870643762E+00
+0.4888873416162409E+04 +0.9999995989686303E+00 +0.1166644046101301E-05 +0.9999995961877375E+00
+0.4888936002345286E+04 +0.9999996076686686E+00 +0.1169460430395525E-05 +0.9999996048206379E+00
+0.4888998588528164E+04 +0.9999996158705967E+00 +0.1172392454557159E-05 +0.9999996129835373E+00
+0.4889061174711042E+04 +0.9999996236157024E+00 +0.1175357091871025E-05 +0.9999996207140736E+00
+0.4889123760893920E+04 +0.9999996309606410E+00 +0.1178284497116163E-05 +0.9999996280642127E+00
+0.4889186347076798E+04 +0.9999996379736322E+00 +0.1181120763241123E-05 +0.9999996350967713E+00
+0.4889248933259676E+04 +0.9999996447302654E+00 +0.1183829645385958E-05 +0.9999996418815525E+00
+0.4889311519442555E+04 +0.9999996513091434E+00 +0.1186393246345720E-05 +0.9999996484913191E+00
+0.4889374105625432E+04 +0.9999996577875701E+00 +0.1188811672271875E-05 +0.9999996549978064E+00
+0.4889436691808311E+04 +0.9999996642374979E+00 +0.1191101678913865E-05 +0.9999996614679862E+00
+0.4889499277991188E+04 +0.9999996707219754E+00 +0.1193294362422280E-05 +0.9999996679608023E+00
+0.4889561864174066E+04 +0.9999996772923582E+00 +0.1195432020130939E-05 +0.9999996745246156E+00
+0.4889624450356944E+04 +0.9999996839865296E+00 +0.1197564409721918E-05 +0.9999996811955683E+00
+0.4889687036539823E+04 +0.9999996908283080E+00 +0.1199744741600112E-05 +0.9999996879970133E+00
+0.4889749622722700E+04 +0.9999996978280835E+00 +0.1202025811892909E-05 +0.9999996949400390E+00
+0.4889812208905578E+04 +0.9999997049845709E+00 +0.1204456693666092E-05 +0.9999997020249819E+00
+0.4889874795088456E+04 +0.9999997122873990E+00 +0.1207080342100981E-05 +0.9999997092436812E+00
+0.4889937381271334E+04 +0.9999997197201355E+00 +0.1209932342696434E-05 +0.9999997165821204E+00
+0.4889999967454212E+04 +0.9999997272632706E+00 +0.1213040855851338E-05 +0.9999997240230433E+00
+0.4890062553637091E+04 +0.9999997348966908E+00 +0.1216427607933089E-05 +0.9999997315481398E+00
+0.4890125139819968E+04 +0.9999997426012714E+00 +0.1220109580934141E-05 +0.9999997391394903E+00
+0.4890187726002846E+04 +0.9999997503594128E+00 +0.1224100908711520E-05 +0.9999997467801198E+00
+0.4890250312185724E+04 +0.9999997581545994E+00 +0.1228414452373128E-05 +0.9999997544537380E+00
+0.4890312898368602E+04 +0.9999997659703256E+00 +0.1233062635484424E-05 +0.9999997621439423E+00
+0.4890375484551480E+04 +0.9999997737888926E+00 +0.1238057358294208E-05 +0.9999997698333070E+00
+0.4890438070734359E+04 +0.9999997815905993E+00 +0.1243409109220209E-05 +0.9999997775027792E+00
+0.4890500656917236E+04 +0.9999997893536875E+00 +0.1249125647290179E-05 +0.9999997851316854E+00
+0.4890563243100114E+04 +0.9999997970551340E+00 +0.1255210748450308E-05 +0.9999997926984248E+00
+0.4890625829282992E+04 +0.9999998046721040E+00 +0.1261663454012156E-05 +0.9999998001817123E+00
+0.4890688415465870E+04 +0.9999998121836938E+00 +0.1268478064745157E-05 +0.9999998075620713E+00
+0.4890751001648748E+04 +0.9999998195725582E+00 +0.1275644876101184E-05 +0.9999998148232495E+00
+0.4890813587831626E+04 +0.9999998268261323E+00 +0.1283151449960089E-05 +0.9999998219533152E+00
+0.4890876174014505E+04 +0.9999998339373515E+00 +0.1290984142240863E-05 +0.9999998289453360E+00
+0.4890938760197382E+04 +0.9999998409049544E+00 +0.1299129675476633E-05 +0.9999998357976849E+00
+0.4891001346380260E+04 +0.9999998477335141E+00 +0.1307576712293016E-05 +0.9999998425140589E+00
+0.4891063932563138E+04 +0.9999998544332541E+00 +0.1316317539332878E-05 +0.9999998491032359E+00
+0.4891126518746016E+04 +0.9999998610195056E+00 +0.1325349989242588E-05 +0.9999998555784491E+00
+0.4891189104928894E+04 +0.9999998675114976E+00 +0.1334679556776223E-05 +0.9999998619561525E+00
+0.4891251691111773E+04 +0.9999998739301889E+00 +0.1344321375511927E-05 +0.9999998682539800E+00
+0.4891314277294650E+04 +0.9999998802951020E+00 +0.1354301487857292E-05 +0.9999998744879030E+00
+0.4891376863477528E+04 +0.9999998866205243E+00 +0.1364656834139466E-05 +0.9999998806689070E+00
+0.4891439449660406E+04 +0.9999998929117715E+00 +0.1375433662086636E-05 +0.9999998867997608E+00
+0.4891502035843284E+04 +0.9999998991623260E+00 +0.1386684517095564E-05 +0.9999998928725281E+00
+0.4891564622026162E+04 +0.9999999053524498E+00 +0.1398464420289932E-05 +0.9999998988673097E+00
+0.4891627208209041E+04 +0.9999999114494380E+00 +0.1410827085397665E-05 +0.9999999047523468E+00
+0.4891689794391918E+04 +0.9999999174091763E+00 +0.1423821966368856E-05 +0.9999999104852187E+00
+0.4891752380574796E+04 +0.9999999231782916E+00 +0.1437492587124702E-05 +0.9999999160145644E+00
+0.4891814966757674E+04 +0.9999999286960837E+00 +0.1451876113147289E-05 +0.9999999212816773E+00
+0.4891877552940552E+04 +0.9999999338956308E+00 +0.1467003673213882E-05 +0.9999999262214826E+00
+0.4891940139123431E+04 +0.9999999387038904E+00 +0.1482900708455116E-05 +0.9999999307627448E+00
+0.4892002725306308E+04 +0.9999999430410808E+00 +0.1499586704166866E-05 +0.9999999348277174E+00
+0.4892065311489187E+04 +0.9999999468199301E+00 +0.1517073996161293E-05 +0.9999999383316885E+00
+0.4892127897672064E+04 +0.9999999499453857E+00 +0.1535365764337920E-05 +0.9999999411828945E+00
+0.4892190483854942E+04 +0.9999999523151378E+00 +0.1554453623339095E-05 +0.9999999432830946E+00
+0.4892253070037820E+04 +0.9999999538209638E+00 +0.1574315263056267E-05 +0.9999999445288426E+00
+0.4892315656220698E+04 +0.9999999543506605E+00 +0.1594912398591643E-05 +0.9999999448133109E+00
+0.4892378242403576E+04 +0.9999999537903338E+00 +0.1616189014082994E-05 +0.9999999440285111E+00
+0.4892440828586455E+04 +0.9999999520270236E+00 +0.1638069726869922E-05 +0.9999999420679058E+00
+0.4892503414769332E+04 +0.9999999489519119E+00 +0.1660458184238281E-05 +0.9999999388295920E+00
+0.4892566000952210E+04 +0.9999999444644875E+00 +0.1683235708861383E-05 +0.9999999342203127E+00
+0.4892628587135088E+04 +0.9999999384778850E+00 +0.1706260762129253E-05 +0.9999999281604177E+00
+0.4892691173317966E+04 +0.9999999309252146E+00 +0.1729369980592665E-05 +0.9999999205895758E+00
+0.4892753759500844E+04 +0.9999999217662222E+00 +0.1752381423431590E-05 +0.9999999114726673E+00
+0.4892816345683722E+04 +0.9999999109932927E+00 +0.1775100269244284E-05 +0.9999999008050250E+00
+0.4892878931866600E+04 +0.9999998986357560E+00 +0.1797326675850173E-05 +0.9999998886161501E+00
+0.4892941518049478E+04 +0.9999998847616982E+00 +0.1818865062267993E-05 +0.9999998749712214E+00
+0.4893004104232356E+04 +0.9999998694768817E+00 +0.1839533817674827E-05 +0.9999998599700467E+00
+0.4893066690415234E+04 +0.9999998529208139E+00 +0.1859174411253691E-05 +0.9999998437434744E+00
+0.4893129276598112E+04 +0.9999998352603676E+00 +0.1877659015895497E-05 +0.9999998264476038E+00
+0.4893191862780990E+04 +0.9999998166816002E+00 +0.1894895996132066E-05 +0.9999998082563587E+00
+0.4893254448963869E+04 +0.9999997973805623E+00 +0.1910832892974551E-05 +0.9999997893531202E+00
+0.4893317035146746E+04 +0.9999997775539097E+00 +0.1925456827910851E-05 +0.9999997699221428E+00
+0.4893379621329624E+04 +0.9999997573900599E+00 +0.1938792507387063E-05 +0.9999997501404245E+00
+0.4893442207512502E+04 +0.9999997370614881E+00 +0.1950898200654754E-05 +0.9999997301705742E+00
+0.4893504793695381E+04 +0.9999997167185826E+00 +0.1961860172155439E-05 +0.9999997101550764E+00
+0.4893567379878258E+04 +0.9999996964853214E+00 +0.1971786095438187E-05 +0.9999996902122064E+00
+0.4893629966061137E+04 +0.9999996764569051E+00 +0.1980798002511992E-05 +0.9999996704337184E+00
+0.4893692552244014E+04 +0.9999996566993375E+00 +0.1989025356709157E-05 +0.9999996508842904E+00
+0.4893755138426892E+04 +0.9999996372507579E+00 +0.1996598853442727E-05 +0.9999996316025330E+00
+0.4893817724609770E+04 +0.9999996181240820E+00 +0.2003645482874037E-05 +0.9999996126031618E+00
+0.4893880310792649E+04 +0.9999995993102720E+00 +0.2010285170782276E-05 +0.9999995938797508E+00
+0.4893942896975526E+04 +0.9999995807814460E+00 +0.2016628954020472E-05 +0.9999995754074040E+00
+0.4894005483158404E+04 +0.9999995624931356E+00 +0.2022778234430959E-05 +0.9999995571447823E+00
+0.4894068069341282E+04 +0.9999995443853373E+00 +0.2028824330574336E-05 +0.9999995390352024E+00
+0.4894130655524160E+04 +0.9999995263824850E+00 +0.2034847440139201E-05 +0.9999995210069272E+00
+0.4894193241707037E+04 +0.9999995083929751E+00 +0.2040914302298901E-05 +0.9999995029731770E+00
+0.4894255827889916E+04 +0.9999994903092255E+00 +0.2047074284413629E-05 +0.9999994848326732E+00
+0.4894318414072794E+04 +0.9999994720093413E+00 +0.2053354208506236E-05 +0.9999994664715892E+00
+0.4894381000255672E+04 +0.9999994533612143E+00 +0.2059752826936903E-05 +0.9999994477675651E+00
+0.4894443586438550E+04 +0.9999994342293382E+00 +0.2066236280857524E-05 +0.9999994285959760E+00
+0.4894506172621428E+04 +0.9999994144838660E+00 +0.2072735970195403E-05 +0.9999994088380184E+00
+0.4894568758804306E+04 +0.9999993940106854E+00 +0.2079149934136552E-05 +0.9999993883895620E+00
+0.4894631344987184E+04 +0.9999993727207727E+00 +0.2085348112408863E-05 +0.9999993671693086E+00
+0.4894693931170063E+04 +0.9999993505570276E+00 +0.2091180908671331E-05 +0.9999993451247674E+00
+0.4894756517352940E+04 +0.9999993274972661E+00 +0.2096489600464654E-05 +0.9999993222349598E+00
+0.4894819103535819E+04 +0.9999993035529334E+00 +0.2101116631762908E-05 +0.9999992985094938E+00
+0.4894881689718696E+04 +0.9999992787641294E+00 +0.2104913854522740E-05 +0.9999992739845033E+00
+0.4894944275901574E+04 +0.9999992531923839E+00 +0.2107747327367237E-05 +0.9999992487166542E+00
+0.4895006862084452E+04 +0.9999992269130786E+00 +0.2109498139344047E-05 +0.9999992227768166E+00
+0.4895069448267331E+04 +0.9999992000094055E+00 +0.2110059653387795E-05 +0.9999991962450088E+00
+0.4895132034450208E+04 +0.9999991725693569E+00 +0.2109332354225850E-05 +0.9999991692078981E+00
+0.4895194620633086E+04 +0.9999991446865858E+00 +0.2107218023852986E-05 +0.9999991417595665E+00
+0.4895257206815964E+04 +0.9999991164651575E+00 +0.2103615203996300E-05 +0.9999991140055418E+00
+0.4895319792998842E+04 +0.9999990880273568E+00 +0.2098417812837277E-05 +0.9999990860693407E+00
+0.4895382379181720E+04 +0.9999990595229058E+00 +0.2091518344096632E-05 +0.9999990581000754E+00
+0.4895444965364599E+04 +0.9999990311373363E+00 +0.2082816296458239E-05 +0.9999990302791645E+00
+0.4895507551547476E+04 +0.9999990030970000E+00 +0.2072231424977031E-05 +0.9999990028239978E+00
+0.4895570137730354E+04 +0.9999989756684275E+00 +0.2059720227979171E-05 +0.9999989759866389E+00
+0.4895632723913232E+04 +0.9999989491505648E+00 +0.2045293033725132E-05 +0.9999989500463708E+00
+0.4895695310096110E+04 +0.9999989238597158E+00 +0.2029028437308128E-05 +0.9999989252960112E+00
+0.4895757896278988E+04 +0.9999989001085819E+00 +0.2011081922957594E-05 +0.9999989020232340E+00
+0.4895820482461867E+04 +0.9999988781821785E+00 +0.1991686378097610E-05 +0.9999988804892854E+00
+0.4895883068644745E+04 +0.9999988583142179E+00 +0.1971143686719690E-05 +0.9999988609081537E+00
+0.4895945654827622E+04 +0.9999988406675249E+00 +0.1949808272978441E-05 +0.9999988434292463E+00
+0.4896008241010501E+04 +0.9999988253212422E+00 +0.1928064877834365E-05 +0.9999988281259616E+00
+0.4896070827193378E+04 +0.9999988122662863E+00 +0.1906303658860552E-05 +0.9999988149914772E+00
+0.4896133413376256E+04 +0.9999988014091300E+00 +0.1884895826571140E-05 +0.9999988039418827E+00
+0.4896195999559134E+04 +0.9999987925828114E+00 +0.1864172603920180E-05 +0.9999987948257635E+00
+0.4896258585742013E+04 +0.9999987855632598E+00 +0.1844409534337165E-05 +0.9999987874385966E+00
+0.4896321171924890E+04 +0.9999987800885933E+00 +0.1825817255951567E-05 +0.9999987815399108E+00
+0.4896383758107768E+04 +0.9999987758789702E+00 +0.1808538940526667E-05 +0.9999987768710772E+00
+0.4896446344290646E+04 +0.9999987726548161E+00 +0.1792653771820269E-05 +0.9999987731717860E+00
+0.4896508930473524E+04 +0.9999987701517253E+00 +0.1778185201881637E-05 +0.9999987701936773E+00
+0.4896571516656402E+04 +0.9999987681309725E+00 +0.1765112336964396E-05 +0.9999987677101376E+00
+0.4896634102839281E+04 +0.9999987663852291E+00 +0.1753382678707652E-05 +0.9999987655218624E+00
+0.4896696689022158E+04 +0.9999987647396913E+00 +0.1742924545799546E-05 +0.9999987634583272E+00
+0.4896759275205036E+04 +0.9999987630493243E+00 +0.1733657769842603E-05 +0.9999987613757668E+00
+0.4896821861387914E+04 +0.9999987611932885E+00 +0.1725501642625283E-05 +0.9999987591525917E+00
+0.4896884447570792E+04 +0.9999987590678220E+00 +0.1718379545317271E-05 +0.9999987566833675E+00
+0.4896947033753670E+04 +0.9999987565789077E+00 +0.1712220168257770E-05 +0.9999987538725309E+00
+0.4897009619936549E+04 +0.9999987536359410E+00 +0.1706955681493402E-05 +0.9999987506289297E+00
+0.4897072206119426E+04 +0.9999987501473686E+00 +0.1702517589372515E-05 +0.9999987468620504E+00
+0.4897134792302304E+04 +0.9999987460189230E+00 +0.1698831259064436E-05 +0.9999987424805012E+00
+0.4897197378485182E+04 +0.9999987411546843E+00 +0.1695810235940872E-05 +0.9999987373929621E+00
+0.4897259964668060E+04 +0.9999987354607969E+00 +0.1693351449790797E-05 +0.9999987315114525E+00
+0.4897322550850939E+04 +0.9999987288512922E+00 +0.1691332284361722E-05 +0.9999987247564300E+00
+0.4897385137033816E+04 +0.9999987212551401E+00 +0.1689610234882822E-05 +0.9999987170629385E+00
+0.4897447723216695E+04 +0.9999987126234028E+00 +0.1688025512822203E-05 +0.9999987083868139E+00
+0.4897510309399572E+04 +0.9999987029352504E+00 +0.1686406479396786E-05 +0.9999986987098762E+00
+0.4897572895582450E+04 +0.9999986922016987E+00 +0.1684577243948949E-05 +0.9999986880431407E+00
+0.4897635481765328E+04 +0.9999986804663064E+00 +0.1682366265016874E-05 +0.9999986764274190E+00
+0.4897698067948206E+04 +0.9999986678027019E+00 +0.1679614514859537E-05 +0.9999986639312144E+00
+0.4897760654131084E+04 +0.9999986543095479E+00 +0.1676181869612982E-05 +0.9999986506464197E+00
+0.4897823240313963E+04 +0.9999986401041452E+00 +0.1671950897652802E-05 +0.9999986366828015E+00
+0.4897885826496840E+04 +0.9999986253160743E+00 +0.1666827981286766E-05 +0.9999986221624200E+00
+0.4897948412679718E+04 +0.9999986100820146E+00 +0.1660742432332324E-05 +0.9999986072149235E+00
+0.4898010998862596E+04 +0.9999985945422666E+00 +0.1653644676829667E-05 +0.9999985919741891E+00
+0.4898073585045474E+04 +0.9999985788388351E+00 +0.1645504570858793E-05 +0.9999985765762254E+00
+0.4898136171228352E+04 +0.9999985631144337E+00 +0.1636310547967402E-05 +0.9999985611578546E+00
+0.4898198757411230E+04 +0.9999985475116009E+00 +0.1626069793358194E-05 +0.9999985458555223E+00
+0.4898261343594108E+04 +0.9999985321712280E+00 +0.1614809195580302E-05 +0.9999985308036515E+00
+0.4898323929776986E+04 +0.9999985172300744E+00 +0.1602576553690450E-05 +0.9999985161321733E+00
+0.4898386515959864E+04 +0.9999985028171413E+00 +0.1589441415192661E-05 +0.9999985019631201E+00
+0.4898449102142742E+04 +0.9999984890490637E+00 +0.1575494928206757E-05 +0.9999984884064218E+00
+0.4898511688325621E+04 +0.9999984760249262E+00 +0.1560848171438294E-05 +0.9999984755552768E+00
+0.4898574274508498E+04 +0.9999984638211717E+00 +0.1545628599426693E-05 +0.9999984634816894E+00
+0.4898636860691377E+04 +0.9999984524874704E+00 +0.1529974557280209E-05 +0.9999984522329139E+00
+0.4898699446874254E+04 +0.9999984420444502E+00 +0.1514028272981519E-05 +0.9999984418295531E+00
+0.4898762033057132E+04 +0.9999984324839529E+00 +0.1497928209789479E-05 +0.9999984322658366E+00
+0.4898824619240010E+04 +0.9999984237719630E+00 +0.1481801961283850E-05 +0.9999984235121840E+00
+0.4898887205422889E+04 +0.9999984158537202E+00 +0.1465760833925819E-05 +0.9999984155196315E+00
+0.4898949791605766E+04 +0.9999984086599986E+00 +0.1449896861466606E-05 +0.9999984082252823E+00
+0.4899012377788645E+04 +0.9999984021133178E+00 +0.1434282368131120E-05 +0.9999984015577587E+00
+0.4899074963971522E+04 +0.9999983961330142E+00 +0.1418971569243133E-05 +0.9999983954417589E+00
+0.4899137550154400E+04 +0.9999983906385534E+00 +0.1404003275597969E-05 +0.9999983898011865E+00
+0.4899200136337278E+04 +0.9999983855510416E+00 +0.1389403659969253E-05 +0.9999983845607937E+00
+0.4899262722520157E+04 +0.9999983807934117E+00 +0.1375188243360694E-05 +0.9999983796467107E+00
+0.4899325308703034E+04 +0.9999983762900759E+00 +0.1361362671209682E-05 +0.9999983749864976E+00
+0.4899387894885912E+04 +0.9999983719668901E+00 +0.1347922340228425E-05 +0.9999983705094179E+00
+0.4899450481068790E+04 +0.9999983677520904E+00 +0.1334851368010157E-05 +0.9999983661474705E+00
+0.4899513067251668E+04 +0.9999983635784797E+00 +0.1322121662778084E-05 +0.9999983618374143E+00
+0.4899575653434546E+04 +0.9999983593867070E+00 +0.1309692892921020E-05 +0.9999983575236467E+00
+0.4899638239617424E+04 +0.9999983551290705E+00 +0.1297513976014542E-05 +0.9999983531614590E+00
+0.4899700825800302E+04 +0.9999983507730190E+00 +0.1285526356459783E-05 +0.9999983487199707E+00
+0.4899763411983180E+04 +0.9999983463034515E+00 +0.1273668905393035E-05 +0.9999983441839865E+00
+0.4899825998166059E+04 +0.9999983417230589E+00 +0.1261883853757710E-05 +0.9999983395541397E+00
+0.4899888584348936E+04 +0.9999983370502696E+00 +0.1250122847951362E-05 +0.9999983348449668E+00
+0.4899951170531814E+04 +0.9999983323148055E+00 +0.1238352063952190E-05 +0.9999983300809311E+00
+0.4900013756714692E+04 +0.9999983275513324E+00 +0.1226555370293327E-05 +0.9999983252908327E+00
+0.4900076342897571E+04 +0.9999983227921261E+00 +0.1214734801288886E-05 +0.9999983205014029E+00
+0.4900138929080448E+04 +0.9999983180599490E+00 +0.1202908057287527E-05 +0.9999983157311152E+00
+0.4900201515263327E+04 +0.9999983133623901E+00 +0.1191103307525154E-05 +0.9999983109852782E+00
+0.4900264101446204E+04 +0.9999983086886908E+00 +0.1179352110316591E-05 +0.9999983062532867E+00
+0.4900326687629082E+04 +0.9999983040096314E+00 +0.1167681648974382E-05 +0.9999983015085113E+00
+0.4900389273811960E+04 +0.9999982992804582E+00 +0.1156107607555700E-05 +0.9999982967108235E+00
+0.4900451859994839E+04 +0.9999982944462655E+00 +0.1144628849259559E-05 +0.9999982918112552E+00
+0.4900514446177716E+04 +0.9999982894488223E+00 +0.1133224662994445E-05 +0.9999982867579406E+00
+0.4900577032360594E+04 +0.9999982842336465E+00 +0.1121854813513000E-05 +0.9999982815023200E+00
+0.4900639618543472E+04 +0.9999982787562061E+00 +0.1110462090301466E-05 +0.9999982760046436E+00
+0.4900702204726350E+04 +0.9999982729864403E+00 +0.1098976625396818E-05 +0.9999982702380753E+00
+0.4900764790909228E+04 +0.9999982669112558E+00 +0.1087321049143265E-05 +0.9999982641910687E+00
+0.4900827377092107E+04 +0.9999982605351164E+00 +0.1075415621947105E-05 +0.9999982578680761E+00
+0.4900889963274984E+04 +0.9999982538791456E+00 +0.1063182756882879E-05 +0.9999982512889017E+00
+0.4900952549457862E+04 +0.9999982469792323E+00 +0.1050550675547790E-05 +0.9999982444870966E+00
+0.4901015135640740E+04 +0.9999982398835177E+00 +0.1037456158824641E-05 +0.9999982375077298E+00
+0.4901077721823618E+04 +0.9999982326495100E+00 +0.1023846408364394E-05 +0.9999982304047880E+00
+0.4901140308006496E+04 +0.9999982253410222E+00 +0.1009679995168987E-05 +0.9999982232384101E+00
+0.4901202894189375E+04 +0.9999982180251890E+00 +0.9949268650857205E-06 +0.9999982160722024E+00
+0.4901265480372253E+04 +0.9999982107698917E+00 +0.9795674712791166E-06 +0.9999982089709110E+00
+0.4901328066555130E+04 +0.9999982036418957E+00 +0.9635912781609897E-06 +0.9999982019987038E+00
+0.4901390652738008E+04 +0.9999981967058512E+00 +0.9469950237920289E-06 +0.9999981952181797E+00
+0.4901453238920886E+04 +0.9999981900240842E+00 +0.9297811434982521E-06 +0.9999981886900551E+00
+0.4901515825103764E+04 +0.9999981836569227E+00 +0.9119566312524402E-06 +0.9999981824733278E+00
+0.4901578411286642E+04 +0.9999981776632458E+00 +0.8935324190311296E-06 +0.9999981766256670E+00
+0.4901640997469521E+04 +0.9999981721010121E+00 +0.8745231939746513E-06 +0.9999981712038249E+00
+0.4901703583652398E+04 +0.9999981670276535E+00 +0.8549475166158529E-06 +0.9999981662639537E+00
+0.4901766169835276E+04 +0.9999981625003077E+00 +0.8348281391064578E-06 +0.9999981618617838E+00
+0.4901828756018154E+04 +0.9999981585758754E+00 +0.8141924785588782E-06 +0.9999981580526363E+00
+0.4901891342201032E+04 +0.9999981553108565E+00 +0.7930732100535334E-06 +0.9999981548912299E+00
+0.4901953928383910E+04 +0.9999981527609045E+00 +0.7715088992112650E-06 +0.9999981524312431E+00
+0.4902016514566789E+04 +0.9999981509800917E+00 +0.7495445469647740E-06 +0.9999981507246268E+00
+0.4902079100749666E+04 +0.9999981500199522E+00 +0.7272319266109254E-06 +0.9999981498207273E+00
+0.4902141686932544E+04 +0.9999981499284341E+00 +0.7046296655778129E-06 +0.9999981497653168E+00
+0.4902204273115422E+04 +0.9999981507488690E+00 +0.6818031172713766E-06 +0.9999981505996147E+00
+0.4902266859298300E+04 +0.9999981525189942E+00 +0.6588241204351475E-06 +0.9999981523593308E+00
+0.4902329445481178E+04 +0.9999981552699631E+00 +0.6357707206577159E-06 +0.9999981550736841E+00
+0.4902392031664057E+04 +0.9999981590252355E+00 +0.6127268423236593E-06 +0.9999981587643219E+00
+0.4902454617846935E+04 +0.9999981637992561E+00 +0.5897817936012214E-06 +0.9999981634440795E+00
+0.4902517204029812E+04 +0.9999981695959260E+00 +0.5670294139870995E-06 +0.9999981691155988E+00
+0.4902579790212690E+04 +0.9999981764070049E+00 +0.5445666719874036E-06 +0.9999981757699289E+00
+0.4902642376395568E+04 +0.9999981842106994E+00 +0.5224916017425579E-06 +0.9999981833853284E+00
+0.4902704962578446E+04 +0.9999981929707515E+00 +0.5009006124572970E-06 +0.9999981919265309E+00
+0.4902767548761324E+04 +0.9999982026363170E+00 +0.4798853681549432E-06 +0.9999982013447126E+00
+0.4902830134944203E+04 +0.9999982131428025E+00 +0.4595295639489417E-06 +0.9999982115783029E+00
+0.4902892721127080E+04 +0.9999982244136698E+00 +0.4399059782245555E-06 +0.9999982225546419E+00
+0.4902955307309958E+04 +0.9999982363630470E+00 +0.4210741447119816E-06 +0.9999982341923492E+00
+0.4903017893492836E+04 +0.9999982488988587E+00 +0.4030788797746423E-06 +0.9999982464041606E+00
+0.4903080479675714E+04 +0.9999982619261382E+00 +0.3859497536606257E-06 +0.9999982590999400E+00
+0.4903143065858592E+04 +0.9999982753501973E+00 +0.3697014520424521E-06 +0.9999982721895885E+00
+0.4903205652041471E+04 +0.9999982890794126E+00 +0.3543348701545243E-06 +0.9999982855856283E+00
+0.4903268238224348E+04 +0.9999983030274777E+00 +0.3398387315181817E-06 +0.9999982992053225E+00
+0.4903330824407226E+04 +0.9999983171150649E+00 +0.3261915208499710E-06 +0.9999983129722675E+00
+0.4903393410590104E+04 +0.9999983312709058E+00 +0.3133635474583316E-06 +0.9999983268174583E+00
+0.4903455996772982E+04 +0.9999983454323405E+00 +0.3013189916531059E-06 +0.9999983406798623E+00
+0.4903518582955860E+04 +0.9999983595454066E+00 +0.2900178205588554E-06 +0.9999983545065647E+00
+0.4903581169138738E+04 +0.9999983735645539E+00 +0.2794174885059058E-06 +0.9999983682525627E+00
+0.4903643755321616E+04 +0.9999983874520797E+00 +0.2694743639116387E-06 +0.9999983818802941E+00
+0.4903706341504494E+04 +0.9999984011773886E+00 +0.2601448534324920E-06 +0.9999983953589943E+00
+0.4903768927687372E+04 +0.9999984147161756E+00 +0.2513862265098668E-06 +0.9999984086639712E+00
+0.4903831513870250E+04 +0.9999984280496229E+00 +0.2431571758832832E-06 +0.9999984217758778E+00
+0.4903894100053129E+04 +0.9999984411636733E+00 +0.2354181749838843E-06 +0.9999984346800377E+00
+0.4903956686236006E+04 +0.9999984540484047E+00 +0.2281317039859395E-06 +0.9999984473658510E+00
+0.4904019272418885E+04 +0.9999984666975030E+00 +0.2212624094114824E-06 +0.9999984598262802E+00
+0.4904081858601762E+04 +0.9999984791078007E+00 +0.2147772405853563E-06 +0.9999984720573919E+00
+0.4904144444784640E+04 +0.9999984912788433E+00 +0.2086455781879683E-06 +0.9999984840579260E+00
+0.4904207030967518E+04 +0.9999985032124524E+00 +0.2028393455869633E-06 +0.9999984958288680E+00
+0.4904269617150397E+04 +0.9999985149122721E+00 +0.1973330800299753E-06 +0.9999985073730119E+00
+0.4904332203333274E+04 +0.9999985263833060E+00 +0.1921039403026829E-06 +0.9999985186945199E+00
+0.4904394789516153E+04 +0.9999985376314620E+00 +0.1871316366789963E-06 +0.9999985297984942E+00
+0.4904457375699030E+04 +0.9999985486631320E+00 +0.1823982816378054E-06 +0.9999985406905791E+00
+0.4904519961881908E+04 +0.9999985594848252E+00 +0.1778881707019574E-06 +0.9999985513766155E+00
+0.4904582548064786E+04 +0.9999985701028747E+00 +0.1735875100092016E-06 +0.9999985618623608E+00
+0.4904645134247664E+04 +0.9999985805232262E+00 +0.1694841115159673E-06 +0.9999985721532839E+00
+0.4904707720430542E+04 +0.9999985907513118E+00 +0.1655670788813555E-06 +0.9999985822544392E+00
+0.4904770306613420E+04 +0.9999986007920059E+00 +0.1618265067990475E-06 +0.9999985921704141E+00
+0.4904832892796298E+04 +0.9999986106496516E+00 +0.1582532133417195E-06 +0.9999986019053425E+00
+0.4904895478979176E+04 +0.9999986203281421E+00 +0.1548385195267782E-06 +0.9999986114629695E+00
+0.4904958065162054E+04 +0.9999986298310412E+00 +0.1515740848718204E-06 +0.9999986208467530E+00
+0.4905020651344932E+04 +0.9999986391617242E+00 +0.1484518039458171E-06 +0.9999986300599847E+00
+0.4905083237527811E+04 +0.9999986483235241E+00 +0.1454637665174562E-06 +0.9999986391059165E+00
+0.4905145823710688E+04 +0.9999986573198612E+00 +0.1426022803322890E-06 +0.9999986479878696E+00
+0.4905208409893567E+04 +0.9999986661543314E+00 +0.1398599479837962E-06 +0.9999986567093099E+00
+0.4905270996076444E+04 +0.9999986748307352E+00 +0.1372297774349295E-06 +0.9999986652738688E+00
+0.4905333582259322E+04 +0.9999986833530305E+00 +0.1347052933040163E-06 +0.9999986736853039E+00
+0.4905396168442200E+04 +0.9999986917252200E+00 +0.1322806099265466E-06 +0.9999986819474035E+00
+0.4905458754625079E+04 +0.9999986999512004E+00 +0.1299504335853886E-06 +0.9999986900638612E+00
+0.4905521340807956E+04 +0.9999987080346165E+00 +0.1277099811411519E-06 +0.9999986980381573E+00
+0.4905583926990835E+04 +0.9999987159787688E+00 +0.1255548294482612E-06 +0.9999987058734817E+00
+0.4905646513173712E+04 +0.9999987237866031E+00 +0.1234807336232940E-06 +0.9999987135727267E+00
+0.4905709099356590E+04 +0.9999987314607879E+00 +0.1214834626611614E-06 +0.9999987211385510E+00
+0.4905771685539468E+04 +0.9999987390038574E+00 +0.1195586943936844E-06 +0.9999987285734993E+00
+0.4905834271722347E+04 +0.9999987464183796E+00 +0.1177019921746054E-06 +0.9999987358801431E+00
+0.4905896857905224E+04 +0.9999987537071104E+00 +0.1159088617198665E-06 +0.9999987430612115E+00
+0.4905959444088102E+04 +0.9999987608730976E+00 +0.1141748674758839E-06 +0.9999987501196815E+00
+0.4906022030270980E+04 +0.9999987679197235E+00 +0.1124957794082228E-06 +0.9999987570588150E+00
+0.4906084616453858E+04 +0.9999987748506831E+00 +0.1108677231068021E-06 +0.9999987638821389E+00
+0.4906147202636736E+04 +0.9999987816699054E+00 +0.1092873133304775E-06 +0.9999987705933756E+00
+0.4906209788819615E+04 +0.9999987883814269E+00 +0.1077517566415930E-06 +0.9999987771963265E+00
+0.4906272375002492E+04 +0.9999987949892234E+00 +0.1062589088898074E-06 +0.9999987836947224E+00
+0.4906334961185370E+04 +0.9999988014970148E+00 +0.1048072704224129E-06 +0.9999987900920498E+00
+0.4906397547368249E+04 +0.9999988079080636E+00 +0.1033959029300040E-06 +0.9999987963913767E+00
+0.4906460133551126E+04 +0.9999988142250053E+00 +0.1020242625549030E-06 +0.9999988025952077E+00
+0.4906522719734004E+04 +0.9999988204497472E+00 +0.1006919636059696E-06 +0.9999988087054009E+00
+0.4906585305916882E+04 +0.9999988265834672E+00 +0.9939850816838104E-07 +0.9999988147231702E+00
+0.4906647892099761E+04 +0.9999988326267197E+00 +0.9814302903266405E-07 +0.9999988206491784E+00
+0.4906710478282638E+04 +0.9999988385796322E+00 +0.9692409088093634E-07 +0.9999988264837102E+00
+0.4906773064465517E+04 +0.9999988444421575E+00 +0.9573957930058288E-07 +0.9999988322268938E+00
+0.4906835650648394E+04 +0.9999988502143421E+00 +0.9458668646675093E-07 +0.9999988378789384E+00
+0.4906898236831272E+04 +0.9999988558965740E+00 +0.9346198459930805E-07 +0.9999988434403576E+00
+0.4906960823014150E+04 +0.9999988614897869E+00 +0.9236156830104578E-07 +0.9999988489121543E+00
+0.4907023409197029E+04 +0.9999988669956081E+00 +0.9128124445016645E-07 +0.9999988542959566E+00
+0.4907085995379906E+04 +0.9999988724164443E+00 +0.9021675025548017E-07 +0.9999988595940976E+00
+0.4907148581562784E+04 +0.9999988777555048E+00 +0.8916398311140289E-07 +0.9999988648096373E+00
+0.4907211167745662E+04 +0.9999988830167651E+00 +0.8811922829228058E-07 +0.9999988699463277E+00
+0.4907273753928540E+04 +0.9999988882048708E+00 +0.8707937182172880E-07 +0.9999988750085240E+00
+0.4907336340111418E+04 +0.9999988933249863E+00 +0.8604208587895415E-07 +0.9999988800010442E+00
+0.4907398926294297E+04 +0.9999988983825937E+00 +0.8500597289014394E-07 +0.9999988849289830E+00
+0.4907461512477174E+04 +0.9999989033832501E+00 +0.8397065286996890E-07 +0.9999988897974891E+00
+0.4907524098660052E+04 +0.9999989083323180E+00 +0.8293677865238610E-07 +0.9999988946115210E+00
+0.4907586684842930E+04 +0.9999989132346938E+00 +0.8190596781477814E-07 +0.9999988993756034E+00
+0.4907649271025808E+04 +0.9999989180945645E+00 +0.8088064967823273E-07 +0.9999989040936074E+00
+0.4907711857208687E+04 +0.9999989229152216E+00 +0.7986383958700727E-07 +0.9999989087685860E+00
+0.4907774443391565E+04 +0.9999989276989609E+00 +0.7885886680438370E-07 +0.9999989134026817E+00
+0.4907837029574443E+04 +0.9999989324470749E+00 +0.7786909158814776E-07 +0.9999989179971163E+00
+0.4907899615757320E+04 +0.9999989371599343E+00 +0.7689764748118382E-07 +0.9999989225522595E+00
+0.4907962201940198E+04 +0.9999989418371354E+00 +0.7594723632680698E-07 +0.9999989270677555E+00
+0.4908024788123076E+04 +0.9999989464776871E+00 +0.7501998956269131E-07 +0.9999989315426879E+00
+0.4908087374305954E+04 +0.9999989510802076E+00 +0.7411739541214517E-07 +0.9999989359757573E+00
+0.4908149960488832E+04 +0.9999989556431164E+00 +0.7324028226851088E-07 +0.9999989403654550E+00
+0.4908212546671711E+04 +0.9999989601648041E+00 +0.7238884568013133E-07 +0.9999989447102221E+00
+0.4908275132854588E+04 +0.9999989646437834E+00 +0.7156270866034361E-07 +0.9999989490085895E+00
+0.4908337719037466E+04 +0.9999989690788150E+00 +0.7076100944998038E-07 +0.9999989532592950E+00
+0.4908400305220344E+04 +0.9999989734690079E+00 +0.6998251407610117E-07 +0.9999989574613753E+00
+0.4908462891403222E+04 +0.9999989778138879E+00 +0.6922575103840088E-07 +0.9999989616142280E+00
+0.4908525477586100E+04 +0.9999989821134246E+00 +0.6848916190780515E-07 +0.9999989657176330E+00
+0.4908588063768979E+04 +0.9999989863680098E+00 +0.6777125570942864E-07 +0.9999989697717330E+00
+0.4908650649951856E+04 +0.9999989905783819E+00 +0.6707074882930258E-07 +0.9999989737769635E+00
+0.4908713236134734E+04 +0.9999989947455032E+00 +0.6638666853475453E-07 +0.9999989777339444E+00
+0.4908775822317612E+04 +0.9999989988704040E+00 +0.6571839973449909E-07 +0.9999989816433434E+00
+0.4908838408500490E+04 +0.9999990029540208E+00 +0.6506566293019229E-07 +0.9999989855057360E+00
+0.4908900994683368E+04 +0.9999990069970623E+00 +0.6442842551717637E-07 +0.9999989893214870E+00
+0.4908963580866246E+04 +0.9999990109999281E+00 +0.6380676464247318E-07 +0.9999989930906804E+00
+0.4909026167049125E+04 +0.9999990149626965E+00 +0.6320071186336793E-07 +0.9999989968131050E+00
+0.4909088753232002E+04 +0.9999990188851832E+00 +0.6261011312626363E-07 +0.9999990004883003E+00
+0.4909151339414880E+04 +0.9999990227670486E+00 +0.6203453117215850E-07 +0.9999990041156450E+00
+0.4909213925597758E+04 +0.9999990266079324E+00 +0.6147320474896533E-07 +0.9999990076944707E+00
+0.4909276511780637E+04 +0.9999990304075872E+00 +0.6092506553600128E-07 +0.9999990112241736E+00
+0.4909339097963514E+04 +0.9999990341659911E+00 +0.6038880394804655E-07 +0.9999990147043100E+00
+0.4909401684146393E+04 +0.9999990378834236E+00 +0.5986297014398621E-07 +0.9999990181346596E+00
+0.4909464270329270E+04 +0.9999990415604981E+00 +0.5934609465844688E-07 +0.9999990215152494E+00
+0.4909526856512148E+04 +0.9999990451981456E+00 +0.5883681143649323E-07 +0.9999990248463331E+00
+0.4909589442695026E+04 +0.9999990487975505E+00 +0.5833396403802714E-07 +0.9999990281283294E+00
+0.4909652028877905E+04 +0.9999990523600500E+00 +0.5783667560474119E-07 +0.9999990313617281E+00
+0.4909714615060782E+04 +0.9999990558870145E+00 +0.5734436806114451E-07 +0.9999990345469782E+00
+0.4909777201243661E+04 +0.9999990593797363E+00 +0.5685672704389090E-07 +0.9999990376843841E+00
+0.4909839787426538E+04 +0.9999990628393522E+00 +0.5637362342335598E-07 +0.9999990407740244E+00
+0.4909902373609416E+04 +0.9999990662668152E+00 +0.5589501447105649E-07 +0.9999990438157123E+00
+0.4909964959792294E+04 +0.9999990696629175E+00 +0.5542085268091698E-07 +0.9999990468089940E+00
+0.4910027545975172E+04 +0.9999990730283508E+00 +0.5495102612117154E-07 +0.9999990497531760E+00
+0.4910090132158050E+04 +0.9999990763637818E+00 +0.5448534280913271E-07 +0.9999990526473604E+00
+0.4910152718340928E+04 +0.9999990796699163E+00 +0.5402355708516396E-07 +0.9999990554904665E+00
+0.4910215304523806E+04 +0.9999990829475324E+00 +0.5356542303897316E-07 +0.9999990582812225E+00
+0.4910277890706684E+04 +0.9999990861974779E+00 +0.5311075285375345E-07 +0.9999990610181174E+00
+0.4910340476889562E+04 +0.9999990894206354E+00 +0.5265945896795150E-07 +0.9999990636993173E+00
+0.4910403063072440E+04 +0.9999990926178750E+00 +0.5221156782477051E-07 +0.9999990663225544E+00
+0.4910465649255319E+04 +0.9999990957900107E+00 +0.5176720589416097E-07 +0.9999990688849992E+00
+0.4910528235438196E+04 +0.9999990989377772E+00 +0.5132656968207664E-07 +0.9999990713831204E+00
+0.4910590821621075E+04 +0.9999991020618264E+00 +0.5088989545203332E-07 +0.9999990738125238E+00
+0.4910653407803952E+04 +0.9999991051627358E+00 +0.5045743994460931E-07 +0.9999990761677515E+00
+0.4910715993986830E+04 +0.9999991082410181E+00 +0.5002947368404886E-07 +0.9999990784420100E+00
+0.4910778580169708E+04 +0.9999991112971217E+00 +0.4960627951254253E-07 +0.9999990806267884E+00
+0.4910841166352587E+04 +0.9999991143314246E+00 +0.4918814610024263E-07 +0.9999990827113253E+00
+0.4910903752535464E+04 +0.9999991173442291E+00 +0.4877535085264154E-07 +0.9999990846818179E+00
+0.4910966338718343E+04 +0.9999991203357689E+00 +0.4836813578251924E-07 +0.9999990865203521E+00
+0.4911028924901220E+04 +0.9999991233062331E+00 +0.4796668778711469E-07 +0.9999990882029357E+00
+0.4911091511084098E+04 +0.9999991262558018E+00 +0.4757113639343252E-07 +0.9999990896975975E+00
+0.4911154097266976E+04 +0.9999991291846791E+00 +0.4718157594689329E-07 +0.9999990909564789E+00
+0.4911216683449855E+04 +0.9999991320931080E+00 +0.4679810811211951E-07 +0.9999990919193014E+00
+0.4911279269632732E+04 +0.9999991349813524E+00 +0.4642088970457545E-07 +0.9999990924525182E+00
+0.4911341855815610E+04 +0.9999991378496500E+00 +0.4605016542004479E-07 +0.9999990924745997E+00
+0.4911404441998488E+04 +0.9999991406981454E+00 +0.4568626758623838E-07 +0.9999990912262385E+00
+0.4911467028181366E+04 +0.9999991435268256E+00 +0.4532957476466323E-07 +0.9999990901664021E+00
+0.4911529614364244E+04 +0.9999991463354819E+00 +0.4498043431107088E-07 +0.9999990800952687E+00
+0.4911592200547123E+04 +0.9999991491237153E+00 +0.4463906631888483E-07 +0.9999990750801613E+00
