# Macroscopic dielectric function epsm
#
# Momentum transfer Q=G+q in lattice cooridnates
# G:   0   0   0
# q:   0.0000000   0.0000000   0.0000000
# Momentum transfer Q=G+q in Cartesian cooridnates
# G:   0.0000000   0.0000000   0.0000000
# q:   0.0000000   0.0000000   0.0000000
# Norm2(G+q)   0.0000000
#
# Energy scale=   27.211384
# Used broadening in scaled energy units:    0.890000
#
# Number of k-points=     384
# Unit cell volume [au]=  734.220916
# Coulomb potential v(Q) [au]=          0.000000
#
#             Frequency                Re(epsm)                Im(epsm)       Re(epsm) form KKT
+0.4849068603852000E+04 +0.1000000588111824E+01 +0.2385932741240957E-07 +0.1000000631486803E+01
+0.4849131190034877E+04 +0.1000000589345163E+01 +0.2405390403813869E-07 +0.1000000628510233E+01
+0.4849193776217756E+04 +0.1000000590571894E+01 +0.2425490222974840E-07 +0.1000000622816814E+01
+0.4849256362400634E+04 +0.1000000591791366E+01 +0.2446054423130483E-07 +0.1000000621925219E+01
+0.4849318948583512E+04 +0.1000000593003215E+01 +0.2466912000862739E-07 +0.1000000620915994E+01
+0.4849381534766390E+04 +0.1000000594207249E+01 +0.2487903324283350E-07 +0.1000000620569713E+01
+0.4849444120949268E+04 +0.1000000595403341E+01 +0.2508877634149435E-07 +0.1000000620479779E+01
+0.4849506707132145E+04 +0.1000000596591352E+01 +0.2529683605714567E-07 +0.1000000620602348E+01
+0.4849569293315024E+04 +0.1000000597771130E+01 +0.2550155832723079E-07 +0.1000000620865654E+01
+0.4849631879497902E+04 +0.1000000598942606E+01 +0.2570102166083182E-07 +0.1000000621237286E+01
+0.4849694465680780E+04 +0.1000000600105968E+01 +0.2589297361744200E-07 +0.1000000621691749E+01
+0.4849757051863658E+04 +0.1000000601261875E+01 +0.2607487169758485E-07 +0.1000000622212501E+01
+0.4849819638046536E+04 +0.1000000602411652E+01 +0.2624404226961257E-07 +0.1000000622787867E+01
+0.4849882224229414E+04 +0.1000000603557402E+01 +0.2639793744479276E-07 +0.1000000623410094E+01
+0.4849944810412292E+04 +0.1000000604701990E+01 +0.2653443983459014E-07 +0.1000000624074264E+01
+0.4850007396595171E+04 +0.1000000605848886E+01 +0.2665214768121232E-07 +0.1000000624777582E+01
+0.4850069982778048E+04 +0.1000000607001901E+01 +0.2675057406599999E-07 +0.1000000625518719E+01
+0.4850132568960926E+04 +0.1000000608164852E+01 +0.2683021493351807E-07 +0.1000000626297244E+01
+0.4850195155143804E+04 +0.1000000609341242E+01 +0.2689247568671310E-07 +0.1000000627113137E+01
+0.4850257741326682E+04 +0.1000000610534010E+01 +0.2693948310881654E-07 +0.1000000627966426E+01
+0.4850320327509559E+04 +0.1000000611745391E+01 +0.2697383515194100E-07 +0.1000000628856937E+01
+0.4850382913692439E+04 +0.1000000612976887E+01 +0.2699834771440105E-07 +0.1000000629784181E+01
+0.4850445499875316E+04 +0.1000000614229325E+01 +0.2701584541532583E-07 +0.1000000630747330E+01
+0.4850508086058194E+04 +0.1000000615502966E+01 +0.2702901987387023E-07 +0.1000000631745249E+01
+0.4850570672241072E+04 +0.1000000616797621E+01 +0.2704035382079399E-07 +0.1000000632776554E+01
+0.4850633258423950E+04 +0.1000000618112739E+01 +0.2705209078470459E-07 +0.1000000633839665E+01
+0.4850695844606827E+04 +0.1000000619447470E+01 +0.2706622288059146E-07 +0.1000000634932840E+01
+0.4850758430789706E+04 +0.1000000620800713E+01 +0.2708447388762004E-07 +0.1000000636054202E+01
+0.4850821016972584E+04 +0.1000000622171146E+01 +0.2710826775656246E-07 +0.1000000637201764E+01
+0.4850883603155462E+04 +0.1000000623557285E+01 +0.2713868771205689E-07 +0.1000000638373472E+01
+0.4850946189338340E+04 +0.1000000624957560E+01 +0.2717644184838220E-07 +0.1000000639567261E+01
+0.4851008775521218E+04 +0.1000000626370412E+01 +0.2722185353812211E-07 +0.1000000640781141E+01
+0.4851071361704096E+04 +0.1000000627794395E+01 +0.2727488873775938E-07 +0.1000000642013273E+01
+0.4851133947886974E+04 +0.1000000629228271E+01 +0.2733522055686241E-07 +0.1000000643262042E+01
+0.4851196534069853E+04 +0.1000000630671054E+01 +0.2740231955404934E-07 +0.1000000644526104E+01
+0.4851259120252730E+04 +0.1000000632122042E+01 +0.2747555134586909E-07 +0.1000000645804398E+01
+0.4851321706435608E+04 +0.1000000633580787E+01 +0.2755426402052839E-07 +0.1000000647096128E+01
+0.4851384292618486E+04 +0.1000000635047069E+01 +0.2763785538747149E-07 +0.1000000648400736E+01
+0.4851446878801364E+04 +0.1000000636520844E+01 +0.2772581974786319E-07 +0.1000000649717853E+01
+0.4851509464984242E+04 +0.1000000638002201E+01 +0.2781778026766892E-07 +0.1000000651047257E+01
+0.4851572051167121E+04 +0.1000000639491305E+01 +0.2791351299651761E-07 +0.1000000652388819E+01
+0.4851634637349998E+04 +0.1000000640988350E+01 +0.2801296283309153E-07 +0.1000000653742449E+01
+0.4851697223532876E+04 +0.1000000642493482E+01 +0.2811624439559205E-07 +0.1000000655108033E+01
+0.4851759809715754E+04 +0.1000000644006730E+01 +0.2822361694350301E-07 +0.1000000656485368E+01
+0.4851822395898632E+04 +0.1000000645527938E+01 +0.2833542549403727E-07 +0.1000000657874101E+01
+0.4851884982081510E+04 +0.1000000647056718E+01 +0.2845200962638068E-07 +0.1000000659273696E+01
+0.4851947568264388E+04 +0.1000000648592457E+01 +0.2857359319216808E-07 +0.1000000660683439E+01
+0.4852010154447266E+04 +0.1000000650134362E+01 +0.2870017698864557E-07 +0.1000000662102475E+01
+0.4852072740630144E+04 +0.1000000651681561E+01 +0.2883145862490057E-07 +0.1000000663529899E+01
+0.4852135326813021E+04 +0.1000000653233226E+01 +0.2896679858156646E-07 +0.1000000664964863E+01
+0.4852197912995900E+04 +0.1000000654788705E+01 +0.2910524090204502E-07 +0.1000000666406687E+01
+0.4852260499178778E+04 +0.1000000656347638E+01 +0.2924558473822223E-07 +0.1000000667854959E+01
+0.4852323085361656E+04 +0.1000000657910035E+01 +0.2938649306724833E-07 +0.1000000669309606E+01
+0.4852385671544534E+04 +0.1000000659476308E+01 +0.2952662015849125E-07 +0.1000000670770922E+01
+0.4852448257727412E+04 +0.1000000661047257E+01 +0.2966474015872970E-07 +0.1000000672239557E+01
+0.4852510843910290E+04 +0.1000000662624025E+01 +0.2979986294344690E-07 +0.1000000673716472E+01
+0.4852573430093168E+04 +0.1000000664208003E+01 +0.2993132652294328E-07 +0.1000000675202859E+01
+0.4852636016276046E+04 +0.1000000665800725E+01 +0.3005885626746864E-07 +0.1000000676700044E+01
+0.4852698602458924E+04 +0.1000000667403740E+01 +0.3018258222787359E-07 +0.1000000678209375E+01
+0.4852761188641803E+04 +0.1000000669018497E+01 +0.3030301070344860E-07 +0.1000000679732117E+01
+0.4852823774824680E+04 +0.1000000670646244E+01 +0.3042095615105965E-07 +0.1000000681269368E+01
+0.4852886361007558E+04 +0.1000000672287981E+01 +0.3053745091278458E-07 +0.1000000682822009E+01
+0.4852948947190435E+04 +0.1000000673944446E+01 +0.3065365678983119E-07 +0.1000000684390689E+01
+0.4853011533373314E+04 +0.1000000675616141E+01 +0.3077079990082768E-07 +0.1000000685975836E+01
+0.4853074119556192E+04 +0.1000000677303363E+01 +0.3089013920305053E-07 +0.1000000687577685E+01
+0.4853136705739070E+04 +0.1000000679006226E+01 +0.3101296454495172E-07 +0.1000000689196287E+01
+0.4853199291921948E+04 +0.1000000680724664E+01 +0.3114060842978328E-07 +0.1000000690831509E+01
+0.4853261878104826E+04 +0.1000000682458391E+01 +0.3127445116722513E-07 +0.1000000692483004E+01
+0.4853324464287703E+04 +0.1000000684206858E+01 +0.3141590252644623E-07 +0.1000000694150176E+01
+0.4853387050470582E+04 +0.1000000685969199E+01 +0.3156635168207204E-07 +0.1000000695832131E+01
+0.4853449636653460E+04 +0.1000000687744191E+01 +0.3172708677873350E-07 +0.1000000697527653E+01
+0.4853512222836338E+04 +0.1000000689530243E+01 +0.3189919222071308E-07 +0.1000000699235196E+01
+0.4853574809019216E+04 +0.1000000691325422E+01 +0.3208343470925589E-07 +0.1000000700952907E+01
+0.4853637395202094E+04 +0.1000000693127509E+01 +0.3228014942754549E-07 +0.1000000702678686E+01
+0.4853699981384972E+04 +0.1000000694934099E+01 +0.3248913779374628E-07 +0.1000000704410276E+01
+0.4853762567567850E+04 +0.1000000696742736E+01 +0.3270958910980782E-07 +0.1000000706145393E+01
+0.4853825153750729E+04 +0.1000000698551080E+01 +0.3294003975136879E-07 +0.1000000707881874E+01
+0.4853887739933606E+04 +0.1000000700357095E+01 +0.3317838357631952E-07 +0.1000000709617848E+01
+0.4853950326116484E+04 +0.1000000702159239E+01 +0.3342194421510720E-07 +0.1000000711351907E+01
+0.4854012912299362E+04 +0.1000000703956634E+01 +0.3366761297893641E-07 +0.1000000713083255E+01
+0.4854075498482240E+04 +0.1000000705749192E+01 +0.3391204570863374E-07 +0.1000000714811814E+01
+0.4854138084665117E+04 +0.1000000707537666E+01 +0.3415189972908177E-07 +0.1000000716538272E+01
+0.4854200670847996E+04 +0.1000000709323621E+01 +0.3438408112246084E-07 +0.1000000718264051E+01
+0.4854263257030874E+04 +0.1000000711109317E+01 +0.3460596652923199E-07 +0.1000000719991207E+01
+0.4854325843213752E+04 +0.1000000712897521E+01 +0.3481556598768526E-07 +0.1000000721722267E+01
+0.4854388429396630E+04 +0.1000000714691294E+01 +0.3501160505171542E-07 +0.1000000723460035E+01
+0.4854451015579508E+04 +0.1000000716493767E+01 +0.3519352295977478E-07 +0.1000000725207403E+01
+0.4854513601762385E+04 +0.1000000718307962E+01 +0.3536140284044204E-07 +0.1000000726967183E+01
+0.4854576187945264E+04 +0.1000000720136667E+01 +0.3551586264553826E-07 +0.1000000728741992E+01
+0.4854638774128142E+04 +0.1000000721982360E+01 +0.3565793696872135E-07 +0.1000000730534173E+01
+0.4854701360311020E+04 +0.1000000723847174E+01 +0.3578897046501309E-07 +0.1000000732345758E+01
+0.4854763946493898E+04 +0.1000000725732894E+01 +0.3591052877816625E-07 +0.1000000734178455E+01
+0.4854826532676776E+04 +0.1000000727640944E+01 +0.3602432083415471E-07 +0.1000000736033638E+01
+0.4854889118859654E+04 +0.1000000729572401E+01 +0.3613212338705900E-07 +0.1000000737912358E+01
+0.4854951705042532E+04 +0.1000000731528013E+01 +0.3623570543673149E-07 +0.1000000739815359E+01
+0.4855014291225410E+04 +0.1000000733508244E+01 +0.3633676084040010E-07 +0.1000000741743124E+01
+0.4855076877408288E+04 +0.1000000735513339E+01 +0.3643686365185162E-07 +0.1000000743695923E+01
+0.4855139463591166E+04 +0.1000000737543396E+01 +0.3653745708735876E-07 +0.1000000745673878E+01
+0.4855202049774044E+04 +0.1000000739598423E+01 +0.3663987506699946E-07 +0.1000000747677015E+01
+0.4855264635956922E+04 +0.1000000741678371E+01 +0.3674538228047829E-07 +0.1000000749705284E+01
+0.4855327222139799E+04 +0.1000000743783129E+01 +0.3685521257098422E-07 +0.1000000751758566E+01
+0.4855389808322679E+04 +0.1000000745912502E+01 +0.3697058941393337E-07 +0.1000000753836657E+01
+0.4855452394505556E+04 +0.1000000748066185E+01 +0.3709272334112586E-07 +0.1000000755939245E+01
+0.4855514980688434E+04 +0.1000000750243745E+01 +0.3722279246583269E-07 +0.1000000758065900E+01
+0.4855577566871312E+04 +0.1000000752444615E+01 +0.3736191776289643E-07 +0.1000000760216063E+01
+0.4855640153054190E+04 +0.1000000754668100E+01 +0.3751114268943577E-07 +0.1000000762389056E+01
+0.4855702739237067E+04 +0.1000000756913386E+01 +0.3767141988617438E-07 +0.1000000764584085E+01
+0.4855765325419947E+04 +0.1000000759179541E+01 +0.3784360089981642E-07 +0.1000000766800240E+01
+0.4855827911602824E+04 +0.1000000761465513E+01 +0.3802842177134160E-07 +0.1000000769036500E+01
+0.4855890497785702E+04 +0.1000000763770124E+01 +0.3822647869307569E-07 +0.1000000771291725E+01
+0.4855953083968580E+04 +0.1000000766092074E+01 +0.3843819204187023E-07 +0.1000000773564669E+01
+0.4856015670151458E+04 +0.1000000768429951E+01 +0.3866376155146093E-07 +0.1000000775853988E+01
+0.4856078256334335E+04 +0.1000000770782270E+01 +0.3890311866560035E-07 +0.1000000778158279E+01
+0.4856140842517214E+04 +0.1000000773147520E+01 +0.3915588394809131E-07 +0.1000000780476128E+01
+0.4856203428700092E+04 +0.1000000775524243E+01 +0.3942133817616026E-07 +0.1000000782806179E+01
+0.4856266014882970E+04 +0.1000000777911115E+01 +0.3969841552639160E-07 +0.1000000785147207E+01
+0.4856328601065848E+04 +0.1000000780307046E+01 +0.3998572559799825E-07 +0.1000000787498210E+01
+0.4856391187248726E+04 +0.1000000782711263E+01 +0.4028160723978658E-07 +0.1000000789858482E+01
+0.4856453773431604E+04 +0.1000000785123382E+01 +0.4058421126926374E-07 +0.1000000792227675E+01
+0.4856516359614482E+04 +0.1000000787543446E+01 +0.4089160255181759E-07 +0.1000000794605834E+01
+0.4856578945797361E+04 +0.1000000789971933E+01 +0.4120186707752543E-07 +0.1000000796993407E+01
+0.4856641531980238E+04 +0.1000000792409724E+01 +0.4151320918244226E-07 +0.1000000799391216E+01
+0.4856704118163116E+04 +0.1000000794858057E+01 +0.4182402884734334E-07 +0.1000000801800421E+01
+0.4856766704345994E+04 +0.1000000797318471E+01 +0.4213297730566252E-07 +0.1000000804222465E+01
+0.4856829290528872E+04 +0.1000000799792748E+01 +0.4243899692534169E-07 +0.1000000806659027E+01
+0.4856891876711750E+04 +0.1000000802282861E+01 +0.4274135419727086E-07 +0.1000000809111965E+01
+0.4856954462894629E+04 +0.1000000804790917E+01 +0.4303967099795618E-07 +0.1000000811583261E+01
+0.4857017049077506E+04 +0.1000000807319089E+01 +0.4333395167237036E-07 +0.1000000814074957E+01
+0.4857079635260384E+04 +0.1000000809869537E+01 +0.4362459735575235E-07 +0.1000000816589081E+01
+0.4857142221443262E+04 +0.1000000812444319E+01 +0.4391239872120380E-07 +0.1000000819127564E+01
+0.4857204807626140E+04 +0.1000000815045309E+01 +0.4419850390066794E-07 +0.1000000821692168E+01
+0.4857267393809017E+04 +0.1000000817674121E+01 +0.4448436528080744E-07 +0.1000000824284415E+01
+0.4857329979991896E+04 +0.1000000820332053E+01 +0.4477167238396861E-07 +0.1000000826905534E+01
+0.4857392566174774E+04 +0.1000000823020052E+01 +0.4506227677523180E-07 +0.1000000829556426E+01
+0.4857455152357652E+04 +0.1000000825738682E+01 +0.4535811153453988E-07 +0.1000000832237640E+01
+0.4857517738540530E+04 +0.1000000828488124E+01 +0.4566110595916013E-07 +0.1000000834949363E+01
+0.4857580324723408E+04 +0.1000000831268178E+01 +0.4597309729956120E-07 +0.1000000837691438E+01
+0.4857642910906286E+04 +0.1000000834078302E+01 +0.4629574413561803E-07 +0.1000000840463384E+01
+0.4857705497089164E+04 +0.1000000836917659E+01 +0.4663044804772312E-07 +0.1000000843264453E+01
+0.4857768083272043E+04 +0.1000000839785190E+01 +0.4697829010079537E-07 +0.1000000846093693E+01
+0.4857830669454920E+04 +0.1000000842679703E+01 +0.4733998665440007E-07 +0.1000000848950027E+01
+0.4857893255637798E+04 +0.1000000845599962E+01 +0.4771586655803404E-07 +0.1000000851832339E+01
+0.4857955841820676E+04 +0.1000000848544786E+01 +0.4810587026226199E-07 +0.1000000854739566E+01
+0.4858018428003554E+04 +0.1000000851513149E+01 +0.4850957129274983E-07 +0.1000000857670788E+01
+0.4858081014186432E+04 +0.1000000854504269E+01 +0.4892622139343590E-07 +0.1000000860625312E+01
+0.4858143600369311E+04 +0.1000000857517694E+01 +0.4935482123984079E-07 +0.1000000863602746E+01
+0.4858206186552188E+04 +0.1000000860553368E+01 +0.4979421751696926E-07 +0.1000000866603063E+01
+0.4858268772735066E+04 +0.1000000863611669E+01 +0.5024322323751506E-07 +0.1000000869626625E+01
+0.4858331358917943E+04 +0.1000000866693401E+01 +0.5070075143804274E-07 +0.1000000872674181E+01
+0.4858393945100822E+04 +0.1000000869799745E+01 +0.5116594472820294E-07 +0.1000000875746815E+01
+0.4858456531283700E+04 +0.1000000872932155E+01 +0.5163827831443801E-07 +0.1000000878845860E+01
+0.4858519117466578E+04 +0.1000000876092225E+01 +0.5211761592891844E-07 +0.1000000881972780E+01
+0.4858581703649456E+04 +0.1000000879281551E+01 +0.5260420778442313E-07 +0.1000000885129051E+01
+0.4858644289832334E+04 +0.1000000882501608E+01 +0.5309863420453056E-07 +0.1000000888316053E+01
+0.4858706876015211E+04 +0.1000000885753668E+01 +0.5360171193596135E-07 +0.1000000891534996E+01
+0.4858769462198090E+04 +0.1000000889038771E+01 +0.5411438694693196E-07 +0.1000000894786893E+01
+0.4858832048380968E+04 +0.1000000892357737E+01 +0.5463763610962350E-07 +0.1000000898072563E+01
+0.4858894634563846E+04 +0.1000000895711208E+01 +0.5517239299073236E-07 +0.1000000901392668E+01
+0.4858957220746724E+04 +0.1000000899099715E+01 +0.5571950424020895E-07 +0.1000000904747766E+01
+0.4859019806929602E+04 +0.1000000902523736E+01 +0.5627971600079151E-07 +0.1000000908138366E+01
+0.4859082393112480E+04 +0.1000000905983756E+01 +0.5685368538744645E-07 +0.1000000911564972E+01
+0.4859144979295358E+04 +0.1000000909480306E+01 +0.5744200981537571E-07 +0.1000000915028125E+01
+0.4859207565478236E+04 +0.1000000913013980E+01 +0.5804526582695853E-07 +0.1000000918528418E+01
+0.4859270151661114E+04 +0.1000000916585441E+01 +0.5866404857739547E-07 +0.1000000922066498E+01
+0.4859332737843992E+04 +0.1000000920195397E+01 +0.5929900336207874E-07 +0.1000000925643052E+01
+0.4859395324026870E+04 +0.1000000923844572E+01 +0.5995084182897396E-07 +0.1000000929258779E+01
+0.4859457910209748E+04 +0.1000000927533668E+01 +0.6062033794576767E-07 +0.1000000932914361E+01
+0.4859520496392625E+04 +0.1000000931263333E+01 +0.6130830213168140E-07 +0.1000000936610439E+01
+0.4859583082575504E+04 +0.1000000935034142E+01 +0.6201553580910281E-07 +0.1000000940347596E+01
+0.4859645668758382E+04 +0.1000000938846601E+01 +0.6274277276251721E-07 +0.1000000944126368E+01
+0.4859708254941260E+04 +0.1000000942701185E+01 +0.6349061797148112E-07 +0.1000000947947277E+01
+0.4859770841124138E+04 +0.1000000946598407E+01 +0.6425949833286476E-07 +0.1000000951810895E+01
+0.4859833427307016E+04 +0.1000000950538911E+01 +0.6504964131033373E-07 +0.1000000955717928E+01
+0.4859896013489893E+04 +0.1000000954523593E+01 +0.6586109517498230E-07 +0.1000000959669316E+01
+0.4859958599672772E+04 +0.1000000958553700E+01 +0.6669379744451476E-07 +0.1000000963666326E+01
+0.4860021185855650E+04 +0.1000000962630922E+01 +0.6754768793178554E-07 +0.1000000967710621E+01
+0.4860083772038528E+04 +0.1000000966757427E+01 +0.6842285278126666E-07 +0.1000000971804295E+01
+0.4860146358221406E+04 +0.1000000970935848E+01 +0.6931967932995022E-07 +0.1000000975949861E+01
+0.4860208944404284E+04 +0.1000000975169221E+01 +0.7023900026087719E-07 +0.1000000980150190E+01
+0.4860271530587162E+04 +0.1000000979460878E+01 +0.7118220890269947E-07 +0.1000000984408418E+01
+0.4860334116770040E+04 +0.1000000983814308E+01 +0.7215133384986308E-07 +0.1000000988727825E+01
+0.4860396702952919E+04 +0.1000000988233017E+01 +0.7314906820822158E-07 +0.1000000993111701E+01
+0.4860459289135796E+04 +0.1000000992720383E+01 +0.7417875511507249E-07 +0.1000000997563222E+01
+0.4860521875318674E+04 +0.1000000997279534E+01 +0.7524433602583148E-07 +0.1000001002085338E+01
+0.4860584461501552E+04 +0.1000001001913259E+01 +0.7635027156721234E-07 +0.1000001006680682E+01
+0.4860647047684430E+04 +0.1000001006623940E+01 +0.7750144666907732E-07 +0.1000001011351517E+01
+0.4860709633867307E+04 +0.1000001011413536E+01 +0.7870307222991182E-07 +0.1000001016099709E+01
+0.4860772220050187E+04 +0.1000001016283584E+01 +0.7996059480605718E-07 +0.1000001020926732E+01
+0.4860834806233064E+04 +0.1000001021235239E+01 +0.8127962409469782E-07 +0.1000001025833698E+01
+0.4860897392415942E+04 +0.1000001026269334E+01 +0.8266588580345290E-07 +0.1000001030821403E+01
+0.4860959978598820E+04 +0.1000001031386442E+01 +0.8412520508587185E-07 +0.1000001035890388E+01
+0.4861022564781698E+04 +0.1000001036586952E+01 +0.8566352287566611E-07 +0.1000001041040996E+01
+0.4861085150964575E+04 +0.1000001041871125E+01 +0.8728694399956676E-07 +0.1000001046273423E+01
+0.4861147737147454E+04 +0.1000001047239136E+01 +0.8900181235912953E-07 +0.1000001051587754E+01
+0.4861210323330332E+04 +0.1000001052691093E+01 +0.9081480594455061E-07 +0.1000001056983970E+01
+0.4861272909513210E+04 +0.1000001058227021E+01 +0.9273304419365353E-07 +0.1000001062461937E+01
+0.4861335495696088E+04 +0.1000001063846827E+01 +0.9476420244210581E-07 +0.1000001068021365E+01
+0.4861398081878966E+04 +0.1000001069550234E+01 +0.9691663160452325E-07 +0.1000001073661740E+01
+0.4861460668061844E+04 +0.1000001075336689E+01 +0.9919948343931686E-07 +0.1000001079382233E+01
+0.4861523254244722E+04 +0.1000001081205232E+01 +0.1016228407555888E-06 +0.1000001085181564E+01
+0.4861585840427600E+04 +0.1000001087154322E+01 +0.1041978473262562E-06 +0.1000001091057834E+01
+0.4861648426610478E+04 +0.1000001093181612E+01 +0.1069368257884957E-06 +0.1000001097008302E+01
+0.4861711012793356E+04 +0.1000001099283662E+01 +0.1098533665656625E-06 +0.1000001103029114E+01
+0.4861773598976234E+04 +0.1000001105455601E+01 +0.1129623697771017E-06 +0.1000001109114981E+01
+0.4861836185159112E+04 +0.1000001111690748E+01 +0.1162800262779735E-06 +0.1000001115258819E+01
+0.4861898771341990E+04 +0.1000001117980207E+01 +0.1198237316655365E-06 +0.1000001121451368E+01
+0.4861961357524869E+04 +0.1000001124312434E+01 +0.1236119343630408E-06 +0.1000001127680778E+01
+0.4862023943707746E+04 +0.1000001130672800E+01 +0.1276639214160726E-06 +0.1000001133932191E+01
+0.4862086529890624E+04 +0.1000001137043112E+01 +0.1319995406155557E-06 +0.1000001140187289E+01
+0.4862149116073502E+04 +0.1000001143401101E+01 +0.1366388446235610E-06 +0.1000001146423803E+01
+0.4862211702256380E+04 +0.1000001149719841E+01 +0.1416016235880100E-06 +0.1000001152614978E+01
+0.4862274288439258E+04 +0.1000001155967103E+01 +0.1469067702701669E-06 +0.1000001158728995E+01
+0.4862336874622137E+04 +0.1000001162104653E+01 +0.1525714002673507E-06 +0.1000001164728358E+01
+0.4862399460805014E+04 +0.1000001168087568E+01 +0.1586096358169890E-06 +0.1000001170569330E+01
+0.4862462046987892E+04 +0.1000001173863653E+01 +0.1650309636567609E-06 +0.1000001176201506E+01
+0.4862524633170770E+04 +0.1000001179373164E+01 +0.1718381055484023E-06 +0.1000001181567683E+01
+0.4862587219353648E+04 +0.1000001184549043E+01 +0.1790244027682577E-06 +0.1000001186604252E+01
+0.4862649805536525E+04 +0.1000001189317952E+01 +0.1865708158051733E-06 +0.1000001191242315E+01
+0.4862712391719404E+04 +0.1000001193602369E+01 +0.1944427708014617E-06 +0.1000001195409786E+01
+0.4862774977902282E+04 +0.1000001197323945E+01 +0.2025872262528772E-06 +0.1000001199034597E+01
+0.4862837564085160E+04 +0.1000001200408182E+01 +0.2109304571742805E-06 +0.1000001202049066E+01
+0.4862900150268038E+04 +0.1000001202790303E+01 +0.2193771223552851E-06 +0.1000001204395263E+01
+0.4862962736450916E+04 +0.1000001204421912E+01 +0.2278111580978152E-06 +0.1000001206031014E+01
+0.4863025322633794E+04 +0.1000001205277822E+01 +0.2360989073829606E-06 +0.1000001206935980E+01
+0.4863087908816672E+04 +0.1000001205362232E+01 +0.2440946502310649E-06 +0.1000001207117071E+01
+0.4863150494999551E+04 +0.1000001204713356E+01 +0.2516483806145358E-06 +0.1000001206612422E+01
+0.4863213081182428E+04 +0.1000001203405659E+01 +0.2586153273840674E-06 +0.1000001205493191E+01
+0.4863275667365306E+04 +0.1000001201549026E+01 +0.2648663922543664E-06 +0.1000001203862599E+01
+0.4863338253548184E+04 +0.1000001199284513E+01 +0.2702984195762222E-06 +0.1000001201851926E+01
+0.4863400839731062E+04 +0.1000001196776721E+01 +0.2748430610104738E-06 +0.1000001199613529E+01
+0.4863463425913940E+04 +0.1000001194203323E+01 +0.2784730039686107E-06 +0.1000001197311392E+01
+0.4863526012096819E+04 +0.1000001191742776E+01 +0.2812045508568136E-06 +0.1000001195110122E+01
+0.4863588598279696E+04 +0.1000001189561665E+01 +0.2830959910227398E-06 +0.1000001193163646E+01
+0.4863651184462574E+04 +0.1000001187803274E+01 +0.2842418469330408E-06 +0.1000001191605016E+01
+0.4863713770645451E+04 +0.1000001186578856E+01 +0.2847637581997050E-06 +0.1000001190538563E+01
+0.4863776356828330E+04 +0.1000001185962581E+01 +0.2847993032939051E-06 +0.1000001190035258E+01
+0.4863838943011208E+04 +0.1000001185990513E+01 +0.2844902998681697E-06 +0.1000001190131611E+01
+0.4863901529194086E+04 +0.1000001186663284E+01 +0.2839720310231553E-06 +0.1000001190831855E+01
+0.4863964115376964E+04 +0.1000001187951694E+01 +0.2833644956886856E-06 +0.1000001192112774E+01
+0.4864026701559842E+04 +0.1000001189804189E+01 +0.2827663206693273E-06 +0.1000001193930280E+01
+0.4864089287742720E+04 +0.1000001192155169E+01 +0.2822515344566720E-06 +0.1000001196226819E+01
+0.4864151873925598E+04 +0.1000001194933194E+01 +0.2818690641931028E-06 +0.1000001198938757E+01
+0.4864214460108476E+04 +0.1000001198068325E+01 +0.2816445879815578E-06 +0.1000001202003051E+01
+0.4864277046291354E+04 +0.1000001201498053E+01 +0.2815842279854131E-06 +0.1000001205362678E+01
+0.4864339632474233E+04 +0.1000001205171423E+01 +0.2816794751829473E-06 +0.1000001208970479E+01
+0.4864402218657110E+04 +0.1000001209051192E+01 +0.2819126828086767E-06 +0.1000001212791237E+01
+0.4864464804839988E+04 +0.1000001213114055E+01 +0.2822624616378503E-06 +0.1000001216802039E+01
+0.4864527391022866E+04 +0.1000001217349188E+01 +0.2827083729009963E-06 +0.1000001220991126E+01
+0.4864589977205744E+04 +0.1000001221755539E+01 +0.2832344511444044E-06 +0.1000001225355611E+01
+0.4864652563388622E+04 +0.1000001226338434E+01 +0.2838312885729503E-06 +0.1000001229898557E+01
+0.4864715149571500E+04 +0.1000001231106078E+01 +0.2844966451033132E-06 +0.1000001234625935E+01
+0.4864777735754378E+04 +0.1000001236066496E+01 +0.2852347742816958E-06 +0.1000001239543919E+01
+0.4864840321937256E+04 +0.1000001241225292E+01 +0.2860548320689283E-06 +0.1000001244656867E+01
+0.4864902908120133E+04 +0.1000001246584423E+01 +0.2869688285794966E-06 +0.1000001249966162E+01
+0.4864965494303012E+04 +0.1000001252141943E+01 +0.2879895756311754E-06 +0.1000001255469900E+01
+0.4865028080485890E+04 +0.1000001257892537E+01 +0.2891289850990336E-06 +0.1000001261163267E+01
+0.4865090666668768E+04 +0.1000001263828540E+01 +0.2903969198613398E-06 +0.1000001267039366E+01
+0.4865153252851646E+04 +0.1000001269941132E+01 +0.2918006392590770E-06 +0.1000001273090238E+01
+0.4865215839034524E+04 +0.1000001276221488E+01 +0.2933447579700070E-06 +0.1000001279307861E+01
+0.4865278425217401E+04 +0.1000001282661720E+01 +0.2950315744087123E-06 +0.1000001285685004E+01
+0.4865341011400280E+04 +0.1000001289255563E+01 +0.2968616209951161E-06 +0.1000001292215863E+01
+0.4865403597583158E+04 +0.1000001295998825E+01 +0.2988343237656588E-06 +0.1000001298896486E+01
+0.4865466183766036E+04 +0.1000001302889621E+01 +0.3009487049188745E-06 +0.1000001305725003E+01
+0.4865528769948914E+04 +0.1000001309928418E+01 +0.3032040949429951E-06 +0.1000001312701669E+01
+0.4865591356131792E+04 +0.1000001317117902E+01 +0.3056008294142950E-06 +0.1000001319828745E+01
+0.4865653942314670E+04 +0.1000001324462666E+01 +0.3081408931991809E-06 +0.1000001327110203E+01
+0.4865716528497548E+04 +0.1000001331968712E+01 +0.3108284567915324E-06 +0.1000001334551281E+01
+0.4865779114680427E+04 +0.1000001339642824E+01 +0.3136702433896836E-06 +0.1000001342157913E+01
+0.4865841700863304E+04 +0.1000001347491870E+01 +0.3166756818367369E-06 +0.1000001349936106E+01
+0.4865904287046182E+04 +0.1000001355522127E+01 +0.3198568387643440E-06 +0.1000001357891327E+01
+0.4865966873229060E+04 +0.1000001363738713E+01 +0.3232281708527784E-06 +0.1000001366027986E+01
+0.4866029459411938E+04 +0.1000001372145182E+01 +0.3268061760219905E-06 +0.1000001374349044E+01
+0.4866092045594815E+04 +0.1000001380743271E+01 +0.3306090330431283E-06 +0.1000001382855758E+01
+0.4866154631777695E+04 +0.1000001389532764E+01 +0.3346562959900420E-06 +0.1000001391547511E+01
+0.4866217217960572E+04 +0.1000001398511391E+01 +0.3389686635569827E-06 +0.1000001400421700E+01
+0.4866279804143450E+04 +0.1000001407674712E+01 +0.3435677971407412E-06 +0.1000001409473606E+01
+0.4866342390326328E+04 +0.1000001417015977E+01 +0.3484761391453235E-06 +0.1000001418696260E+01
+0.4866404976509206E+04 +0.1000001426525961E+01 +0.3537166932804189E-06 +0.1000001428080301E+01
+0.4866467562692083E+04 +0.1000001436192848E+01 +0.3593127620315579E-06 +0.1000001437613859E+01
+0.4866530148874962E+04 +0.1000001446002166E+01 +0.3652876726464834E-06 +0.1000001447282495E+01
+0.4866592735057840E+04 +0.1000001455936788E+01 +0.3716645436254107E-06 +0.1000001457069177E+01
+0.4866655321240718E+04 +0.1000001465976965E+01 +0.3784661401153600E-06 +0.1000001466954279E+01
+0.4866717907423596E+04 +0.1000001476100299E+01 +0.3857148392108758E-06 +0.1000001476915520E+01
+0.4866780493606474E+04 +0.1000001486281582E+01 +0.3934326807638318E-06 +0.1000001486927788E+01
+0.4866843079789352E+04 +0.1000001496492414E+01 +0.4016414251490767E-06 +0.1000001496962771E+01
+0.4866905665972230E+04 +0.1000001506700553E+01 +0.4103624890166796E-06 +0.1000001506988372E+01
+0.4866968252155109E+04 +0.1000001516869015E+01 +0.4196165973760207E-06 +0.1000001516967925E+01
+0.4867030838337986E+04 +0.1000001526955022E+01 +0.4294229865088724E-06 +0.1000001526859311E+01
+0.4867093424520864E+04 +0.1000001536908965E+01 +0.4397980214723545E-06 +0.1000001536614124E+01
+0.4867156010703742E+04 +0.1000001546673631E+01 +0.4507531517991986E-06 +0.1000001546177113E+01
+0.4867218596886620E+04 +0.1000001556183997E+01 +0.4622922150956656E-06 +0.1000001555486168E+01
+0.4867281183069498E+04 +0.1000001565367909E+01 +0.4744082108260655E-06 +0.1000001564473134E+01
+0.4867343769252377E+04 +0.1000001574147991E+01 +0.4870798118852421E-06 +0.1000001573065746E+01
+0.4867406355435254E+04 +0.1000001582445059E+01 +0.5002680621860636E-06 +0.1000001581190889E+01
+0.4867468941618132E+04 +0.1000001590183175E+01 +0.5139139042284128E-06 +0.1000001588779266E+01
+0.4867531527801010E+04 +0.1000001597296163E+01 +0.5279373325291813E-06 +0.1000001595771265E+01
+0.4867594113983888E+04 +0.1000001603735046E+01 +0.5422389837026624E-06 +0.1000001602123506E+01
+0.4867656700166765E+04 +0.1000001609475359E+01 +0.5567047576198192E-06 +0.1000001607815136E+01
+0.4867719286349645E+04 +0.1000001614522950E+01 +0.5712135732748472E-06 +0.1000001612852696E+01
+0.4867781872532522E+04 +0.1000001618916795E+01 +0.5856476528156653E-06 +0.1000001617272303E+01
+0.4867844458715400E+04 +0.1000001622727656E+01 +0.5999039659681998E-06 +0.1000001621138229E+01
+0.4867907044898278E+04 +0.1000001626052115E+01 +0.6139049006189122E-06 +0.1000001624537516E+01
+0.4867969631081156E+04 +0.1000001629002554E+01 +0.6276060909599526E-06 +0.1000001627571162E+01
+0.4868032217264034E+04 +0.1000001631694609E+01 +0.6409997545889563E-06 +0.1000001630343182E+01
+0.4868094803446912E+04 +0.1000001634234319E+01 +0.6541127974171648E-06 +0.1000001632949416E+01
+0.4868157389629790E+04 +0.1000001636707275E+01 +0.6670000895969855E-06 +0.1000001635468031E+01
+0.4868219975812668E+04 +0.1000001639171596E+01 +0.6797343530296523E-06 +0.1000001637953275E+01
+0.4868282561995546E+04 +0.1000001641655650E+01 +0.6923947274028565E-06 +0.1000001640433255E+01
+0.4868345148178424E+04 +0.1000001644160318E+01 +0.7050561469382233E-06 +0.1000001642911651E+01
+0.4868407734361302E+04 +0.1000001646664773E+01 +0.7177812134199104E-06 +0.1000001645372503E+01
+0.4868470320544180E+04 +0.1000001649134196E+01 +0.7306155007699067E-06 +0.1000001647786771E+01
+0.4868532906727059E+04 +0.1000001651527802E+01 +0.7435864326154137E-06 +0.1000001650119277E+01
+0.4868595492909936E+04 +0.1000001653805781E+01 +0.7567052330545902E-06 +0.1000001652334803E+01
+0.4868658079092814E+04 +0.1000001655934214E+01 +0.7699710359712177E-06 +0.1000001654402478E+01
+0.4868720665275692E+04 +0.1000001657887430E+01 +0.7833760296809164E-06 +0.1000001656298011E+01
+0.4868783251458570E+04 +0.1000001659647835E+01 +0.7969104734449123E-06 +0.1000001658003721E+01
+0.4868845837641448E+04 +0.1000001661203611E+01 +0.8105665444188191E-06 +0.1000001659506758E+01
+0.4868908423824327E+04 +0.1000001662545144E+01 +0.8243402689243580E-06 +0.1000001660796209E+01
+0.4868971010007204E+04 +0.1000001663661235E+01 +0.8382312391647331E-06 +0.1000001661860011E+01
+0.4869033596190082E+04 +0.1000001664536183E+01 +0.8522403361416435E-06 +0.1000001662682577E+01
+0.4869096182372959E+04 +0.1000001665148582E+01 +0.8663661547481989E-06 +0.1000001663243857E+01
+0.4869158768555838E+04 +0.1000001665472269E+01 +0.8806011457273700E-06 +0.1000001663520199E+01
+0.4869221354738716E+04 +0.1000001665479317E+01 +0.8949285755319137E-06 +0.1000001663486916E+01
+0.4869283940921594E+04 +0.1000001665144455E+01 +0.9093212345925590E-06 +0.1000001663122041E+01
+0.4869346527104472E+04 +0.1000001664449925E+01 +0.9237424309565404E-06 +0.1000001662410424E+01
+0.4869409113287350E+04 +0.1000001663389654E+01 +0.9381492798813087E-06 +0.1000001661347230E+01
+0.4869471699470228E+04 +0.1000001661971698E+01 +0.9524977674103314E-06 +0.1000001659939950E+01
+0.4869534285653106E+04 +0.1000001660218315E+01 +0.9667486553812252E-06 +0.1000001658208380E+01
+0.4869596871835984E+04 +0.1000001658163488E+01 +0.9808731007859238E-06 +0.1000001656182420E+01
+0.4869659458018862E+04 +0.1000001655848246E+01 +0.9948569197917358E-06 +0.1000001653897967E+01
+0.4869722044201741E+04 +0.1000001653314550E+01 +0.1008702705407737E-05 +0.1000001651391569E+01
+0.4869784630384618E+04 +0.1000001650598731E+01 +0.1022429421546257E-05 +0.1000001648694678E+01
+0.4869847216567496E+04 +0.1000001647725500E+01 +0.1036069536076976E-05 +0.1000001645828395E+01
+0.4869909802750374E+04 +0.1000001644703403E+01 +0.1049664132011548E-05 +0.1000001642799464E+01
+0.4869972388933252E+04 +0.1000001641522327E+01 +0.1063256703765413E-05 +0.1000001639598061E+01
+0.4870034975116130E+04 +0.1000001638153343E+01 +0.1076886493326291E-05 +0.1000001636197650E+01
+0.4870097561299009E+04 +0.1000001634550856E+01 +0.1090582246266288E-05 +0.1000001632556862E+01
+0.4870160147481886E+04 +0.1000001630656676E+01 +0.1104357165855073E-05 +0.1000001628623080E+01
+0.4870222733664764E+04 +0.1000001626405399E+01 +0.1118205624362248E-05 +0.1000001624337205E+01
+0.4870285319847641E+04 +0.1000001621730310E+01 +0.1132101890520759E-05 +0.1000001619638909E+01
+0.4870347906030520E+04 +0.1000001616569046E+01 +0.1146000806199013E-05 +0.1000001614471724E+01
+0.4870410492213398E+04 +0.1000001610868341E+01 +0.1159840045641970E-05 +0.1000001608787366E+01
+0.4870473078396276E+04 +0.1000001604587425E+01 +0.1173543358027542E-05 +0.1000001602548934E+01
+0.4870535664579154E+04 +0.1000001597699944E+01 +0.1187024069885689E-05 +0.1000001595732863E+01
+0.4870598250762032E+04 +0.1000001590194674E+01 +0.1200188157445185E-05 +0.1000001588329869E+01
+0.4870660836944910E+04 +0.1000001582075580E+01 +0.1212936424871736E-05 +0.1000001580345323E+01
+0.4870723423127788E+04 +0.1000001573362004E+01 +0.1225165719865967E-05 +0.1000001571799713E+01
+0.4870786009310666E+04 +0.1000001564089673E+01 +0.1236769581712669E-05 +0.1000001562729715E+01
+0.4870848595493544E+04 +0.1000001554312901E+01 +0.1247639098795303E-05 +0.1000001553190192E+01
+0.4870911181676423E+04 +0.1000001544107894E+01 +0.1257664919325975E-05 +0.1000001543256974E+01
+0.4870973767859300E+04 +0.1000001533576470E+01 +0.1266741244151134E-05 +0.1000001533029862E+01
+0.4871036354042178E+04 +0.1000001522849127E+01 +0.1274772243500256E-05 +0.1000001522634900E+01
+0.4871098940225056E+04 +0.1000001512086113E+01 +0.1281680749114079E-05 +0.1000001512224828E+01
+0.4871161526407935E+04 +0.1000001501475280E+01 +0.1287418394808292E-05 +0.1000001501976667E+01
+0.4871224112590812E+04 +0.1000001491225912E+01 +0.1291975769333435E-05 +0.1000001492085828E+01
+0.4871286698773690E+04 +0.1000001481558443E+01 +0.1295390780344728E-05 +0.1000001482756686E+01
+0.4871349284956568E+04 +0.1000001472690829E+01 +0.1297753444478427E-05 +0.1000001474190345E+01
+0.4871411871139446E+04 +0.1000001464823143E+01 +0.1299205755476147E-05 +0.1000001466570936E+01
+0.4871474457322323E+04 +0.1000001458122487E+01 +0.1299936062011578E-05 +0.1000001460052268E+01
+0.4871537043505202E+04 +0.1000001452710412E+01 +0.1300168343887469E-05 +0.1000001454746705E+01
+0.4871599629688080E+04 +0.1000001448654734E+01 +0.1300147706120313E-05 +0.1000001450717894E+01
+0.4871662215870958E+04 +0.1000001445966890E+01 +0.1300124113165924E-05 +0.1000001447978314E+01
+0.4871724802053836E+04 +0.1000001444605025E+01 +0.1300336693837777E-05 +0.1000001446491817E+01
+0.4871787388236714E+04 +0.1000001444481954E+01 +0.1301000775092862E-05 +0.1000001446180432E+01
+0.4871849974419591E+04 +0.1000001445476362E+01 +0.1302299185483937E-05 +0.1000001446934052E+01
+0.4871912560602470E+04 +0.1000001447445151E+01 +0.1304378466578258E-05 +0.1000001448621221E+01
+0.4871975146785348E+04 +0.1000001450234900E+01 +0.1307349674564707E-05 +0.1000001451099279E+01
+0.4872037732968226E+04 +0.1000001453690861E+01 +0.1311292669580129E-05 +0.1000001454222475E+01
+0.4872100319151104E+04 +0.1000001457662609E+01 +0.1316262334558448E-05 +0.1000001457847272E+01
+0.4872162905333982E+04 +0.1000001462006276E+01 +0.1322295101240527E-05 +0.1000001461834716E+01
+0.4872225491516860E+04 +0.1000001466583924E+01 +0.1329414449361591E-05 +0.1000001466050301E+01
+0.4872288077699738E+04 +0.1000001471261019E+01 +0.1337634552355630E-05 +0.1000001470362102E+01
+0.4872350663882617E+04 +0.1000001475903006E+01 +0.1346961775374029E-05 +0.1000001474638035E+01
+0.4872413250065494E+04 +0.1000001480371806E+01 +0.1357394106569865E-05 +0.1000001478742980E+01
+0.4872475836248372E+04 +0.1000001484522808E+01 +0.1368918733569646E-05 +0.1000001482536333E+01
+0.4872538422431250E+04 +0.1000001488202782E+01 +0.1381507918237275E-05 +0.1000001485870446E+01
+0.4872601008614128E+04 +0.1000001491249227E+01 +0.1395113243070043E-05 +0.1000001488590480E+01
+0.4872663594797006E+04 +0.1000001493491921E+01 +0.1409658397715377E-05 +0.1000001490536357E+01
+0.4872726180979885E+04 +0.1000001494757646E+01 +0.1425031065116821E-05 +0.1000001491547626E+01
+0.4872788767162762E+04 +0.1000001494879070E+01 +0.1441075127634894E-05 +0.1000001491471956E+01
+0.4872851353345640E+04 +0.1000001493708244E+01 +0.1457585151195404E-05 +0.1000001490177540E+01
+0.4872913939528518E+04 +0.1000001491134189E+01 +0.1474305598856527E-05 +0.1000001487568774E+01
+0.4872976525711396E+04 +0.1000001487102665E+01 +0.1490937123412082E-05 +0.1000001483603473E+01
+0.4873039111894273E+04 +0.1000001481634894E+01 +0.1507151361743092E-05 +0.1000001478308830E+01
+0.4873101698077153E+04 +0.1000001474841217E+01 +0.1522613950369742E-05 +0.1000001471792715E+01
+0.4873164284260030E+04 +0.1000001466925917E+01 +0.1537013406203934E-05 +0.1000001464247221E+01
+0.4873226870442908E+04 +0.1000001458180845E+01 +0.1550091732850481E-05 +0.1000001455942513E+01
+0.4873289456625786E+04 +0.1000001448967679E+01 +0.1561671773958748E-05 +0.1000001447210913E+01
+0.4873352042808664E+04 +0.1000001439691048E+01 +0.1571676770683965E-05 +0.1000001438423075E+01
+0.4873414628991542E+04 +0.1000001430766535E+01 +0.1580139139766605E-05 +0.1000001429959680E+01
+0.4873477215174420E+04 +0.1000001422588322E+01 +0.1587197641937269E-05 +0.1000001422182670E+01
+0.4873539801357299E+04 +0.1000001415500904E+01 +0.1593084219876311E-05 +0.1000001415409857E+01
+0.4873602387540176E+04 +0.1000001409778078E+01 +0.1598103360065551E-05 +0.1000001409895736E+01
+0.4873664973723054E+04 +0.1000001405610827E+01 +0.1602607636489673E-05 +0.1000001405819984E+01
+0.4873727559905932E+04 +0.1000001403104041E+01 +0.1606973113100833E-05 +0.1000001403283682E+01
+0.4873790146088810E+04 +0.1000001402280634E+01 +0.1611577648037274E-05 +0.1000001402312140E+01
+0.4873852732271688E+04 +0.1000001403090717E+01 +0.1616784069798678E-05 +0.1000001402862339E+01
+0.4873915318454567E+04 +0.1000001405423188E+01 +0.1622928942877544E-05 +0.1000001404832748E+01
+0.4873977904637444E+04 +0.1000001409117301E+01 +0.1630316477924810E-05 +0.1000001408073436E+01
+0.4874040490820322E+04 +0.1000001413972519E+01 +0.1639216303325465E-05 +0.1000001412394950E+01
+0.4874103077003200E+04 +0.1000001419755807E+01 +0.1649863442035982E-05 +0.1000001417575169E+01
+0.4874165663186078E+04 +0.1000001426206406E+01 +0.1662458935783904E-05 +0.1000001423364079E+01
+0.4874228249368956E+04 +0.1000001433038699E+01 +0.1677169998174902E-05 +0.1000001429486911E+01
+0.4874290835551835E+04 +0.1000001439944020E+01 +0.1694129141136002E-05 +0.1000001435646302E+01
+0.4874353421734712E+04 +0.1000001446592153E+01 +0.1713432184754227E-05 +0.1000001441524139E+01
+0.4874416007917590E+04 +0.1000001452633039E+01 +0.1735135294771518E-05 +0.1000001446783550E+01
+0.4874478594100467E+04 +0.1000001457699002E+01 +0.1759251200492299E-05 +0.1000001451071364E+01
+0.4874541180283346E+04 +0.1000001461407744E+01 +0.1785744658500920E-05 +0.1000001454021354E+01
+0.4874603766466224E+04 +0.1000001463366515E+01 +0.1814527214283907E-05 +0.1000001455258604E+01
+0.4874666352649102E+04 +0.1000001463177970E+01 +0.1845451479251805E-05 +0.1000001454405453E+01
+0.4874728938831980E+04 +0.1000001460448277E+01 +0.1878305462261364E-05 +0.1000001451089461E+01
+0.4874791525014858E+04 +0.1000001454797795E+01 +0.1912807839471613E-05 +0.1000001444953627E+01
+0.4874854111197736E+04 +0.1000001445874257E+01 +0.1948605246721036E-05 +0.1000001435668746E+01
+0.4874916697380614E+04 +0.1000001433367848E+01 +0.1985272621034305E-05 +0.1000001422947384E+01
+0.4874979283563492E+04 +0.1000001417027200E+01 +0.2022317300717392E-05 +0.1000001406558613E+01
+0.4875041869746370E+04 +0.1000001396675145E+01 +0.2059187131350206E-05 +0.1000001386342497E+01
+0.4875104455929249E+04 +0.1000001372223156E+01 +0.2095282396291762E-05 +0.1000001362223377E+01
+0.4875167042112126E+04 +0.1000001343683676E+01 +0.2129971149679282E-05 +0.1000001334221192E+01
+0.4875229628295004E+04 +0.1000001311179789E+01 +0.2162607527489855E-05 +0.1000001302460250E+01
+0.4875292214477882E+04 +0.1000001274951725E+01 +0.2192552759934347E-05 +0.1000001267174906E+01
+0.4875354800660760E+04 +0.1000001235359533E+01 +0.2219198707741141E-05 +0.1000001228711470E+01
+0.4875417386843638E+04 +0.1000001192880851E+01 +0.2241993572441615E-05 +0.1000001187525381E+01
+0.4875479973026517E+04 +0.1000001148102429E+01 +0.2260468864178506E-05 +0.1000001144172577E+01
+0.4875542559209394E+04 +0.1000001101704187E+01 +0.2274265842188170E-05 +0.1000001099294088E+01
+0.4875605145392272E+04 +0.1000001054435259E+01 +0.2283158795812194E-05 +0.1000001053593579E+01
+0.4875667731575149E+04 +0.1000001007082747E+01 +0.2287072124467456E-05 +0.1000001007808539E+01
+0.4875730317758028E+04 +0.1000000960435273E+01 +0.2286088484987016E-05 +0.1000000962677026E+01
+0.4875792903940906E+04 +0.1000000915244532E+01 +0.2280446284611015E-05 +0.1000000918902733E+01
+0.4875855490123784E+04 +0.1000000872188531E+01 +0.2270526206133672E-05 +0.1000000877121621E+01
+0.4875918076306662E+04 +0.1000000831839988E+01 +0.2256827855602226E-05 +0.1000000837873156E+01
+0.4875980662489540E+04 +0.1000000794642677E+01 +0.2239938719977630E-05 +0.1000000801578671E+01
+0.4876043248672418E+04 +0.1000000760897505E+01 +0.2220498299224148E-05 +0.1000000768528487E+01
+0.4876105834855296E+04 +0.1000000730759125E+01 +0.2199160566691132E-05 +0.1000000738878549E+01
+0.4876168421038175E+04 +0.1000000704242889E+01 +0.2176557892852744E-05 +0.1000000712656433E+01
+0.4876231007221052E+04 +0.1000000681241053E+01 +0.2153269301918350E-05 +0.1000000689775767E+01
+0.4876293593403931E+04 +0.1000000661546416E+01 +0.2129795451998500E-05 +0.1000000670057414E+01
+0.4876356179586808E+04 +0.1000000644880926E+01 +0.2106542059466125E-05 +0.1000000653255199E+01
+0.4876418765769686E+04 +0.1000000630926421E+01 +0.2083812655007108E-05 +0.1000000639083636E+01
+0.4876481351952564E+04 +0.1000000619354517E+01 +0.2061810613575277E-05 +0.1000000627244983E+01
+0.4876543938135443E+04 +0.1000000609852888E+01 +0.2040649434294312E-05 +0.1000000617453146E+01
+0.4876606524318320E+04 +0.1000000602145682E+01 +0.2020369393899034E-05 +0.1000000609452446E+01
+0.4876669110501198E+04 +0.1000000596006704E+01 +0.2000958105718690E-05 +0.1000000603029978E+01
+0.4876731696684076E+04 +0.1000000591264883E+01 +0.1982372285904626E-05 +0.1000000598021125E+01
+0.4876794282866954E+04 +0.1000000587802564E+01 +0.1964558167120860E-05 +0.1000000594308641E+01
+0.4876856869049831E+04 +0.1000000585547868E+01 +0.1947468432933722E-05 +0.1000000591816397E+01
+0.4876919455232710E+04 +0.1000000584462996E+01 +0.1931074179677055E-05 +0.1000000590499429E+01
+0.4876982041415588E+04 +0.1000000584530640E+01 +0.1915371181641401E-05 +0.1000000590332184E+01
+0.4877044627598466E+04 +0.1000000585740730E+01 +0.1900380585589663E-05 +0.1000000591296932E+01
+0.4877107213781344E+04 +0.1000000588079439E+01 +0.1886144986893973E-05 +0.1000000593374014E+01
+0.4877169799964222E+04 +0.1000000591521746E+01 +0.1872721467360722E-05 +0.1000000596535080E+01
+0.4877232386147100E+04 +0.1000000596028009E+01 +0.1860173430891277E-05 +0.1000000600739766E+01
+0.4877294972329978E+04 +0.1000000601544204E+01 +0.1848562898923704E-05 +0.1000000605935558E+01
+0.4877357558512856E+04 +0.1000000608004926E+01 +0.1837944433388081E-05 +0.1000000612060170E+01
+0.4877420144695734E+04 +0.1000000615338092E+01 +0.1828361263829727E-05 +0.1000000619045492E+01
+0.4877482730878613E+04 +0.1000000623470349E+01 +0.1819843721286967E-05 +0.1000000626822292E+01
+0.4877545317061490E+04 +0.1000000632332465E+01 +0.1812409828690358E-05 +0.1000000635324950E+01
+0.4877607903244368E+04 +0.1000000641864142E+01 +0.1806067833786944E-05 +0.1000000644495686E+01
+0.4877670489427246E+04 +0.1000000652017734E+01 +0.1800820468051727E-05 +0.1000000654287772E+01
+0.4877733075610125E+04 +0.1000000662760336E+01 +0.1796670629057220E-05 +0.1000000664667230E+01
+0.4877795661793002E+04 +0.1000000674073637E+01 +0.1793627941179158E-05 +0.1000000675612537E+01
+0.4877858247975880E+04 +0.1000000685951142E+01 +0.1791715309805137E-05 +0.1000000687112016E+01
+0.4877920834158758E+04 +0.1000000698392759E+01 +0.1790974327315822E-05 +0.1000000699158982E+01
+0.4877983420341636E+04 +0.1000000711397363E+01 +0.1791468413935354E-05 +0.1000000711745170E+01
+0.4878046006524513E+04 +0.1000000724954458E+01 +0.1793282965146592E-05 +0.1000000724853400E+01
+0.4878108592707393E+04 +0.1000000739036303E+01 +0.1796522423967646E-05 +0.1000000738450623E+01
+0.4878171178890270E+04 +0.1000000753591697E+01 +0.1801304860212480E-05 +0.1000000752482347E+01
+0.4878233765073148E+04 +0.1000000768542120E+01 +0.1807755081576220E-05 +0.1000000766869070E+01
+0.4878296351256026E+04 +0.1000000783780385E+01 +0.1815997407386320E-05 +0.1000000781504863E+01
+0.4878358937438904E+04 +0.1000000799171376E+01 +0.1826149040999734E-05 +0.1000000796257818E+01
+0.4878421523621781E+04 +0.1000000814554241E+01 +0.1838314610897560E-05 +0.1000000810971808E+01
+0.4878484109804661E+04 +0.1000000829745265E+01 +0.1852582052942288E-05 +0.1000000825468953E+01
+0.4878546695987538E+04 +0.1000000844540777E+01 +0.1869019669542153E-05 +0.1000000839552203E+01
+0.4878609282170416E+04 +0.1000000858719639E+01 +0.1887673960588628E-05 +0.1000000853007668E+01
+0.4878671868353294E+04 +0.1000000872045100E+01 +0.1908567676629412E-05 +0.1000000865606488E+01
+0.4878734454536172E+04 +0.1000000884266100E+01 +0.1931697496178521E-05 +0.1000000877106358E+01
+0.4878797040719050E+04 +0.1000000895118413E+01 +0.1957030794446847E-05 +0.1000000887253020E+01
+0.4878859626901928E+04 +0.1000000904326323E+01 +0.1984501180783477E-05 +0.1000000895782351E+01
+0.4878922213084807E+04 +0.1000000911605719E+01 +0.2014002850414590E-05 +0.1000000902423777E+01
+0.4878984799267684E+04 +0.1000000916669522E+01 +0.2045384284608661E-05 +0.1000000906905765E+01
+0.4879047385450562E+04 +0.1000000919236102E+01 +0.2078442337058171E-05 +0.1000000908963911E+01
+0.4879109971633440E+04 +0.1000000919040843E+01 +0.2112918110290586E-05 +0.1000000908351692E+01
+0.4879172557816318E+04 +0.1000000915850302E+01 +0.2148496107441460E-05 +0.1000000904853364E+01
+0.4879235143999196E+04 +0.1000000909477744E+01 +0.2184807867266401E-05 +0.1000000898297938E+01
+0.4879297730182075E+04 +0.1000000899798321E+01 +0.2221440697380453E-05 +0.1000000888572713E+01
+0.4879360316364952E+04 +0.1000000886762018E+01 +0.2257951365361968E-05 +0.1000000875634749E+01
+0.4879422902547830E+04 +0.1000000870402649E+01 +0.2293883882785670E-05 +0.1000000859518764E+01
+0.4879485488730708E+04 +0.1000000850841653E+01 +0.2328789965827156E-05 +0.1000000840340340E+01
+0.4879548074913586E+04 +0.1000000828285956E+01 +0.2362250420484432E-05 +0.1000000818293794E+01
+0.4879610661096464E+04 +0.1000000803019806E+01 +0.2393895554670562E-05 +0.1000000793644622E+01
+0.4879673247279343E+04 +0.1000000775391092E+01 +0.2423422748910462E-05 +0.1000000766717005E+01
+0.4879735833462220E+04 +0.1000000745793320E+01 +0.2450609567504324E-05 +0.1000000737877411E+01
+0.4879798419645098E+04 +0.1000000714644957E+01 +0.2475321325341842E-05 +0.1000000707515796E+01
+0.4879861005827976E+04 +0.1000000682368113E+01 +0.2497512811638674E-05 +0.1000000676026105E+01
+0.4879923592010854E+04 +0.1000000649368364E+01 +0.2517224710769998E-05 +0.1000000643787619E+01
+0.4879986178193732E+04 +0.1000000616016878E+01 +0.2534575838079836E-05 +0.1000000611148214E+01
+0.4880048764376610E+04 +0.1000000582635248E+01 +0.2549752381254711E-05 +0.1000000578409999E+01
+0.4880111350559489E+04 +0.1000000549482880E+01 +0.2562994915907374E-05 +0.1000000545817348E+01
+0.4880173936742366E+04 +0.1000000516746714E+01 +0.2574583340786861E-05 +0.1000000513547321E+01
+0.4880236522925244E+04 +0.1000000484533531E+01 +0.2584819464955311E-05 +0.1000000481702767E+01
+0.4880299109108122E+04 +0.1000000452865766E+01 +0.2594007068745399E-05 +0.1000000450308912E+01
+0.4880361695291000E+04 +0.1000000421682239E+01 +0.2602429884377586E-05 +0.1000000419314588E+01
+0.4880424281473878E+04 +0.1000000390845268E+01 +0.2610328892691155E-05 +0.1000000388599232E+01
+0.4880486867656757E+04 +0.1000000360155016E+01 +0.2617881276433285E-05 +0.1000000357986257E+01
+0.4880549453839634E+04 +0.1000000329370820E+01 +0.2625183962342290E-05 +0.1000000327262442E+01
+0.4880612040022512E+04 +0.1000000298237804E+01 +0.2632244644237497E-05 +0.1000000296201760E+01
+0.4880674626205390E+04 +0.1000000266515666E+01 +0.2638982362961337E-05 +0.1000000264590949E+01
+0.4880737212388268E+04 +0.1000000234005650E+01 +0.2645238186797538E-05 +0.1000000232253383E+01
+0.4880799798571146E+04 +0.1000000200571637E+01 +0.2650794592735427E-05 +0.1000000199067818E+01
+0.4880862384754025E+04 +0.1000000166152271E+01 +0.2655400309728909E-05 +0.1000000164979449E+01
+0.4880924970936902E+04 +0.1000000130762938E+01 +0.2658796244464408E-05 +0.1000000130002273E+01
+0.4880987557119780E+04 +0.1000000094488693E+01 +0.2660738125730382E-05 +0.1000000094213648E+01
+0.4881050143302657E+04 +0.1000000057471157E+01 +0.2661012762287706E-05 +0.1000000057743513E+01
+0.4881112729485536E+04 +0.1000000019893334E+01 +0.2659446907914947E-05 +0.1000000020761464E+01
+0.4881175315668414E+04 +0.9999999819658331E+00 +0.2655909888345280E-05 +0.9999999834646092E+00
+0.4881237901851292E+04 +0.9999999439165116E+00 +0.2650312558806320E-05 +0.9999999460679112E+00
+0.4881300488034170E+04 +0.9999999059836268E+00 +0.2642605377555284E-05 +0.9999999087972474E+00
+0.4881363074217048E+04 +0.9999998684111366E+00 +0.2632777508302822E-05 +0.9999998718842263E+00
+0.4881425660399926E+04 +0.9999998314442338E+00 +0.2620857457762921E-05 +0.9999998355612985E+00
+0.4881488246582804E+04 +0.9999997953235691E+00 +0.2606914484840560E-05 +0.9999998000559479E+00
+0.4881550832765683E+04 +0.9999997602775692E+00 +0.2591059345158410E-05 +0.9999997655834628E+00
+0.4881613418948560E+04 +0.9999997265132522E+00 +0.2573442962553145E-05 +0.9999997323385874E+00
+0.4881676005131439E+04 +0.9999996942066457E+00 +0.2554252154373909E-05 +0.9999997004869395E+00
+0.4881738591314316E+04 +0.9999996634941356E+00 +0.2533702254497226E-05 +0.9999996701573017E+00
+0.4881801177497194E+04 +0.9999996344659156E+00 +0.2512027086194556E-05 +0.9999996414357974E+00
+0.4881863763680072E+04 +0.9999996071623481E+00 +0.2489467091346333E-05 +0.9999996143626929E+00
+0.4881926349862950E+04 +0.9999995815737101E+00 +0.2466256551472677E-05 +0.9999995889322781E+00
+0.4881988936045828E+04 +0.9999995576435381E+00 +0.2442610874479961E-05 +0.9999995650960329E+00
+0.4882051522228706E+04 +0.9999995352755945E+00 +0.2418714984489284E-05 +0.9999995427690638E+00
+0.4882114108411584E+04 +0.9999995143441792E+00 +0.2394713941861084E-05 +0.9999995218395236E+00
+0.4882176694594462E+04 +0.9999994947071197E+00 +0.2370706929225985E-05 +0.9999995021803619E+00
+0.4882239280777339E+04 +0.9999994762202757E+00 +0.2346745540796830E-05 +0.9999994836623540E+00
+0.4882301866960218E+04 +0.9999994587519994E+00 +0.2322836855282387E-05 +0.9999994661670272E+00
+0.4882364453143096E+04 +0.9999994421958078E+00 +0.2298951116197371E-05 +0.9999994495979724E+00
+0.4882427039325974E+04 +0.9999994264796739E+00 +0.2275033130342069E-05 +0.9999994338891617E+00
+0.4882489625508852E+04 +0.9999994115708020E+00 +0.2251015897935781E-05 +0.9999994190092947E+00
+0.4882552211691730E+04 +0.9999993974754525E+00 +0.2226834652667429E-05 +0.9999994049617911E+00
+0.4882614797874608E+04 +0.9999993842341468E+00 +0.2202439496695676E-05 +0.9999993917807031E+00
+0.4882677384057486E+04 +0.9999993719132536E+00 +0.2177805157021268E-05 +0.9999993795233953E+00
+0.4882739970240365E+04 +0.9999993605943943E+00 +0.2152936971848817E-05 +0.9999993682612203E+00
+0.4882802556423242E+04 +0.9999993503632124E+00 +0.2127872883669974E-05 +0.9999993580695278E+00
+0.4882865142606121E+04 +0.9999993412988762E+00 +0.2102681804240575E-05 +0.9999993490182167E+00
+0.4882927728788998E+04 +0.9999993334653128E+00 +0.2077459109483364E-05 +0.9999993411637382E+00
+0.4882990314971876E+04 +0.9999993269047448E+00 +0.2052320190505484E-05 +0.9999993345431019E+00
+0.4883052901154754E+04 +0.9999993216337334E+00 +0.2027392976676214E-05 +0.9999993291701099E+00
+0.4883115487337633E+04 +0.9999993176416451E+00 +0.2002810232648897E-05 +0.9999993250337855E+00
+0.4883178073520510E+04 +0.9999993148912826E+00 +0.1978702273437833E-05 +0.9999993220987851E+00
+0.4883240659703388E+04 +0.9999993133213075E+00 +0.1955190574671437E-05 +0.9999993203074774E+00
+0.4883303245886266E+04 +0.9999993128500455E+00 +0.1932382601219307E-05 +0.9999993195833239E+00
+0.4883365832069144E+04 +0.9999993133802632E+00 +0.1910368057334924E-05 +0.9999993198351789E+00
+0.4883428418252021E+04 +0.9999993148045213E+00 +0.1889216687286740E-05 +0.9999993209621346E+00
+0.4883491004434901E+04 +0.9999993170106981E+00 +0.1868977711928026E-05 +0.9999993228585139E+00
+0.4883553590617778E+04 +0.9999993198872067E+00 +0.1849680924081448E-05 +0.9999993254185698E+00
+0.4883616176800656E+04 +0.9999993233273592E+00 +0.1831339322396727E-05 +0.9999993285404019E+00
+0.4883678762983534E+04 +0.9999993272323047E+00 +0.1813952914959932E-05 +0.9999993321286132E+00
+0.4883741349166412E+04 +0.9999993315121259E+00 +0.1797513026920921E-05 +0.9999993360953802E+00
+0.4883803935349290E+04 +0.9999993360850247E+00 +0.1782006234546714E-05 +0.9999993403599006E+00
+0.4883866521532168E+04 +0.9999993408749930E+00 +0.1767417064362168E-05 +0.9999993448465727E+00
+0.4883929107715046E+04 +0.9999993458087910E+00 +0.1753728897033756E-05 +0.9999993494825813E+00
+0.4883991693897924E+04 +0.9999993508132294E+00 +0.1740923019620931E-05 +0.9999993541957202E+00
+0.4884054280080803E+04 +0.9999993558136283E+00 +0.1728976293195224E-05 +0.9999993589131736E+00
+0.4884116866263680E+04 +0.9999993607339411E+00 +0.1717858260321908E-05 +0.9999993635616696E+00
+0.4884179452446558E+04 +0.9999993654985402E+00 +0.1707528609939994E-05 +0.9999993680690179E+00
+0.4884242038629436E+04 +0.9999993700352210E+00 +0.1697935754586820E-05 +0.9999993723666720E+00
+0.4884304624812315E+04 +0.9999993742786916E+00 +0.1689016933551745E-05 +0.9999993763927120E+00
+0.4884367210995192E+04 +0.9999993781737344E+00 +0.1680699831563485E-05 +0.9999993800945709E+00
+0.4884429797178070E+04 +0.9999993816773621E+00 +0.1672905292611281E-05 +0.9999993834309449E+00
+0.4884492383360948E+04 +0.9999993847596212E+00 +0.1665550415999106E-05 +0.9999993863726033E+00
+0.4884554969543826E+04 +0.9999993874031639E+00 +0.1658551252591956E-05 +0.9999993889021963E+00
+0.4884617555726704E+04 +0.9999993896021486E+00 +0.1651824539249300E-05 +0.9999993910135065E+00
+0.4884680141909583E+04 +0.9999993913612754E+00 +0.1645288379950975E-05 +0.9999993927107732E+00
+0.4884742728092460E+04 +0.9999993926956443E+00 +0.1638862329714545E-05 +0.9999993940086211E+00
+0.4884805314275338E+04 +0.9999993936316822E+00 +0.1632467710063840E-05 +0.9999993949327691E+00
+0.4884867900458216E+04 +0.9999993942087696E+00 +0.1626028984340568E-05 +0.9999993955212225E+00
+0.4884930486641094E+04 +0.9999993944807296E+00 +0.1619476628472569E-05 +0.9999993958252785E+00
+0.4884993072823972E+04 +0.9999993945162164E+00 +0.1612751330944766E-05 +0.9999993959095803E+00
+0.4885055659006851E+04 +0.9999993943973118E+00 +0.1605808826708721E-05 +0.9999993958506578E+00
+0.4885118245189728E+04 +0.9999993942161444E+00 +0.1598624434091760E-05 +0.9999993957337857E+00
+0.4885180831372606E+04 +0.9999993940698274E+00 +0.1591196466559080E-05 +0.9999993956483805E+00
+0.4885243417555484E+04 +0.9999993940542887E+00 +0.1583548001214627E-05 +0.9999993956824001E+00
+0.4885306003738362E+04 +0.9999993942575999E+00 +0.1575726798689751E-05 +0.9999993959162713E+00
+0.4885368589921240E+04 +0.9999993947533160E+00 +0.1567803342850656E-05 +0.9999993964168266E+00
+0.4885431176104118E+04 +0.9999993955942786E+00 +0.1559867005827717E-05 +0.9999993972317032E+00
+0.4885493762286997E+04 +0.9999993968073948E+00 +0.1552020367085386E-05 +0.9999993983846938E+00
+0.4885556348469874E+04 +0.9999993983900286E+00 +0.1544371861255031E-05 +0.9999993998726138E+00
+0.4885618934652752E+04 +0.9999994003086882E+00 +0.1537027237611355E-05 +0.9999994016642477E+00
+0.4885681520835630E+04 +0.9999994025005126E+00 +0.1530080689259888E-05 +0.9999994037017719E+00
+0.4885744107018508E+04 +0.9999994048776472E+00 +0.1523606777394372E-05 +0.9999994059046879E+00
+0.4885806693201386E+04 +0.9999994073340295E+00 +0.1517654278544519E-05 +0.9999994081758434E+00
+0.4885869279384265E+04 +0.9999994097535885E+00 +0.1512242759186937E-05 +0.9999994104086922E+00
+0.4885931865567142E+04 +0.9999994120185715E+00 +0.1507362095347315E-05 +0.9999994124947228E+00
+0.4885994451750020E+04 +0.9999994140167994E+00 +0.1502974478481213E-05 +0.9999994143300588E+00
+0.4886057037932898E+04 +0.9999994156471076E+00 +0.1499017918651908E-05 +0.9999994158206104E+00
+0.4886119624115776E+04 +0.9999994168229231E+00 +0.1495410085438861E-05 +0.9999994168857109E+00
+0.4886182210298654E+04 +0.9999994174745921E+00 +0.1492051605154385E-05 +0.9999994174606968E+00
+0.4886244796481533E+04 +0.9999994175514231E+00 +0.1488828556992287E-05 +0.9999994174991687E+00
+0.4886307382664410E+04 +0.9999994170242998E+00 +0.1485614614076832E-05 +0.9999994169755860E+00
+0.4886369968847288E+04 +0.9999994158892003E+00 +0.1482273755080722E-05 +0.9999994158884380E+00
+0.4886432555030166E+04 +0.9999994141712564E+00 +0.1478664538498315E-05 +0.9999994142636756E+00
+0.4886495141213044E+04 +0.9999994119283877E+00 +0.1474646580374765E-05 +0.9999994121576044E+00
+0.4886557727395922E+04 +0.9999994092532242E+00 +0.1470089249308557E-05 +0.9999994096581755E+00
+0.4886620313578800E+04 +0.9999994062720924E+00 +0.1464881885101578E-05 +0.9999994068836664E+00
+0.4886682899761679E+04 +0.9999994031402363E+00 +0.1458944238934209E-05 +0.9999994039780861E+00
+0.4886745485944556E+04 +0.9999994000331196E+00 +0.1452235467745441E-05 +0.9999994011032144E+00
+0.4886808072127434E+04 +0.9999993971344604E+00 +0.1444760001947253E-05 +0.9999993984278692E+00
+0.4886870658310312E+04 +0.9999993946224175E+00 +0.1436568996175373E-05 +0.9999993961156315E+00
+0.4886933244493191E+04 +0.9999993926558647E+00 +0.1427756824981104E-05 +0.9999993943126831E+00
+0.4886995830676068E+04 +0.9999993913627735E+00 +0.1418453036718640E-05 +0.9999993931374691E+00
+0.4887058416858947E+04 +0.9999993908323105E+00 +0.1408811070627918E-05 +0.9999993926735450E+00
+0.4887121003041824E+04 +0.9999993911114324E+00 +0.1398995598945744E-05 +0.9999993929662955E+00
+0.4887183589224702E+04 +0.9999993922057876E+00 +0.1389170394176647E-05 +0.9999993940234050E+00
+0.4887246175407580E+04 +0.9999993940839179E+00 +0.1379488138394106E-05 +0.9999993958182984E+00
+0.4887308761590458E+04 +0.9999993966833967E+00 +0.1370082788209744E-05 +0.9999993982954569E+00
+0.4887371347773336E+04 +0.9999993999177075E+00 +0.1361064325760029E-05 +0.9999994013766235E+00
+0.4887433933956214E+04 +0.9999994036832367E+00 +0.1352515294493027E-05 +0.9999994049673279E+00
+0.4887496520139092E+04 +0.9999994078663706E+00 +0.1344488594350062E-05 +0.9999994089636233E+00
+0.4887559106321970E+04 +0.9999994123510049E+00 +0.1337006478736066E-05 +0.9999994132591604E+00
+0.4887621692504847E+04 +0.9999994170265957E+00 +0.1330061221169511E-05 +0.9999994177525990E+00
+0.4887684278687726E+04 +0.9999994217963402E+00 +0.1323618136120252E-05 +0.9999994223549449E+00
+0.4887746864870604E+04 +0.9999994265844601E+00 +0.1317621359206378E-05 +0.9999994269959571E+00
+0.4887809451053482E+04 +0.9999994313412847E+00 +0.1312002113046193E-05 +0.9999994316285682E+00
+0.4887872037236360E+04 +0.9999994360450425E+00 +0.1306688421686129E-05 +0.9999994362304437E+00
+0.4887934623419238E+04 +0.9999994406999345E+00 +0.1301614739571156E-05 +0.9999994408023433E+00
+0.4887997209602116E+04 +0.9999994453308843E+00 +0.1296729934847478E-05 +0.9999994453636066E+00
+0.4888059795784994E+04 +0.9999994499760299E+00 +0.1292002488084771E-05 +0.9999994499456462E+00
+0.4888122381967873E+04 +0.9999994546783421E+00 +0.1287422431986842E-05 +0.9999994545846034E+00
+0.4888184968150750E+04 +0.9999994594776721E+00 +0.1283000206811124E-05 +0.9999994593142977E+00
+0.4888247554333629E+04 +0.9999994644042116E+00 +0.1278763054275200E-05 +0.9999994641603426E+00
+0.4888310140516506E+04 +0.9999994694739351E+00 +0.1274749769431381E-05 +0.9999994691359776E+00
+0.4888372726699384E+04 +0.9999994746862526E+00 +0.1271004639707936E-05 +0.9999994742398530E+00
+0.4888435312882262E+04 +0.9999994800238431E+00 +0.1267571326740450E-05 +0.9999994794557719E+00
+0.4888497899065141E+04 +0.9999994854544626E+00 +0.1264487358068206E-05 +0.9999994847542074E+00
+0.4888560485248018E+04 +0.9999994909343429E+00 +0.1261779795650195E-05 +0.9999994900952501E+00
+0.4888623071430896E+04 +0.9999994964126369E+00 +0.1259462498869219E-05 +0.9999994954325020E+00
+0.4888685657613774E+04 +0.9999995018362426E+00 +0.1257535173700268E-05 +0.9999995007173302E+00
+0.4888748243796652E+04 +0.9999995071543293E+00 +0.1255984119048700E-05 +0.9999995059028970E+00
+0.4888810829979529E+04 +0.9999995123220108E+00 +0.1254784318782153E-05 +0.9999995109474815E+00
+0.4888873416162409E+04 +0.9999995173028527E+00 +0.1253902369390009E-05 +0.9999995158168070E+00
+0.4888936002345286E+04 +0.9999995220701582E+00 +0.1253299724355922E-05 +0.9999995204852979E+00
+0.4888998588528164E+04 +0.9999995266071681E+00 +0.1252935852093737E-05 +0.9999995249363552E+00
+0.4889061174711042E+04 +0.9999995309063837E+00 +0.1252771062289604E-05 +0.9999995291618088E+00
+0.4889123760893920E+04 +0.9999995349681859E+00 +0.1252768866802450E-05 +0.9999995331607019E+00
+0.4889186347076798E+04 +0.9999995387988759E+00 +0.1252897763821763E-05 +0.9999995369375367E+00
+0.4889248933259676E+04 +0.9999995424082579E+00 +0.1253132293519733E-05 +0.9999995405001182E+00
+0.4889311519442555E+04 +0.9999995458069679E+00 +0.1253453181728082E-05 +0.9999995438571992E+00
+0.4889374105625432E+04 +0.9999995490038799E+00 +0.1253846436166048E-05 +0.9999995470162293E+00
+0.4889436691808311E+04 +0.9999995520040300E+00 +0.1254301414589377E-05 +0.9999995499815787E+00
+0.4889499277991188E+04 +0.9999995548074962E+00 +0.1254808110509765E-05 +0.9999995527536034E+00
+0.4889561864174066E+04 +0.9999995574095267E+00 +0.1255354114027802E-05 +0.9999995553287899E+00
+0.4889624450356944E+04 +0.9999995598019619E+00 +0.1255921807182491E-05 +0.9999995577010153E+00
+0.4889687036539823E+04 +0.9999995619757287E+00 +0.1256486294856957E-05 +0.9999995598637449E+00
+0.4889749622722700E+04 +0.9999995639240143E+00 +0.1257014387282654E-05 +0.9999995618128450E+00
+0.4889812208905578E+04 +0.9999995656457030E+00 +0.1257464741147837E-05 +0.9999995635496505E+00
+0.4889874795088456E+04 +0.9999995671487308E+00 +0.1257789134156498E-05 +0.9999995650839684E+00
+0.4889937381271334E+04 +0.9999995684530818E+00 +0.1257934816017011E-05 +0.9999995664367394E+00
+0.4889999967454212E+04 +0.9999995695931408E+00 +0.1257847879045065E-05 +0.9999995676420793E+00
+0.4890062553637091E+04 +0.9999995706190514E+00 +0.1257477527183229E-05 +0.9999995687483857E+00
+0.4890125139819968E+04 +0.9999995715966944E+00 +0.1256780953089615E-05 +0.9999995698181928E+00
+0.4890187726002846E+04 +0.9999995726059945E+00 +0.1255728310935303E-05 +0.9999995709265502E+00
+0.4890250312185724E+04 +0.9999995737375145E+00 +0.1254307108460791E-05 +0.9999995721579156E+00
+0.4890312898368602E+04 +0.9999995750876336E+00 +0.1252525339174587E-05 +0.9999995736018249E+00
+0.4890375484551480E+04 +0.9999995767529201E+00 +0.1250412875196642E-05 +0.9999995753478613E+00
+0.4890438070734359E+04 +0.9999995788244683E+00 +0.1248020997012898E-05 +0.9999995774805607E+00
+0.4890500656917236E+04 +0.9999995813828990E+00 +0.1245420326061714E-05 +0.9999995800748445E+00
+0.4890563243100114E+04 +0.9999995844944420E+00 +0.1242697698054224E-05 +0.9999995831923424E+00
+0.4890625829282992E+04 +0.9999995882081526E+00 +0.1239952559587190E-05 +0.9999995868786828E+00
+0.4890688415465870E+04 +0.9999995925540165E+00 +0.1237293282227006E-05 +0.9999995911615938E+00
+0.4890751001648748E+04 +0.9999995975416203E+00 +0.1234833477129165E-05 +0.9999995960495913E+00
+0.4890813587831626E+04 +0.9999996031592139E+00 +0.1232688132668257E-05 +0.9999996015311410E+00
+0.4890876174014505E+04 +0.9999996093732849E+00 +0.1230969332822624E-05 +0.9999996075743903E+00
+0.4890938760197382E+04 +0.9999996161290177E+00 +0.1229781485820497E-05 +0.9999996141277629E+00
+0.4891001346380260E+04 +0.9999996233520820E+00 +0.1229216316441928E-05 +0.9999996211217459E+00
+0.4891063932563138E+04 +0.9999996309520225E+00 +0.1229348187501030E-05 +0.9999996284720627E+00
+0.4891126518746016E+04 +0.9999996388271679E+00 +0.1230230459063737E-05 +0.9999996360841434E+00
+0.4891189104928894E+04 +0.9999996468706116E+00 +0.1231893497701529E-05 +0.9999996438585101E+00
+0.4891251691111773E+04 +0.9999996549765637E+00 +0.1234344660874495E-05 +0.9999996516964864E+00
+0.4891314277294650E+04 +0.9999996630463444E+00 +0.1237570234918268E-05 +0.9999996595056034E+00
+0.4891376863477528E+04 +0.9999996709934104E+00 +0.1241539033405073E-05 +0.9999996672041637E+00
+0.4891439449660406E+04 +0.9999996787470116E+00 +0.1246207228040562E-05 +0.9999996747245774E+00
+0.4891502035843284E+04 +0.9999996862542316E+00 +0.1251523955470059E-05 +0.9999996820152289E+00
+0.4891564622026162E+04 +0.9999996934802683E+00 +0.1257437238938286E-05 +0.9999996890407328E+00
+0.4891627208209041E+04 +0.9999997004068826E+00 +0.1263899723777336E-05 +0.9999996957805295E+00
+0.4891689794391918E+04 +0.9999997070290749E+00 +0.1270873657297778E-05 +0.9999997022258986E+00
+0.4891752380574796E+04 +0.9999997133502511E+00 +0.1278334511676288E-05 +0.9999997083756474E+00
+0.4891814966757674E+04 +0.9999997193764032E+00 +0.1286272728177119E-05 +0.9999997142309532E+00
+0.4891877552940552E+04 +0.9999997251100611E+00 +0.1294693290395278E-05 +0.9999997197900157E+00
+0.4891940139123431E+04 +0.9999997305448666E+00 +0.1303613188077681E-05 +0.9999997250432516E+00
+0.4892002725306308E+04 +0.9999997356615299E+00 +0.1313057222365636E-05 +0.9999997299696711E+00
+0.4892065311489187E+04 +0.9999997404256176E+00 +0.1323052897994725E-05 +0.9999997345348223E+00
+0.4892127897672064E+04 +0.9999997447871950E+00 +0.1333625227880892E-05 +0.9999997386903421E+00
+0.4892190483854942E+04 +0.9999997486819582E+00 +0.1344792096123326E-05 +0.9999997423748451E+00
+0.4892253070037820E+04 +0.9999997520332978E+00 +0.1356560461006299E-05 +0.9999997455157175E+00
+0.4892315656220698E+04 +0.9999997547548222E+00 +0.1368923303688411E-05 +0.9999997480314453E+00
+0.4892378242403576E+04 +0.9999997567531635E+00 +0.1381857029380965E-05 +0.9999997498343236E+00
+0.4892440828586455E+04 +0.9999997579312283E+00 +0.1395319103927854E-05 +0.9999997508336372E+00
+0.4892503414769332E+04 +0.9999997581922109E+00 +0.1409246006043310E-05 +0.9999997509395241E+00
+0.4892566000952210E+04 +0.9999997574445904E+00 +0.1423551914639082E-05 +0.9999997500676440E+00
+0.4892628587135088E+04 +0.9999997556079854E+00 +0.1438128730009755E-05 +0.9999997481445172E+00
+0.4892691173317966E+04 +0.9999997526193609E+00 +0.1452847939457060E-05 +0.9999997451130915E+00
+0.4892753759500844E+04 +0.9999997484388160E+00 +0.1467564521203393E-05 +0.9999997409378932E+00
+0.4892816345683722E+04 +0.9999997430541592E+00 +0.1482122680401250E-05 +0.9999997356090913E+00
+0.4892878931866600E+04 +0.9999997364836639E+00 +0.1496362884551060E-05 +0.9999997291449458E+00
+0.4892941518049478E+04 +0.9999997287766906E+00 +0.1510129501639251E-05 +0.9999997215923524E+00
+0.4893004104232356E+04 +0.9999997200121452E+00 +0.1523278341538819E-05 +0.9999997130254346E+00
+0.4893066690415234E+04 +0.9999997102949550E+00 +0.1535683497263110E-05 +0.9999997035423253E+00
+0.4893129276598112E+04 +0.9999996997508593E+00 +0.1547243003303791E-05 +0.9999996932603989E+00
+0.4893191862780990E+04 +0.9999996885198845E+00 +0.1557882927356859E-05 +0.9999996823102992E+00
+0.4893254448963869E+04 +0.9999996767489369E+00 +0.1567559586377525E-05 +0.9999996708291692E+00
+0.4893317035146746E+04 +0.9999996645840323E+00 +0.1576259658705389E-05 +0.9999996589535758E+00
+0.4893379621329624E+04 +0.9999996521627835E+00 +0.1583998091257669E-05 +0.9999996468126959E+00
+0.4893442207512502E+04 +0.9999996396078374E+00 +0.1590813899509726E-05 +0.9999996345223827E+00
+0.4893504793695381E+04 +0.9999996270219481E+00 +0.1596764219310441E-05 +0.9999996221807070E+00
+0.4893567379878258E+04 +0.9999996144852344E+00 +0.1601917244571766E-05 +0.9999996098654437E+00
+0.4893629966061137E+04 +0.9999996020548984E+00 +0.1606344896861810E-05 +0.9999995976337288E+00
+0.4893692552244014E+04 +0.9999995897673160E+00 +0.1610116146731249E-05 +0.9999995855238020E+00
+0.4893755138426892E+04 +0.9999995776420288E+00 +0.1613291800462221E-05 +0.9999995735584285E+00
+0.4893817724609770E+04 +0.9999995656868689E+00 +0.1615921289828276E-05 +0.9999995617493396E+00
+0.4893880310792649E+04 +0.9999995539033057E+00 +0.1618041615973328E-05 +0.9999995501019148E+00
+0.4893942896975526E+04 +0.9999995422911622E+00 +0.1619678191509840E-05 +0.9999995386193723E+00
+0.4894005483158404E+04 +0.9999995308520681E+00 +0.1620846989681218E-05 +0.9999995273059262E+00
+0.4894068069341282E+04 +0.9999995195913828E+00 +0.1621557216833979E-05 +0.9999995161686736E+00
+0.4894130655524160E+04 +0.9999995085187177E+00 +0.1621813714285966E-05 +0.9999995052183139E+00
+0.4894193241707037E+04 +0.9999994976475629E+00 +0.1621618477679082E-05 +0.9999994944691220E+00
+0.4894255827889916E+04 +0.9999994869947769E+00 +0.1620971034214394E-05 +0.9999994839387942E+00
+0.4894318414072794E+04 +0.9999994765807465E+00 +0.1619867878039192E-05 +0.9999994736488252E+00
+0.4894381000255672E+04 +0.9999994664308167E+00 +0.1618301621587682E-05 +0.9999994636258855E+00
+0.4894443586438550E+04 +0.9999994565781410E+00 +0.1616260831240425E-05 +0.9999994539042867E+00
+0.4894506172621428E+04 +0.9999994470674908E+00 +0.1613731538574993E-05 +0.9999994445291268E+00
+0.4894568758804306E+04 +0.9999994379589902E+00 +0.1610701077457606E-05 +0.9999994355592451E+00
+0.4894631344987184E+04 +0.9999994293304244E+00 +0.1607164241321973E-05 +0.9999994270688760E+00
+0.4894693931170063E+04 +0.9999994212768717E+00 +0.1603130979231217E-05 +0.9999994191469894E+00
+0.4894756517352940E+04 +0.9999994139069568E+00 +0.1598634236538596E-05 +0.9999994118937553E+00
+0.4894819103535819E+04 +0.9999994073358256E+00 +0.1593736336199901E-05 +0.9999994054142222E+00
+0.4894881689718696E+04 +0.9999994016757110E+00 +0.1588532556926681E-05 +0.9999993998099302E+00
+0.4894944275901574E+04 +0.9999993970254343E+00 +0.1583151153673637E-05 +0.9999993951695939E+00
+0.4895006862084452E+04 +0.9999993934602843E+00 +0.1577749732390651E-05 +0.9999993915600924E+00
+0.4895069448267331E+04 +0.9999993910235307E+00 +0.1572508428511809E-05 +0.9999993890188882E+00
+0.4895132034450208E+04 +0.9999993897205143E+00 +0.1567620685253187E-05 +0.9999993875487289E+00
+0.4895194620633086E+04 +0.9999993895159359E+00 +0.1563282639732418E-05 +0.9999993871152035E+00
+0.4895257206815964E+04 +0.9999993903346250E+00 +0.1559682271099969E-05 +0.9999993876473917E+00
+0.4895319792998842E+04 +0.9999993920656637E+00 +0.1556989540760559E-05 +0.9999993890414772E+00
+0.4895382379181720E+04 +0.9999993945692607E+00 +0.1555348680847903E-05 +0.9999993911667820E+00
+0.4895444965364599E+04 +0.9999993976853078E+00 +0.1554873479342206E-05 +0.9999993938732848E+00
+0.4895507551547476E+04 +0.9999994012422384E+00 +0.1555645862358110E-05 +0.9999993969994552E+00
+0.4895570137730354E+04 +0.9999994050648203E+00 +0.1557717396410735E-05 +0.9999994003792452E+00
+0.4895632723913232E+04 +0.9999994089798802E+00 +0.1561112725609283E-05 +0.9999994038474015E+00
+0.4895695310096110E+04 +0.9999994128196130E+00 +0.1565833630397934E-05 +0.9999994072427879E+00
+0.4895757896278988E+04 +0.9999994164228529E+00 +0.1571862470266897E-05 +0.9999994104100091E+00
+0.4895820482461867E+04 +0.9999994196352414E+00 +0.1579164228522582E-05 +0.9999994132000793E+00
+0.4895883068644745E+04 +0.9999994223094327E+00 +0.1587687042980499E-05 +0.9999994154710573E+00
+0.4895945654827622E+04 +0.9999994243062879E+00 +0.1597361741884826E-05 +0.9999994170894215E+00
+0.4896008241010501E+04 +0.9999994254975313E+00 +0.1608101307571077E-05 +0.9999994179325867E+00
+0.4896070827193378E+04 +0.9999994257697780E+00 +0.1619801278522576E-05 +0.9999994178924855E+00
+0.4896133413376256E+04 +0.9999994250293364E+00 +0.1632341912987021E-05 +0.9999994168797142E+00
+0.4896195999559134E+04 +0.9999994232068478E+00 +0.1645592570050169E-05 +0.9999994148274428E+00
+0.4896258585742013E+04 +0.9999994202606629E+00 +0.1659418297633689E-05 +0.9999994116941443E+00
+0.4896321171924890E+04 +0.9999994161778863E+00 +0.1673688102388526E-05 +0.9999994074642417E+00
+0.4896383758107768E+04 +0.9999994109722855E+00 +0.1688283879047170E-05 +0.9999994021460148E+00
+0.4896446344290646E+04 +0.9999994046787694E+00 +0.1703108614783573E-05 +0.9999993957665481E+00
+0.4896508930473524E+04 +0.9999993973448170E+00 +0.1718092403127984E-05 +0.9999993883640687E+00
+0.4896571516656402E+04 +0.9999993890199000E+00 +0.1733195086711125E-05 +0.9999993799785727E+00
+0.4896634102839281E+04 +0.9999993797443670E+00 +0.1748404940433463E-05 +0.9999993706419883E+00
+0.4896696689022158E+04 +0.9999993695393143E+00 +0.1763733506434762E-05 +0.9999993603691868E+00
+0.4896759275205036E+04 +0.9999993583986817E+00 +0.1779207258073126E-05 +0.9999993491509417E+00
+0.4896821861387914E+04 +0.9999993462843674E+00 +0.1794857056213839E-05 +0.9999993369495854E+00
+0.4896884447570792E+04 +0.9999993331247744E+00 +0.1810706392659390E-05 +0.9999993236977901E+00
+0.4896947033753670E+04 +0.9999993188169728E+00 +0.1826759349161082E-05 +0.9999993093006769E+00
+0.4897009619936549E+04 +0.9999993032325697E+00 +0.1842989201929725E-05 +0.9999992936413212E+00
+0.4897072206119426E+04 +0.9999992862272374E+00 +0.1859328729448168E-05 +0.9999992765895509E+00
+0.4897134792302304E+04 +0.9999992676535562E+00 +0.1875663451828679E-05 +0.9999992580136492E+00
+0.4897197378485182E+04 +0.9999992473763137E+00 +0.1891829073481890E-05 +0.9999992377941308E+00
+0.4897259964668060E+04 +0.9999992252888048E+00 +0.1907614162148186E-05 +0.9999992158382631E+00
+0.4897322550850939E+04 +0.9999992013281522E+00 +0.1922768516558938E-05 +0.9999991920935897E+00
+0.4897385137033816E+04 +0.9999991754874407E+00 +0.1937016817489629E-05 +0.9999991665585504E+00
+0.4897447723216695E+04 +0.9999991478226491E+00 +0.1950076192549769E-05 +0.9999991392884826E+00
+0.4897510309399572E+04 +0.9999991184530225E+00 +0.1961675478380714E-05 +0.9999991103958709E+00
+0.4897572895582450E+04 +0.9999990875545502E+00 +0.1971573458525999E-05 +0.9999990800445994E+00
+0.4897635481765328E+04 +0.9999990553474470E+00 +0.1979573363380110E-05 +0.9999990484390066E+00
+0.4897698067948206E+04 +0.9999990220796762E+00 +0.1985531513996254E-05 +0.9999990158095026E+00
+0.4897760654131084E+04 +0.9999989880093296E+00 +0.1989359102745985E-05 +0.9999989823971481E+00
+0.4897823240313963E+04 +0.9999989533888279E+00 +0.1991017491729732E-05 +0.9999989484397123E+00
+0.4897885826496840E+04 +0.9999989184533493E+00 +0.1990508709369258E-05 +0.9999989141612542E+00
+0.4897948412679718E+04 +0.9999988834147704E+00 +0.1987863664926333E-05 +0.9999988797663558E+00
+0.4898010998862596E+04 +0.9999988484610558E+00 +0.1983130749944601E-05 +0.9999988454390040E+00
+0.4898073585045474E+04 +0.9999988137598649E+00 +0.1976366964321032E-05 +0.9999988113451499E+00
+0.4898136171228352E+04 +0.9999987794644748E+00 +0.1967632733165728E-05 +0.9999987776373878E+00
+0.4898198757411230E+04 +0.9999987457200544E+00 +0.1956990530115406E-05 +0.9999987444600937E+00
+0.4898261343594108E+04 +0.9999987126687385E+00 +0.1944506618498682E-05 +0.9999987119536708E+00
+0.4898323929776986E+04 +0.9999986804525739E+00 +0.1930254821527255E-05 +0.9999986802570342E+00
+0.4898386515959864E+04 +0.9999986492139762E+00 +0.1914321185803166E-05 +0.9999986495079518E+00
+0.4898449102142742E+04 +0.9999986190937150E+00 +0.1896808524649651E-05 +0.9999986198412164E+00
+0.4898511688325621E+04 +0.9999985902266951E+00 +0.1877839951197360E-05 +0.9999985913848787E+00
+0.4898574274508498E+04 +0.9999985627360348E+00 +0.1857560605198824E-05 +0.9999985642550145E+00
+0.4898636860691377E+04 +0.9999985367262448E+00 +0.1836136943943933E-05 +0.9999985385497479E+00
+0.4898699446874254E+04 +0.9999985122765792E+00 +0.1813753315013563E-05 +0.9999985143434601E+00
+0.4898762033057132E+04 +0.9999984894357199E+00 +0.1790606043478031E-05 +0.9999984916821689E+00
+0.4898824619240010E+04 +0.9999984682187396E+00 +0.1766895796683130E-05 +0.9999984705808740E+00
+0.4898887205422889E+04 +0.9999984486068237E+00 +0.1742819343363694E-05 +0.9999984510232789E+00
+0.4898949791605766E+04 +0.9999984305496475E+00 +0.1718561881227857E-05 +0.9999984329638193E+00
+0.4899012377788645E+04 +0.9999984139697977E+00 +0.1694290869025206E-05 +0.9999984163315000E+00
+0.4899074963971522E+04 +0.9999983987683246E+00 +0.1670151860648939E-05 +0.9999984010347845E+00
+0.4899137550154400E+04 +0.9999983848304675E+00 +0.1646266336001824E-05 +0.9999983869667356E+00
+0.4899200136337278E+04 +0.9999983720308004E+00 +0.1622731087828204E-05 +0.9999983740097694E+00
+0.4899262722520157E+04 +0.9999983602374292E+00 +0.1599618459221767E-05 +0.9999983620397042E+00
+0.4899325308703034E+04 +0.9999983493153333E+00 +0.1576976700061003E-05 +0.9999983509291627E+00
+0.4899387894885912E+04 +0.9999983391293588E+00 +0.1554829942083200E-05 +0.9999983405507227E+00
+0.4899450481068790E+04 +0.9999983295475937E+00 +0.1533177735476401E-05 +0.9999983307803848E+00
+0.4899513067251668E+04 +0.9999983204457861E+00 +0.1511994619731570E-05 +0.9999983215018525E+00
+0.4899575653434546E+04 +0.9999983117130699E+00 +0.1491230632054101E-05 +0.9999983126117912E+00
+0.4899638239617424E+04 +0.9999983032586354E+00 +0.1470813798191998E-05 +0.9999983040257171E+00
+0.4899700825800302E+04 +0.9999982950183176E+00 +0.1450655387906798E-05 +0.9999982956836422E+00
+0.4899763411983180E+04 +0.9999982869596341E+00 +0.1430658074058042E-05 +0.9999982875542540E+00
+0.4899825998166059E+04 +0.9999982790837857E+00 +0.1410726286975984E-05 +0.9999982796364190E+00
+0.4899888584348936E+04 +0.9999982714236043E+00 +0.1390777282861919E-05 +0.9999982719571959E+00
+0.4899951170531814E+04 +0.9999982640372891E+00 +0.1370751025573119E-05 +0.9999982645662568E+00
+0.4900013756714692E+04 +0.9999982569987506E+00 +0.1350617083896378E-05 +0.9999982575274130E+00
+0.4900076342897571E+04 +0.9999982503861615E+00 +0.1330377354863110E-05 +0.9999982509085906E+00
+0.4900138929080448E+04 +0.9999982442706599E+00 +0.1310064338030161E-05 +0.9999982447718908E+00
+0.4900201515263327E+04 +0.9999982387069718E+00 +0.1289735608139849E-05 +0.9999982391652400E+00
+0.4900264101446204E+04 +0.9999982337271474E+00 +0.1269465795726068E-05 +0.9999982341166712E+00
+0.4900326687629082E+04 +0.9999982293378311E+00 +0.1249337646656204E-05 +0.9999982296316428E+00
+0.4900389273811960E+04 +0.9999982255207762E+00 +0.1229433602965758E-05 +0.9999982256931945E+00
+0.4900451859994839E+04 +0.9999982222357979E+00 +0.1209828944767037E-05 +0.9999982222642944E+00
+0.4900514446177716E+04 +0.9999982194251202E+00 +0.1190587006464632E-05 +0.9999982192914991E+00
+0.4900577032360594E+04 +0.9999982170180914E+00 +0.1171756459899784E-05 +0.9999982167090629E+00
+0.4900639618543472E+04 +0.9999982149354715E+00 +0.1153370237918192E-05 +0.9999982144428006E+00
+0.4900702204726350E+04 +0.9999982130928761E+00 +0.1135445427716951E-05 +0.9999982124133390E+00
+0.4900764790909228E+04 +0.9999982114033931E+00 +0.1117983448014844E-05 +0.9999982105387341E+00
+0.4900827377092107E+04 +0.9999982097797407E+00 +0.1100970041705929E-05 +0.9999982087367250E+00
+0.4900889963274984E+04 +0.9999982081364908E+00 +0.1084374985206070E-05 +0.9999982069270212E+00
+0.4900952549457862E+04 +0.9999982063927757E+00 +0.1068151783110377E-05 +0.9999982050339437E+00
+0.4901015135640740E+04 +0.9999982044756068E+00 +0.1052237828074632E-05 +0.9999982029895139E+00
+0.4901077721823618E+04 +0.9999982023235916E+00 +0.1036555490692385E-05 +0.9999982007368194E+00
+0.4901140308006496E+04 +0.9999981998905918E+00 +0.1021014403333006E-05 +0.9999981982332793E+00
+0.4901202894189375E+04 +0.9999981971487888E+00 +0.1005514923280608E-05 +0.9999981954533648E+00
+0.4901265480372253E+04 +0.9999981940906895E+00 +0.9899525077658548E-06 +0.9999981923903781E+00
+0.4901328066555130E+04 +0.9999981907297708E+00 +0.9742225617611653E-06 +0.9999981890570283E+00
+0.4901390652738008E+04 +0.9999981870996658E+00 +0.9582252364694014E-06 +0.9999981854847171E+00
+0.4901453238920886E+04 +0.9999981832519974E+00 +0.9418696513994935E-06 +0.9999981817216356E+00
+0.4901515825103764E+04 +0.9999981792531797E+00 +0.9250770832901928E-06 +0.9999981778299530E+00
+0.4901578411286642E+04 +0.9999981751806829E+00 +0.9077828217364323E-06 +0.9999981738825294E+00
+0.4901640997469521E+04 +0.9999981711193666E+00 +0.8899366375462874E-06 +0.9999981699596678E+00
+0.4901703583652398E+04 +0.9999981671584620E+00 +0.8715021095551604E-06 +0.9999981661463897E+00
+0.4901766169835276E+04 +0.9999981633895905E+00 +0.8524553214750496E-06 +0.9999981625305542E+00
+0.4901828756018154E+04 +0.9999981599058817E+00 +0.8327835657232002E-06 +0.9999981592018755E+00
+0.4901891342201032E+04 +0.9999981568019124E+00 +0.8124846134687136E-06 +0.9999981562516159E+00
+0.4901953928383910E+04 +0.9999981541739482E+00 +0.7915668567033239E-06 +0.9999981537725362E+00
+0.4902016514566789E+04 +0.9999981521199245E+00 +0.7700503045013771E-06 +0.9999981518586388E+00
+0.4902079100749666E+04 +0.9999981507387228E+00 +0.7479681444884565E-06 +0.9999981506043298E+00
+0.4902141686932544E+04 +0.9999981501285247E+00 +0.7253684378013745E-06 +0.9999981501028024E+00
+0.4902204273115422E+04 +0.9999981503842400E+00 +0.7023155047015016E-06 +0.9999981504436283E+00
+0.4902266859298300E+04 +0.9999981515941745E+00 +0.6788906295261572E-06 +0.9999981517096901E+00
+0.4902329445481178E+04 +0.9999981538361976E+00 +0.6551918116353286E-06 +0.9999981539736870E+00
+0.4902392031664057E+04 +0.9999981571737422E+00 +0.6313323860027314E-06 +0.9999981572945105E+00
+0.4902454617846935E+04 +0.9999981616520081E+00 +0.6074384392622071E-06 +0.9999981617138322E+00
+0.4902517204029812E+04 +0.9999981672947794E+00 +0.5836450711055435E-06 +0.9999981672532642E+00
+0.4902579790212690E+04 +0.9999981741022460E+00 +0.5600916976184973E-06 +0.9999981739124394E+00
+0.4902642376395568E+04 +0.9999981820501467E+00 +0.5369167392053297E-06 +0.9999981816682821E+00
+0.4902704962578446E+04 +0.9999981910904139E+00 +0.5142521467763767E-06 +0.9999981904756245E+00
+0.4902767548761324E+04 +0.9999982011533202E+00 +0.4922182681029310E-06 +0.9999982002691673E+00
+0.4902830134944203E+04 +0.9999982121509466E+00 +0.4709195299294879E-06 +0.9999982109666197E+00
+0.4902892721127080E+04 +0.9999982239816243E+00 +0.4504413136039762E-06 +0.9999982224727171E+00
+0.4902955307309958E+04 +0.9999982365348926E+00 +0.4308482467544880E-06 +0.9999982346837131E+00
+0.4903017893492836E+04 +0.9999982496964764E+00 +0.4121839451587485E-06 +0.9999982474919091E+00
+0.4903080479675714E+04 +0.9999982633528245E+00 +0.3944720517023325E-06 +0.9999982607898225E+00
+0.4903143065858592E+04 +0.9999982773948685E+00 +0.3777182719579038E-06 +0.9999982744736859E+00
+0.4903205652041471E+04 +0.9999982917208213E+00 +0.3619130290843092E-06 +0.9999982884461107E+00
+0.4903268238224348E+04 +0.9999983062380007E+00 +0.3470343643553070E-06 +0.9999983026178847E+00
+0.4903330824407226E+04 +0.9999983208637863E+00 +0.3330507791604884E-06 +0.9999983169089871E+00
+0.4903393410590104E+04 +0.9999983355259017E+00 +0.3199238185689489E-06 +0.9999983312489714E+00
+0.4903455996772982E+04 +0.9999983501622144E+00 +0.3076103015229328E-06 +0.9999983455768848E+00
+0.4903518582955860E+04 +0.9999983647202300E+00 +0.2960641835691221E-06 +0.9999983598408749E+00
+0.4903581169138738E+04 +0.9999983791564014E+00 +0.2852380841922588E-06 +0.9999983739975989E+00
+0.4903643755321616E+04 +0.9999983934353324E+00 +0.2750845249747443E-06 +0.9999983880115114E+00
+0.4903706341504494E+04 +0.9999984075289157E+00 +0.2655569180979342E-06 +0.9999984018540785E+00
+0.4903768927687372E+04 +0.9999984214154379E+00 +0.2566103306210920E-06 +0.9999984155029500E+00
+0.4903831513870250E+04 +0.9999984350786729E+00 +0.2482020391998229E-06 +0.9999984289411183E+00
+0.4903894100053129E+04 +0.9999984485069959E+00 +0.2402918872981743E-06 +0.9999984421560935E+00
+0.4903956686236006E+04 +0.9999984616925512E+00 +0.2328424618360845E-06 +0.9999984551391238E+00
+0.4904019272418885E+04 +0.9999984746305037E+00 +0.2258191149752465E-06 +0.9999984678844923E+00
+0.4904081858601762E+04 +0.9999984873184001E+00 +0.2191898656167427E-06 +0.9999984803889100E+00
+0.4904144444784640E+04 +0.9999984997556536E+00 +0.2129252213629137E-06 +0.9999984926510187E+00
+0.4904207030967518E+04 +0.9999985119431507E+00 +0.2069979629714793E-06 +0.9999985046710036E+00
+0.4904269617150397E+04 +0.9999985238829661E+00 +0.2013829281061060E-06 +0.9999985164503035E+00
+0.4904332203333274E+04 +0.9999985355781607E+00 +0.1960568197373021E-06 +0.9999985279913987E+00
+0.4904394789516153E+04 +0.9999985470326344E+00 +0.1909980500733699E-06 +0.9999985392976520E+00
+0.4904457375699030E+04 +0.9999985582510109E+00 +0.1861866185721662E-06 +0.9999985503731840E+00
+0.4904519961881908E+04 +0.9999985692385396E+00 +0.1816040165337573E-06 +0.9999985612227669E+00
+0.4904582548064786E+04 +0.9999985800010078E+00 +0.1772331512964203E-06 +0.9999985718517328E+00
+0.4904645134247664E+04 +0.9999985905446610E+00 +0.1730582865459983E-06 +0.9999985822658871E+00
+0.4904707720430542E+04 +0.9999986008761239E+00 +0.1690649971194954E-06 +0.9999985924714273E+00
+0.4904770306613420E+04 +0.9999986110023186E+00 +0.1652401349108166E-06 +0.9999986024748568E+00
+0.4904832892796298E+04 +0.9999986209303737E+00 +0.1615717988478712E-06 +0.9999986122828953E+00
+0.4904895478979176E+04 +0.9999986306675249E+00 +0.1580493000541956E-06 +0.9999986219023815E+00
+0.4904958065162054E+04 +0.9999986402210109E+00 +0.1546631154506318E-06 +0.9999986313401739E+00
+0.4905020651344932E+04 +0.9999986495979746E+00 +0.1514048282410828E-06 +0.9999986406030548E+00
+0.4905083237527811E+04 +0.9999986588053714E+00 +0.1482670587927005E-06 +0.9999986496976420E+00
+0.4905145823710688E+04 +0.9999986678498896E+00 +0.1452433914240472E-06 +0.9999986586303083E+00
+0.4905208409893567E+04 +0.9999986767378737E+00 +0.1423283005259119E-06 +0.9999986674071067E+00
+0.4905270996076444E+04 +0.9999986854752487E+00 +0.1395170742612676E-06 +0.9999986760336950E+00
+0.4905333582259322E+04 +0.9999986940674400E+00 +0.1368057281638670E-06 +0.9999986845152604E+00
+0.4905396168442200E+04 +0.9999987025192901E+00 +0.1341908972814848E-06 +0.9999986928564462E+00
+0.4905458754625079E+04 +0.9999987108349866E+00 +0.1316696969581583E-06 +0.9999987010612896E+00
+0.4905521340807956E+04 +0.9999987190180195E+00 +0.1292395502454004E-06 +0.9999987091331890E+00
+0.4905583926990835E+04 +0.9999987270711881E+00 +0.1268979925687058E-06 +0.9999987170749149E+00
+0.4905646513173712E+04 +0.9999987349966737E+00 +0.1246424768842701E-06 +0.9999987248886778E+00
+0.4905709099356590E+04 +0.9999987427961758E+00 +0.1224702094719339E-06 +0.9999987325762496E+00
+0.4905771685539468E+04 +0.9999987504710985E+00 +0.1203780442433044E-06 +0.9999987401391280E+00
+0.4905834271722347E+04 +0.9999987580227560E+00 +0.1183624525400635E-06 +0.9999987475787172E+00
+0.4905896857905224E+04 +0.9999987654525669E+00 +0.1164195698789237E-06 +0.9999987548964987E+00
+0.4905959444088102E+04 +0.9999987727622067E+00 +0.1145453062509331E-06 +0.9999987620941666E+00
+0.4906022030270980E+04 +0.9999987799537000E+00 +0.1127354966085941E-06 +0.9999987691737119E+00
+0.4906084616453858E+04 +0.9999987870294460E+00 +0.1109860647252298E-06 +0.9999987761374475E+00
+0.4906147202636736E+04 +0.9999987939921805E+00 +0.1092931755991445E-06 +0.9999987829879772E+00
+0.4906209788819615E+04 +0.9999988008448853E+00 +0.1076533562620621E-06 +0.9999987897281178E+00
+0.4906272375002492E+04 +0.9999988075906602E+00 +0.1060635698308989E-06 +0.9999987963607884E+00
+0.4906334961185370E+04 +0.9999988142325767E+00 +0.1045212325399722E-06 +0.9999988028888822E+00
+0.4906397547368249E+04 +0.9999988207735377E+00 +0.1030241699222788E-06 +0.9999988093151455E+00
+0.4906460133551126E+04 +0.9999988272161644E+00 +0.1015705178021335E-06 +0.9999988156420810E+00
+0.4906522719734004E+04 +0.9999988335627371E+00 +0.1001585852752997E-06 +0.9999988218718951E+00
+0.4906585305916882E+04 +0.9999988398151973E+00 +0.9878670623891254E-07 +0.9999988280065003E+00
+0.4906647892099761E+04 +0.9999988459752098E+00 +0.9745310833712075E-07 +0.9999988340475663E+00
+0.4906710478282638E+04 +0.9999988520442670E+00 +0.9615582123044057E-07 +0.9999988399966108E+00
+0.4906773064465517E+04 +0.9999988580238127E+00 +0.9489263266041615E-07 +0.9999988458551075E+00
+0.4906835650648394E+04 +0.9999988639153662E+00 +0.9366108766382813E-07 +0.9999988516245976E+00
+0.4906898236831272E+04 +0.9999988697206363E+00 +0.9245852047645561E-07 +0.9999988573067957E+00
+0.4906960823014150E+04 +0.9999988754416268E+00 +0.9128211274845370E-07 +0.9999988629036861E+00
+0.4907023409197029E+04 +0.9999988810807350E+00 +0.9012898156687089E-07 +0.9999988684176103E+00
+0.4907085995379906E+04 +0.9999988866408355E+00 +0.8899630765595686E-07 +0.9999988738513367E+00
+0.4907148581562784E+04 +0.9999988921253277E+00 +0.8788151011274039E-07 +0.9999988792080928E+00
+0.4907211167745662E+04 +0.9999988975381165E+00 +0.8678245776963537E-07 +0.9999988844915390E+00
+0.4907273753928540E+04 +0.9999989028835022E+00 +0.8569768560422481E-07 +0.9999988897056625E+00
+0.4907336340111418E+04 +0.9999989081659730E+00 +0.8462656902113888E-07 +0.9999988948545924E+00
+0.4907398926294297E+04 +0.9999989133899250E+00 +0.8356940880486099E-07 +0.9999988999423529E+00
+0.4907461512477174E+04 +0.9999989185593567E+00 +0.8252739710091317E-07 +0.9999989049725982E+00
+0.4907524098660052E+04 +0.9999989236775959E+00 +0.8150246341989585E-07 +0.9999989099483731E+00
+0.4907586684842930E+04 +0.9999989287471054E+00 +0.8049702813549134E-07 +0.9999989148719426E+00
+0.4907649271025808E+04 +0.9999989337693990E+00 +0.7951370930596909E-07 +0.9999989197447133E+00
+0.4907711857208687E+04 +0.9999989387450690E+00 +0.7855503266378638E-07 +0.9999989245672528E+00
+0.4907774443391565E+04 +0.9999989436739051E+00 +0.7762318633114984E-07 +0.9999989293393889E+00
+0.4907837029574443E+04 +0.9999989485550773E+00 +0.7671984671330681E-07 +0.9999989340603673E+00
+0.4907899615757320E+04 +0.9999989533873438E+00 +0.7584608544704743E-07 +0.9999989387290329E+00
+0.4907962201940198E+04 +0.9999989581692538E+00 +0.7500235253422468E-07 +0.9999989433440101E+00
+0.4908024788123076E+04 +0.9999989628993183E+00 +0.7418851937133806E-07 +0.9999989479038585E+00
+0.4908087374305954E+04 +0.9999989675761359E+00 +0.7340395827480692E-07 +0.9999989524071892E+00
+0.4908149960488832E+04 +0.9999989721984708E+00 +0.7264763345269417E-07 +0.9999989568527435E+00
+0.4908212546671711E+04 +0.9999989767652924E+00 +0.7191818297232201E-07 +0.9999989612394369E+00
+0.4908275132854588E+04 +0.9999989812757958E+00 +0.7121398128041341E-07 +0.9999989655663848E+00
+0.4908337719037466E+04 +0.9999989857294193E+00 +0.7053318413022327E-07 +0.9999989698329242E+00
+0.4908400305220344E+04 +0.9999989901258697E+00 +0.6987376778101017E-07 +0.9999989740386375E+00
+0.4908462891403222E+04 +0.9999989944651565E+00 +0.6923357799722214E-07 +0.9999989781833800E+00
+0.4908525477586100E+04 +0.9999989987476222E+00 +0.6861040000924359E-07 +0.9999989822673025E+00
+0.4908588063768979E+04 +0.9999990029739498E+00 +0.6800204961729119E-07 +0.9999989862908526E+00
+0.4908650649951856E+04 +0.9999990071451315E+00 +0.6740647200687288E-07 +0.9999989902547424E+00
+0.4908713236134734E+04 +0.9999990112623923E+00 +0.6682182393266011E-07 +0.9999989941598817E+00
+0.4908775822317612E+04 +0.9999990153270789E+00 +0.6624651186777405E-07 +0.9999989980072826E+00
+0.4908838408500490E+04 +0.9999990193405400E+00 +0.6567916668025126E-07 +0.9999990017979606E+00
+0.4908900994683368E+04 +0.9999990233040390E+00 +0.6511855382073735E-07 +0.9999990055328630E+00
+0.4908963580866246E+04 +0.9999990272187324E+00 +0.6456344175766820E-07 +0.9999990092128535E+00
+0.4909026167049125E+04 +0.9999990310857372E+00 +0.6401247194994584E-07 +0.9999990128387677E+00
+0.4909088753232002E+04 +0.9999990349062771E+00 +0.6346408222934538E-07 +0.9999990164115331E+00
+0.4909151339414880E+04 +0.9999990386818717E+00 +0.6291652676742467E-07 +0.9999990199323201E+00
+0.4909213925597758E+04 +0.9999990424145102E+00 +0.6236801039614543E-07 +0.9999990234026767E+00
+0.4909276511780637E+04 +0.9999990461067436E+00 +0.6181691961723214E-07 +0.9999990268245932E+00
+0.4909339097963514E+04 +0.9999990497616509E+00 +0.6126209826010215E-07 +0.9999990302004620E+00
+0.4909401684146393E+04 +0.9999990533826630E+00 +0.6070309471720218E-07 +0.9999990335329173E+00
+0.4909464270329270E+04 +0.9999990569732765E+00 +0.6014030908165749E-07 +0.9999990368245852E+00
+0.4909526856512148E+04 +0.9999990605367173E+00 +0.5957499378039439E-07 +0.9999990400777919E+00
+0.4909589442695026E+04 +0.9999990640756374E+00 +0.5900910230084747E-07 +0.9999990432942969E+00
+0.4909652028877905E+04 +0.9999990675919104E+00 +0.5844502245586323E-07 +0.9999990464751087E+00
+0.4909714615060782E+04 +0.9999990710865649E+00 +0.5788525852122033E-07 +0.9999990496204143E+00
+0.4909777201243661E+04 +0.9999990745598569E+00 +0.5733213260142155E-07 +0.9999990527296232E+00
+0.4909839787426538E+04 +0.9999990780114463E+00 +0.5678756121934062E-07 +0.9999990558015017E+00
+0.4909902373609416E+04 +0.9999990814406274E+00 +0.5625293672854334E-07 +0.9999990588343535E+00
+0.4909964959792294E+04 +0.9999990848465624E+00 +0.5572911497810603E-07 +0.9999990618262027E+00
+0.4910027545975172E+04 +0.9999990882284734E+00 +0.5521648875223287E-07 +0.9999990647749424E+00
+0.4910090132158050E+04 +0.9999990915857719E+00 +0.5471511472912536E-07 +0.9999990676784266E+00
+0.4910152718340928E+04 +0.9999990949181169E+00 +0.5422485982657855E-07 +0.9999990705344948E+00
+0.4910215304523806E+04 +0.9999990982254097E+00 +0.5374553788139694E-07 +0.9999990733409357E+00
+0.4910277890706684E+04 +0.9999991015077418E+00 +0.5327701600201364E-07 +0.9999990760953984E+00
+0.4910340476889562E+04 +0.9999991047653144E+00 +0.5281927907285556E-07 +0.9999990787952663E+00
+0.4910403063072440E+04 +0.9999991079983510E+00 +0.5237244986788227E-07 +0.9999990814375085E+00
+0.4910465649255319E+04 +0.9999991112070235E+00 +0.5193677087420472E-07 +0.9999990840185198E+00
+0.4910528235438196E+04 +0.9999991143914022E+00 +0.5151256133496408E-07 +0.9999990865339535E+00
+0.4910590821621075E+04 +0.9999991175514388E+00 +0.5110016713539767E-07 +0.9999990889785410E+00
+0.4910653407803952E+04 +0.9999991206869718E+00 +0.5069991998461660E-07 +0.9999990913458797E+00
+0.4910715993986830E+04 +0.9999991237977472E+00 +0.5031211579301404E-07 +0.9999990936281585E+00
+0.4910778580169708E+04 +0.9999991268834341E+00 +0.4993701270322715E-07 +0.9999990958157714E+00
+0.4910841166352587E+04 +0.9999991299436281E+00 +0.4957484078959259E-07 +0.9999990978967673E+00
+0.4910903752535464E+04 +0.9999991329778362E+00 +0.4922581111587482E-07 +0.9999990998560196E+00
+0.4910966338718343E+04 +0.9999991359854455E+00 +0.4889011243571045E-07 +0.9999991016740798E+00
+0.4911028924901220E+04 +0.9999991389656869E+00 +0.4856788780651126E-07 +0.9999991033250900E+00
+0.4911091511084098E+04 +0.9999991419176000E+00 +0.4825918817656022E-07 +0.9999991047747326E+00
+0.4911154097266976E+04 +0.9999991448400120E+00 +0.4796390359037053E-07 +0.9999991059720523E+00
+0.4911216683449855E+04 +0.9999991477315366E+00 +0.4768167472110131E-07 +0.9999991068528172E+00
+0.4911279269632732E+04 +0.9999991505906055E+00 +0.4741178935000267E-07 +0.9999991072771911E+00
+0.4911341855815610E+04 +0.9999991534155392E+00 +0.4715307213560745E-07 +0.9999991071575347E+00
+0.4911404441998488E+04 +0.9999991562046707E+00 +0.4690378259329848E-07 +0.9999991057088805E+00
+0.4911467028181366E+04 +0.9999991589565259E+00 +0.4666154465766181E-07 +0.9999991044268826E+00
+0.4911529614364244E+04 +0.9999991616700544E+00 +0.4642333828013075E-07 +0.9999990938048601E+00
+0.4911592200547123E+04 +0.9999991643448888E+00 +0.4618558440906531E-07 +0.9999990883822998E+00
