# Macroscopic dielectric function epsm
#
# Momentum transfer Q=G+q in lattice cooridnates
# G:   0   0   0
# q:   0.0000000   0.0000000   0.0000000
# Momentum transfer Q=G+q in Cartesian cooridnates
# G:   0.0000000   0.0000000   0.0000000
# q:   0.0000000   0.0000000   0.0000000
# Norm2(G+q)   0.0000000
#
# Energy scale=   27.211384
# Used broadening in scaled energy units:    0.890000
#
# Number of k-points=     384
# Unit cell volume [au]=  734.220916
# Coulomb potential v(Q) [au]=          0.000000
#
#             Frequency                Re(epsm)                Im(epsm)       Re(epsm) form KKT
+0.4849068603852000E+04 +0.1000000588641655E+01 +0.2167677530755907E-07 +0.1000000628703940E+01
+0.4849131190034877E+04 +0.1000000589856752E+01 +0.2176988773169252E-07 +0.1000000626032490E+01
+0.4849193776217756E+04 +0.1000000591074551E+01 +0.2186965073632181E-07 +0.1000000620918674E+01
+0.4849256362400634E+04 +0.1000000592293684E+01 +0.2197553368494685E-07 +0.1000000620179074E+01
+0.4849318948583512E+04 +0.1000000593512915E+01 +0.2208665456831750E-07 +0.1000000619351496E+01
+0.4849381534766390E+04 +0.1000000594731232E+01 +0.2220182019800371E-07 +0.1000000619134893E+01
+0.4849444120949268E+04 +0.1000000595947928E+01 +0.2231959197026388E-07 +0.1000000619160424E+01
+0.4849506707132145E+04 +0.1000000597162658E+01 +0.2243837028528549E-07 +0.1000000619386688E+01
+0.4849569293315024E+04 +0.1000000598375475E+01 +0.2255649067676747E-07 +0.1000000619748382E+01
+0.4849631879497902E+04 +0.1000000599586838E+01 +0.2267232607193879E-07 +0.1000000620216050E+01
+0.4849694465680780E+04 +0.1000000600797600E+01 +0.2278439105700067E-07 +0.1000000620766823E+01
+0.4849757051863658E+04 +0.1000000602008966E+01 +0.2289144407676230E-07 +0.1000000621385915E+01
+0.4849819638046536E+04 +0.1000000603222422E+01 +0.2299258150685224E-07 +0.1000000622062726E+01
+0.4849882224229414E+04 +0.1000000604439639E+01 +0.2308731428703225E-07 +0.1000000622789784E+01
+0.4849944810412292E+04 +0.1000000605662344E+01 +0.2317561510531531E-07 +0.1000000623561663E+01
+0.4850007396595171E+04 +0.1000000606892178E+01 +0.2325792387932818E-07 +0.1000000624374323E+01
+0.4850069982778048E+04 +0.1000000608130550E+01 +0.2333510279815014E-07 +0.1000000625224594E+01
+0.4850132568960926E+04 +0.1000000609378510E+01 +0.2340833974960083E-07 +0.1000000626109804E+01
+0.4850195155143804E+04 +0.1000000610636669E+01 +0.2347900932916854E-07 +0.1000000627027518E+01
+0.4850257741326682E+04 +0.1000000611905164E+01 +0.2354851083095575E-07 +0.1000000627975373E+01
+0.4850320327509559E+04 +0.1000000613183697E+01 +0.2361810886473170E-07 +0.1000000628951011E+01
+0.4850382913692439E+04 +0.1000000614471621E+01 +0.2368880186920563E-07 +0.1000000629952073E+01
+0.4850445499875316E+04 +0.1000000615768064E+01 +0.2376123681968252E-07 +0.1000000630976251E+01
+0.4850508086058194E+04 +0.1000000617072070E+01 +0.2383567745925685E-07 +0.1000000632021363E+01
+0.4850570672241072E+04 +0.1000000618382727E+01 +0.2391202214349843E-07 +0.1000000633085431E+01
+0.4850633258423950E+04 +0.1000000619699271E+01 +0.2398985912225172E-07 +0.1000000634166753E+01
+0.4850695844606827E+04 +0.1000000621021161E+01 +0.2406854359194477E-07 +0.1000000635263941E+01
+0.4850758430789706E+04 +0.1000000622348121E+01 +0.2414728222124531E-07 +0.1000000636375953E+01
+0.4850821016972584E+04 +0.1000000623680158E+01 +0.2422521561788243E-07 +0.1000000637502089E+01
+0.4850883603155462E+04 +0.1000000625017558E+01 +0.2430149491746070E-07 +0.1000000638641985E+01
+0.4850946189338340E+04 +0.1000000626360875E+01 +0.2437535283342057E-07 +0.1000000639795586E+01
+0.4851008775521218E+04 +0.1000000627710903E+01 +0.2444617058728722E-07 +0.1000000640963115E+01
+0.4851071361704096E+04 +0.1000000629068634E+01 +0.2451354025452142E-07 +0.1000000642145022E+01
+0.4851133947886974E+04 +0.1000000630435198E+01 +0.2457731880894237E-07 +0.1000000643341925E+01
+0.4851196534069853E+04 +0.1000000631811792E+01 +0.2463766762015161E-07 +0.1000000644554536E+01
+0.4851259120252730E+04 +0.1000000633199590E+01 +0.2469507073318916E-07 +0.1000000645783578E+01
+0.4851321706435608E+04 +0.1000000634599649E+01 +0.2475032701741878E-07 +0.1000000647029694E+01
+0.4851384292618486E+04 +0.1000000636012824E+01 +0.2480451437005349E-07 +0.1000000648293364E+01
+0.4851446878801364E+04 +0.1000000637439685E+01 +0.2485892765491110E-07 +0.1000000649574835E+01
+0.4851509464984242E+04 +0.1000000638880464E+01 +0.2491499533144220E-07 +0.1000000650874062E+01
+0.4851572051167121E+04 +0.1000000640335020E+01 +0.2497418229407671E-07 +0.1000000652190683E+01
+0.4851634637349998E+04 +0.1000000641802840E+01 +0.2503788767538444E-07 +0.1000000653524010E+01
+0.4851697223532876E+04 +0.1000000643283061E+01 +0.2510734577344069E-07 +0.1000000654873052E+01
+0.4851759809715754E+04 +0.1000000644774520E+01 +0.2518353610175683E-07 +0.1000000656236559E+01
+0.4851822395898632E+04 +0.1000000646275819E+01 +0.2526710608616171E-07 +0.1000000657613080E+01
+0.4851884982081510E+04 +0.1000000647785416E+01 +0.2535830880592648E-07 +0.1000000659001052E+01
+0.4851947568264388E+04 +0.1000000649301731E+01 +0.2545695937277822E-07 +0.1000000660398889E+01
+0.4852010154447266E+04 +0.1000000650823263E+01 +0.2556241660792863E-07 +0.1000000661805102E+01
+0.4852072740630144E+04 +0.1000000652348738E+01 +0.2567359981584824E-07 +0.1000000663218418E+01
+0.4852135326813021E+04 +0.1000000653877239E+01 +0.2578905127300715E-07 +0.1000000664637908E+01
+0.4852197912995900E+04 +0.1000000655408340E+01 +0.2590705151610797E-07 +0.1000000666063091E+01
+0.4852260499178778E+04 +0.1000000656942190E+01 +0.2602578581728057E-07 +0.1000000667494011E+01
+0.4852323085361656E+04 +0.1000000658479542E+01 +0.2614354747578934E-07 +0.1000000668931251E+01
+0.4852385671544534E+04 +0.1000000660021691E+01 +0.2625895004377290E-07 +0.1000000670375882E+01
+0.4852448257727412E+04 +0.1000000661570342E+01 +0.2637111128423118E-07 +0.1000000671829334E+01
+0.4852510843910290E+04 +0.1000000663127397E+01 +0.2647977138570332E-07 +0.1000000673293221E+01
+0.4852573430093168E+04 +0.1000000664694716E+01 +0.2658531900310506E-07 +0.1000000674769123E+01
+0.4852636016276046E+04 +0.1000000666273890E+01 +0.2668871885950615E-07 +0.1000000676258394E+01
+0.4852698602458924E+04 +0.1000000667866061E+01 +0.2679135751904743E-07 +0.1000000677762005E+01
+0.4852761188641803E+04 +0.1000000669471835E+01 +0.2689484169829735E-07 +0.1000000679280455E+01
+0.4852823774824680E+04 +0.1000000671091269E+01 +0.2700079063018838E-07 +0.1000000680813769E+01
+0.4852886361007558E+04 +0.1000000672723950E+01 +0.2711065962230793E-07 +0.1000000682361544E+01
+0.4852948947190435E+04 +0.1000000674369106E+01 +0.2722561922369723E-07 +0.1000000683923059E+01
+0.4853011533373314E+04 +0.1000000676025752E+01 +0.2734649823375203E-07 +0.1000000685497383E+01
+0.4853074119556192E+04 +0.1000000677692812E+01 +0.2747378359617736E-07 +0.1000000687083493E+01
+0.4853136705739070E+04 +0.1000000679369214E+01 +0.2760765911261307E-07 +0.1000000688680358E+01
+0.4853199291921948E+04 +0.1000000681053950E+01 +0.2774805975664515E-07 +0.1000000690286993E+01
+0.4853261878104826E+04 +0.1000000682746098E+01 +0.2789471999725322E-07 +0.1000000691902489E+01
+0.4853324464287703E+04 +0.1000000684444830E+01 +0.2804720241642563E-07 +0.1000000693526028E+01
+0.4853387050470582E+04 +0.1000000686149416E+01 +0.2820490469646693E-07 +0.1000000695156894E+01
+0.4853449636653460E+04 +0.1000000687859254E+01 +0.2836705487970466E-07 +0.1000000696794500E+01
+0.4853512222836338E+04 +0.1000000689573912E+01 +0.2853271249396937E-07 +0.1000000698438428E+01
+0.4853574809019216E+04 +0.1000000691293198E+01 +0.2870079388914106E-07 +0.1000000700088489E+01
+0.4853637395202094E+04 +0.1000000693017222E+01 +0.2887013360284626E-07 +0.1000000701744770E+01
+0.4853699981384972E+04 +0.1000000694746440E+01 +0.2903958190617539E-07 +0.1000000703407672E+01
+0.4853762567567850E+04 +0.1000000696481655E+01 +0.2920812569866799E-07 +0.1000000705077904E+01
+0.4853825153750729E+04 +0.1000000698223968E+01 +0.2937501001971884E-07 +0.1000000706756437E+01
+0.4853887739933606E+04 +0.1000000699974677E+01 +0.2953983429739763E-07 +0.1000000708444417E+01
+0.4853950326116484E+04 +0.1000000701735147E+01 +0.2970260260009378E-07 +0.1000000710143049E+01
+0.4854012912299362E+04 +0.1000000703506665E+01 +0.2986371893459240E-07 +0.1000000711853475E+01
+0.4854075498482240E+04 +0.1000000705290325E+01 +0.3002393247841464E-07 +0.1000000713576665E+01
+0.4854138084665117E+04 +0.1000000707086931E+01 +0.3018424807716906E-07 +0.1000000715313334E+01
+0.4854200670847996E+04 +0.1000000708896948E+01 +0.3034582079163558E-07 +0.1000000717063893E+01
+0.4854263257030874E+04 +0.1000000710720488E+01 +0.3050984981261243E-07 +0.1000000718828434E+01
+0.4854325843213752E+04 +0.1000000712557322E+01 +0.3067748002010162E-07 +0.1000000720606738E+01
+0.4854388429396630E+04 +0.1000000714406910E+01 +0.3084971330714105E-07 +0.1000000722398301E+01
+0.4854451015579508E+04 +0.1000000716268451E+01 +0.3102732961091912E-07 +0.1000000724202385E+01
+0.4854513601762385E+04 +0.1000000718140956E+01 +0.3121081976174360E-07 +0.1000000726018084E+01
+0.4854576187945264E+04 +0.1000000720023340E+01 +0.3140033669755560E-07 +0.1000000727844406E+01
+0.4854638774128142E+04 +0.1000000721914529E+01 +0.3159567519710328E-07 +0.1000000729680371E+01
+0.4854701360311020E+04 +0.1000000723813580E+01 +0.3179629049499444E-07 +0.1000000731525119E+01
+0.4854763946493898E+04 +0.1000000725719788E+01 +0.3200136185387306E-07 +0.1000000733378003E+01
+0.4854826532676776E+04 +0.1000000727632773E+01 +0.3220989885201287E-07 +0.1000000735238659E+01
+0.4854889118859654E+04 +0.1000000729552508E+01 +0.3242087749325766E-07 +0.1000000737107031E+01
+0.4854951705042532E+04 +0.1000000731479292E+01 +0.3263338284305805E-07 +0.1000000738983348E+01
+0.4855014291225410E+04 +0.1000000733413661E+01 +0.3284672799098286E-07 +0.1000000740868044E+01
+0.4855076877408288E+04 +0.1000000735356245E+01 +0.3306051914137450E-07 +0.1000000742761641E+01
+0.4855139463591166E+04 +0.1000000737307614E+01 +0.3327464578635522E-07 +0.1000000744664611E+01
+0.4855202049774044E+04 +0.1000000739268134E+01 +0.3348919250146928E-07 +0.1000000746577270E+01
+0.4855264635956922E+04 +0.1000000741237902E+01 +0.3370429035211334E-07 +0.1000000748499711E+01
+0.4855327222139799E+04 +0.1000000743216741E+01 +0.3391994414544803E-07 +0.1000000750431814E+01
+0.4855389808322679E+04 +0.1000000745204305E+01 +0.3413588043639380E-07 +0.1000000752373328E+01
+0.4855452394505556E+04 +0.1000000747200241E+01 +0.3435145747205342E-07 +0.1000000754324009E+01
+0.4855514980688434E+04 +0.1000000749204377E+01 +0.3456566355154391E-07 +0.1000000756283783E+01
+0.4855577566871312E+04 +0.1000000751216913E+01 +0.3477720895157164E-07 +0.1000000758252902E+01
+0.4855640153054190E+04 +0.1000000753238531E+01 +0.3498469416566951E-07 +0.1000000760232041E+01
+0.4855702739237067E+04 +0.1000000755270441E+01 +0.3518681921463580E-07 +0.1000000762222335E+01
+0.4855765325419947E+04 +0.1000000757314316E+01 +0.3538258972245009E-07 +0.1000000764225319E+01
+0.4855827911602824E+04 +0.1000000759372158E+01 +0.3557147773005409E-07 +0.1000000766242819E+01
+0.4855890497785702E+04 +0.1000000761446102E+01 +0.3575350805258847E-07 +0.1000000768276780E+01
+0.4855953083968580E+04 +0.1000000763538221E+01 +0.3592926022682114E-07 +0.1000000770329098E+01
+0.4856015670151458E+04 +0.1000000765650350E+01 +0.3609979558468384E-07 +0.1000000772401462E+01
+0.4856078256334335E+04 +0.1000000767783964E+01 +0.3626653295673990E-07 +0.1000000774495248E+01
+0.4856140842517214E+04 +0.1000000769940111E+01 +0.3643110182460038E-07 +0.1000000776611452E+01
+0.4856203428700092E+04 +0.1000000772119413E+01 +0.3659519884345838E-07 +0.1000000778750688E+01
+0.4856266014882970E+04 +0.1000000774322098E+01 +0.3676046577657496E-07 +0.1000000780913210E+01
+0.4856328601065848E+04 +0.1000000776548072E+01 +0.3692839810997529E-07 +0.1000000783098971E+01
+0.4856391187248726E+04 +0.1000000778796996E+01 +0.3710028689818681E-07 +0.1000000785307698E+01
+0.4856453773431604E+04 +0.1000000781068373E+01 +0.3727719248536415E-07 +0.1000000787538960E+01
+0.4856516359614482E+04 +0.1000000783361629E+01 +0.3745994650826831E-07 +0.1000000789792246E+01
+0.4856578945797361E+04 +0.1000000785676170E+01 +0.3764917637445000E-07 +0.1000000792067015E+01
+0.4856641531980238E+04 +0.1000000788011432E+01 +0.3784534365784972E-07 +0.1000000794362741E+01
+0.4856704118163116E+04 +0.1000000790366897E+01 +0.3804878570419179E-07 +0.1000000796678932E+01
+0.4856766704345994E+04 +0.1000000792742092E+01 +0.3825975012393926E-07 +0.1000000799015136E+01
+0.4856829290528872E+04 +0.1000000795136586E+01 +0.3847841569947297E-07 +0.1000000801370933E+01
+0.4856891876711750E+04 +0.1000000797549975E+01 +0.3870489928350572E-07 +0.1000000803745934E+01
+0.4856954462894629E+04 +0.1000000799981881E+01 +0.3893925363805633E-07 +0.1000000806139776E+01
+0.4857017049077506E+04 +0.1000000802431955E+01 +0.3918146334770261E-07 +0.1000000808552125E+01
+0.4857079635260384E+04 +0.1000000804899891E+01 +0.3943144454571437E-07 +0.1000000810982692E+01
+0.4857142221443262E+04 +0.1000000807385439E+01 +0.3968905097116481E-07 +0.1000000813431239E+01
+0.4857204807626140E+04 +0.1000000809888415E+01 +0.3995408610623640E-07 +0.1000000815897590E+01
+0.4857267393809017E+04 +0.1000000812408714E+01 +0.4022631986890653E-07 +0.1000000818381643E+01
+0.4857329979991896E+04 +0.1000000814946306E+01 +0.4050550796831606E-07 +0.1000000820883363E+01
+0.4857392566174774E+04 +0.1000000817501235E+01 +0.4079141142858164E-07 +0.1000000823402786E+01
+0.4857455152357652E+04 +0.1000000820073602E+01 +0.4108381262798971E-07 +0.1000000825939998E+01
+0.4857517738540530E+04 +0.1000000822663548E+01 +0.4138252336869144E-07 +0.1000000828495127E+01
+0.4857580324723408E+04 +0.1000000825271231E+01 +0.4168738127442624E-07 +0.1000000831068317E+01
+0.4857642910906286E+04 +0.1000000827896807E+01 +0.4199823373381169E-07 +0.1000000833659724E+01
+0.4857705497089164E+04 +0.1000000830540428E+01 +0.4231491287445142E-07 +0.1000000836269503E+01
+0.4857768083272043E+04 +0.1000000833202253E+01 +0.4263720897472949E-07 +0.1000000838897824E+01
+0.4857830669454920E+04 +0.1000000835882474E+01 +0.4296485163475946E-07 +0.1000000841544898E+01
+0.4857893255637798E+04 +0.1000000838581356E+01 +0.4329750707641185E-07 +0.1000000844211003E+01
+0.4857955841820676E+04 +0.1000000841299277E+01 +0.4363479630209620E-07 +0.1000000846896524E+01
+0.4858018428003554E+04 +0.1000000844036760E+01 +0.4397633354180562E-07 +0.1000000849601971E+01
+0.4858081014186432E+04 +0.1000000846794484E+01 +0.4432177898452719E-07 +0.1000000852327997E+01
+0.4858143600369311E+04 +0.1000000849573272E+01 +0.4467089578427170E-07 +0.1000000855075379E+01
+0.4858206186552188E+04 +0.1000000852374056E+01 +0.4502359978921581E-07 +0.1000000857844992E+01
+0.4858268772735066E+04 +0.1000000855197824E+01 +0.4537999153009742E-07 +0.1000000860637758E+01
+0.4858331358917943E+04 +0.1000000858045551E+01 +0.4574036324740956E-07 +0.1000000863454589E+01
+0.4858393945100822E+04 +0.1000000860918142E+01 +0.4610517860687634E-07 +0.1000000866296338E+01
+0.4858456531283700E+04 +0.1000000863816380E+01 +0.4647502880829727E-07 +0.1000000869163752E+01
+0.4858519117466578E+04 +0.1000000866740908E+01 +0.4685057506371269E-07 +0.1000000872057460E+01
+0.4858581703649456E+04 +0.1000000869692234E+01 +0.4723249184632923E-07 +0.1000000874977969E+01
+0.4858644289832334E+04 +0.1000000872670761E+01 +0.4762142536979191E-07 +0.1000000877925690E+01
+0.4858706876015211E+04 +0.1000000875676823E+01 +0.4801797622868185E-07 +0.1000000880900971E+01
+0.4858769462198090E+04 +0.1000000878710720E+01 +0.4842270559203672E-07 +0.1000000883904118E+01
+0.4858832048380968E+04 +0.1000000881772737E+01 +0.4883615492517599E-07 +0.1000000886935415E+01
+0.4858894634563846E+04 +0.1000000884863129E+01 +0.4925886446873187E-07 +0.1000000889995114E+01
+0.4858957220746724E+04 +0.1000000887982113E+01 +0.4969137786032076E-07 +0.1000000893083429E+01
+0.4859019806929602E+04 +0.1000000891129840E+01 +0.5013422783110285E-07 +0.1000000896200514E+01
+0.4859082393112480E+04 +0.1000000894306386E+01 +0.5058790657585780E-07 +0.1000000899346462E+01
+0.4859144979295358E+04 +0.1000000897511764E+01 +0.5105282993753579E-07 +0.1000000902521313E+01
+0.4859207565478236E+04 +0.1000000900745942E+01 +0.5152930528187413E-07 +0.1000000905725072E+01
+0.4859270151661114E+04 +0.1000000904008888E+01 +0.5201751018774664E-07 +0.1000000908957746E+01
+0.4859332737843992E+04 +0.1000000907300609E+01 +0.5251748548364609E-07 +0.1000000912219384E+01
+0.4859395324026870E+04 +0.1000000910621203E+01 +0.5302914351641648E-07 +0.1000000915510118E+01
+0.4859457910209748E+04 +0.1000000913970897E+01 +0.5355229097343372E-07 +0.1000000918830201E+01
+0.4859520496392625E+04 +0.1000000917350085E+01 +0.5408666441007148E-07 +0.1000000922180042E+01
+0.4859583082575504E+04 +0.1000000920759357E+01 +0.5463197563345786E-07 +0.1000000925560226E+01
+0.4859645668758382E+04 +0.1000000924199504E+01 +0.5518796371593286E-07 +0.1000000928971525E+01
+0.4859708254941260E+04 +0.1000000927671522E+01 +0.5575445083802795E-07 +0.1000000932414897E+01
+0.4859770841124138E+04 +0.1000000931176593E+01 +0.5633139950026571E-07 +0.1000000935891470E+01
+0.4859833427307016E+04 +0.1000000934716054E+01 +0.5691896752890323E-07 +0.1000000939402506E+01
+0.4859896013489893E+04 +0.1000000938291338E+01 +0.5751755449017565E-07 +0.1000000942949355E+01
+0.4859958599672772E+04 +0.1000000941903906E+01 +0.5812783035218308E-07 +0.1000000946533386E+01
+0.4860021185855650E+04 +0.1000000945555159E+01 +0.5875073710141246E-07 +0.1000000950155916E+01
+0.4860083772038528E+04 +0.1000000949246356E+01 +0.5938745780396604E-07 +0.1000000953818133E+01
+0.4860146358221406E+04 +0.1000000952978544E+01 +0.6003935403610001E-07 +0.1000000957521038E+01
+0.4860208944404284E+04 +0.1000000956752514E+01 +0.6070787889305811E-07 +0.1000000961265406E+01
+0.4860271530587162E+04 +0.1000000960568791E+01 +0.6139447677961367E-07 +0.1000000965051780E+01
+0.4860334116770040E+04 +0.1000000964427663E+01 +0.6210048273432503E-07 +0.1000000968880495E+01
+0.4860396702952919E+04 +0.1000000968329246E+01 +0.6282703437496153E-07 +0.1000000972751741E+01
+0.4860459289135796E+04 +0.1000000972273582E+01 +0.6357500962241955E-07 +0.1000000976665645E+01
+0.4860521875318674E+04 +0.1000000976260759E+01 +0.6434500269735786E-07 +0.1000000980622384E+01
+0.4860584461501552E+04 +0.1000000980291041E+01 +0.6513734790389473E-07 +0.1000000984622293E+01
+0.4860647047684430E+04 +0.1000000984364985E+01 +0.6595219412580444E-07 +0.1000000988665969E+01
+0.4860709633867307E+04 +0.1000000988483524E+01 +0.6678962323863859E-07 +0.1000000992754343E+01
+0.4860772220050187E+04 +0.1000000992648002E+01 +0.6764979547529683E-07 +0.1000000996888707E+01
+0.4860834806233064E+04 +0.1000000996860150E+01 +0.6853309801384467E-07 +0.1000001001070698E+01
+0.4860897392415942E+04 +0.1000001001122011E+01 +0.6944027261061548E-07 +0.1000001005302227E+01
+0.4860959978598820E+04 +0.1000001005435827E+01 +0.7037250428569986E-07 +0.1000001009585384E+01
+0.4861022564781698E+04 +0.1000001009803913E+01 +0.7133146342597524E-07 +0.1000001013922327E+01
+0.4861085150964575E+04 +0.1000001014228536E+01 +0.7231930439791141E-07 +0.1000001018315168E+01
+0.4861147737147454E+04 +0.1000001018711805E+01 +0.7333863151601716E-07 +0.1000001022765884E+01
+0.4861210323330332E+04 +0.1000001023255600E+01 +0.7439244619204338E-07 +0.1000001027276233E+01
+0.4861272909513210E+04 +0.1000001027861505E+01 +0.7548408724234088E-07 +0.1000001031847700E+01
+0.4861335495696088E+04 +0.1000001032530774E+01 +0.7661717114818437E-07 +0.1000001036481461E+01
+0.4861398081878966E+04 +0.1000001037264298E+01 +0.7779553312312299E-07 +0.1000001041178342E+01
+0.4861460668061844E+04 +0.1000001042062578E+01 +0.7902316590067754E-07 +0.1000001045938804E+01
+0.4861523254244722E+04 +0.1000001046925713E+01 +0.8030415291901268E-07 +0.1000001050762928E+01
+0.4861585840427600E+04 +0.1000001051853398E+01 +0.8164259576839916E-07 +0.1000001055650413E+01
+0.4861648426610478E+04 +0.1000001056844942E+01 +0.8304254021654529E-07 +0.1000001060600596E+01
+0.4861711012793356E+04 +0.1000001061899307E+01 +0.8450790805000795E-07 +0.1000001065612486E+01
+0.4861773598976234E+04 +0.1000001067015162E+01 +0.8604244169855697E-07 +0.1000001070684815E+01
+0.4861836185159112E+04 +0.1000001072190957E+01 +0.8764966575022728E-07 +0.1000001075816106E+01
+0.4861898771341990E+04 +0.1000001077425002E+01 +0.8933286666798628E-07 +0.1000001081004745E+01
+0.4861961357524869E+04 +0.1000001082715558E+01 +0.9109509239176992E-07 +0.1000001086249064E+01
+0.4862023943707746E+04 +0.1000001088060940E+01 +0.9293917841278451E-07 +0.1000001091547436E+01
+0.4862086529890624E+04 +0.1000001093459629E+01 +0.9486781428583750E-07 +0.1000001096898373E+01
+0.4862149116073502E+04 +0.1000001098910379E+01 +0.9688366893461615E-07 +0.1000001102300605E+01
+0.4862211702256380E+04 +0.1000001104412289E+01 +0.9898958786829142E-07 +0.1000001107753136E+01
+0.4862274288439258E+04 +0.1000001109964791E+01 +0.1011888566919748E-06 +0.1000001113255209E+01
+0.4862336874622137E+04 +0.1000001115567515E+01 +0.1034854957364149E-06 +0.1000001118806173E+01
+0.4862399460805014E+04 +0.1000001121219990E+01 +0.1058845205583562E-06 +0.1000001124405210E+01
+0.4862462046987892E+04 +0.1000001126921216E+01 +0.1083920869337673E-06 +0.1000001130050950E+01
+0.4862524633170770E+04 +0.1000001132669135E+01 +0.1110154480865660E-06 +0.1000001135741015E+01
+0.4862587219353648E+04 +0.1000001138460117E+01 +0.1137626872132738E-06 +0.1000001141471575E+01
+0.4862649805536525E+04 +0.1000001144288550E+01 +0.1166422386493172E-06 +0.1000001147237001E+01
+0.4862712391719404E+04 +0.1000001150146621E+01 +0.1196622585564897E-06 +0.1000001153029675E+01
+0.4862774977902282E+04 +0.1000001156024336E+01 +0.1228299359621961E-06 +0.1000001158840019E+01
+0.4862837564085160E+04 +0.1000001161909776E+01 +0.1261508416514650E-06 +0.1000001164656720E+01
+0.4862900150268038E+04 +0.1000001167789552E+01 +0.1296283987792287E-06 +0.1000001170467141E+01
+0.4862962736450916E+04 +0.1000001173649398E+01 +0.1332635319612422E-06 +0.1000001176257839E+01
+0.4863025322633794E+04 +0.1000001179474804E+01 +0.1370545177012281E-06 +0.1000001182015153E+01
+0.4863087908816672E+04 +0.1000001185251643E+01 +0.1409970242801111E-06 +0.1000001187725762E+01
+0.4863150494999551E+04 +0.1000001190966713E+01 +0.1450843002110077E-06 +0.1000001193377189E+01
+0.4863213081182428E+04 +0.1000001196608162E+01 +0.1493074540132500E-06 +0.1000001198958215E+01
+0.4863275667365306E+04 +0.1000001202165825E+01 +0.1536557689686525E-06 +0.1000001204459204E+01
+0.4863338253548184E+04 +0.1000001207631471E+01 +0.1581170137941474E-06 +0.1000001209872359E+01
+0.4863400839731062E+04 +0.1000001212999028E+01 +0.1626777372497869E-06 +0.1000001215191950E+01
+0.4863463425913940E+04 +0.1000001218264808E+01 +0.1673235628106258E-06 +0.1000001220414532E+01
+0.4863526012096819E+04 +0.1000001223427756E+01 +0.1720395216695905E-06 +0.1000001225539176E+01
+0.4863588598279696E+04 +0.1000001228489722E+01 +0.1768104744506057E-06 +0.1000001230567706E+01
+0.4863651184462574E+04 +0.1000001233455712E+01 +0.1816216710225126E-06 +0.1000001235504897E+01
+0.4863713770645451E+04 +0.1000001238334053E+01 +0.1864594799685072E-06 +0.1000001240358583E+01
+0.4863776356828330E+04 +0.1000001243136363E+01 +0.1913122820588479E-06 +0.1000001245139586E+01
+0.4863838943011208E+04 +0.1000001247877246E+01 +0.1961714689432626E-06 +0.1000001249861388E+01
+0.4863901529194086E+04 +0.1000001252573616E+01 +0.2010324317569947E-06 +0.1000001254539486E+01
+0.4863964115376964E+04 +0.1000001257243646E+01 +0.2058953833139903E-06 +0.1000001259190417E+01
+0.4864026701559842E+04 +0.1000001261905393E+01 +0.2107658494557437E-06 +0.1000001263830516E+01
+0.4864089287742720E+04 +0.1000001266575244E+01 +0.2156546978431063E-06 +0.1000001268474517E+01
+0.4864151873925598E+04 +0.1000001271266359E+01 +0.2205776411852413E-06 +0.1000001273134173E+01
+0.4864214460108476E+04 +0.1000001275987335E+01 +0.2255542413103499E-06 +0.1000001277817058E+01
+0.4864277046291354E+04 +0.1000001280741258E+01 +0.2306065299447663E-06 +0.1000001282525717E+01
+0.4864339632474233E+04 +0.1000001285525252E+01 +0.2357574304744699E-06 +0.1000001287257245E+01
+0.4864402218657110E+04 +0.1000001290330559E+01 +0.2410291945607632E-06 +0.1000001292003328E+01
+0.4864464804839988E+04 +0.1000001295143051E+01 +0.2464420475374808E-06 +0.1000001296750664E+01
+0.4864527391022866E+04 +0.1000001299944019E+01 +0.2520131678059678E-06 +0.1000001301481637E+01
+0.4864589977205744E+04 +0.1000001304711059E+01 +0.2577560242877216E-06 +0.1000001306175095E+01
+0.4864652563388622E+04 +0.1000001309418882E+01 +0.2636799940585350E-06 +0.1000001310807092E+01
+0.4864715149571500E+04 +0.1000001314039989E+01 +0.2697901181806502E-06 +0.1000001315351544E+01
+0.4864777735754378E+04 +0.1000001318545234E+01 +0.2760868564771297E-06 +0.1000001319780812E+01
+0.4864840321937256E+04 +0.1000001322904412E+01 +0.2825657733640819E-06 +0.1000001324066302E+01
+0.4864902908120133E+04 +0.1000001327086967E+01 +0.2892171946080143E-06 +0.1000001328179173E+01
+0.4864965494303012E+04 +0.1000001331062914E+01 +0.2960259645433153E-06 +0.1000001332091201E+01
+0.4865028080485890E+04 +0.1000001334803910E+01 +0.3029714555069356E-06 +0.1000001335775747E+01
+0.4865090666668768E+04 +0.1000001338284325E+01 +0.3100279193266864E-06 +0.1000001339208715E+01
+0.4865153252851646E+04 +0.1000001341482116E+01 +0.3171651515886890E-06 +0.1000001342369355E+01
+0.4865215839034524E+04 +0.1000001344379386E+01 +0.3243493207124846E-06 +0.1000001345240791E+01
+0.4865278425217401E+04 +0.1000001346962589E+01 +0.3315437537767239E-06 +0.1000001347810274E+01
+0.4865341011400280E+04 +0.1000001349222495E+01 +0.3387094981926149E-06 +0.1000001350069243E+01
+0.4865403597583158E+04 +0.1000001351154124E+01 +0.3458055786662070E-06 +0.1000001352013351E+01
+0.4865466183766036E+04 +0.1000001352756846E+01 +0.3527889968703069E-06 +0.1000001353642627E+01
+0.4865528769948914E+04 +0.1000001354034797E+01 +0.3596146272065218E-06 +0.1000001354961896E+01
+0.4865591356131792E+04 +0.1000001354997663E+01 +0.3662352171063961E-06 +0.1000001355981492E+01
+0.4865653942314670E+04 +0.1000001355661776E+01 +0.3726017030039448E-06 +0.1000001356718225E+01
+0.4865716528497548E+04 +0.1000001356051375E+01 +0.3786640166679901E-06 +0.1000001357196461E+01
+0.4865779114680427E+04 +0.1000001356199807E+01 +0.3843724910100803E-06 +0.1000001357449131E+01
+0.4865841700863304E+04 +0.1000001356150412E+01 +0.3896798798964235E-06 +0.1000001357518421E+01
+0.4865904287046182E+04 +0.1000001355956781E+01 +0.3945438830856652E-06 +0.1000001357455911E+01
+0.4865966873229060E+04 +0.1000001355682171E+01 +0.3989299309021924E-06 +0.1000001357321953E+01
+0.4866029459411938E+04 +0.1000001355397937E+01 +0.4028138689928073E-06 +0.1000001357184202E+01
+0.4866092045594815E+04 +0.1000001355181031E+01 +0.4061841332673377E-06 +0.1000001357115341E+01
+0.4866154631777695E+04 +0.1000001355110817E+01 +0.4090430462504265E-06 +0.1000001357190224E+01
+0.4866217217960572E+04 +0.1000001355265586E+01 +0.4114069980943631E-06 +0.1000001357482757E+01
+0.4866279804143450E+04 +0.1000001355719234E+01 +0.4133054701936823E-06 +0.1000001358062936E+01
+0.4866342390326328E+04 +0.1000001356538561E+01 +0.4147790707075785E-06 +0.1000001358994413E+01
+0.4866404976509206E+04 +0.1000001357781510E+01 +0.4158769291150489E-06 +0.1000001360332864E+01
+0.4866467562692083E+04 +0.1000001359496478E+01 +0.4166538997528383E-06 +0.1000001362125291E+01
+0.4866530148874962E+04 +0.1000001361722639E+01 +0.4171680294048918E-06 +0.1000001364410197E+01
+0.4866592735057840E+04 +0.1000001364491002E+01 +0.4174786525631902E-06 +0.1000001367218395E+01
+0.4866655321240718E+04 +0.1000001367825827E+01 +0.4176453141308711E-06 +0.1000001370574159E+01
+0.4866717907423596E+04 +0.1000001371745987E+01 +0.4177275231165118E-06 +0.1000001374496338E+01
+0.4866780493606474E+04 +0.1000001376265907E+01 +0.4177851563789766E-06 +0.1000001378999125E+01
+0.4866843079789352E+04 +0.1000001381395850E+01 +0.4178791957684718E-06 +0.1000001384092313E+01
+0.4866905665972230E+04 +0.1000001387141517E+01 +0.4180724198606731E-06 +0.1000001389780952E+01
+0.4866968252155109E+04 +0.1000001393503066E+01 +0.4184296955018190E-06 +0.1000001396064553E+01
+0.4867030838337986E+04 +0.1000001400473861E+01 +0.4190176239024208E-06 +0.1000001402936062E+01
+0.4867093424520864E+04 +0.1000001408039310E+01 +0.4199034713229811E-06 +0.1000001410380913E+01
+0.4867156010703742E+04 +0.1000001416176160E+01 +0.4211535122503460E-06 +0.1000001418376472E+01
+0.4867218596886620E+04 +0.1000001424852475E+01 +0.4228310738507044E-06 +0.1000001426892056E+01
+0.4867281183069498E+04 +0.1000001434028371E+01 +0.4249946408372354E-06 +0.1000001435889590E+01
+0.4867343769252377E+04 +0.1000001443657362E+01 +0.4276963392503352E-06 +0.1000001445324794E+01
+0.4867406355435254E+04 +0.1000001453688085E+01 +0.4309809926680994E-06 +0.1000001455148713E+01
+0.4867468941618132E+04 +0.1000001464066135E+01 +0.4348857967075368E-06 +0.1000001465309360E+01
+0.4867531527801010E+04 +0.1000001474735796E+01 +0.4394405499609629E-06 +0.1000001475753286E+01
+0.4867594113983888E+04 +0.1000001485641541E+01 +0.4446683403981459E-06 +0.1000001486426947E+01
+0.4867656700166765E+04 +0.1000001496729199E+01 +0.4505865978640725E-06 +0.1000001497277774E+01
+0.4867719286349645E+04 +0.1000001507946726E+01 +0.4572084383598546E-06 +0.1000001508254858E+01
+0.4867781872532522E+04 +0.1000001519244462E+01 +0.4645442017227572E-06 +0.1000001519309168E+01
+0.4867844458715400E+04 +0.1000001530574755E+01 +0.4726030121641748E-06 +0.1000001530393208E+01
+0.4867907044898278E+04 +0.1000001541890932E+01 +0.4813941034672936E-06 +0.1000001541460108E+01
+0.4867969631081156E+04 +0.1000001553145687E+01 +0.4909276051146724E-06 +0.1000001552462230E+01
+0.4868032217264034E+04 +0.1000001564289158E+01 +0.5012145323603190E-06 +0.1000001563349528E+01
+0.4868094803446912E+04 +0.1000001575267074E+01 +0.5122658729370804E-06 +0.1000001574067976E+01
+0.4868157389629790E+04 +0.1000001586019372E+01 +0.5240908735755665E-06 +0.1000001584558401E+01
+0.4868219975812668E+04 +0.1000001596479593E+01 +0.5366948215641385E-06 +0.1000001594755980E+01
+0.4868282561995546E+04 +0.1000001606575152E+01 +0.5500767125820208E-06 +0.1000001604590482E+01
+0.4868345148178424E+04 +0.1000001616228382E+01 +0.5642271609823162E-06 +0.1000001613987196E+01
+0.4868407734361302E+04 +0.1000001625358119E+01 +0.5791267701655607E-06 +0.1000001622868347E+01
+0.4868470320544180E+04 +0.1000001633881579E+01 +0.5947450147490831E-06 +0.1000001631154822E+01
+0.4868532906727059E+04 +0.1000001641716351E+01 +0.6110395752836446E-06 +0.1000001638768027E+01
+0.4868595492909936E+04 +0.1000001648782451E+01 +0.6279560515386726E-06 +0.1000001645631831E+01
+0.4868658079092814E+04 +0.1000001655004420E+01 +0.6454280386600687E-06 +0.1000001651674544E+01
+0.4868720665275692E+04 +0.1000001660313433E+01 +0.6633776122709030E-06 +0.1000001656830881E+01
+0.4868783251458570E+04 +0.1000001664649291E+01 +0.6817162672825435E-06 +0.1000001661043814E+01
+0.4868845837641448E+04 +0.1000001667962136E+01 +0.7003462734940411E-06 +0.1000001664266174E+01
+0.4868908423824327E+04 +0.1000001670213734E+01 +0.7191622912377720E-06 +0.1000001666461882E+01
+0.4868971010007204E+04 +0.1000001671378291E+01 +0.7380530039450379E-06 +0.1000001667606803E+01
+0.4869033596190082E+04 +0.1000001671442933E+01 +0.7569025284641411E-06 +0.1000001667689331E+01
+0.4869096182372959E+04 +0.1000001670408127E+01 +0.7755914751931577E-06 +0.1000001666710916E+01
+0.4869158768555838E+04 +0.1000001668288393E+01 +0.7939977268499081E-06 +0.1000001664686829E+01
+0.4869221354738716E+04 +0.1000001665113571E+01 +0.8119972373314277E-06 +0.1000001661647360E+01
+0.4869283940921594E+04 +0.1000001660930756E+01 +0.8294653476376238E-06 +0.1000001657639488E+01
+0.4869346527104472E+04 +0.1000001655806643E+01 +0.8462791833704508E-06 +0.1000001652728804E+01
+0.4869409113287350E+04 +0.1000001649829671E+01 +0.8623215563978989E-06 +0.1000001647001145E+01
+0.4869471699470228E+04 +0.1000001643111115E+01 +0.8774864214804752E-06 +0.1000001640563234E+01
+0.4869534285653106E+04 +0.1000001635784213E+01 +0.8916854222444005E-06 +0.1000001633541593E+01
+0.4869596871835984E+04 +0.1000001628000778E+01 +0.9048545815953431E-06 +0.1000001626079284E+01
+0.4869659458018862E+04 +0.1000001619925226E+01 +0.9169599485473851E-06 +0.1000001618330473E+01
+0.4869722044201741E+04 +0.1000001611726643E+01 +0.9280011154974746E-06 +0.1000001610453295E+01
+0.4869784630384618E+04 +0.1000001603569874E+01 +0.9380119261690284E-06 +0.1000001602601897E+01
+0.4869847216567496E+04 +0.1000001595606851E+01 +0.9470582465772357E-06 +0.1000001594918660E+01
+0.4869909802750374E+04 +0.1000001587969233E+01 +0.9552331910506807E-06 +0.1000001587527542E+01
+0.4869972388933252E+04 +0.1000001580763107E+01 +0.9626505670197270E-06 +0.1000001580529201E+01
+0.4870034975116130E+04 +0.1000001574066126E+01 +0.9694374888196444E-06 +0.1000001573998239E+01
+0.4870097561299009E+04 +0.1000001567927008E+01 +0.9757271175819816E-06 +0.1000001567982522E+01
+0.4870160147481886E+04 +0.1000001562366982E+01 +0.9816523267276271E-06 +0.1000001562504236E+01
+0.4870222733664764E+04 +0.1000001557382472E+01 +0.9873407958763055E-06 +0.1000001557562070E+01
+0.4870285319847641E+04 +0.1000001552948231E+01 +0.9929116510419329E-06 +0.1000001553133886E+01
+0.4870347906030520E+04 +0.1000001549020191E+01 +0.9984733761218811E-06 +0.1000001549179244E+01
+0.4870410492213398E+04 +0.1000001545537607E+01 +0.1004122416810298E-05 +0.1000001545641435E+01
+0.4870473078396276E+04 +0.1000001542424445E+01 +0.1009941775406713E-05 +0.1000001542448979E+01
+0.4870535664579154E+04 +0.1000001539590393E+01 +0.1015999011473503E-05 +0.1000001539516888E+01
+0.4870598250762032E+04 +0.1000001536932160E+01 +0.1022343405370940E-05 +0.1000001536748219E+01
+0.4870660836944910E+04 +0.1000001534335780E+01 +0.1029002501685671E-05 +0.1000001534036494E+01
+0.4870723423127788E+04 +0.1000001531680361E+01 +0.1035978650436633E-05 +0.1000001531269330E+01
+0.4870786009310666E+04 +0.1000001528843324E+01 +0.1043246336950002E-05 +0.1000001528333299E+01
+0.4870848595493544E+04 +0.1000001525706698E+01 +0.1050750966217525E-05 +0.1000001525119695E+01
+0.4870911181676423E+04 +0.1000001522163810E+01 +0.1058409416457576E-05 +0.1000001521530651E+01
+0.4870973767859300E+04 +0.1000001518125708E+01 +0.1066112279524477E-05 +0.1000001517485069E+01
+0.4871036354042178E+04 +0.1000001513526916E+01 +0.1073727456412813E-05 +0.1000001512924013E+01
+0.4871098940225056E+04 +0.1000001508330423E+01 +0.1081104778959744E-05 +0.1000001507815389E+01
+0.4871161526407935E+04 +0.1000001502531954E+01 +0.1088081541347297E-05 +0.1000001502157929E+01
+0.4871224112590812E+04 +0.1000001496163485E+01 +0.1094489074580625E-05 +0.1000001495984334E+01
+0.4871286698773690E+04 +0.1000001489295674E+01 +0.1100160571511622E-05 +0.1000001489363284E+01
+0.4871349284956568E+04 +0.1000001482038501E+01 +0.1104940141319870E-05 +0.1000001482399743E+01
+0.4871411871139446E+04 +0.1000001474539373E+01 +0.1108692588459393E-05 +0.1000001475232975E+01
+0.4871474457322323E+04 +0.1000001466978166E+01 +0.1111312891283232E-05 +0.1000001468031877E+01
+0.4871537043505202E+04 +0.1000001459559297E+01 +0.1112734077105586E-05 +0.1000001460987771E+01
+0.4871599629688080E+04 +0.1000001452501605E+01 +0.1112932326473892E-05 +0.1000001454305303E+01
+0.4871662215870958E+04 +0.1000001446027309E+01 +0.1111928655870192E-05 +0.1000001448192525E+01
+0.4871724802053836E+04 +0.1000001440351459E+01 +0.1109787213499157E-05 +0.1000001442851342E+01
+0.4871787388236714E+04 +0.1000001435672992E+01 +0.1106610823786409E-05 +0.1000001438469307E+01
+0.4871849974419591E+04 +0.1000001432168113E+01 +0.1102534770861382E-05 +0.1000001435213381E+01
+0.4871912560602470E+04 +0.1000001429986145E+01 +0.1097719890879490E-05 +0.1000001433225847E+01
+0.4871975146785348E+04 +0.1000001429247583E+01 +0.1092345903010095E-05 +0.1000001432622168E+01
+0.4872037732968226E+04 +0.1000001430043769E+01 +0.1086605622013547E-05 +0.1000001433490318E+01
+0.4872100319151104E+04 +0.1000001432437470E+01 +0.1080700326561708E-05 +0.1000001435890986E+01
+0.4872162905333982E+04 +0.1000001436463673E+01 +0.1074836179176770E-05 +0.1000001439858090E+01
+0.4872225491516860E+04 +0.1000001442130146E+01 +0.1069221297804400E-05 +0.1000001445399214E+01
+0.4872288077699738E+04 +0.1000001449417635E+01 +0.1064062954730780E-05 +0.1000001452495842E+01
+0.4872350663882617E+04 +0.1000001458279913E+01 +0.1059564464422804E-05 +0.1000001461103557E+01
+0.4872413250065494E+04 +0.1000001468644096E+01 +0.1055921572255371E-05 +0.1000001471152506E+01
+0.4872475836248372E+04 +0.1000001480411644E+01 +0.1053318454953117E-05 +0.1000001482548483E+01
+0.4872538422431250E+04 +0.1000001493460314E+01 +0.1051923664515315E-05 +0.1000001495174837E+01
+0.4872601008614128E+04 +0.1000001507647114E+01 +0.1051886421282319E-05 +0.1000001508895253E+01
+0.4872663594797006E+04 +0.1000001522812120E+01 +0.1053333606107668E-05 +0.1000001523557300E+01
+0.4872726180979885E+04 +0.1000001538782901E+01 +0.1056367692768777E-05 +0.1000001538996534E+01
+0.4872788767162762E+04 +0.1000001555379300E+01 +0.1061065773128486E-05 +0.1000001555040905E+01
+0.4872851353345640E+04 +0.1000001572418271E+01 +0.1067479778257742E-05 +0.1000001571515210E+01
+0.4872913939528518E+04 +0.1000001589718411E+01 +0.1075637947803042E-05 +0.1000001588245220E+01
+0.4872976525711396E+04 +0.1000001607103764E+01 +0.1085547485891417E-05 +0.1000001605061146E+01
+0.4873039111894273E+04 +0.1000001624406422E+01 +0.1097198137422006E-05 +0.1000001621800006E+01
+0.4873101698077153E+04 +0.1000001641467537E+01 +0.1110566163468863E-05 +0.1000001638306626E+01
+0.4873164284260030E+04 +0.1000001658136653E+01 +0.1125617987344259E-05 +0.1000001654433199E+01
+0.4873226870442908E+04 +0.1000001674269601E+01 +0.1142312735473287E-05 +0.1000001670037645E+01
+0.4873289456625786E+04 +0.1000001689725634E+01 +0.1160603075216607E-05 +0.1000001684981343E+01
+0.4873352042808664E+04 +0.1000001704364703E+01 +0.1180434133529397E-05 +0.1000001699127007E+01
+0.4873414628991542E+04 +0.1000001718045822E+01 +0.1201740759432897E-05 +0.1000001712337486E+01
+0.4873477215174420E+04 +0.1000001730627229E+01 +0.1224443824756429E-05 +0.1000001724476081E+01
+0.4873539801357299E+04 +0.1000001741968644E+01 +0.1248446519522042E-05 +0.1000001735408651E+01
+0.4873602387540176E+04 +0.1000001751935446E+01 +0.1273631631356275E-05 +0.1000001745007330E+01
+0.4873664973723054E+04 +0.1000001760404175E+01 +0.1299860608325758E-05 +0.1000001753155367E+01
+0.4873727559905932E+04 +0.1000001767268434E+01 +0.1326974843060102E-05 +0.1000001759752303E+01
+0.4873790146088810E+04 +0.1000001772444224E+01 +0.1354799163009428E-05 +0.1000001764718654E+01
+0.4873852732271688E+04 +0.1000001775873822E+01 +0.1383147067497491E-05 +0.1000001767999343E+01
+0.4873915318454567E+04 +0.1000001777527659E+01 +0.1411826923752548E-05 +0.1000001769565420E+01
+0.4873977904637444E+04 +0.1000001777404081E+01 +0.1440648204716290E-05 +0.1000001769413951E+01
+0.4874040490820322E+04 +0.1000001775527289E+01 +0.1469426947614949E-05 +0.1000001767566311E+01
+0.4874103077003200E+04 +0.1000001771944079E+01 +0.1497989892495481E-05 +0.1000001764065390E+01
+0.4874165663186078E+04 +0.1000001766720097E+01 +0.1526177134533068E-05 +0.1000001758972307E+01
+0.4874228249368956E+04 +0.1000001759936264E+01 +0.1553843488237216E-05 +0.1000001752363184E+01
+0.4874290835551835E+04 +0.1000001751685758E+01 +0.1580859019955608E-05 +0.1000001744326303E+01
+0.4874353421734712E+04 +0.1000001742071604E+01 +0.1607109282849643E-05 +0.1000001734959721E+01
+0.4874416007917590E+04 +0.1000001731204599E+01 +0.1632495650089266E-05 +0.1000001724369120E+01
+0.4874478594100467E+04 +0.1000001719201088E+01 +0.1656935819761947E-05 +0.1000001712665572E+01
+0.4874541180283346E+04 +0.1000001706180222E+01 +0.1680364177464368E-05 +0.1000001699962917E+01
+0.4874603766466224E+04 +0.1000001692260622E+01 +0.1702731427416243E-05 +0.1000001686374769E+01
+0.4874666352649102E+04 +0.1000001677556859E+01 +0.1724002900903339E-05 +0.1000001672011481E+01
+0.4874728938831980E+04 +0.1000001662176590E+01 +0.1744155280050737E-05 +0.1000001656977774E+01
+0.4874791525014858E+04 +0.1000001646219331E+01 +0.1763172049500141E-05 +0.1000001641371789E+01
+0.4874854111197736E+04 +0.1000001629777606E+01 +0.1781038605041016E-05 +0.1000001625286155E+01
+0.4874916697380614E+04 +0.1000001612940643E+01 +0.1797738363582425E-05 +0.1000001608811127E+01
+0.4874979283563492E+04 +0.1000001595799954E+01 +0.1813251240243518E-05 +0.1000001592039239E+01
+0.4875041869746370E+04 +0.1000001578455429E+01 +0.1827555408838054E-05 +0.1000001575070285E+01
+0.4875104455929249E+04 +0.1000001561020114E+01 +0.1840632411085470E-05 +0.1000001558015130E+01
+0.4875167042112126E+04 +0.1000001543621993E+01 +0.1852474648506192E-05 +0.1000001540996994E+01
+0.4875229628295004E+04 +0.1000001526401781E+01 +0.1863093425716670E-05 +0.1000001524149410E+01
+0.4875292214477882E+04 +0.1000001509506929E+01 +0.1872525390157782E-05 +0.1000001507611060E+01
+0.4875354800660760E+04 +0.1000001493083215E+01 +0.1880835653221491E-05 +0.1000001491518584E+01
+0.4875417386843638E+04 +0.1000001477266014E+01 +0.1888116972811190E-05 +0.1000001475999072E+01
+0.4875479973026517E+04 +0.1000001462173246E+01 +0.1894485677926457E-05 +0.1000001461163813E+01
+0.4875542559209394E+04 +0.1000001447901134E+01 +0.1900075954151940E-05 +0.1000001447104276E+01
+0.4875605145392272E+04 +0.1000001434522717E+01 +0.1905034317122420E-05 +0.1000001433890319E+01
+0.4875667731575149E+04 +0.1000001422088084E+01 +0.1909515584405164E-05 +0.1000001421569825E+01
+0.4875730317758028E+04 +0.1000001410624784E+01 +0.1913680713680749E-05 +0.1000001410168566E+01
+0.4875792903940906E+04 +0.1000001400137033E+01 +0.1917695886287891E-05 +0.1000001399689212E+01
+0.4875855490123784E+04 +0.1000001390602983E+01 +0.1921731487858834E-05 +0.1000001390108878E+01
+0.4875918076306662E+04 +0.1000001381970259E+01 +0.1925959374873626E-05 +0.1000001381375452E+01
+0.4875980662489540E+04 +0.1000001374150928E+01 +0.1930547114599059E-05 +0.1000001373403661E+01
+0.4876043248672418E+04 +0.1000001367017765E+01 +0.1935648694618900E-05 +0.1000001366072426E+01
+0.4876105834855296E+04 +0.1000001360403795E+01 +0.1941392282078123E-05 +0.1000001359225139E+01
+0.4876168421038175E+04 +0.1000001354106647E+01 +0.1947866618109878E-05 +0.1000001352674118E+01
+0.4876231007221052E+04 +0.1000001347898327E+01 +0.1955108246327891E-05 +0.1000001346209741E+01
+0.4876293593403931E+04 +0.1000001341539973E+01 +0.1963091861465256E-05 +0.1000001339613876E+01
+0.4876356179586808E+04 +0.1000001334800239E+01 +0.1971725685659539E-05 +0.1000001332676430E+01
+0.4876418765769686E+04 +0.1000001327475297E+01 +0.1980853095251133E-05 +0.1000001325213247E+01
+0.4876481351952564E+04 +0.1000001319408116E+01 +0.1990260882442042E-05 +0.1000001317083316E+01
+0.4876543938135443E+04 +0.1000001310504704E+01 +0.1999693651646130E-05 +0.1000001308203226E+01
+0.4876606524318320E+04 +0.1000001300745275E+01 +0.2008873014869026E-05 +0.1000001298557099E+01
+0.4876669110501198E+04 +0.1000001290188964E+01 +0.2017519583355654E-05 +0.1000001288200776E+01
+0.4876731696684076E+04 +0.1000001278971540E+01 +0.2025375386627332E-05 +0.1000001277259788E+01
+0.4876794282866954E+04 +0.1000001267296506E+01 +0.2032224372295305E-05 +0.1000001265921401E+01
+0.4876856869049831E+04 +0.1000001255420766E+01 +0.2037909036255826E-05 +0.1000001254421763E+01
+0.4876919455232710E+04 +0.1000001243636544E+01 +0.2042341881200140E-05 +0.1000001243029593E+01
+0.4876982041415588E+04 +0.1000001232251434E+01 +0.2045511124683503E-05 +0.1000001232028093E+01
+0.4877044627598466E+04 +0.1000001221568359E+01 +0.2047480716054472E-05 +0.1000001221696641E+01
+0.4877107213781344E+04 +0.1000001211866897E+01 +0.2048385180962721E-05 +0.1000001212293662E+01
+0.4877169799964222E+04 +0.1000001203387166E+01 +0.2048420080599586E-05 +0.1000001204041756E+01
+0.4877232386147100E+04 +0.1000001196317111E+01 +0.2047829006650423E-05 +0.1000001197115937E+01
+0.4877294972329978E+04 +0.1000001190783848E+01 +0.2046888123661096E-05 +0.1000001191635584E+01
+0.4877357558512856E+04 +0.1000001186849534E+01 +0.2045889391091148E-05 +0.1000001187660537E+01
+0.4877420144695734E+04 +0.1000001184511949E+01 +0.2045123749109879E-05 +0.1000001185191468E+01
+0.4877482730878613E+04 +0.1000001183709588E+01 +0.2044865652370836E-05 +0.1000001184174331E+01
+0.4877545317061490E+04 +0.1000001184330597E+01 +0.2045360265807497E-05 +0.1000001184508263E+01
+0.4877607903244368E+04 +0.1000001186224386E+01 +0.2046814322473460E-05 +0.1000001186055923E+01
+0.4877670489427246E+04 +0.1000001189214476E+01 +0.2049391115787596E-05 +0.1000001188655022E+01
+0.4877733075610125E+04 +0.1000001193111157E+01 +0.2053209489151251E-05 +0.1000001192129778E+01
+0.4877795661793002E+04 +0.1000001197722776E+01 +0.2058346171347598E-05 +0.1000001196301292E+01
+0.4877858247975880E+04 +0.1000001202864979E+01 +0.2064840529014301E-05 +0.1000001200996164E+01
+0.4877920834158758E+04 +0.1000001208367674E+01 +0.2072700812798340E-05 +0.1000001206053114E+01
+0.4877983420341636E+04 +0.1000001214079808E+01 +0.2081911186782380E-05 +0.1000001211327596E+01
+0.4878046006524513E+04 +0.1000001219872131E+01 +0.2092439089812020E-05 +0.1000001216694500E+01
+0.4878108592707393E+04 +0.1000001225638038E+01 +0.2104242617176249E-05 +0.1000001222049043E+01
+0.4878171178890270E+04 +0.1000001231292471E+01 +0.2117277561725269E-05 +0.1000001227305857E+01
+0.4878233765073148E+04 +0.1000001236768958E+01 +0.2131503593442422E-05 +0.1000001232396391E+01
+0.4878296351256026E+04 +0.1000001242015084E+01 +0.2146888967940691E-05 +0.1000001237264947E+01
+0.4878358937438904E+04 +0.1000001246987051E+01 +0.2163413294211785E-05 +0.1000001241863894E+01
+0.4878421523621781E+04 +0.1000001251644179E+01 +0.2181068269773974E-05 +0.1000001246148778E+01
+0.4878484109804661E+04 +0.1000001255944102E+01 +0.2199856751851301E-05 +0.1000001250073953E+01
+0.4878546695987538E+04 +0.1000001259839072E+01 +0.2219790853608070E-05 +0.1000001253589072E+01
+0.4878609282170416E+04 +0.1000001263273265E+01 +0.2240889775066121E-05 +0.1000001256636388E+01
+0.4878671868353294E+04 +0.1000001266180602E+01 +0.2263177779277414E-05 +0.1000001259148514E+01
+0.4878734454536172E+04 +0.1000001268482473E+01 +0.2286682226811130E-05 +0.1000001261046201E+01
+0.4878797040719050E+04 +0.1000001270085011E+01 +0.2311431100604810E-05 +0.1000001262235896E+01
+0.4878859626901928E+04 +0.1000001270876077E+01 +0.2337449223223212E-05 +0.1000001262607262E+01
+0.4878922213084807E+04 +0.1000001270722777E+01 +0.2364752548838421E-05 +0.1000001262031358E+01
+0.4878984799267684E+04 +0.1000001269470729E+01 +0.2393340496324254E-05 +0.1000001260360442E+01
+0.4879047385450562E+04 +0.1000001266946267E+01 +0.2423187074804536E-05 +0.1000001257430374E+01
+0.4879109971633440E+04 +0.1000001262962320E+01 +0.2454232213414772E-05 +0.1000001253066154E+01
+0.4879172557816318E+04 +0.1000001257327793E+01 +0.2486374956401532E-05 +0.1000001247090466E+01
+0.4879235143999196E+04 +0.1000001249859585E+01 +0.2519469932664934E-05 +0.1000001239334485E+01
+0.4879297730182075E+04 +0.1000001240395802E+01 +0.2553327907737960E-05 +0.1000001229649739E+01
+0.4879360316364952E+04 +0.1000001228808711E+01 +0.2587720565213975E-05 +0.1000001217919747E+01
+0.4879422902547830E+04 +0.1000001215016133E+01 +0.2622389180260054E-05 +0.1000001204070262E+01
+0.4879485488730708E+04 +0.1000001198990244E+01 +0.2657056585548825E-05 +0.1000001188077133E+01
+0.4879548074913586E+04 +0.1000001180762907E+01 +0.2691441658588304E-05 +0.1000001169970986E+01
+0.4879610661096464E+04 +0.1000001160426809E+01 +0.2725275325647645E-05 +0.1000001149838066E+01
+0.4879673247279343E+04 +0.1000001138131947E+01 +0.2758316774266664E-05 +0.1000001127816889E+01
+0.4879735833462220E+04 +0.1000001114077509E+01 +0.2790368367643288E-05 +0.1000001104090781E+01
+0.4879798419645098E+04 +0.1000001088499837E+01 +0.2821287871116923E-05 +0.1000001078876874E+01
+0.4879861005827976E+04 +0.1000001061657619E+01 +0.2850997075975685E-05 +0.1000001052412514E+01
+0.4879923592010854E+04 +0.1000001033815515E+01 +0.2879486531141755E-05 +0.1000001024940128E+01
+0.4879986178193732E+04 +0.1000001005227148E+01 +0.2906816538670367E-05 +0.1000000996691352E+01
+0.4880048764376610E+04 +0.1000000976117916E+01 +0.2933114619060792E-05 +0.1000000967870967E+01
+0.4880111350559489E+04 +0.1000000946667898E+01 +0.2958569359066195E-05 +0.1000000938641007E+01
+0.4880173936742366E+04 +0.1000000916995269E+01 +0.2983420190969989E-05 +0.1000000909105569E+01
+0.4880236522925244E+04 +0.1000000887141155E+01 +0.3007942522277767E-05 +0.1000000879297221E+01
+0.4880299109108122E+04 +0.1000000857057445E+01 +0.3032427902047118E-05 +0.1000000849166382E+01
+0.4880361695291000E+04 +0.1000000826599489E+01 +0.3057159559106056E-05 +0.1000000818575353E+01
+0.4880424281473878E+04 +0.1000000795525738E+01 +0.3082384552971223E-05 +0.1000000787298725E+01
+0.4880486867656757E+04 +0.1000000763505977E+01 +0.3108284770105167E-05 +0.1000000755031531E+01
+0.4880549453839634E+04 +0.1000000730138960E+01 +0.3134949858504079E-05 +0.1000000721405706E+01
+0.4880612040022512E+04 +0.1000000694978913E+01 +0.3162355644103136E-05 +0.1000000686014282E+01
+0.4880674626205390E+04 +0.1000000657568788E+01 +0.3190351342052140E-05 +0.1000000648441411E+01
+0.4880737212388268E+04 +0.1000000617476782E+01 +0.3218657848137678E-05 +0.1000000608295152E+01
+0.4880799798571146E+04 +0.1000000574331790E+01 +0.3246877726740982E-05 +0.1000000565239310E+01
+0.4880862384754025E+04 +0.1000000527853630E+01 +0.3274515614342587E-05 +0.1000000519020732E+01
+0.4880924970936902E+04 +0.1000000477874838E+01 +0.3301006147946337E-05 +0.1000000469489291E+01
+0.4880987557119780E+04 +0.1000000424352478E+01 +0.3325745627136393E-05 +0.1000000416609131E+01
+0.4881050143302657E+04 +0.1000000367370143E+01 +0.3348123609861532E-05 +0.1000000360461229E+01
+0.4881112729485536E+04 +0.1000000307131764E+01 +0.3367551428438324E-05 +0.1000000301238537E+01
+0.4881175315668414E+04 +0.1000000243949591E+01 +0.3383485864545553E-05 +0.1000000239235640E+01
+0.4881237901851292E+04 +0.1000000178228712E+01 +0.3395447490476605E-05 +0.1000000174834945E+01
+0.4881300488034170E+04 +0.1000000110449916E+01 +0.3403034059388178E-05 +0.1000000108491015E+01
+0.4881363074217048E+04 +0.1000000041151989E+01 +0.3405929620863810E-05 +0.1000000040714123E+01
+0.4881425660399926E+04 +0.9999999709140538E+00 +0.3403909886332079E-05 +0.9999999720537331E+00
+0.4881488246582804E+04 +0.9999999003384931E+00 +0.3396844151525066E-05 +0.9999999030824752E+00
+0.4881550832765683E+04 +0.9999998300351798E+00 +0.3384694153321693E-05 +0.9999998343812498E+00
+0.4881613418948560E+04 +0.9999997606076967E+00 +0.3367510642228202E-05 +0.9999997665260010E+00
+0.4881676005131439E+04 +0.9999996926417680E+00 +0.3345428869171473E-05 +0.9999997000762877E+00
+0.4881738591314316E+04 +0.9999996266952939E+00 +0.3318664162526182E-05 +0.9999996355651581E+00
+0.4881801177497194E+04 +0.9999995632886530E+00 +0.3287508081860588E-05 +0.9999995734893095E+00
+0.4881863763680072E+04 +0.9999995028938595E+00 +0.3252324496439898E-05 +0.9999995142984924E+00
+0.4881926349862950E+04 +0.9999994459219075E+00 +0.3213543919216855E-05 +0.9999994583837369E+00
+0.4881988936045828E+04 +0.9999993927089919E+00 +0.3171654114255279E-05 +0.9999994060650296E+00
+0.4882051522228706E+04 +0.9999993435036105E+00 +0.3127185633460471E-05 +0.9999993575801110E+00
+0.4882114108411584E+04 +0.9999992984572574E+00 +0.3080692306864870E-05 +0.9999993130766007E+00
+0.4882176694594462E+04 +0.9999992576211816E+00 +0.3032728269554370E-05 +0.9999992726094649E+00
+0.4882239280777339E+04 +0.9999992209506168E+00 +0.2983824280078336E-05 +0.9999992361449672E+00
+0.4882301866960218E+04 +0.9999991883163610E+00 +0.2934466487781194E-05 +0.9999992035709928E+00
+0.4882364453143096E+04 +0.9999991595221118E+00 +0.2885080354245819E-05 +0.9999991747124189E+00
+0.4882427039325974E+04 +0.9999991343249882E+00 +0.2836021329132353E-05 +0.9999991493493761E+00
+0.4882489625508852E+04 +0.9999991124564169E+00 +0.2787572524788847E-05 +0.9999991272360031E+00
+0.4882552211691730E+04 +0.9999990936410041E+00 +0.2739948469176329E-05 +0.9999991081176165E+00
+0.4882614797874608E+04 +0.9999990776118414E+00 +0.2693303340682285E-05 +0.9999990917448719E+00
+0.4882677384057486E+04 +0.9999990641215746E+00 +0.2647741944851281E-05 +0.9999990778842193E+00
+0.4882739970240365E+04 +0.9999990529492012E+00 +0.2603331909392948E-05 +0.9999990663245194E+00
+0.4882802556423242E+04 +0.9999990439029183E+00 +0.2560115909170655E-05 +0.9999990568800380E+00
+0.4882865142606121E+04 +0.9999990368194857E+00 +0.2518123017367880E-05 +0.9999990493902099E+00
+0.4882927728788998E+04 +0.9999990315606290E+00 +0.2477378459159828E-05 +0.9999990437166534E+00
+0.4882990314971876E+04 +0.9999990280070742E+00 +0.2437911145842001E-05 +0.9999990397380016E+00
+0.4883052901154754E+04 +0.9999990260509275E+00 +0.2399758447734998E-05 +0.9999990373432373E+00
+0.4883115487337633E+04 +0.9999990255873128E+00 +0.2362967797738240E-05 +0.9999990364243790E+00
+0.4883178073520510E+04 +0.9999990265063871E+00 +0.2327594989395809E-05 +0.9999990368695274E+00
+0.4883240659703388E+04 +0.9999990286869724E+00 +0.2293699491045083E-05 +0.9999990385573346E+00
+0.4883303245886266E+04 +0.9999990319928895E+00 +0.2261337670349995E-05 +0.9999990413538035E+00
+0.4883365832069144E+04 +0.9999990362725655E+00 +0.2230555296273867E-05 +0.9999990451118833E+00
+0.4883428418252021E+04 +0.9999990413617392E+00 +0.2201380799176576E-05 +0.9999990496737248E+00
+0.4883491004434901E+04 +0.9999990470883875E+00 +0.2173820404926647E-05 +0.9999990548749030E+00
+0.4883553590617778E+04 +0.9999990532786810E+00 +0.2147855560756380E-05 +0.9999990605496550E+00
+0.4883616176800656E+04 +0.9999990597629697E+00 +0.2123442392512731E-05 +0.9999990665363078E+00
+0.4883678762983534E+04 +0.9999990663813282E+00 +0.2100512618261562E-05 +0.9999990726824449E+00
+0.4883741349166412E+04 +0.9999990729886855E+00 +0.2078975497647505E-05 +0.9999990788497305E+00
+0.4883803935349290E+04 +0.9999990794597003E+00 +0.2058720820462770E-05 +0.9999990849184099E+00
+0.4883866521532168E+04 +0.9999990856932666E+00 +0.2039623267822903E-05 +0.9999990907913185E+00
+0.4883929107715046E+04 +0.9999990916160502E+00 +0.2021548431185757E-05 +0.9999990963968850E+00
+0.4883991693897924E+04 +0.9999990971841280E+00 +0.2004360317091564E-05 +0.9999991016903944E+00
+0.4884054280080803E+04 +0.9999991023818764E+00 +0.1987929518757077E-05 +0.9999991066528560E+00
+0.4884116866263680E+04 +0.9999991072177687E+00 +0.1972140724751384E-05 +0.9999991112872509E+00
+0.4884179452446558E+04 +0.9999991117175264E+00 +0.1956898117235610E-05 +0.9999991156125567E+00
+0.4884242038629436E+04 +0.9999991159158010E+00 +0.1942127571278677E-05 +0.9999991196565519E+00
+0.4884304624812315E+04 +0.9999991198480198E+00 +0.1927775297941528E-05 +0.9999991234487561E+00
+0.4884367210995192E+04 +0.9999991235439962E+00 +0.1913803439185998E-05 +0.9999991270148464E+00
+0.4884429797178070E+04 +0.9999991270244454E+00 +0.1900183846407477E-05 +0.9999991303735040E+00
+0.4884492383360948E+04 +0.9999991303007746E+00 +0.1886891645088062E-05 +0.9999991335360126E+00
+0.4884554969543826E+04 +0.9999991333776951E+00 +0.1873900122513621E-05 +0.9999991365082453E+00
+0.4884617555726704E+04 +0.9999991362575325E+00 +0.1861178018363337E-05 +0.9999991392941099E+00
+0.4884680141909583E+04 +0.9999991389447600E+00 +0.1848689580013957E-05 +0.9999991418992296E+00
+0.4884742728092460E+04 +0.9999991414493331E+00 +0.1836396946855581E-05 +0.9999991443336843E+00
+0.4884805314275338E+04 +0.9999991437878667E+00 +0.1824263764469706E-05 +0.9999991466130163E+00
+0.4884867900458216E+04 +0.9999991459824443E+00 +0.1812258608614974E-05 +0.9999991487573237E+00
+0.4884930486641094E+04 +0.9999991480576633E+00 +0.1800356943637166E-05 +0.9999991507889231E+00
+0.4884993072823972E+04 +0.9999991500371072E+00 +0.1788540909669247E-05 +0.9999991527295431E+00
+0.4885055659006851E+04 +0.9999991519406028E+00 +0.1776797022298097E-05 +0.9999991545981498E+00
+0.4885118245189728E+04 +0.9999991537833314E+00 +0.1765112598957288E-05 +0.9999991564102753E+00
+0.4885180831372606E+04 +0.9999991555772288E+00 +0.1753472167552807E-05 +0.9999991581792103E+00
+0.4885243417555484E+04 +0.9999991573343766E+00 +0.1741855152092584E-05 +0.9999991599188092E+00
+0.4885306003738362E+04 +0.9999991590714201E+00 +0.1730235775964986E-05 +0.9999991616471169E+00
+0.4885368589921240E+04 +0.9999991608136941E+00 +0.1718585481513313E-05 +0.9999991633897258E+00
+0.4885431176104118E+04 +0.9999991625977536E+00 +0.1706877417312513E-05 +0.9999991651817923E+00
+0.4885493762286997E+04 +0.9999991644714362E+00 +0.1695091923029328E-05 +0.9999991670679941E+00
+0.4885556348469874E+04 +0.9999991664912778E+00 +0.1683221656865244E-05 +0.9999991691002701E+00
+0.4885618934652752E+04 +0.9999991687178188E+00 +0.1671275156966571E-05 +0.9999991713337717E+00
+0.4885681520835630E+04 +0.9999991712098222E+00 +0.1659278124039491E-05 +0.9999991738218531E+00
+0.4885744107018508E+04 +0.9999991740185372E+00 +0.1647272334844169E-05 +0.9999991766110425E+00
+0.4885806693201386E+04 +0.9999991771829130E+00 +0.1635312601072790E-05 +0.9999991797367793E+00
+0.4885869279384265E+04 +0.9999991807262844E+00 +0.1623462434516660E-05 +0.9999991832204015E+00
+0.4885931865567142E+04 +0.9999991846546955E+00 +0.1611789078766151E-05 +0.9999991870675785E+00
+0.4885994451750020E+04 +0.9999991889568124E+00 +0.1600358438232210E-05 +0.9999991912681863E+00
+0.4886057037932898E+04 +0.9999991936052999E+00 +0.1589230309994004E-05 +0.9999991957975322E+00
+0.4886119624115776E+04 +0.9999991985595226E+00 +0.1578454275193718E-05 +0.9999992006187868E+00
+0.4886182210298654E+04 +0.9999992037693664E+00 +0.1568066621134173E-05 +0.9999992056864172E+00
+0.4886244796481533E+04 +0.9999992091798410E+00 +0.1558088666372557E-05 +0.9999992109502905E+00
+0.4886307382664410E+04 +0.9999992147359269E+00 +0.1548526760283002E-05 +0.9999992163599669E+00
+0.4886369968847288E+04 +0.9999992203869803E+00 +0.1539373983434790E-05 +0.9999992218685945E+00
+0.4886432555030166E+04 +0.9999992260900099E+00 +0.1530613229545480E-05 +0.9999992274358344E+00
+0.4886495141213044E+04 +0.9999992318113576E+00 +0.1522221027188176E-05 +0.9999992330294315E+00
+0.4886557727395922E+04 +0.9999992375266922E+00 +0.1514171301162115E-05 +0.9999992386253517E+00
+0.4886620313578800E+04 +0.9999992432196319E+00 +0.1506438354008888E-05 +0.9999992442067417E+00
+0.4886682899761679E+04 +0.9999992488795989E+00 +0.1498998629051615E-05 +0.9999992497622027E+00
+0.4886745485944556E+04 +0.9999992544995864E+00 +0.1491831175685720E-05 +0.9999992552839467E+00
+0.4886808072127434E+04 +0.9999992600744223E+00 +0.1484917050826250E-05 +0.9999992607663382E+00
+0.4886870658310312E+04 +0.9999992655999090E+00 +0.1478238093367870E-05 +0.9999992662051499E+00
+0.4886933244493191E+04 +0.9999992710729750E+00 +0.1471775598756371E-05 +0.9999992715976622E+00
+0.4886995830676068E+04 +0.9999992764927337E+00 +0.1465509414319552E-05 +0.9999992769435125E+00
+0.4887058416858947E+04 +0.9999992818621166E+00 +0.1459417875500010E-05 +0.9999992822460126E+00
+0.4887121003041824E+04 +0.9999992871895828E+00 +0.1453478807699748E-05 +0.9999992875135095E+00
+0.4887183589224702E+04 +0.9999992924903333E+00 +0.1447671553411009E-05 +0.9999992927603110E+00
+0.4887246175407580E+04 +0.9999992977865401E+00 +0.1441979709848417E-05 +0.9999992980067629E+00
+0.4887308761590458E+04 +0.9999993031062896E+00 +0.1436394050362859E-05 +0.9999993032782323E+00
+0.4887371347773336E+04 +0.9999993084812215E+00 +0.1430915007704644E-05 +0.9999993086029831E+00
+0.4887433933956214E+04 +0.9999993139431415E+00 +0.1425554143357319E-05 +0.9999993140091873E+00
+0.4887496520139092E+04 +0.9999993195201290E+00 +0.1420334211089007E-05 +0.9999993195215141E+00
+0.4887559106321970E+04 +0.9999993252327944E+00 +0.1415287709457037E-05 +0.9999993251578502E+00
+0.4887621692504847E+04 +0.9999993310913038E+00 +0.1410454134692253E-05 +0.9999993309266746E+00
+0.4887684278687726E+04 +0.9999993370936072E+00 +0.1405876396464364E-05 +0.9999993368254644E+00
+0.4887746864870604E+04 +0.9999993432250270E+00 +0.1401596968637461E-05 +0.9999993428402766E+00
+0.4887809451053482E+04 +0.9999993494590997E+00 +0.1397654302353601E-05 +0.9999993489464382E+00
+0.4887872037236360E+04 +0.9999993557593885E+00 +0.1394079882064430E-05 +0.9999993551101104E+00
+0.4887934623419238E+04 +0.9999993620819051E+00 +0.1390896130854437E-05 +0.9999993612904264E+00
+0.4887997209602116E+04 +0.9999993683777804E+00 +0.1388115216446427E-05 +0.9999993674418794E+00
+0.4888059795784994E+04 +0.9999993745958560E+00 +0.1385738680267188E-05 +0.9999993735166787E+00
+0.4888122381967873E+04 +0.9999993806849478E+00 +0.1383757701466253E-05 +0.9999993794668494E+00
+0.4888184968150750E+04 +0.9999993865956398E+00 +0.1382153724896822E-05 +0.9999993852459593E+00
+0.4888247554333629E+04 +0.9999993922816266E+00 +0.1380899156031361E-05 +0.9999993908104832E+00
+0.4888310140516506E+04 +0.9999993977007792E+00 +0.1379957884350083E-05 +0.9999993961209477E+00
+0.4888372726699384E+04 +0.9999994028162305E+00 +0.1379285543010888E-05 +0.9999994011430950E+00
+0.4888435312882262E+04 +0.9999994075977968E+00 +0.1378829617592306E-05 +0.9999994058493107E+00
+0.4888497899065141E+04 +0.9999994120239556E+00 +0.1378529725201606E-05 +0.9999994102204779E+00
+0.4888560485248018E+04 +0.9999994160843749E+00 +0.1378318525570771E-05 +0.9999994142482287E+00
+0.4888623071430896E+04 +0.9999994197826880E+00 +0.1378123723500560E-05 +0.9999994179373125E+00
+0.4888685657613774E+04 +0.9999994231389130E+00 +0.1377871427002318E-05 +0.9999994213075788E+00
+0.4888748243796652E+04 +0.9999994261907617E+00 +0.1377490751720843E-05 +0.9999994243949543E+00
+0.4888810829979529E+04 +0.9999994289931778E+00 +0.1376919115750686E-05 +0.9999994272508923E+00
+0.4888873416162409E+04 +0.9999994316158121E+00 +0.1376107326752819E-05 +0.9999994299400734E+00
+0.4888936002345286E+04 +0.9999994341386677E+00 +0.1375023491960844E-05 +0.9999994325365601E+00
+0.4888998588528164E+04 +0.9999994366466384E+00 +0.1373655037580427E-05 +0.9999994351190027E+00
+0.4889061174711042E+04 +0.9999994392238983E+00 +0.1372008606442393E-05 +0.9999994377656846E+00
+0.4889123760893920E+04 +0.9999994419490277E+00 +0.1370108103591958E-05 +0.9999994405501533E+00
+0.4889186347076798E+04 +0.9999994448914444E+00 +0.1367991484907050E-05 +0.9999994435379437E+00
+0.4889248933259676E+04 +0.9999994481093495E+00 +0.1365706964560675E-05 +0.9999994467846075E+00
+0.4889311519442555E+04 +0.9999994516491237E+00 +0.1363309228001478E-05 +0.9999994503350287E+00
+0.4889374105625432E+04 +0.9999994555459726E+00 +0.1360856111894962E-05 +0.9999994542238574E+00
+0.4889436691808311E+04 +0.9999994598255263E+00 +0.1358406125943671E-05 +0.9999994584767886E+00
+0.4889499277991188E+04 +0.9999994645059805E+00 +0.1356017109915493E-05 +0.9999994631123099E+00
+0.4889561864174066E+04 +0.9999994696002258E+00 +0.1353746157107942E-05 +0.9999994681434331E+00
+0.4889624450356944E+04 +0.9999994751173493E+00 +0.1351650658888917E-05 +0.9999994735788971E+00
+0.4889687036539823E+04 +0.9999994810630070E+00 +0.1349790004682521E-05 +0.9999994794234347E+00
+0.4889749622722700E+04 +0.9999994874384662E+00 +0.1348227246166114E-05 +0.9999994856769447E+00
+0.4889812208905578E+04 +0.9999994942385209E+00 +0.1347030020408580E-05 +0.9999994923327364E+00
+0.4889874795088456E+04 +0.9999995014488169E+00 +0.1346270246529680E-05 +0.9999994993752864E+00
+0.4889937381271334E+04 +0.9999995090432775E+00 +0.1346022476539312E-05 +0.9999995067780699E+00
+0.4889999967454212E+04 +0.9999995169822264E+00 +0.1346361140965604E-05 +0.9999995145019694E+00
+0.4890062553637091E+04 +0.9999995252115575E+00 +0.1347357146327048E-05 +0.9999995224945705E+00
+0.4890125139819968E+04 +0.9999995336630113E+00 +0.1349074301660306E-05 +0.9999995306904287E+00
+0.4890187726002846E+04 +0.9999995422554329E+00 +0.1351565924769065E-05 +0.9999995390122319E+00
+0.4890250312185724E+04 +0.9999995508968337E+00 +0.1354871815677317E-05 +0.9999995473727293E+00
+0.4890312898368602E+04 +0.9999995594871434E+00 +0.1359015687464512E-05 +0.9999995556773239E+00
+0.4890375484551480E+04 +0.9999995679216150E+00 +0.1364003157480058E-05 +0.9999995638272750E+00
+0.4890438070734359E+04 +0.9999995760948580E+00 +0.1369820496844651E-05 +0.9999995717234452E+00
+0.4890500656917236E+04 +0.9999995839053565E+00 +0.1376434430243998E-05 +0.9999995792704364E+00
+0.4890563243100114E+04 +0.9999995912601335E+00 +0.1383793272062037E-05 +0.9999995863807948E+00
+0.4890625829282992E+04 +0.9999995980790062E+00 +0.1391829513553168E-05 +0.9999995929788189E+00
+0.4890688415465870E+04 +0.9999996042978017E+00 +0.1400463653042011E-05 +0.9999995990034520E+00
+0.4890751001648748E+04 +0.9999996098700537E+00 +0.1409608697025062E-05 +0.9999996044098878E+00
+0.4890813587831626E+04 +0.9999996147670845E+00 +0.1419174528932611E-05 +0.9999996091698249E+00
+0.4890876174014505E+04 +0.9999996189768873E+00 +0.1429071402979658E-05 +0.9999996132707116E+00
+0.4890938760197382E+04 +0.9999996225026072E+00 +0.1439212217064464E-05 +0.9999996167146085E+00
+0.4891001346380260E+04 +0.9999996253614823E+00 +0.1449513819652418E-05 +0.9999996195173332E+00
+0.4891063932563138E+04 +0.9999996275847349E+00 +0.1459898137853152E-05 +0.9999996217082511E+00
+0.4891126518746016E+04 +0.9999996292182414E+00 +0.1470294095082588E-05 +0.9999996233305596E+00
+0.4891189104928894E+04 +0.9999996303231532E+00 +0.1480640986135417E-05 +0.9999996244414047E+00
+0.4891251691111773E+04 +0.9999996309753103E+00 +0.1490893301631746E-05 +0.9999996251109180E+00
+0.4891314277294650E+04 +0.9999996312624492E+00 +0.1501026236715962E-05 +0.9999996254193934E+00
+0.4891376863477528E+04 +0.9999996312788056E+00 +0.1511040609075880E-05 +0.9999996254523007E+00
+0.4891439449660406E+04 +0.9999996311174906E+00 +0.1520965850312512E-05 +0.9999996252934562E+00
+0.4891502035843284E+04 +0.9999996308616679E+00 +0.1530860117105070E-05 +0.9999996250172031E+00
+0.4891564622026162E+04 +0.9999996305758838E+00 +0.1540807215009234E-05 +0.9999996246807308E+00
+0.4891627208209041E+04 +0.9999996302988295E+00 +0.1550910693898911E-05 +0.9999996243176226E+00
+0.4891689794391918E+04 +0.9999996300384549E+00 +0.1561285964942480E-05 +0.9999996239334313E+00
+0.4891752380574796E+04 +0.9999996297698545E+00 +0.1572051516284172E-05 +0.9999996235036785E+00
+0.4891814966757674E+04 +0.9999996294358587E+00 +0.1583320277551165E-05 +0.9999996229742512E+00
+0.4891877552940552E+04 +0.9999996289498972E+00 +0.1595191968337252E-05 +0.9999996222638492E+00
+0.4891940139123431E+04 +0.9999996282004834E+00 +0.1607746952345683E-05 +0.9999996212679442E+00
+0.4892002725306308E+04 +0.9999996270566324E+00 +0.1621041797437165E-05 +0.9999996198636525E+00
+0.4892065311489187E+04 +0.9999996253736069E+00 +0.1635106482078485E-05 +0.9999996179149860E+00
+0.4892127897672064E+04 +0.9999996229985244E+00 +0.1649943019642525E-05 +0.9999996152780563E+00
+0.4892190483854942E+04 +0.9999996197755234E+00 +0.1665525181496399E-05 +0.9999996118059470E+00
+0.4892253070037820E+04 +0.9999996155503348E+00 +0.1681798959235724E-05 +0.9999996073531081E+00
+0.4892315656220698E+04 +0.9999996101742593E+00 +0.1698683402715268E-05 +0.9999996017792695E+00
+0.4892378242403576E+04 +0.9999996035077215E+00 +0.1716071519934395E-05 +0.9999995949530122E+00
+0.4892440828586455E+04 +0.9999995954237223E+00 +0.1733831058077327E-05 +0.9999995867552667E+00
+0.4892503414769332E+04 +0.9999995858116055E+00 +0.1751805213406433E-05 +0.9999995770830636E+00
+0.4892566000952210E+04 +0.9999995745814951E+00 +0.1769813601900199E-05 +0.9999995658538074E+00
+0.4892628587135088E+04 +0.9999995616695340E+00 +0.1787654066528329E-05 +0.9999995530101412E+00
+0.4892691173317966E+04 +0.9999995470436749E+00 +0.1805105980523424E-05 +0.9999995385251670E+00
+0.4892753759500844E+04 +0.9999995307093822E+00 +0.1821935547323934E-05 +0.9999995224074688E+00
+0.4892816345683722E+04 +0.9999995127143471E+00 +0.1837903215618484E-05 +0.9999995047051859E+00
+0.4892878931866600E+04 +0.9999994931513274E+00 +0.1852772855612104E-05 +0.9999994855083941E+00
+0.4892941518049478E+04 +0.9999994721584990E+00 +0.1866321970129134E-05 +0.9999994649492635E+00
+0.4893004104232356E+04 +0.9999994499170952E+00 +0.1878352078635102E-05 +0.9999994431997755E+00
+0.4893066690415234E+04 +0.9999994266464443E+00 +0.1888698508952173E-05 +0.9999994204670495E+00
+0.4893129276598112E+04 +0.9999994025966565E+00 +0.1897239017734646E-05 +0.9999993969864801E+00
+0.4893191862780990E+04 +0.9999993780392076E+00 +0.1903900762845911E-05 +0.9999993730129224E+00
+0.4893254448963869E+04 +0.9999993532556689E+00 +0.1908665097633839E-05 +0.9999993488102151E+00
+0.4893317035146746E+04 +0.9999993285250125E+00 +0.1911569538273327E-05 +0.9999993246394931E+00
+0.4893379621329624E+04 +0.9999993041102687E+00 +0.1912706259576811E-05 +0.9999993007470319E+00
+0.4893442207512502E+04 +0.9999992802457331E+00 +0.1912216757398087E-05 +0.9999992773526774E+00
+0.4893504793695381E+04 +0.9999992571261449E+00 +0.1910282885367329E-05 +0.9999992546400711E+00
+0.4893567379878258E+04 +0.9999992348991289E+00 +0.1907115164658219E-05 +0.9999992327497521E+00
+0.4893629966061137E+04 +0.9999992136616674E+00 +0.1902939814069705E-05 +0.9999992117757731E+00
+0.4893692552244014E+04 +0.9999991934606099E+00 +0.1897986131073401E-05 +0.9999991917658551E+00
+0.4893755138426892E+04 +0.9999991742965066E+00 +0.1892475611424633E-05 +0.9999991727245006E+00
+0.4893817724609770E+04 +0.9999991561295922E+00 +0.1886613647848344E-05 +0.9999991546180906E+00
+0.4893880310792649E+04 +0.9999991388866309E+00 +0.1880584012460425E-05 +0.9999991373808733E+00
+0.4893942896975526E+04 +0.9999991224675029E+00 +0.1874545781779865E-05 +0.9999991209208718E+00
+0.4894005483158404E+04 +0.9999991067507529E+00 +0.1868631982803343E-05 +0.9999991051250271E+00
+0.4894068069341282E+04 +0.9999990915977529E+00 +0.1862949028251793E-05 +0.9999990898632665E+00
+0.4894130655524160E+04 +0.9999990768556170E+00 +0.1857575978739257E-05 +0.9999990749916118E+00
+0.4894193241707037E+04 +0.9999990623594954E+00 +0.1852562864575735E-05 +0.9999990603548551E+00
+0.4894255827889916E+04 +0.9999990479352510E+00 +0.1847927749864452E-05 +0.9999990457896193E+00
+0.4894318414072794E+04 +0.9999990334036084E+00 +0.1843652859636029E-05 +0.9999990311286843E+00
+0.4894381000255672E+04 +0.9999990185865817E+00 +0.1839680728545804E-05 +0.9999990162072018E+00
+0.4894443586438550E+04 +0.9999990033163478E+00 +0.1835911726265641E-05 +0.9999990008709063E+00
+0.4894506172621428E+04 +0.9999989874459596E+00 +0.1832204297472218E-05 +0.9999989849857869E+00
+0.4894568758804306E+04 +0.9999989708606283E+00 +0.1828378807384959E-05 +0.9999989684481553E+00
+0.4894631344987184E+04 +0.9999989534879939E+00 +0.1824225151886741E-05 +0.9999989511937775E+00
+0.4894693931170063E+04 +0.9999989353059112E+00 +0.1819513512365721E-05 +0.9999989332048277E+00
+0.4894756517352940E+04 +0.9999989163467744E+00 +0.1814007051504288E-05 +0.9999989145138218E+00
+0.4894819103535819E+04 +0.9999988966980992E+00 +0.1807475125892992E-05 +0.9999988952042511E+00
+0.4894881689718696E+04 +0.9999988764997269E+00 +0.1799705772526282E-05 +0.9999988754081706E+00
+0.4894944275901574E+04 +0.9999988559384051E+00 +0.1790516692316248E-05 +0.9999988553013237E+00
+0.4895006862084452E+04 +0.9999988352405169E+00 +0.1779764471862945E-05 +0.9999988350964308E+00
+0.4895069448267331E+04 +0.9999988146634590E+00 +0.1767352113089496E-05 +0.9999988150350849E+00
+0.4895132034450208E+04 +0.9999987944858302E+00 +0.1753234954290452E-05 +0.9999987953784605E+00
+0.4895194620633086E+04 +0.9999987749964067E+00 +0.1737424822412116E-05 +0.9999987763969118E+00
+0.4895257206815964E+04 +0.9999987564819949E+00 +0.1719991954060639E-05 +0.9999987583586313E+00
+0.4895319792998842E+04 +0.9999987392146080E+00 +0.1701064088563965E-05 +0.9999987415178118E+00
+0.4895382379181720E+04 +0.9999987234388351E+00 +0.1680822304086298E-05 +0.9999987261030784E+00
+0.4895444965364599E+04 +0.9999987093605262E+00 +0.1659493611978492E-05 +0.9999987123071443E+00
+0.4895507551547476E+04 +0.9999986971378652E+00 +0.1637340876641438E-05 +0.9999987002785922E+00
+0.4895570137730354E+04 +0.9999986868755322E+00 +0.1614651062650511E-05 +0.9999986901163844E+00
+0.4895632723913232E+04 +0.9999986786221136E+00 +0.1591722958148194E-05 +0.9999986818672681E+00
+0.4895695310096110E+04 +0.9999986723704293E+00 +0.1568855351230151E-05 +0.9999986755258412E+00
+0.4895757896278988E+04 +0.9999986680601771E+00 +0.1546336258009671E-05 +0.9999986710368097E+00
+0.4895820482461867E+04 +0.9999986655823064E+00 +0.1524433412572860E-05 +0.9999986682989570E+00
+0.4895883068644745E+04 +0.9999986647847451E+00 +0.1503386005173614E-05 +0.9999986671704804E+00
+0.4895945654827622E+04 +0.9999986654793391E+00 +0.1483397662986144E-05 +0.9999986674755196E+00
+0.4896008241010501E+04 +0.9999986674499538E+00 +0.1464630837707211E-05 +0.9999986690117640E+00
+0.4896070827193378E+04 +0.9999986704615775E+00 +0.1447202935219899E-05 +0.9999986715589402E+00
+0.4896133413376256E+04 +0.9999986742700180E+00 +0.1431184539169356E-05 +0.9999986748878013E+00
+0.4896195999559134E+04 +0.9999986786315601E+00 +0.1416599886276027E-05 +0.9999986787690772E+00
+0.4896258585742013E+04 +0.9999986833119097E+00 +0.1403429423608918E-05 +0.9999986829818175E+00
+0.4896321171924890E+04 +0.9999986880939298E+00 +0.1391613982817014E-05 +0.9999986873207044E+00
+0.4896383758107768E+04 +0.9999986927840082E+00 +0.1381059999540680E-05 +0.9999986916021707E+00
+0.4896446344290646E+04 +0.9999986972171970E+00 +0.1371645339537277E-05 +0.9999986956693871E+00
+0.4896508930473524E+04 +0.9999987012613871E+00 +0.1363225581392741E-05 +0.9999986993962823E+00
+0.4896571516656402E+04 +0.9999987048206578E+00 +0.1355640878736953E-05 +0.9999987026906719E+00
+0.4896634102839281E+04 +0.9999987078376634E+00 +0.1348723627180846E-05 +0.9999987054963614E+00
+0.4896696689022158E+04 +0.9999987102946316E+00 +0.1342307033428002E-05 +0.9999987077938700E+00
+0.4896759275205036E+04 +0.9999987122123922E+00 +0.1336234377407971E-05 +0.9999987095993131E+00
+0.4896821861387914E+04 +0.9999987136469201E+00 +0.1330368389808695E-05 +0.9999987109610353E+00
+0.4896884447570792E+04 +0.9999987146831385E+00 +0.1324599862541559E-05 +0.9999987119538190E+00
+0.4896947033753670E+04 +0.9999987154261460E+00 +0.1318854468209462E-05 +0.9999987126708418E+00
+0.4897009619936549E+04 +0.9999987159904900E+00 +0.1313096845699862E-05 +0.9999987132139440E+00
+0.4897072206119426E+04 +0.9999987164884907E+00 +0.1307331315086238E-05 +0.9999987136830794E+00
+0.4897134792302304E+04 +0.9999987170188182E+00 +0.1301599046006892E-05 +0.9999987141659958E+00
+0.4897197378485182E+04 +0.9999987176564574E+00 +0.1295971987556155E-05 +0.9999987147291395E+00
+0.4897259964668060E+04 +0.9999987184449491E+00 +0.1290544233230237E-05 +0.9999987154105803E+00
+0.4897322550850939E+04 +0.9999987193914351E+00 +0.1285421661945808E-05 +0.9999987162154710E+00
+0.4897385137033816E+04 +0.9999987204647478E+00 +0.1280710688064436E-05 +0.9999987171142958E+00
+0.4897447723216695E+04 +0.9999987215966071E+00 +0.1276506873946394E-05 +0.9999987180439974E+00
+0.4897510309399572E+04 +0.9999987226859138E+00 +0.1272884123352899E-05 +0.9999987189119672E+00
+0.4897572895582450E+04 +0.9999987236060488E+00 +0.1269885233845113E-05 +0.9999987196027760E+00
+0.4897635481765328E+04 +0.9999987242148967E+00 +0.1267514693304706E-05 +0.9999987199873349E+00
+0.4897698067948206E+04 +0.9999987243669778E+00 +0.1265734640361689E-05 +0.9999987199338847E+00
+0.4897760654131084E+04 +0.9999987239266503E+00 +0.1264464748444018E-05 +0.9999987193198638E+00
+0.4897823240313963E+04 +0.9999987227809890E+00 +0.1263586384439321E-05 +0.9999987180434333E+00
+0.4897885826496840E+04 +0.9999987208508164E+00 +0.1262950792755361E-05 +0.9999987160333338E+00
+0.4897948412679718E+04 +0.9999987180985533E+00 +0.1262390426300161E-05 +0.9999987132559309E+00
+0.4898010998862596E+04 +0.9999987145320424E+00 +0.1261732091074380E-05 +0.9999987097186975E+00
+0.4898073585045474E+04 +0.9999987102041125E+00 +0.1260810429322253E-05 +0.9999987054698941E+00
+0.4898136171228352E+04 +0.9999987052081808E+00 +0.1259480424013469E-05 +0.9999987005946614E+00
+0.4898198757411230E+04 +0.9999986996704913E+00 +0.1257627905437435E-05 +0.9999986952080260E+00
+0.4898261343594108E+04 +0.9999986937397082E+00 +0.1255177289885828E-05 +0.9999986894454826E+00
+0.4898323929776986E+04 +0.9999986875746747E+00 +0.1252095907147231E-05 +0.9999986834519318E+00
+0.4898386515959864E+04 +0.9999986813313446E+00 +0.1248394372817846E-05 +0.9999986773699376E+00
+0.4898449102142742E+04 +0.9999986751502088E+00 +0.1244122711162988E-05 +0.9999986713285062E+00
+0.4898511688325621E+04 +0.9999986691457718E+00 +0.1239362443611707E-05 +0.9999986654337396E+00
+0.4898574274508498E+04 +0.9999986633996085E+00 +0.1234215570153445E-05 +0.9999986597626540E+00
+0.4898636860691377E+04 +0.9999986579580774E+00 +0.1228792079243782E-05 +0.9999986543610441E+00
+0.4898699446874254E+04 +0.9999986528349548E+00 +0.1223198066609970E-05 +0.9999986492455789E+00
+0.4898762033057132E+04 +0.9999986480182343E+00 +0.1217526523142318E-05 +0.9999986444094701E+00
+0.4898824619240010E+04 +0.9999986434794266E+00 +0.1211852304480005E-05 +0.9999986398302937E+00
+0.4898887205422889E+04 +0.9999986391831444E+00 +0.1206231827895656E-05 +0.9999986354781054E+00
+0.4898949791605766E+04 +0.9999986350947775E+00 +0.1200706908155625E-05 +0.9999986313220044E+00
+0.4899012377788645E+04 +0.9999986311846494E+00 +0.1195311163273169E-05 +0.9999986273337942E+00
+0.4899074963971522E+04 +0.9999986274280528E+00 +0.1190076878288581E-05 +0.9999986234882196E+00
+0.4899137550154400E+04 +0.9999986238016882E+00 +0.1185040266032473E-05 +0.9999986197601907E+00
+0.4899200136337278E+04 +0.9999986202779422E+00 +0.1180243679028680E-05 +0.9999986161201636E+00
+0.4899262722520157E+04 +0.9999986168188738E+00 +0.1175734293813359E-05 +0.9999986125292154E+00
+0.4899325308703034E+04 +0.9999986133716312E+00 +0.1171559779979569E-05 +0.9999986089352539E+00
+0.4899387894885912E+04 +0.9999986098664083E+00 +0.1167762160212474E-05 +0.9999986052713222E+00
+0.4899450481068790E+04 +0.9999986062172512E+00 +0.1164371283348185E-05 +0.9999986014563170E+00
+0.4899513067251668E+04 +0.9999986023253468E+00 +0.1161399102805095E-05 +0.9999985973978777E+00
+0.4899575653434546E+04 +0.9999985980840737E+00 +0.1158835488879281E-05 +0.9999985929968852E+00
+0.4899638239617424E+04 +0.9999985933850756E+00 +0.1156645865274653E-05 +0.9999985881529398E+00
+0.4899700825800302E+04 +0.9999985881247615E+00 +0.1154770711312395E-05 +0.9999985827702710E+00
+0.4899763411983180E+04 +0.9999985822107685E+00 +0.1153126908761676E-05 +0.9999985767636157E+00
+0.4899825998166059E+04 +0.9999985755679284E+00 +0.1151610909072680E-05 +0.9999985700636145E+00
+0.4899888584348936E+04 +0.9999985681431955E+00 +0.1150103614107756E-05 +0.9999985626212312E+00
+0.4899951170531814E+04 +0.9999985599089420E+00 +0.1148476649535194E-05 +0.9999985544106857E+00
+0.4900013756714692E+04 +0.9999985508641211E+00 +0.1146599424168850E-05 +0.9999985454304916E+00
+0.4900076342897571E+04 +0.9999985410330695E+00 +0.1144346132822844E-05 +0.9999985357024250E+00
+0.4900138929080448E+04 +0.9999985304621206E+00 +0.1141601788077350E-05 +0.9999985252685817E+00
+0.4900201515263327E+04 +0.9999985192145950E+00 +0.1138266510173440E-05 +0.9999985141870141E+00
+0.4900264101446204E+04 +0.9999985073650253E+00 +0.1134257635892957E-05 +0.9999985025266751E+00
+0.4900326687629082E+04 +0.9999984949935511E+00 +0.1129509630543317E-05 +0.9999984903624716E+00
+0.4900389273811960E+04 +0.9999984821812998E+00 +0.1123972180856263E-05 +0.9999984777711295E+00
+0.4900451859994839E+04 +0.9999984690072942E+00 +0.1117607119604464E-05 +0.9999984648283545E+00
+0.4900514446177716E+04 +0.9999984555470995E+00 +0.1110384954284561E-05 +0.9999984516074800E+00
+0.4900577032360594E+04 +0.9999984418730905E+00 +0.1102281755891646E-05 +0.9999984381795106E+00
+0.4900639618543472E+04 +0.9999984280559227E+00 +0.1093277028337991E-05 +0.9999984246142056E+00
+0.4900702204726350E+04 +0.9999984141665692E+00 +0.1083352931407087E-05 +0.9999984109816606E+00
+0.4900764790909228E+04 +0.9999984002781810E+00 +0.1072494888831378E-05 +0.9999983973537618E+00
+0.4900827377092107E+04 +0.9999983864671114E+00 +0.1060693242713859E-05 +0.9999983838049658E+00
+0.4900889963274984E+04 +0.9999983728127148E+00 +0.1047945327300371E-05 +0.9999983704120813E+00
+0.4900952549457862E+04 +0.9999983593959273E+00 +0.1034257238728575E-05 +0.9999983572530533E+00
+0.4901015135640740E+04 +0.9999983462970129E+00 +0.1019644715500622E-05 +0.9999983444050538E+00
+0.4901077721823618E+04 +0.9999983335930858E+00 +0.1004132861410508E-05 +0.9999983319423759E+00
+0.4901140308006496E+04 +0.9999983213560331E+00 +0.9877548124125049E-06 +0.9999983199346418E+00
+0.4901202894189375E+04 +0.9999983096512725E+00 +0.9705497392638061E-06 +0.9999983084456912E+00
+0.4901265480372253E+04 +0.9999982985374953E+00 +0.9525607061858641E-06 +0.9999982975332873E+00
+0.4901328066555130E+04 +0.9999982880672568E+00 +0.9338328596864658E-06 +0.9999982872495438E+00
+0.4901390652738008E+04 +0.9999982782880878E+00 +0.9144122471100662E-06 +0.9999982776418121E+00
+0.4901453238920886E+04 +0.9999982692437425E+00 +0.8943453394784251E-06 +0.9999982687537151E+00
+0.4901515825103764E+04 +0.9999982609752605E+00 +0.8736791380853792E-06 +0.9999982606260577E+00
+0.4901578411286642E+04 +0.9999982535216745E+00 +0.8524616366871619E-06 +0.9999982532974594E+00
+0.4901640997469521E+04 +0.9999982469203437E+00 +0.8307424107323872E-06 +0.9999982468046772E+00
+0.4901703583652398E+04 +0.9999982412070020E+00 +0.8085731887879005E-06 +0.9999982411826696E+00
+0.4901766169835276E+04 +0.9999982364156201E+00 +0.7860083700757389E-06 +0.9999982364644731E+00
+0.4901828756018154E+04 +0.9999982325781189E+00 +0.7631055161918903E-06 +0.9999982326809195E+00
+0.4901891342201032E+04 +0.9999982297238964E+00 +0.7399258263024417E-06 +0.9999982298601733E+00
+0.4901953928383910E+04 +0.9999982278791097E+00 +0.7165345275500657E-06 +0.9999982280270613E+00
+0.4902016514566789E+04 +0.9999982270657213E+00 +0.6930010485442955E-06 +0.9999982272022085E+00
+0.4902079100749666E+04 +0.9999982273004165E+00 +0.6693988569695980E-06 +0.9999982274010746E+00
+0.4902141686932544E+04 +0.9999982285935654E+00 +0.6458049339797161E-06 +0.9999982286330220E+00
+0.4902204273115422E+04 +0.9999982309483750E+00 +0.6222989682872057E-06 +0.9999982309005369E+00
+0.4902266859298300E+04 +0.9999982343602885E+00 +0.5989624116422237E-06 +0.9999982341986489E+00
+0.4902329445481178E+04 +0.9999982388165866E+00 +0.5758775165226592E-06 +0.9999982385145278E+00
+0.4902392031664057E+04 +0.9999982442960972E+00 +0.5531264001727594E-06 +0.9999982438271864E+00
+0.4902454617846935E+04 +0.9999982507689280E+00 +0.5307900944643110E-06 +0.9999982501072310E+00
+0.4902517204029812E+04 +0.9999982581962028E+00 +0.5089474880868800E-06 +0.9999982573166485E+00
+0.4902579790212690E+04 +0.9999982665298595E+00 +0.4876740649353957E-06 +0.9999982654086813E+00
+0.4902642376395568E+04 +0.9999982757126418E+00 +0.4670403905055723E-06 +0.9999982743278980E+00
+0.4902704962578446E+04 +0.9999982856784456E+00 +0.4471103827411639E-06 +0.9999982840105920E+00
+0.4902767548761324E+04 +0.9999982963531608E+00 +0.4279394990964739E-06 +0.9999982943856207E+00
+0.4902830134944203E+04 +0.9999983076560766E+00 +0.4095730454700196E-06 +0.9999983053757348E+00
+0.4902892721127080E+04 +0.9999983195018111E+00 +0.3920448381261668E-06 +0.9999983168993605E+00
+0.4902955307309958E+04 +0.9999983318026163E+00 +0.3753764156989455E-06 +0.9999983288727068E+00
+0.4903017893492836E+04 +0.9999983444708376E+00 +0.3595769135913316E-06 +0.9999983412120066E+00
+0.4903080479675714E+04 +0.9999983574212763E+00 +0.3446436025279914E-06 +0.9999983538356805E+00
+0.4903143065858592E+04 +0.9999983705732471E+00 +0.3305629894965027E-06 +0.9999983666662391E+00
+0.4903205652041471E+04 +0.9999983838521903E+00 +0.3173123120706596E-06 +0.9999983796318000E+00
+0.4903268238224348E+04 +0.9999983971907954E+00 +0.3048612406408179E-06 +0.9999983926671735E+00
+0.4903330824407226E+04 +0.9999984105296637E+00 +0.2931736314001194E-06 +0.9999984057145271E+00
+0.4903393410590104E+04 +0.9999984238175746E+00 +0.2822092236938443E-06 +0.9999984187236831E+00
+0.4903455996772982E+04 +0.9999984370114289E+00 +0.2719252222640608E-06 +0.9999984316521026E+00
+0.4903518582955860E+04 +0.9999984500759183E+00 +0.2622777310502248E-06 +0.9999984444646081E+00
+0.4903581169138738E+04 +0.9999984629829656E+00 +0.2532230091142249E-06 +0.9999984571328849E+00
+0.4903643755321616E+04 +0.9999984757109713E+00 +0.2447185122815289E-06 +0.9999984696348031E+00
+0.4903706341504494E+04 +0.9999984882439223E+00 +0.2367236818623326E-06 +0.9999984819536105E+00
+0.4903768927687372E+04 +0.9999985005704372E+00 +0.2292004552160262E-06 +0.9999984940770692E+00
+0.4903831513870250E+04 +0.9999985126828370E+00 +0.2221135027467128E-06 +0.9999985059966082E+00
+0.4903894100053129E+04 +0.9999985245763242E+00 +0.2154302330460726E-06 +0.9999985177065656E+00
+0.4903956686236006E+04 +0.9999985362483241E+00 +0.2091206386175723E-06 +0.9999985292035672E+00
+0.4904019272418885E+04 +0.9999985476980079E+00 +0.2031570677470426E-06 +0.9999985404860603E+00
+0.4904081858601762E+04 +0.9999985589259746E+00 +0.1975139998868522E-06 +0.9999985515539844E+00
+0.4904144444784640E+04 +0.9999985699340425E+00 +0.1921678764650157E-06 +0.9999985624085398E+00
+0.4904207030967518E+04 +0.9999985807250873E+00 +0.1870970051237686E-06 +0.9999985730520037E+00
+0.4904269617150397E+04 +0.9999985913028748E+00 +0.1822815228669231E-06 +0.9999985834875489E+00
+0.4904332203333274E+04 +0.9999986016718529E+00 +0.1777033806732862E-06 +0.9999985937190363E+00
+0.4904394789516153E+04 +0.9999986118368986E+00 +0.1733463038418339E-06 +0.9999986037507765E+00
+0.4904457375699030E+04 +0.9999986218030411E+00 +0.1691956895655195E-06 +0.9999986135872770E+00
+0.4904519961881908E+04 +0.9999986315751995E+00 +0.1652384225328738E-06 +0.9999986232330074E+00
+0.4904582548064786E+04 +0.9999986411579812E+00 +0.1614626139743926E-06 +0.9999986326922168E+00
+0.4904645134247664E+04 +0.9999986505555732E+00 +0.1578572919163765E-06 +0.9999986419688366E+00
+0.4904707720430542E+04 +0.9999986597717491E+00 +0.1544120849462109E-06 +0.9999986510664801E+00
+0.4904770306613420E+04 +0.9999986688099849E+00 +0.1511169465931036E-06 +0.9999986599885400E+00
+0.4904832892796298E+04 +0.9999986776736669E+00 +0.1479619634229002E-06 +0.9999986687383621E+00
+0.4904895478979176E+04 +0.9999986863663473E+00 +0.1449372788023495E-06 +0.9999986773194613E+00
+0.4904958065162054E+04 +0.9999986948919984E+00 +0.1420331468073120E-06 +0.9999986857357354E+00
+0.4905020651344932E+04 +0.9999987032552098E+00 +0.1392401073742951E-06 +0.9999986939916254E+00
+0.4905083237527811E+04 +0.9999987114612711E+00 +0.1365492468801822E-06 +0.9999987020921826E+00
+0.4905145823710688E+04 +0.9999987195161164E+00 +0.1339524841775447E-06 +0.9999987100430138E+00
+0.4905208409893567E+04 +0.9999987274261251E+00 +0.1314428100950251E-06 +0.9999987178501094E+00
+0.4905270996076444E+04 +0.9999987351978226E+00 +0.1290144164619325E-06 +0.9999987255195864E+00
+0.4905333582259322E+04 +0.9999987428375459E+00 +0.1266626795165953E-06 +0.9999987330574015E+00
+0.4905396168442200E+04 +0.9999987503511508E+00 +0.1243840030453755E-06 +0.9999987404690984E+00
+0.4905458754625079E+04 +0.9999987577438179E+00 +0.1221755635954344E-06 +0.9999987477596347E+00
+0.4905521340807956E+04 +0.9999987650199833E+00 +0.1200350201487042E-06 +0.9999987549333146E+00
+0.4905583926990835E+04 +0.9999987721833856E+00 +0.1179602486879406E-06 +0.9999987619938189E+00
+0.4905646513173712E+04 +0.9999987792371928E+00 +0.1159491429208333E-06 +0.9999987689443078E+00
+0.4905709099356590E+04 +0.9999987861841668E+00 +0.1139994968025927E-06 +0.9999987757875595E+00
+0.4905771685539468E+04 +0.9999987930268289E+00 +0.1121089629962848E-06 +0.9999987825261129E+00
+0.4905834271722347E+04 +0.9999987997676006E+00 +0.1102750697344853E-06 +0.9999987891623942E+00
+0.4905896857905224E+04 +0.9999988064089093E+00 +0.1084952763596850E-06 +0.9999987956988122E+00
+0.4905959444088102E+04 +0.9999988129532555E+00 +0.1067670509737199E-06 +0.9999988021378216E+00
+0.4906022030270980E+04 +0.9999988194032422E+00 +0.1050879575717886E-06 +0.9999988084819496E+00
+0.4906084616453858E+04 +0.9999988257615657E+00 +0.1034557420164157E-06 +0.9999988147337900E+00
+0.4906147202636736E+04 +0.9999988320309722E+00 +0.1018684056956716E-06 +0.9999988208959651E+00
+0.4906209788819615E+04 +0.9999988382141817E+00 +0.1003242540736655E-06 +0.9999988269710601E+00
+0.4906272375002492E+04 +0.9999988443137943E+00 +0.9882190729226920E-07 +0.9999988329615422E+00
+0.4906334961185370E+04 +0.9999988503321917E+00 +0.9736026434427013E-07 +0.9999988388696784E+00
+0.4906397547368249E+04 +0.9999988562714626E+00 +0.9593842207757302E-07 +0.9999988446974725E+00
+0.4906460133551126E+04 +0.9999988621333684E+00 +0.9455556315252188E-07 +0.9999988504466385E+00
+0.4906522719734004E+04 +0.9999988679193663E+00 +0.9321083813588389E-07 +0.9999988561186191E+00
+0.4906585305916882E+04 +0.9999988736306811E+00 +0.9190327088166951E-07 +0.9999988617146471E+00
+0.4906647892099761E+04 +0.9999988792684101E+00 +0.9063171028013542E-07 +0.9999988672358330E+00
+0.4906710478282638E+04 +0.9999988848336302E+00 +0.8939483660069058E-07 +0.9999988726832543E+00
+0.4906773064465517E+04 +0.9999988903274787E+00 +0.8819121253240813E-07 +0.9999988780580263E+00
+0.4906835650648394E+04 +0.9999988957511916E+00 +0.8701935534136976E-07 +0.9999988833613379E+00
+0.4906898236831272E+04 +0.9999989011061017E+00 +0.8587780341924426E-07 +0.9999988885944542E+00
+0.4906960823014150E+04 +0.9999989063936094E+00 +0.8476515878476104E-07 +0.9999988937586971E+00
+0.4907023409197029E+04 +0.9999989116151496E+00 +0.8368010162120258E-07 +0.9999988988554199E+00
+0.4907085995379906E+04 +0.9999989167721682E+00 +0.8262138542555589E-07 +0.9999989038859872E+00
+0.4907148581562784E+04 +0.9999989218661126E+00 +0.8158782572649647E-07 +0.9999989088517666E+00
+0.4907211167745662E+04 +0.9999989268984337E+00 +0.8057829148983908E-07 +0.9999989137541277E+00
+0.4907273753928540E+04 +0.9999989318705916E+00 +0.7959170155402477E-07 +0.9999989185944471E+00
+0.4907336340111418E+04 +0.9999989367840643E+00 +0.7862702487685771E-07 +0.9999989233741157E+00
+0.4907398926294297E+04 +0.9999989416403589E+00 +0.7768328513983645E-07 +0.9999989280945475E+00
+0.4907461512477174E+04 +0.9999989464410263E+00 +0.7675957406957163E-07 +0.9999989327571907E+00
+0.4907524098660052E+04 +0.9999989511876720E+00 +0.7585507824487417E-07 +0.9999989373635332E+00
+0.4907586684842930E+04 +0.9999989558819522E+00 +0.7496911849274657E-07 +0.9999989419150964E+00
+0.4907649271025808E+04 +0.9999989605255458E+00 +0.7410119186435829E-07 +0.9999989464134079E+00
+0.4907711857208687E+04 +0.9999989651201019E+00 +0.7325099969770751E-07 +0.9999989508599559E+00
+0.4907774443391565E+04 +0.9999989696671713E+00 +0.7241844645231506E-07 +0.9999989552561320E+00
+0.4907837029574443E+04 +0.9999989741681435E+00 +0.7160360329667989E-07 +0.9999989596031780E+00
+0.4907899615757320E+04 +0.9999989786242083E+00 +0.7080664351868392E-07 +0.9999989639021533E+00
+0.4907962201940198E+04 +0.9999989830363525E+00 +0.7002776746649250E-07 +0.9999989681539324E+00
+0.4908024788123076E+04 +0.9999989874053949E+00 +0.6926713838017625E-07 +0.9999989723592323E+00
+0.4908087374305954E+04 +0.9999989917320461E+00 +0.6852484639839141E-07 +0.9999989765186601E+00
+0.4908149960488832E+04 +0.9999989960169732E+00 +0.6780090885855622E-07 +0.9999989806327673E+00
+0.4908212546671711E+04 +0.9999990002608549E+00 +0.6709530469193338E-07 +0.9999989847020929E+00
+0.4908275132854588E+04 +0.9999990044644076E+00 +0.6640803235695794E-07 +0.9999989887271854E+00
+0.4908337719037466E+04 +0.9999990086283783E+00 +0.6573917577503481E-07 +0.9999989927085940E+00
+0.4908400305220344E+04 +0.9999990127535017E+00 +0.6508896135013323E-07 +0.9999989966468310E+00
+0.4908462891403222E+04 +0.9999990168404305E+00 +0.6445779121664088E-07 +0.9999990005423105E+00
+0.4908525477586100E+04 +0.9999990208896514E+00 +0.6384624298142104E-07 +0.9999990043952754E+00
+0.4908588063768979E+04 +0.9999990249014029E+00 +0.6325503323784415E-07 +0.9999990082057252E+00
+0.4908650649951856E+04 +0.9999990288756074E+00 +0.6268494892708339E-07 +0.9999990119733555E+00
+0.4908713236134734E+04 +0.9999990328118288E+00 +0.6213675511166124E-07 +0.9999990156975214E+00
+0.4908775822317612E+04 +0.9999990367092609E+00 +0.6161108920821695E-07 +0.9999990193772270E+00
+0.4908838408500490E+04 +0.9999990405667490E+00 +0.6110835129986919E-07 +0.9999990230111445E+00
+0.4908900994683368E+04 +0.9999990443828424E+00 +0.6062859959449835E-07 +0.9999990265976634E+00
+0.4908963580866246E+04 +0.9999990481558800E+00 +0.6017146023836502E-07 +0.9999990301349672E+00
+0.4909026167049125E+04 +0.9999990518841024E+00 +0.5973606077880224E-07 +0.9999990336211345E+00
+0.4909088753232002E+04 +0.9999990555657823E+00 +0.5932099519408087E-07 +0.9999990370542570E+00
+0.4909151339414880E+04 +0.9999990591993657E+00 +0.5892432512785715E-07 +0.9999990404325654E+00
+0.4909213925597758E+04 +0.9999990627836118E+00 +0.5854361809226879E-07 +0.9999990437545552E+00
+0.4909276511780637E+04 +0.9999990663177243E+00 +0.5817602115054419E-07 +0.9999990470191036E+00
+0.4909339097963514E+04 +0.9999990698014675E+00 +0.5781836904750700E-07 +0.9999990502255709E+00
+0.4909401684146393E+04 +0.9999990732352598E+00 +0.5746732732079280E-07 +0.9999990533738784E+00
+0.4909464270329270E+04 +0.9999990766202316E+00 +0.5711956985904271E-07 +0.9999990564645506E+00
+0.4909526856512148E+04 +0.9999990799582292E+00 +0.5677198368039083E-07 +0.9999990594987080E+00
+0.4909589442695026E+04 +0.9999990832517510E+00 +0.5642188230857190E-07 +0.9999990624779971E+00
+0.4909652028877905E+04 +0.9999990865038054E+00 +0.5606719841625999E-07 +0.9999990654044537E+00
+0.4909714615060782E+04 +0.9999990897177031E+00 +0.5570662299096868E-07 +0.9999990682803070E+00
+0.4909777201243661E+04 +0.9999990928968043E+00 +0.5533966511714937E-07 +0.9999990711077453E+00
+0.4909839787426538E+04 +0.9999990960442589E+00 +0.5496662053788028E-07 +0.9999990738886725E+00
+0.4909902373609416E+04 +0.9999990991627690E+00 +0.5458845193517706E-07 +0.9999990766244831E+00
+0.4909964959792294E+04 +0.9999991022544051E+00 +0.5420659449131139E-07 +0.9999990793158817E+00
+0.4910027545975172E+04 +0.9999991053204976E+00 +0.5382270671217751E-07 +0.9999990819627670E+00
+0.4910090132158050E+04 +0.9999991083616185E+00 +0.5343839195127260E-07 +0.9999990845641944E+00
+0.4910152718340928E+04 +0.9999991113776682E+00 +0.5305492295400601E-07 +0.9999990871184246E+00
+0.4910215304523806E+04 +0.9999991143680645E+00 +0.5267300884447247E-07 +0.9999990896230558E+00
+0.4910277890706684E+04 +0.9999991173320192E+00 +0.5229264707920806E-07 +0.9999990920752204E+00
+0.4910340476889562E+04 +0.9999991202688625E+00 +0.5191309729199266E-07 +0.9999990944718103E+00
+0.4910403063072440E+04 +0.9999991231783637E+00 +0.5153299691252587E-07 +0.9999990968096792E+00
+0.4910465649255319E+04 +0.9999991260609793E+00 +0.5115061079356065E-07 +0.9999990990857625E+00
+0.4910528235438196E+04 +0.9999991289179709E+00 +0.5076417413503262E-07 +0.9999991012970567E+00
+0.4910590821621075E+04 +0.9999991317513566E+00 +0.5037225926442056E-07 +0.9999991034404241E+00
+0.4910653407803952E+04 +0.9999991345637000E+00 +0.4997408350807134E-07 +0.9999991055122091E+00
+0.4910715993986830E+04 +0.9999991373577826E+00 +0.4956968544823944E-07 +0.9999991075076875E+00
+0.4910778580169708E+04 +0.9999991401362386E+00 +0.4915993006432578E-07 +0.9999991094203801E+00
+0.4910841166352587E+04 +0.9999991429012399E+00 +0.4874634953758468E-07 +0.9999991112412600E+00
+0.4910903752535464E+04 +0.9999991456543007E+00 +0.4833086972580513E-07 +0.9999991129578047E+00
+0.4910966338718343E+04 +0.9999991483962344E+00 +0.4791549773127966E-07 +0.9999991145528898E+00
+0.4911028924901220E+04 +0.9999991511272519E+00 +0.4750204690457035E-07 +0.9999991160029041E+00
+0.4911091511084098E+04 +0.9999991538471599E+00 +0.4709195546464969E-07 +0.9999991172760138E+00
+0.4911154097266976E+04 +0.9999991565555973E+00 +0.4668622390433635E-07 +0.9999991183245264E+00
+0.4911216683449855E+04 +0.9999991592522534E+00 +0.4628546565558672E-07 +0.9999991190885257E+00
+0.4911279269632732E+04 +0.9999991619370215E+00 +0.4589004255275785E-07 +0.9999991194359095E+00
+0.4911341855815610E+04 +0.9999991646100672E+00 +0.4550024393706016E-07 +0.9999991192863902E+00
+0.4911404441998488E+04 +0.9999991672718012E+00 +0.4511646506986977E-07 +0.9999991178909221E+00
+0.4911467028181366E+04 +0.9999991699227770E+00 +0.4473934541151716E-07 +0.9999991166906862E+00
+0.4911529614364244E+04 +0.9999991725635399E+00 +0.4436983914978064E-07 +0.9999991066132788E+00
+0.4911592200547123E+04 +0.9999991751944647E+00 +0.4400920749375418E-07 +0.9999991015307730E+00
